<?xml version="1.0" encoding="UTF-8"?>
<testsuites>
  <testsuite name="add_blank_rows" timestamp="2026-03-24T14:54:25Z" hostname="2ad4cedb8add" tests="1" skipped="0" failures="0" errors="0" time="7.259">
    <testcase time="7.259" classname="character(0)" name="add_blank_rows_works"/>
  </testsuite>
  <testsuite name="add_blank_rows" timestamp="2026-03-24T14:54:25Z" hostname="2ad4cedb8add" tests="2" skipped="0" failures="0" errors="0" time="0.024">
    <testcase time="0.0229999999999997" classname="character(0)" name="add_blank_rows_variables_works"/>
    <testcase time="0.000999999999999446" classname="character(0)" name="add_blank_rows_variables_works"/>
  </testsuite>
  <testsuite name="add_blank_rows" timestamp="2026-03-24T14:54:25Z" hostname="2ad4cedb8add" tests="1" skipped="0" failures="0" errors="0" time="0.024">
    <testcase time="0.0240000000000009" classname="character(0)" name="add_blank_rows_variables_grade_is_last_row_then_table_identical"/>
  </testsuite>
  <testsuite name="add_blank_rows" timestamp="2026-03-24T14:54:25Z" hostname="2ad4cedb8add" tests="1" skipped="0" failures="0" errors="0" time="0.002">
    <testcase time="0.00199999999999889" classname="character(0)" name="add_blank_rows_variable_level_works"/>
  </testsuite>
  <testsuite name="add_blank_rows" timestamp="2026-03-24T14:54:25Z" hostname="2ad4cedb8add" tests="1" skipped="0" failures="0" errors="0" time="0.002">
    <testcase time="0.00200000000000067" classname="character(0)" name="add_blank_rows_error_message"/>
  </testsuite>
  <testsuite name="add_blank_rows" timestamp="2026-03-24T14:54:25Z" hostname="2ad4cedb8add" tests="2" skipped="0" failures="0" errors="0" time="0.003">
    <testcase time="0.00200000000000067" classname="character(0)" name="add_blank_rows_row_numbers_error"/>
    <testcase time="0.000999999999999446" classname="character(0)" name="add_blank_rows_row_numbers_error"/>
  </testsuite>
  <testsuite name="add_blank_rows" timestamp="2026-03-24T14:54:25Z" hostname="2ad4cedb8add" tests="1" skipped="0" failures="0" errors="0" time="0.002">
    <testcase time="0.00200000000000067" classname="character(0)" name="add_blank_rows_errors_when_no_variable"/>
  </testsuite>
  <testsuite name="add_difference_row" timestamp="2026-03-24T14:54:28Z" hostname="2ad4cedb8add" tests="8" skipped="0" failures="0" errors="0" time="2.809">
    <testcase time="2.804" classname="character(0)" name="add_difference_row.tbl_survfit_times_works"/>
    <testcase time="0.00100000000000122" classname="character(0)" name="add_difference_row.tbl_survfit_times_works"/>
    <testcase time="0" classname="character(0)" name="add_difference_row.tbl_survfit_times_works"/>
    <testcase time="0.000999999999999446" classname="character(0)" name="add_difference_row.tbl_survfit_times_works"/>
    <testcase time="0.000999999999999446" classname="character(0)" name="add_difference_row.tbl_survfit_times_works"/>
    <testcase time="0.00100000000000122" classname="character(0)" name="add_difference_row.tbl_survfit_times_works"/>
    <testcase time="0" classname="character(0)" name="add_difference_row.tbl_survfit_times_works"/>
    <testcase time="0.000999999999999446" classname="character(0)" name="add_difference_row.tbl_survfit_times_works"/>
  </testsuite>
  <testsuite name="add_difference_row" timestamp="2026-03-24T14:54:28Z" hostname="2ad4cedb8add" tests="2" skipped="0" failures="0" errors="0" time="0.003">
    <testcase time="0.00200000000000067" classname="character(0)" name="add_difference_row.tbl_survfit_times_error_messaging_works"/>
    <testcase time="0.000999999999999446" classname="character(0)" name="add_difference_row.tbl_survfit_times_error_messaging_works"/>
  </testsuite>
  <testsuite name="add_hierarchical_count_row" timestamp="2026-03-24T14:54:32Z" hostname="2ad4cedb8add" tests="4" skipped="0" failures="0" errors="0" time="3.852">
    <testcase time="3.848" classname="character(0)" name="add_hierarchical_count_row_works"/>
    <testcase time="0.000999999999999446" classname="character(0)" name="add_hierarchical_count_row_works"/>
    <testcase time="0.000999999999999446" classname="character(0)" name="add_hierarchical_count_row_works"/>
    <testcase time="0.00200000000000067" classname="character(0)" name="add_hierarchical_count_row_works"/>
  </testsuite>
  <testsuite name="add_hierarchical_count_row" timestamp="2026-03-24T14:54:32Z" hostname="2ad4cedb8add" tests="2" skipped="0" failures="0" errors="0" time="0.004">
    <testcase time="0.00300000000000011" classname="character(0)" name="add_hierarchical_count_row_data_preprocess_works"/>
    <testcase time="0.000999999999999446" classname="character(0)" name="add_hierarchical_count_row_data_preprocess_works"/>
  </testsuite>
  <testsuite name="ard_tabulate_abnormal_by_baseline" timestamp="2026-03-24T14:54:33Z" hostname="2ad4cedb8add" tests="2" skipped="0" failures="0" errors="0" time="0.812">
    <testcase time="0.811999999999999" classname="character(0)" name="ard_tabulate_abnormal_by_baseline_catches_bad_inputs"/>
    <testcase time="0" classname="character(0)" name="ard_tabulate_abnormal_by_baseline_catches_bad_inputs"/>
  </testsuite>
  <testsuite name="ard_tabulate_abnormal_by_baseline" timestamp="2026-03-24T14:54:33Z" hostname="2ad4cedb8add" tests="3" skipped="0" failures="0" errors="0" time="0.004">
    <testcase time="0.00199999999999889" classname="character(0)" name="ard_tabulate_abnormal_by_baseline_works_with_standard_inputs"/>
    <testcase time="0.00100000000000122" classname="character(0)" name="ard_tabulate_abnormal_by_baseline_works_with_standard_inputs"/>
    <testcase time="0.00100000000000122" classname="character(0)" name="ard_tabulate_abnormal_by_baseline_works_with_standard_inputs"/>
  </testsuite>
  <testsuite name="ard_tabulate_abnormal_by_baseline" timestamp="2026-03-24T14:54:33Z" hostname="2ad4cedb8add" tests="1" skipped="0" failures="0" errors="0" time="0.002">
    <testcase time="0.00199999999999889" classname="character(0)" name="ard_tabulate_abnormal_by_baseline_handles_empty_data_gracefully"/>
  </testsuite>
  <testsuite name="ard_tabulate_abnormal_by_baseline" timestamp="2026-03-24T14:54:33Z" hostname="2ad4cedb8add" tests="2" skipped="0" failures="0" errors="0" time="0.003">
    <testcase time="0.00199999999999889" classname="character(0)" name="ard_tabulate_abnormal_by_baseline_correctly_calculates_percentages"/>
    <testcase time="0.00100000000000122" classname="character(0)" name="ard_tabulate_abnormal_by_baseline_correctly_calculates_percentages"/>
  </testsuite>
  <testsuite name="ard_tabulate_abnormal_by_baseline" timestamp="2026-03-24T14:54:33Z" hostname="2ad4cedb8add" tests="2" skipped="0" failures="0" errors="0" time="0.001">
    <testcase time="0.00100000000000122" classname="character(0)" name="ard_tabulate_abnormal_by_baseline_handles_grouping_variables_by_"/>
    <testcase time="0" classname="character(0)" name="ard_tabulate_abnormal_by_baseline_handles_grouping_variables_by_"/>
  </testsuite>
  <testsuite name="gg_km" timestamp="2026-03-24T14:54:35Z" hostname="2ad4cedb8add" tests="5" skipped="0" failures="0" errors="0" time="1.77">
    <testcase time="1.766" classname="character(0)" name="gg_km_works_with_default_inputs"/>
    <testcase time="0.00100000000000122" classname="character(0)" name="gg_km_works_with_default_inputs"/>
    <testcase time="0.000999999999997669" classname="character(0)" name="gg_km_works_with_default_inputs"/>
    <testcase time="0.00100000000000122" classname="character(0)" name="gg_km_works_with_default_inputs"/>
    <testcase time="0.00100000000000122" classname="character(0)" name="gg_km_works_with_default_inputs"/>
  </testsuite>
  <testsuite name="gg_km" timestamp="2026-03-24T14:54:35Z" hostname="2ad4cedb8add" tests="2" skipped="0" failures="0" errors="0" time="0.002">
    <testcase time="0.00199999999999889" classname="character(0)" name="df2gg_works_with_proper_x_axis_and_without"/>
    <testcase time="0" classname="character(0)" name="df2gg_works_with_proper_x_axis_and_without"/>
  </testsuite>
  <testsuite name="gg_lineplot" timestamp="2026-03-24T14:54:35Z" hostname="2ad4cedb8add" tests="11" skipped="0" failures="0" errors="0" time="0.383">
    <testcase time="0.375" classname="character(0)" name="calc_stats_works_correctly"/>
    <testcase time="0.00100000000000122" classname="character(0)" name="calc_stats_works_correctly"/>
    <testcase time="0.000999999999997669" classname="character(0)" name="calc_stats_works_correctly"/>
    <testcase time="0" classname="character(0)" name="calc_stats_works_correctly"/>
    <testcase time="0.00100000000000122" classname="character(0)" name="calc_stats_works_correctly"/>
    <testcase time="0.000999999999997669" classname="character(0)" name="calc_stats_works_correctly"/>
    <testcase time="0.00100000000000122" classname="character(0)" name="calc_stats_works_correctly"/>
    <testcase time="0" classname="character(0)" name="calc_stats_works_correctly"/>
    <testcase time="0.00100000000000122" classname="character(0)" name="calc_stats_works_correctly"/>
    <testcase time="0.000999999999997669" classname="character(0)" name="calc_stats_works_correctly"/>
    <testcase time="0.00100000000000122" classname="character(0)" name="calc_stats_works_correctly"/>
  </testsuite>
  <testsuite name="gg_lineplot" timestamp="2026-03-24T14:54:35Z" hostname="2ad4cedb8add" tests="4" skipped="0" failures="0" errors="0" time="0.004">
    <testcase time="0.00199999999999889" classname="character(0)" name="g_lineplot_works_correctly"/>
    <testcase time="0" classname="character(0)" name="g_lineplot_works_correctly"/>
    <testcase time="0.00100000000000122" classname="character(0)" name="g_lineplot_works_correctly"/>
    <testcase time="0.00100000000000122" classname="character(0)" name="g_lineplot_works_correctly"/>
  </testsuite>
  <testsuite name="gg_lineplot" timestamp="2026-03-24T14:54:35Z" hostname="2ad4cedb8add" tests="3" skipped="0" failures="0" errors="0" time="0.003">
    <testcase time="0.00199999999999889" classname="character(0)" name="g_lineplot_table_works_correctly"/>
    <testcase time="0.00100000000000122" classname="character(0)" name="g_lineplot_table_works_correctly"/>
    <testcase time="0" classname="character(0)" name="g_lineplot_table_works_correctly"/>
  </testsuite>
  <testsuite name="gg_lineplot" timestamp="2026-03-24T14:54:35Z" hostname="2ad4cedb8add" tests="13" skipped="0" failures="0" errors="0" time="0.011">
    <testcase time="0.00199999999999889" classname="character(0)" name="preprocess_lineplot_data_works_correctly"/>
    <testcase time="0.00100000000000122" classname="character(0)" name="preprocess_lineplot_data_works_correctly"/>
    <testcase time="0.000999999999997669" classname="character(0)" name="preprocess_lineplot_data_works_correctly"/>
    <testcase time="0" classname="character(0)" name="preprocess_lineplot_data_works_correctly"/>
    <testcase time="0.00100000000000122" classname="character(0)" name="preprocess_lineplot_data_works_correctly"/>
    <testcase time="0.00100000000000122" classname="character(0)" name="preprocess_lineplot_data_works_correctly"/>
    <testcase time="0.000999999999997669" classname="character(0)" name="preprocess_lineplot_data_works_correctly"/>
    <testcase time="0" classname="character(0)" name="preprocess_lineplot_data_works_correctly"/>
    <testcase time="0.00100000000000122" classname="character(0)" name="preprocess_lineplot_data_works_correctly"/>
    <testcase time="0.00100000000000122" classname="character(0)" name="preprocess_lineplot_data_works_correctly"/>
    <testcase time="0.000999999999997669" classname="character(0)" name="preprocess_lineplot_data_works_correctly"/>
    <testcase time="0" classname="character(0)" name="preprocess_lineplot_data_works_correctly"/>
    <testcase time="0.00100000000000122" classname="character(0)" name="preprocess_lineplot_data_works_correctly"/>
  </testsuite>
  <testsuite name="gg_mmrm_lineplot" timestamp="2026-03-24T14:54:35Z" hostname="2ad4cedb8add" tests="4" skipped="0" failures="0" errors="0" time="0.359">
    <testcase time="0.355999999999998" classname="character(0)" name="gg_mmrm_lineplot_validates_graphical_parameters_correctly"/>
    <testcase time="0.00100000000000122" classname="character(0)" name="gg_mmrm_lineplot_validates_graphical_parameters_correctly"/>
    <testcase time="0.00100000000000122" classname="character(0)" name="gg_mmrm_lineplot_validates_graphical_parameters_correctly"/>
    <testcase time="0.000999999999997669" classname="character(0)" name="gg_mmrm_lineplot_validates_graphical_parameters_correctly"/>
  </testsuite>
  <testsuite name="gg_mmrm_lineplot" timestamp="2026-03-24T14:54:35Z" hostname="2ad4cedb8add" tests="8" skipped="0" failures="0" errors="0" time="0.007">
    <testcase time="0.00200000000000244" classname="character(0)" name="gg_mmrm_lineplot_processes_Baseline_and_CI_math_correctly"/>
    <testcase time="0.000999999999997669" classname="character(0)" name="gg_mmrm_lineplot_processes_Baseline_and_CI_math_correctly"/>
    <testcase time="0" classname="character(0)" name="gg_mmrm_lineplot_processes_Baseline_and_CI_math_correctly"/>
    <testcase time="0.00100000000000122" classname="character(0)" name="gg_mmrm_lineplot_processes_Baseline_and_CI_math_correctly"/>
    <testcase time="0.00100000000000122" classname="character(0)" name="gg_mmrm_lineplot_processes_Baseline_and_CI_math_correctly"/>
    <testcase time="0" classname="character(0)" name="gg_mmrm_lineplot_processes_Baseline_and_CI_math_correctly"/>
    <testcase time="0.000999999999997669" classname="character(0)" name="gg_mmrm_lineplot_processes_Baseline_and_CI_math_correctly"/>
    <testcase time="0.00100000000000122" classname="character(0)" name="gg_mmrm_lineplot_processes_Baseline_and_CI_math_correctly"/>
  </testsuite>
  <testsuite name="gg_mmrm_lineplot" timestamp="2026-03-24T14:54:35Z" hostname="2ad4cedb8add" tests="3" skipped="0" failures="0" errors="0" time="0.003">
    <testcase time="0.00199999999999889" classname="character(0)" name="gg_mmrm_lineplot_processes_SE_math_correctly"/>
    <testcase time="0.00100000000000122" classname="character(0)" name="gg_mmrm_lineplot_processes_SE_math_correctly"/>
    <testcase time="0" classname="character(0)" name="gg_mmrm_lineplot_processes_SE_math_correctly"/>
  </testsuite>
  <testsuite name="gg_mmrm_lineplot" timestamp="2026-03-24T14:54:35Z" hostname="2ad4cedb8add" tests="5" skipped="0" failures="0" errors="0" time="0.005">
    <testcase time="0.00199999999999889" classname="character(0)" name="gg_mmrm_lineplot_applies_dynamic_theming_hline_and_legend_"/>
    <testcase time="0.00100000000000122" classname="character(0)" name="gg_mmrm_lineplot_applies_dynamic_theming_hline_and_legend_"/>
    <testcase time="0.00100000000000122" classname="character(0)" name="gg_mmrm_lineplot_applies_dynamic_theming_hline_and_legend_"/>
    <testcase time="0.000999999999997669" classname="character(0)" name="gg_mmrm_lineplot_applies_dynamic_theming_hline_and_legend_"/>
    <testcase time="0" classname="character(0)" name="gg_mmrm_lineplot_applies_dynamic_theming_hline_and_legend_"/>
  </testsuite>
  <testsuite name="gg_pkc_lineplot" timestamp="2026-03-24T14:54:36Z" hostname="2ad4cedb8add" tests="4" skipped="0" failures="0" errors="0" time="0.808">
    <testcase time="0.805" classname="character(0)" name="gg_pkc_lineplot_catches_invalid_combinations_and_missing_inputs"/>
    <testcase time="0.00100000000000122" classname="character(0)" name="gg_pkc_lineplot_catches_invalid_combinations_and_missing_inputs"/>
    <testcase time="0.00100000000000122" classname="character(0)" name="gg_pkc_lineplot_catches_invalid_combinations_and_missing_inputs"/>
    <testcase time="0.000999999999997669" classname="character(0)" name="gg_pkc_lineplot_catches_invalid_combinations_and_missing_inputs"/>
  </testsuite>
  <testsuite name="gg_pkc_lineplot" timestamp="2026-03-24T14:54:36Z" hostname="2ad4cedb8add" tests="4" skipped="0" failures="0" errors="0" time="0.006">
    <testcase time="0.00300000000000011" classname="character(0)" name="gg_pkc_lineplot_calculates_statistics_and_floors_negative_bounds"/>
    <testcase time="0.00100000000000122" classname="character(0)" name="gg_pkc_lineplot_calculates_statistics_and_floors_negative_bounds"/>
    <testcase time="0.00100000000000122" classname="character(0)" name="gg_pkc_lineplot_calculates_statistics_and_floors_negative_bounds"/>
    <testcase time="0.000999999999997669" classname="character(0)" name="gg_pkc_lineplot_calculates_statistics_and_floors_negative_bounds"/>
  </testsuite>
  <testsuite name="gg_pkc_lineplot" timestamp="2026-03-24T14:54:36Z" hostname="2ad4cedb8add" tests="2" skipped="0" failures="0" errors="0" time="0.002">
    <testcase time="0.00200000000000244" classname="character(0)" name="gg_pkc_lineplot_calculates_median_and_IQR_properly"/>
    <testcase time="0" classname="character(0)" name="gg_pkc_lineplot_calculates_median_and_IQR_properly"/>
  </testsuite>
  <testsuite name="gg_pkc_lineplot" timestamp="2026-03-24T14:54:36Z" hostname="2ad4cedb8add" tests="6" skipped="0" failures="0" errors="0" time="0.005">
    <testcase time="0.00199999999999889" classname="character(0)" name="gg_pkc_lineplot_applies_graphical_parameters_correctly"/>
    <testcase time="0.00100000000000122" classname="character(0)" name="gg_pkc_lineplot_applies_graphical_parameters_correctly"/>
    <testcase time="0" classname="character(0)" name="gg_pkc_lineplot_applies_graphical_parameters_correctly"/>
    <testcase time="0.000999999999997669" classname="character(0)" name="gg_pkc_lineplot_applies_graphical_parameters_correctly"/>
    <testcase time="0" classname="character(0)" name="gg_pkc_lineplot_applies_graphical_parameters_correctly"/>
    <testcase time="0.00100000000000122" classname="character(0)" name="gg_pkc_lineplot_applies_graphical_parameters_correctly"/>
  </testsuite>
  <testsuite name="gg_pkc_lineplot" timestamp="2026-03-24T14:54:36Z" hostname="2ad4cedb8add" tests="2" skipped="0" failures="0" errors="0" time="0.002">
    <testcase time="0.000999999999997669" classname="character(0)" name="gg_pkc_lineplot_warns_when_log_transforming_zeros"/>
    <testcase time="0.00100000000000122" classname="character(0)" name="gg_pkc_lineplot_warns_when_log_transforming_zeros"/>
  </testsuite>
  <testsuite name="label_roche" timestamp="2026-03-24T14:54:36Z" hostname="2ad4cedb8add" tests="1" skipped="0" failures="0" errors="0" time="0.072">
    <testcase time="0.0719999999999992" classname="character(0)" name="style_roche_pvalue_works"/>
  </testsuite>
  <testsuite name="label_roche" timestamp="2026-03-24T14:54:36Z" hostname="2ad4cedb8add" tests="3" skipped="0" failures="0" errors="0" time="0.003">
    <testcase time="0.00200000000000244" classname="character(0)" name="style_roche_percent_works"/>
    <testcase time="0" classname="character(0)" name="style_roche_percent_works"/>
    <testcase time="0.000999999999997669" classname="character(0)" name="style_roche_percent_works"/>
  </testsuite>
  <testsuite name="label_roche" timestamp="2026-03-24T14:54:36Z" hostname="2ad4cedb8add" tests="2" skipped="0" failures="0" errors="0" time="0.002">
    <testcase time="0.00100000000000122" classname="character(0)" name="style_roche_ratio_works"/>
    <testcase time="0.00100000000000122" classname="character(0)" name="style_roche_ratio_works"/>
  </testsuite>
  <testsuite name="label_roche" timestamp="2026-03-24T14:54:36Z" hostname="2ad4cedb8add" tests="2" skipped="0" failures="0" errors="0" time="0.002">
    <testcase time="0.00199999999999889" classname="character(0)" name="style_roche_number_works"/>
    <testcase time="0" classname="character(0)" name="style_roche_number_works"/>
  </testsuite>
  <testsuite name="modify_header_rm_md" timestamp="2026-03-24T14:54:39Z" hostname="2ad4cedb8add" tests="2" skipped="0" failures="0" errors="0" time="2.496">
    <testcase time="2.495" classname="character(0)" name="strip_md_bold_works_with_gtsummary_table"/>
    <testcase time="0.000999999999997669" classname="character(0)" name="strip_md_bold_works_with_gtsummary_table"/>
  </testsuite>
  <testsuite name="modify_zero_recode" timestamp="2026-03-24T14:54:40Z" hostname="2ad4cedb8add" tests="2" skipped="0" failures="0" errors="0" time="1.035">
    <testcase time="1.034" classname="character(0)" name="modify_zero_recode_works"/>
    <testcase time="0.000999999999997669" classname="character(0)" name="modify_zero_recode_works"/>
  </testsuite>
  <testsuite name="add_forest" timestamp="2026-03-24T14:54:51Z" hostname="2ad4cedb8add" tests="3" skipped="0" failures="0" errors="0" time="11.03">
    <testcase time="11.028" classname="character(0)" name="add_forest_table_engine_flextable_works"/>
    <testcase time="0.000999999999997669" classname="character(0)" name="add_forest_table_engine_flextable_works"/>
    <testcase time="0.00100000000000477" classname="character(0)" name="add_forest_table_engine_flextable_works"/>
  </testsuite>
  <testsuite name="add_forest" timestamp="2026-03-24T14:54:51Z" hostname="2ad4cedb8add" tests="5" skipped="0" failures="0" errors="0" time="0.007">
    <testcase time="0.00300000000000011" classname="character(0)" name="add_forest_handles_extreme_limits_and_character_NA_p_values_safely"/>
    <testcase time="0.000999999999997669" classname="character(0)" name="add_forest_handles_extreme_limits_and_character_NA_p_values_safely"/>
    <testcase time="0.00100000000000477" classname="character(0)" name="add_forest_handles_extreme_limits_and_character_NA_p_values_safely"/>
    <testcase time="0.000999999999997669" classname="character(0)" name="add_forest_handles_extreme_limits_and_character_NA_p_values_safely"/>
    <testcase time="0.000999999999997669" classname="character(0)" name="add_forest_handles_extreme_limits_and_character_NA_p_values_safely"/>
  </testsuite>
  <testsuite name="tbl_hierarchical_rate_and_count" timestamp="2026-03-24T14:55:10Z" hostname="2ad4cedb8add" tests="6" skipped="0" failures="0" errors="0" time="18.84">
    <testcase time="18.837" classname="character(0)" name="tbl_hierarchical_rate_and_count_works"/>
    <testcase time="0.000999999999997669" classname="character(0)" name="tbl_hierarchical_rate_and_count_works"/>
    <testcase time="0" classname="character(0)" name="tbl_hierarchical_rate_and_count_works"/>
    <testcase time="0.000999999999997669" classname="character(0)" name="tbl_hierarchical_rate_and_count_works"/>
    <testcase time="0.00100000000000477" classname="character(0)" name="tbl_hierarchical_rate_and_count_works"/>
    <testcase time="0" classname="character(0)" name="tbl_hierarchical_rate_and_count_works"/>
  </testsuite>
  <testsuite name="tbl_hierarchical_rate_and_count" timestamp="2026-03-24T14:55:10Z" hostname="2ad4cedb8add" tests="2" skipped="0" failures="0" errors="0" time="0.003">
    <testcase time="0.00199999999999534" classname="character(0)" name="tbl_hierarchical_rate_and_count_sort_"/>
    <testcase time="0.00100000000000477" classname="character(0)" name="tbl_hierarchical_rate_and_count_sort_"/>
  </testsuite>
  <testsuite name="tbl_hierarchical_rate_and_count" timestamp="2026-03-24T14:55:10Z" hostname="2ad4cedb8add" tests="1" skipped="0" failures="0" errors="0" time="0.001">
    <testcase time="0.000999999999997669" classname="character(0)" name="tbl_hierarchical_rate_and_count_digits_styling_defaults_to_gtsummary"/>
  </testsuite>
  <testsuite name="tbl_hierarchical_rate_and_count" timestamp="2026-03-24T14:55:10Z" hostname="2ad4cedb8add" tests="2" skipped="0" failures="0" errors="0" time="0.002">
    <testcase time="0.00200000000000244" classname="character(0)" name="tbl_hierarchical_rate_and_count_works_only_with_2_or_3_variables"/>
    <testcase time="0" classname="character(0)" name="tbl_hierarchical_rate_and_count_works_only_with_2_or_3_variables"/>
  </testsuite>
  <testsuite name="tbl_baseline_chg" timestamp="2026-03-24T14:55:14Z" hostname="2ad4cedb8add" tests="3" skipped="0" failures="0" errors="0" time="4.606">
    <testcase time="4.604" classname="character(0)" name="tbl_baseline_chg_works"/>
    <testcase time="0.000999999999997669" classname="character(0)" name="tbl_baseline_chg_works"/>
    <testcase time="0.000999999999997669" classname="character(0)" name="tbl_baseline_chg_works"/>
  </testsuite>
  <testsuite name="tbl_baseline_chg" timestamp="2026-03-24T14:55:14Z" hostname="2ad4cedb8add" tests="2" skipped="0" failures="0" errors="0" time="0.004">
    <testcase time="0.00300000000000011" classname="character(0)" name="tbl_baseline_chg_works_with_no_by_variable"/>
    <testcase time="0.00100000000000477" classname="character(0)" name="tbl_baseline_chg_works_with_no_by_variable"/>
  </testsuite>
  <testsuite name="tbl_baseline_chg" timestamp="2026-03-24T14:55:14Z" hostname="2ad4cedb8add" tests="2" skipped="0" failures="0" errors="0" time="0.004">
    <testcase time="0.00300000000000011" classname="character(0)" name="add_overall.tbl_baseline_chg_works"/>
    <testcase time="0.000999999999997669" classname="character(0)" name="add_overall.tbl_baseline_chg_works"/>
  </testsuite>
  <testsuite name="tbl_baseline_chg" timestamp="2026-03-24T14:55:14Z" hostname="2ad4cedb8add" tests="2" skipped="0" failures="0" errors="0" time="0.004">
    <testcase time="0.00300000000000011" classname="character(0)" name="add_overall.tbl_baseline_chg_messaging"/>
    <testcase time="0.000999999999997669" classname="character(0)" name="add_overall.tbl_baseline_chg_messaging"/>
  </testsuite>
  <testsuite name="tbl_baseline_chg" timestamp="2026-03-24T14:55:14Z" hostname="2ad4cedb8add" tests="4" skipped="0" failures="0" errors="0" time="0.006">
    <testcase time="0.00300000000000011" classname="character(0)" name="tbl_baseline_chg_throws_error_when_required_arguments_are_missing"/>
    <testcase time="0.00100000000000477" classname="character(0)" name="tbl_baseline_chg_throws_error_when_required_arguments_are_missing"/>
    <testcase time="0.000999999999997669" classname="character(0)" name="tbl_baseline_chg_throws_error_when_required_arguments_are_missing"/>
    <testcase time="0.000999999999997669" classname="character(0)" name="tbl_baseline_chg_throws_error_when_required_arguments_are_missing"/>
  </testsuite>
  <testsuite name="tbl_baseline_chg" timestamp="2026-03-24T14:55:14Z" hostname="2ad4cedb8add" tests="1" skipped="0" failures="0" errors="0" time="0.003">
    <testcase time="0.00300000000000011" classname="character(0)" name="tbl_baseline_chg_messaging"/>
  </testsuite>
  <testsuite name="tbl_baseline_chg" timestamp="2026-03-24T14:55:14Z" hostname="2ad4cedb8add" tests="1" skipped="0" failures="0" errors="0" time="0.003">
    <testcase time="0.00300000000000011" classname="character(0)" name="gather_ard_works_on_output_table"/>
  </testsuite>
  <testsuite name="tbl_listing" timestamp="2026-03-24T14:55:15Z" hostname="2ad4cedb8add" tests="1" skipped="0" failures="0" errors="0" time="0.646">
    <testcase time="0.646000000000001" classname="character(0)" name="tbl_listing_works_with_default_values"/>
  </testsuite>
  <testsuite name="tbl_listing" timestamp="2026-03-24T14:55:15Z" hostname="2ad4cedb8add" tests="3" skipped="0" failures="0" errors="0" time="0.004">
    <testcase time="0.00200000000000244" classname="character(0)" name="tbl_listing_add_blanks_rows_works_with_standard_values"/>
    <testcase time="0.000999999999997669" classname="character(0)" name="tbl_listing_add_blanks_rows_works_with_standard_values"/>
    <testcase time="0.00100000000000477" classname="character(0)" name="tbl_listing_add_blanks_rows_works_with_standard_values"/>
  </testsuite>
  <testsuite name="tbl_listing" timestamp="2026-03-24T14:55:15Z" hostname="2ad4cedb8add" tests="3" skipped="0" failures="0" errors="0" time="0.003">
    <testcase time="0.000999999999997669" classname="character(0)" name="tbl_listing_split_by_rows_works_with_standard_values"/>
    <testcase time="0.000999999999997669" classname="character(0)" name="tbl_listing_split_by_rows_works_with_standard_values"/>
    <testcase time="0.00100000000000477" classname="character(0)" name="tbl_listing_split_by_rows_works_with_standard_values"/>
  </testsuite>
  <testsuite name="tbl_listing" timestamp="2026-03-24T14:55:15Z" hostname="2ad4cedb8add" tests="3" skipped="0" failures="0" errors="0" time="0.002">
    <testcase time="0.000999999999997669" classname="character(0)" name="tbl_listing_split_by_rows_add_blank_rows_works_with_standard_values"/>
    <testcase time="0.000999999999997669" classname="character(0)" name="tbl_listing_split_by_rows_add_blank_rows_works_with_standard_values"/>
    <testcase time="0" classname="character(0)" name="tbl_listing_split_by_rows_add_blank_rows_works_with_standard_values"/>
  </testsuite>
  <testsuite name="tbl_listing" timestamp="2026-03-24T14:55:15Z" hostname="2ad4cedb8add" tests="3" skipped="0" failures="0" errors="0" time="0.003">
    <testcase time="0.00200000000000244" classname="character(0)" name="tbl_listing_split_by_columns_works_with_standard_values"/>
    <testcase time="0.000999999999997669" classname="character(0)" name="tbl_listing_split_by_columns_works_with_standard_values"/>
    <testcase time="0" classname="character(0)" name="tbl_listing_split_by_columns_works_with_standard_values"/>
  </testsuite>
  <testsuite name="tbl_listing" timestamp="2026-03-24T14:55:15Z" hostname="2ad4cedb8add" tests="5" skipped="0" failures="0" errors="0" time="0.004">
    <testcase time="0.00200000000000244" classname="character(0)" name="tbl_listing_split_by_rows_split_by_columns_works_with_standard_values"/>
    <testcase time="0.000999999999997669" classname="character(0)" name="tbl_listing_split_by_rows_split_by_columns_works_with_standard_values"/>
    <testcase time="0" classname="character(0)" name="tbl_listing_split_by_rows_split_by_columns_works_with_standard_values"/>
    <testcase time="0.000999999999997669" classname="character(0)" name="tbl_listing_split_by_rows_split_by_columns_works_with_standard_values"/>
    <testcase time="0" classname="character(0)" name="tbl_listing_split_by_rows_split_by_columns_works_with_standard_values"/>
  </testsuite>
  <testsuite name="tbl_listing" timestamp="2026-03-24T14:55:15Z" hostname="2ad4cedb8add" tests="2" skipped="0" failures="0" errors="0" time="0.003">
    <testcase time="0.00200000000000244" classname="character(0)" name="remove_duplicate_keys_works_with_standard_values"/>
    <testcase time="0.000999999999997669" classname="character(0)" name="remove_duplicate_keys_works_with_standard_values"/>
  </testsuite>
  <testsuite name="tbl_listing" timestamp="2026-03-24T14:55:15Z" hostname="2ad4cedb8add" tests="1" skipped="0" failures="0" errors="0" time="0.001">
    <testcase time="0.00100000000000477" classname="character(0)" name="remove_duplicate_keys_works_with_unique_and_duplicated_values"/>
  </testsuite>
  <testsuite name="tbl_mmrm" timestamp="2026-03-24T14:55:23Z" hostname="2ad4cedb8add" tests="2" skipped="0" failures="0" errors="0" time="8.495">
    <testcase time="8.494" classname="character(0)" name="se_calculates_standard_error_correctly"/>
    <testcase time="0.00100000000000477" classname="character(0)" name="se_calculates_standard_error_correctly"/>
  </testsuite>
  <testsuite name="tbl_mmrm" timestamp="2026-03-24T14:55:23Z" hostname="2ad4cedb8add" tests="2" skipped="0" failures="0" errors="0" time="0.002">
    <testcase time="0.00199999999999534" classname="character(0)" name=".get_relative_reduc_df_calculates_math_correctly"/>
    <testcase time="0" classname="character(0)" name=".get_relative_reduc_df_calculates_math_correctly"/>
  </testsuite>
  <testsuite name="tbl_mmrm" timestamp="2026-03-24T14:55:23Z" hostname="2ad4cedb8add" tests="4" skipped="0" failures="0" errors="0" time="0.004">
    <testcase time="0.00199999999999534" classname="character(0)" name=".get__formatting_functions_handle_empty_and_NA_data_correctly"/>
    <testcase time="0.00100000000000477" classname="character(0)" name=".get__formatting_functions_handle_empty_and_NA_data_correctly"/>
    <testcase time="0" classname="character(0)" name=".get__formatting_functions_handle_empty_and_NA_data_correctly"/>
    <testcase time="0.00100000000000477" classname="character(0)" name=".get__formatting_functions_handle_empty_and_NA_data_correctly"/>
  </testsuite>
  <testsuite name="tbl_mmrm" timestamp="2026-03-24T14:55:23Z" hostname="2ad4cedb8add" tests="7" skipped="0" failures="0" errors="0" time="0.005">
    <testcase time="0.000999999999990564" classname="character(0)" name=".get__formatting_functions_output_correct_statistics_and_digits"/>
    <testcase time="0.00100000000000477" classname="character(0)" name=".get__formatting_functions_output_correct_statistics_and_digits"/>
    <testcase time="0.00100000000000477" classname="character(0)" name=".get__formatting_functions_output_correct_statistics_and_digits"/>
    <testcase time="0" classname="character(0)" name=".get__formatting_functions_output_correct_statistics_and_digits"/>
    <testcase time="0.000999999999990564" classname="character(0)" name=".get__formatting_functions_output_correct_statistics_and_digits"/>
    <testcase time="0" classname="character(0)" name=".get__formatting_functions_output_correct_statistics_and_digits"/>
    <testcase time="0.00100000000000477" classname="character(0)" name=".get__formatting_functions_output_correct_statistics_and_digits"/>
  </testsuite>
  <testsuite name="tbl_mmrm" timestamp="2026-03-24T14:55:23Z" hostname="2ad4cedb8add" tests="5" skipped="0" failures="0" errors="0" time="0.004">
    <testcase time="0.00199999999999534" classname="character(0)" name="get_mmrm_results_outputs_expected_mmrm_df_structure"/>
    <testcase time="0" classname="character(0)" name="get_mmrm_results_outputs_expected_mmrm_df_structure"/>
    <testcase time="0.00100000000000477" classname="character(0)" name="get_mmrm_results_outputs_expected_mmrm_df_structure"/>
    <testcase time="0.00100000000000477" classname="character(0)" name="get_mmrm_results_outputs_expected_mmrm_df_structure"/>
    <testcase time="0" classname="character(0)" name="get_mmrm_results_outputs_expected_mmrm_df_structure"/>
  </testsuite>
  <testsuite name="tbl_mmrm" timestamp="2026-03-24T14:55:23Z" hostname="2ad4cedb8add" tests="8" skipped="0" failures="0" errors="0" time="0.198">
    <testcase time="0.00199999999999534" classname="character(0)" name="tbl_mmrm_generates_stacked_table_successfully">
      <system-out>Using an external vector in selections was deprecated in tidyselect 1.1.0.
i Please use `all_of()` or `any_of()` instead.
  # Was:
  data %&gt;% select(arm)

  # Now:
  data %&gt;% select(all_of(arm))

See &lt;https://tidyselect.r-lib.org/reference/faq-external-vector.html&gt;.
Backtrace:
     ▆
  1. └─crane::tbl_mmrm(...) at test-tbl_mmrm.R:119:3
  2.   ├─cards::process_selectors(...)
  3.   └─cards:::process_selectors.data.frame(...)
  4.     └─cards:::imap(...)
  5.       └─cards:::map2(.x, names(.x) %||% seq_along(.x), .f, ...)
  6.         └─base::mapply(.f, .x, .y, MoreArgs = list(...), SIMPLIFY = FALSE)
  7.           └─cards (local) `&lt;fn&gt;`(dots[[1L]][[1L]], dots[[2L]][[1L]])
  8.             └─cards::cards_select(...)
  9.               ├─base::tryCatch(...)
 10.               │ └─base (local) tryCatchList(expr, classes, parentenv, handlers)
 11.               │   └─base (local) tryCatchOne(expr, names, parentenv, handlers[[1L]])
 12.               │     └─base (local) doTryCatch(return(expr), name, parentenv, handler)
 13.               └─tidyselect::eval_select(expr = expr, data = data, ...)
 14.                 └─tidyselect:::eval_select_impl(...)
 15.                   ├─tidyselect:::with_subscript_errors(...)
 16.                   │ └─base::withCallingHandlers(...)
 17.                   └─tidyselect:::vars_select_eval(...)
 18.                     └─tidyselect:::walk_data_tree(expr, data_mask, context_mask)
 19.                       └─tidyselect:::eval_sym(expr, data_mask, context_mask)</system-out>
    </testcase>
    <testcase time="0.0150000000000006" classname="character(0)" name="tbl_mmrm_generates_stacked_table_successfully">
      <system-out>Using an external vector in selections was deprecated in tidyselect 1.1.0.
i Please use `all_of()` or `any_of()` instead.
  # Was:
  data %&gt;% select(visit)

  # Now:
  data %&gt;% select(all_of(visit))

See &lt;https://tidyselect.r-lib.org/reference/faq-external-vector.html&gt;.
Backtrace:
     ▆
  1. └─crane::tbl_mmrm(...) at test-tbl_mmrm.R:119:3
  2.   ├─cards::process_selectors(...)
  3.   └─cards:::process_selectors.data.frame(...)
  4.     └─cards:::imap(...)
  5.       └─cards:::map2(.x, names(.x) %||% seq_along(.x), .f, ...)
  6.         └─base::mapply(.f, .x, .y, MoreArgs = list(...), SIMPLIFY = FALSE)
  7.           └─cards (local) `&lt;fn&gt;`(dots[[1L]][[2L]], dots[[2L]][[2L]])
  8.             └─cards::cards_select(...)
  9.               ├─base::tryCatch(...)
 10.               │ └─base (local) tryCatchList(expr, classes, parentenv, handlers)
 11.               │   └─base (local) tryCatchOne(expr, names, parentenv, handlers[[1L]])
 12.               │     └─base (local) doTryCatch(return(expr), name, parentenv, handler)
 13.               └─tidyselect::eval_select(expr = expr, data = data, ...)
 14.                 └─tidyselect:::eval_select_impl(...)
 15.                   ├─tidyselect:::with_subscript_errors(...)
 16.                   │ └─base::withCallingHandlers(...)
 17.                   └─tidyselect:::vars_select_eval(...)
 18.                     └─tidyselect:::walk_data_tree(expr, data_mask, context_mask)
 19.                       └─tidyselect:::eval_sym(expr, data_mask, context_mask)</system-out>
    </testcase>
    <testcase time="0.00999999999999091" classname="character(0)" name="tbl_mmrm_generates_stacked_table_successfully">
      <system-out>Using an external vector in selections was deprecated in tidyselect 1.1.0.
i Please use `all_of()` or `any_of()` instead.
  # Was:
  data %&gt;% select(visit)

  # Now:
  data %&gt;% select(all_of(visit))

See &lt;https://tidyselect.r-lib.org/reference/faq-external-vector.html&gt;.
Backtrace:
     ▆
  1. └─crane::tbl_mmrm(...) at test-tbl_mmrm.R:119:3
  2.   └─gtsummary::tbl_strata(...)
  3.     └─gtsummary:::tbl_strata_internal(...)
  4.       ├─cards::process_selectors(...)
  5.       └─cards:::process_selectors.data.frame(...)
  6.         └─cards:::imap(...)
  7.           └─cards:::map2(.x, names(.x) %||% seq_along(.x), .f, ...)
  8.             └─base::mapply(.f, .x, .y, MoreArgs = list(...), SIMPLIFY = FALSE)
  9.               └─cards (local) `&lt;fn&gt;`(dots[[1L]][[1L]], dots[[2L]][[1L]])
 10.                 └─cards::cards_select(...)
 11.                   ├─base::tryCatch(...)
 12.                   │ └─base (local) tryCatchList(expr, classes, parentenv, handlers)
 13.                   │   └─base (local) tryCatchOne(expr, names, parentenv, handlers[[1L]])
 14.                   │     └─base (local) doTryCatch(return(expr), name, parentenv, handler)
 15.                   └─tidyselect::eval_select(expr = expr, data = data, ...)
 16.                     └─tidyselect:::eval_select_impl(...)
 17.                       ├─tidyselect:::with_subscript_errors(...)
 18.                       │ └─base::withCallingHandlers(...)
 19.                       └─tidyselect:::vars_select_eval(...)
 20.                         └─tidyselect:::walk_data_tree(expr, data_mask, context_mask)
 21.                           └─tidyselect:::eval_sym(expr, data_mask, context_mask)</system-out>
    </testcase>
    <testcase time="0.0190000000000055" classname="character(0)" name="tbl_mmrm_generates_stacked_table_successfully">
      <system-out>There were 4 warnings in `dplyr::mutate()`.
The first warning was:
i In argument: `tbl = switch(...)`.
Caused by warning:
! Using an external vector in selections was deprecated in tidyselect 1.1.0.
i Please use `all_of()` or `any_of()` instead.
  # Was:
  data %&gt;% select(arm)

  # Now:
  data %&gt;% select(all_of(arm))

See &lt;https://tidyselect.r-lib.org/reference/faq-external-vector.html&gt;.
i Run `dplyr::last_dplyr_warnings()` to see the 3 remaining warnings.
Backtrace:
    ▆
 1. ├─crane::tbl_mmrm(...) at test-tbl_mmrm.R:119:3
 2. │ └─gtsummary::tbl_strata(...)
 3. │   └─gtsummary:::tbl_strata_internal(...)
 4. │     └─... %&gt;% ...
 5. ├─dplyr::mutate(...)
 6. └─dplyr:::mutate.data.frame(...)
 7.   └─dplyr:::mutate_cols(.data, dplyr_quosures(...), by)
 8.     └─dplyr:::signal_warnings(warnings_state, error_call)</system-out>
    </testcase>
    <testcase time="0.150000000000006" classname="character(0)" name="tbl_mmrm_generates_stacked_table_successfully"/>
    <testcase time="0" classname="character(0)" name="tbl_mmrm_generates_stacked_table_successfully"/>
    <testcase time="0.000999999999990564" classname="character(0)" name="tbl_mmrm_generates_stacked_table_successfully"/>
    <testcase time="0.00100000000000477" classname="character(0)" name="tbl_mmrm_generates_stacked_table_successfully"/>
  </testsuite>
  <testsuite name="tbl_mmrm" timestamp="2026-03-24T14:55:24Z" hostname="2ad4cedb8add" tests="4" skipped="0" failures="0" errors="0" time="0.158">
    <testcase time="0.00199999999999534" classname="character(0)" name="tbl_mmrm_falls_back_cleanly_when_base_df_is_empty">
      <system-out>Using an external vector in selections was deprecated in tidyselect 1.1.0.
i Please use `all_of()` or `any_of()` instead.
  # Was:
  data %&gt;% select(visit)

  # Now:
  data %&gt;% select(all_of(visit))

See &lt;https://tidyselect.r-lib.org/reference/faq-external-vector.html&gt;.
Backtrace:
     ▆
  1. └─crane::tbl_mmrm(...) at test-tbl_mmrm.R:144:3
  2.   └─gtsummary::tbl_strata(...)
  3.     └─gtsummary:::tbl_strata_internal(...)
  4.       ├─cards::process_selectors(...)
  5.       └─cards:::process_selectors.data.frame(...)
  6.         └─cards:::imap(...)
  7.           └─cards:::map2(.x, names(.x) %||% seq_along(.x), .f, ...)
  8.             └─base::mapply(.f, .x, .y, MoreArgs = list(...), SIMPLIFY = FALSE)
  9.               └─cards (local) `&lt;fn&gt;`(dots[[1L]][[1L]], dots[[2L]][[1L]])
 10.                 └─cards::cards_select(...)
 11.                   ├─base::tryCatch(...)
 12.                   │ └─base (local) tryCatchList(expr, classes, parentenv, handlers)
 13.                   │   └─base (local) tryCatchOne(expr, names, parentenv, handlers[[1L]])
 14.                   │     └─base (local) doTryCatch(return(expr), name, parentenv, handler)
 15.                   └─tidyselect::eval_select(expr = expr, data = data, ...)
 16.                     └─tidyselect:::eval_select_impl(...)
 17.                       ├─tidyselect:::with_subscript_errors(...)
 18.                       │ └─base::withCallingHandlers(...)
 19.                       └─tidyselect:::vars_select_eval(...)
 20.                         └─tidyselect:::walk_data_tree(expr, data_mask, context_mask)
 21.                           └─tidyselect:::eval_sym(expr, data_mask, context_mask)</system-out>
    </testcase>
    <testcase time="0.0120000000000005" classname="character(0)" name="tbl_mmrm_falls_back_cleanly_when_base_df_is_empty">
      <system-out>There were 4 warnings in `dplyr::mutate()`.
The first warning was:
i In argument: `tbl = switch(...)`.
Caused by warning:
! Using an external vector in selections was deprecated in tidyselect 1.1.0.
i Please use `all_of()` or `any_of()` instead.
  # Was:
  data %&gt;% select(arm)

  # Now:
  data %&gt;% select(all_of(arm))

See &lt;https://tidyselect.r-lib.org/reference/faq-external-vector.html&gt;.
i Run `dplyr::last_dplyr_warnings()` to see the 3 remaining warnings.
Backtrace:
    ▆
 1. ├─crane::tbl_mmrm(...) at test-tbl_mmrm.R:144:3
 2. │ └─gtsummary::tbl_strata(...)
 3. │   └─gtsummary:::tbl_strata_internal(...)
 4. │     └─... %&gt;% ...
 5. ├─dplyr::mutate(...)
 6. └─dplyr:::mutate.data.frame(...)
 7.   └─dplyr:::mutate_cols(.data, dplyr_quosures(...), by)
 8.     └─dplyr:::signal_warnings(warnings_state, error_call)</system-out>
    </testcase>
    <testcase time="0.144000000000005" classname="character(0)" name="tbl_mmrm_falls_back_cleanly_when_base_df_is_empty"/>
    <testcase time="0" classname="character(0)" name="tbl_mmrm_falls_back_cleanly_when_base_df_is_empty"/>
  </testsuite>
  <testsuite name="tbl_mmrm" timestamp="2026-03-24T14:55:24Z" hostname="2ad4cedb8add" tests="6" skipped="0" failures="0" errors="0" time="0.159">
    <testcase time="0.00199999999999534" classname="character(0)" name="tbl_mmrm_handles_base_df_NULL_gracefully_without_baseline_stacking">
      <system-out>Using an external vector in selections was deprecated in tidyselect 1.1.0.
i Please use `all_of()` or `any_of()` instead.
  # Was:
  data %&gt;% select(visit)

  # Now:
  data %&gt;% select(all_of(visit))

See &lt;https://tidyselect.r-lib.org/reference/faq-external-vector.html&gt;.
Backtrace:
     ▆
  1. └─crane::tbl_mmrm(...) at test-tbl_mmrm.R:179:3
  2.   └─gtsummary::tbl_strata(...)
  3.     └─gtsummary:::tbl_strata_internal(...)
  4.       ├─cards::process_selectors(...)
  5.       └─cards:::process_selectors.data.frame(...)
  6.         └─cards:::imap(...)
  7.           └─cards:::map2(.x, names(.x) %||% seq_along(.x), .f, ...)
  8.             └─base::mapply(.f, .x, .y, MoreArgs = list(...), SIMPLIFY = FALSE)
  9.               └─cards (local) `&lt;fn&gt;`(dots[[1L]][[1L]], dots[[2L]][[1L]])
 10.                 └─cards::cards_select(...)
 11.                   ├─base::tryCatch(...)
 12.                   │ └─base (local) tryCatchList(expr, classes, parentenv, handlers)
 13.                   │   └─base (local) tryCatchOne(expr, names, parentenv, handlers[[1L]])
 14.                   │     └─base (local) doTryCatch(return(expr), name, parentenv, handler)
 15.                   └─tidyselect::eval_select(expr = expr, data = data, ...)
 16.                     └─tidyselect:::eval_select_impl(...)
 17.                       ├─tidyselect:::with_subscript_errors(...)
 18.                       │ └─base::withCallingHandlers(...)
 19.                       └─tidyselect:::vars_select_eval(...)
 20.                         └─tidyselect:::walk_data_tree(expr, data_mask, context_mask)
 21.                           └─tidyselect:::eval_sym(expr, data_mask, context_mask)</system-out>
    </testcase>
    <testcase time="0.0130000000000052" classname="character(0)" name="tbl_mmrm_handles_base_df_NULL_gracefully_without_baseline_stacking">
      <system-out>There was 1 warning in `dplyr::mutate()`.
i In argument: `tbl = switch(...)`.
Caused by warning:
! Using an external vector in selections was deprecated in tidyselect 1.1.0.
i Please use `all_of()` or `any_of()` instead.
  # Was:
  data %&gt;% select(arm)

  # Now:
  data %&gt;% select(all_of(arm))

See &lt;https://tidyselect.r-lib.org/reference/faq-external-vector.html&gt;.
Backtrace:
    ▆
 1. ├─crane::tbl_mmrm(...) at test-tbl_mmrm.R:179:3
 2. │ └─gtsummary::tbl_strata(...)
 3. │   └─gtsummary:::tbl_strata_internal(...)
 4. │     └─... %&gt;% ...
 5. ├─dplyr::mutate(...)
 6. └─dplyr:::mutate.data.frame(...)
 7.   └─dplyr:::mutate_cols(.data, dplyr_quosures(...), by)
 8.     └─dplyr:::signal_warnings(warnings_state, error_call)</system-out>
    </testcase>
    <testcase time="0.141999999999996" classname="character(0)" name="tbl_mmrm_handles_base_df_NULL_gracefully_without_baseline_stacking"/>
    <testcase time="0" classname="character(0)" name="tbl_mmrm_handles_base_df_NULL_gracefully_without_baseline_stacking"/>
    <testcase time="0.00100000000000477" classname="character(0)" name="tbl_mmrm_handles_base_df_NULL_gracefully_without_baseline_stacking"/>
    <testcase time="0.00100000000000477" classname="character(0)" name="tbl_mmrm_handles_base_df_NULL_gracefully_without_baseline_stacking"/>
  </testsuite>
  <testsuite name="tbl_null_report" timestamp="2026-03-24T14:55:24Z" hostname="2ad4cedb8add" tests="3" skipped="0" failures="0" errors="0" time="0.116">
    <testcase time="0.114999999999995" classname="character(0)" name="tbl_null_report_works_correctly"/>
    <testcase time="0" classname="character(0)" name="tbl_null_report_works_correctly"/>
    <testcase time="0.00100000000000477" classname="character(0)" name="tbl_null_report_works_correctly"/>
  </testsuite>
  <testsuite name="tbl_rmpt" timestamp="2026-03-24T14:55:41Z" hostname="2ad4cedb8add" tests="6" skipped="0" failures="0" errors="0" time="16.819">
    <testcase time="16.816" classname="character(0)" name="tbl_rmpt_works_with_default_parameters_Example_1_"/>
    <testcase time="0.00100000000000477" classname="character(0)" name="tbl_rmpt_works_with_default_parameters_Example_1_"/>
    <testcase time="0.00100000000000477" classname="character(0)" name="tbl_rmpt_works_with_default_parameters_Example_1_"/>
    <testcase time="0" classname="character(0)" name="tbl_rmpt_works_with_default_parameters_Example_1_"/>
    <testcase time="0.000999999999990564" classname="character(0)" name="tbl_rmpt_works_with_default_parameters_Example_1_"/>
    <testcase time="0" classname="character(0)" name="tbl_rmpt_works_with_default_parameters_Example_1_"/>
  </testsuite>
  <testsuite name="tbl_rmpt" timestamp="2026-03-24T14:55:41Z" hostname="2ad4cedb8add" tests="3" skipped="0" failures="0" errors="0" time="0.004">
    <testcase time="0.00200000000000955" classname="character(0)" name="add_overall.tbl_rmpt_works_Example_2_"/>
    <testcase time="0.000999999999990564" classname="character(0)" name="add_overall.tbl_rmpt_works_Example_2_"/>
    <testcase time="0.00100000000000477" classname="character(0)" name="add_overall.tbl_rmpt_works_Example_2_"/>
  </testsuite>
  <testsuite name="tbl_rmpt" timestamp="2026-03-24T14:55:41Z" hostname="2ad4cedb8add" tests="2" skipped="0" failures="0" errors="0" time="0.002">
    <testcase time="0.00100000000000477" classname="character(0)" name="tbl_rmpt_works_with_custom_labels_Example_3_"/>
    <testcase time="0.000999999999990564" classname="character(0)" name="tbl_rmpt_works_with_custom_labels_Example_3_"/>
  </testsuite>
  <testsuite name="tbl_rmpt" timestamp="2026-03-24T14:55:41Z" hostname="2ad4cedb8add" tests="4" skipped="0" failures="0" errors="0" time="0.004">
    <testcase time="0.00200000000000955" classname="character(0)" name="tbl_rmpt_stores_inputs_correctly"/>
    <testcase time="0.000999999999990564" classname="character(0)" name="tbl_rmpt_stores_inputs_correctly"/>
    <testcase time="0" classname="character(0)" name="tbl_rmpt_stores_inputs_correctly"/>
    <testcase time="0.00100000000000477" classname="character(0)" name="tbl_rmpt_stores_inputs_correctly"/>
  </testsuite>
  <testsuite name="tbl_rmpt" timestamp="2026-03-24T14:55:41Z" hostname="2ad4cedb8add" tests="2" skipped="0" failures="0" errors="0" time="0.002">
    <testcase time="0.00100000000000477" classname="character(0)" name="add_overall.tbl_rmpt_handles_unstratified_table"/>
    <testcase time="0.000999999999990564" classname="character(0)" name="add_overall.tbl_rmpt_handles_unstratified_table"/>
  </testsuite>
  <testsuite name="tbl_rmpt" timestamp="2026-03-24T14:55:41Z" hostname="2ad4cedb8add" tests="3" skipped="0" failures="0" errors="0" time="0.003">
    <testcase time="0.00200000000000955" classname="character(0)" name="tbl_rmpt_validates_inputs_properly"/>
    <testcase time="0" classname="character(0)" name="tbl_rmpt_validates_inputs_properly"/>
    <testcase time="0.000999999999990564" classname="character(0)" name="tbl_rmpt_validates_inputs_properly"/>
  </testsuite>
  <testsuite name="tbl_rmpt" timestamp="2026-03-24T14:55:41Z" hostname="2ad4cedb8add" tests="3" skipped="0" failures="0" errors="0" time="0.003">
    <testcase time="0.00200000000000955" classname="character(0)" name="tbl_rmpt_works_with_different_variable_names"/>
    <testcase time="0" classname="character(0)" name="tbl_rmpt_works_with_different_variable_names"/>
    <testcase time="0.000999999999990564" classname="character(0)" name="tbl_rmpt_works_with_different_variable_names"/>
  </testsuite>
  <testsuite name="tbl_hierarchical_rate_by_grade" timestamp="2026-03-24T14:56:03Z" hostname="2ad4cedb8add" tests="7" skipped="0" failures="0" errors="0" time="22.522">
    <testcase time="22.516" classname="character(0)" name="tbl_hierarchical_rate_by_grade_works"/>
    <testcase time="0.00100000000000477" classname="character(0)" name="tbl_hierarchical_rate_by_grade_works"/>
    <testcase time="0.000999999999990564" classname="character(0)" name="tbl_hierarchical_rate_by_grade_works"/>
    <testcase time="0.00100000000000477" classname="character(0)" name="tbl_hierarchical_rate_by_grade_works"/>
    <testcase time="0.00100000000000477" classname="character(0)" name="tbl_hierarchical_rate_by_grade_works"/>
    <testcase time="0.000999999999990564" classname="character(0)" name="tbl_hierarchical_rate_by_grade_works"/>
    <testcase time="0.00100000000000477" classname="character(0)" name="tbl_hierarchical_rate_by_grade_works"/>
  </testsuite>
  <testsuite name="tbl_hierarchical_rate_by_grade" timestamp="2026-03-24T14:56:03Z" hostname="2ad4cedb8add" tests="4" skipped="0" failures="0" errors="0" time="0.004">
    <testcase time="0.00199999999999534" classname="character(0)" name="tbl_hierarchical_rate_by_grade_include_overall_works"/>
    <testcase time="0.00100000000000477" classname="character(0)" name="tbl_hierarchical_rate_by_grade_include_overall_works"/>
    <testcase time="0.00100000000000477" classname="character(0)" name="tbl_hierarchical_rate_by_grade_include_overall_works"/>
    <testcase time="0" classname="character(0)" name="tbl_hierarchical_rate_by_grade_include_overall_works"/>
  </testsuite>
  <testsuite name="tbl_hierarchical_rate_by_grade" timestamp="2026-03-24T14:56:03Z" hostname="2ad4cedb8add" tests="2" skipped="0" failures="0" errors="0" time="0.003">
    <testcase time="0.00199999999999534" classname="character(0)" name="tbl_hierarchical_rate_by_grade_works_with_add_overall_"/>
    <testcase time="0.00100000000000477" classname="character(0)" name="tbl_hierarchical_rate_by_grade_works_with_add_overall_"/>
  </testsuite>
  <testsuite name="tbl_hierarchical_rate_by_grade" timestamp="2026-03-24T14:56:03Z" hostname="2ad4cedb8add" tests="5" skipped="0" failures="0" errors="0" time="0.004">
    <testcase time="0.00199999999999534" classname="character(0)" name="tbl_hierarchical_rate_by_grade_sort_works"/>
    <testcase time="0" classname="character(0)" name="tbl_hierarchical_rate_by_grade_sort_works"/>
    <testcase time="0.00100000000000477" classname="character(0)" name="tbl_hierarchical_rate_by_grade_sort_works"/>
    <testcase time="0" classname="character(0)" name="tbl_hierarchical_rate_by_grade_sort_works"/>
    <testcase time="0.000999999999990564" classname="character(0)" name="tbl_hierarchical_rate_by_grade_sort_works"/>
  </testsuite>
  <testsuite name="tbl_hierarchical_rate_by_grade" timestamp="2026-03-24T14:56:03Z" hostname="2ad4cedb8add" tests="4" skipped="0" failures="0" errors="0" time="0.004">
    <testcase time="0.00200000000000955" classname="character(0)" name="tbl_hierarchical_rate_by_grade_filter_works"/>
    <testcase time="0" classname="character(0)" name="tbl_hierarchical_rate_by_grade_filter_works"/>
    <testcase time="0.000999999999990564" classname="character(0)" name="tbl_hierarchical_rate_by_grade_filter_works"/>
    <testcase time="0.00100000000000477" classname="character(0)" name="tbl_hierarchical_rate_by_grade_filter_works"/>
  </testsuite>
  <testsuite name="tbl_hierarchical_rate_by_grade" timestamp="2026-03-24T14:56:03Z" hostname="2ad4cedb8add" tests="1" skipped="0" failures="0" errors="0" time="0.001">
    <testcase time="0.00100000000000477" classname="character(0)" name="tbl_hierarchical_rate_by_grade_works_with_non_factor_grade_variables"/>
  </testsuite>
  <testsuite name="tbl_hierarchical_rate_by_grade" timestamp="2026-03-24T14:56:03Z" hostname="2ad4cedb8add" tests="1" skipped="0" failures="0" errors="0" time="0.002">
    <testcase time="0.00199999999999534" classname="character(0)" name="tbl_hierarchical_rate_by_grade_grade_groups_works_with_some_grades_not_in_groups"/>
  </testsuite>
  <testsuite name="tbl_hierarchical_rate_by_grade" timestamp="2026-03-24T14:56:03Z" hostname="2ad4cedb8add" tests="4" skipped="0" failures="0" errors="0" time="0.004">
    <testcase time="0.00199999999999534" classname="character(0)" name="tbl_hierarchical_rate_by_grade_grades_exclude_works"/>
    <testcase time="0.00100000000000477" classname="character(0)" name="tbl_hierarchical_rate_by_grade_grades_exclude_works"/>
    <testcase time="0" classname="character(0)" name="tbl_hierarchical_rate_by_grade_grades_exclude_works"/>
    <testcase time="0.00100000000000477" classname="character(0)" name="tbl_hierarchical_rate_by_grade_grades_exclude_works"/>
  </testsuite>
  <testsuite name="tbl_hierarchical_rate_by_grade" timestamp="2026-03-24T14:56:03Z" hostname="2ad4cedb8add" tests="3" skipped="0" failures="0" errors="0" time="0.003">
    <testcase time="0.000999999999990564" classname="character(0)" name="tbl_hierarchical_rate_by_grade_keep_zero_rows_works"/>
    <testcase time="0.00100000000000477" classname="character(0)" name="tbl_hierarchical_rate_by_grade_keep_zero_rows_works"/>
    <testcase time="0.00100000000000477" classname="character(0)" name="tbl_hierarchical_rate_by_grade_keep_zero_rows_works"/>
  </testsuite>
  <testsuite name="tbl_hierarchical_rate_by_grade" timestamp="2026-03-24T14:56:03Z" hostname="2ad4cedb8add" tests="4" skipped="0" failures="0" errors="0" time="0.003">
    <testcase time="0.000999999999990564" classname="character(0)" name="tbl_hierarchical_rate_by_grade_error_messaging_works"/>
    <testcase time="0.00100000000000477" classname="character(0)" name="tbl_hierarchical_rate_by_grade_error_messaging_works"/>
    <testcase time="0.00100000000000477" classname="character(0)" name="tbl_hierarchical_rate_by_grade_error_messaging_works"/>
    <testcase time="0" classname="character(0)" name="tbl_hierarchical_rate_by_grade_error_messaging_works"/>
  </testsuite>
  <testsuite name="tbl_roche_subgroups" timestamp="2026-03-24T14:56:05Z" hostname="2ad4cedb8add" tests="2" skipped="0" failures="0" errors="0" time="1.529">
    <testcase time="1.52799999999999" classname="character(0)" name="tbl_roche_subgroups_time_to_event_NULL_works"/>
    <testcase time="0.00100000000000477" classname="character(0)" name="tbl_roche_subgroups_time_to_event_NULL_works"/>
  </testsuite>
  <testsuite name="tbl_roche_subgroups" timestamp="2026-03-24T14:56:05Z" hostname="2ad4cedb8add" tests="2" skipped="0" failures="0" errors="0" time="0.005">
    <testcase time="0.00399999999999068" classname="character(0)" name="tbl_roche_subgroups_time_to_event_works"/>
    <testcase time="0.00100000000000477" classname="character(0)" name="tbl_roche_subgroups_time_to_event_works"/>
  </testsuite>
  <testsuite name="tbl_roche_summary" timestamp="2026-03-24T14:56:11Z" hostname="2ad4cedb8add" tests="1" skipped="0" failures="0" errors="0" time="5.688">
    <testcase time="5.688" classname="character(0)" name="tbl_roche_summary_works"/>
  </testsuite>
  <testsuite name="tbl_roche_summary" timestamp="2026-03-24T14:56:11Z" hostname="2ad4cedb8add" tests="3" skipped="0" failures="0" errors="0" time="0.004">
    <testcase time="0.00199999999999534" classname="character(0)" name="tbl_roche_summary_add_overall_works"/>
    <testcase time="0.00100000000000477" classname="character(0)" name="tbl_roche_summary_add_overall_works"/>
    <testcase time="0.00100000000000477" classname="character(0)" name="tbl_roche_summary_add_overall_works"/>
  </testsuite>
  <testsuite name="tbl_roche_summary" timestamp="2026-03-24T14:56:11Z" hostname="2ad4cedb8add" tests="1" skipped="0" failures="0" errors="0" time="0.001">
    <testcase time="0.000999999999990564" classname="character(0)" name="tbl_roche_summary_recode_counts_for_all_NA_column"/>
  </testsuite>
  <testsuite name="tbl_roche_summary" timestamp="2026-03-24T14:56:11Z" hostname="2ad4cedb8add" tests="2" skipped="0" failures="0" errors="0" time="0.003">
    <testcase time="0.00200000000000955" classname="character(0)" name="tbl_roche_summary_digit_estimation_works"/>
    <testcase time="0.000999999999990564" classname="character(0)" name="tbl_roche_summary_digit_estimation_works"/>
  </testsuite>
  <testsuite name="tbl_survfit_quantiles" timestamp="2026-03-24T14:56:16Z" hostname="2ad4cedb8add" tests="7" skipped="0" failures="0" errors="0" time="5.412">
    <testcase time="5.40600000000001" classname="character(0)" name="tbl_survfit_quantiles_works"/>
    <testcase time="0.00100000000000477" classname="character(0)" name="tbl_survfit_quantiles_works"/>
    <testcase time="0.000999999999990564" classname="character(0)" name="tbl_survfit_quantiles_works"/>
    <testcase time="0.00100000000000477" classname="character(0)" name="tbl_survfit_quantiles_works"/>
    <testcase time="0.00100000000000477" classname="character(0)" name="tbl_survfit_quantiles_works"/>
    <testcase time="0.000999999999990564" classname="character(0)" name="tbl_survfit_quantiles_works"/>
    <testcase time="0.00100000000000477" classname="character(0)" name="tbl_survfit_quantiles_works"/>
  </testsuite>
  <testsuite name="tbl_survfit_quantiles" timestamp="2026-03-24T14:56:16Z" hostname="2ad4cedb8add" tests="2" skipped="0" failures="0" errors="0" time="0.004">
    <testcase time="0.00300000000000011" classname="character(0)" name="tbl_survfit_quantiles_by_messaging"/>
    <testcase time="0.00100000000000477" classname="character(0)" name="tbl_survfit_quantiles_by_messaging"/>
  </testsuite>
  <testsuite name="tbl_survfit_quantiles" timestamp="2026-03-24T14:56:16Z" hostname="2ad4cedb8add" tests="1" skipped="0" failures="0" errors="0" time="0.002">
    <testcase time="0.00199999999999534" classname="character(0)" name="tbl_survfit_quantiles_estimate_fun_"/>
  </testsuite>
  <testsuite name="tbl_survfit_quantiles" timestamp="2026-03-24T14:56:16Z" hostname="2ad4cedb8add" tests="1" skipped="0" failures="0" errors="0" time="0.002">
    <testcase time="0.00199999999999534" classname="character(0)" name="tbl_survfit_quantiles_method.args_"/>
  </testsuite>
  <testsuite name="tbl_survfit_quantiles" timestamp="2026-03-24T14:56:16Z" hostname="2ad4cedb8add" tests="1" skipped="0" failures="0" errors="0" time="0.002">
    <testcase time="0.00200000000000955" classname="character(0)" name="add_overall.tbl_survfit_quantiles_works"/>
  </testsuite>
  <testsuite name="tbl_survfit_times" timestamp="2026-03-24T14:56:20Z" hostname="2ad4cedb8add" tests="7" skipped="0" failures="0" errors="0" time="3.508">
    <testcase time="3.50399999999999" classname="character(0)" name="tbl_survfit_times_works"/>
    <testcase time="0.00100000000000477" classname="character(0)" name="tbl_survfit_times_works"/>
    <testcase time="0.00100000000000477" classname="character(0)" name="tbl_survfit_times_works"/>
    <testcase time="0" classname="character(0)" name="tbl_survfit_times_works"/>
    <testcase time="0.000999999999990564" classname="character(0)" name="tbl_survfit_times_works"/>
    <testcase time="0" classname="character(0)" name="tbl_survfit_times_works"/>
    <testcase time="0.00100000000000477" classname="character(0)" name="tbl_survfit_times_works"/>
  </testsuite>
  <testsuite name="tbl_survfit_times" timestamp="2026-03-24T14:56:20Z" hostname="2ad4cedb8add" tests="2" skipped="0" failures="0" errors="0" time="0.002">
    <testcase time="0.00199999999999534" classname="character(0)" name="tbl_survfit_times_by_messaging"/>
    <testcase time="0" classname="character(0)" name="tbl_survfit_times_by_messaging"/>
  </testsuite>
  <testsuite name="tbl_survfit_times" timestamp="2026-03-24T14:56:20Z" hostname="2ad4cedb8add" tests="1" skipped="0" failures="0" errors="0" time="0.002">
    <testcase time="0.00199999999999534" classname="character(0)" name="add_overall.tbl_survfit_times_works"/>
  </testsuite>
  <testsuite name="theme_gtsummary_roche" timestamp="2026-03-24T14:56:25Z" hostname="2ad4cedb8add" tests="1" skipped="0" failures="0" errors="0" time="5.06">
    <testcase time="5.06" classname="character(0)" name="theme_gtsummary_roche_works"/>
  </testsuite>
  <testsuite name="theme_gtsummary_roche" timestamp="2026-03-24T14:56:25Z" hostname="2ad4cedb8add" tests="1" skipped="0" failures="0" errors="0" time="0.003">
    <testcase time="0.00300000000001432" classname="character(0)" name="theme_gtsummary_roche_adds_relevant_flextable_directives"/>
  </testsuite>
  <testsuite name="theme_gtsummary_roche" timestamp="2026-03-24T14:56:25Z" hostname="2ad4cedb8add" tests="1" skipped="0" failures="0" errors="0" time="0.004">
    <testcase time="0.00399999999999068" classname="character(0)" name="theme_gtsummary_roche_no_errors_with_a_gt_print"/>
  </testsuite>
  <testsuite name="theme_gtsummary_roche" timestamp="2026-03-24T14:56:25Z" hostname="2ad4cedb8add" tests="7" skipped="0" failures="0" errors="0" time="0.014">
    <testcase time="0.0029999999999859" classname="character(0)" name="theme_gtsummary_roche_styles_tbl_hierarchical_results"/>
    <testcase time="0.00100000000000477" classname="character(0)" name="theme_gtsummary_roche_styles_tbl_hierarchical_results"/>
    <testcase time="0.00100000000000477" classname="character(0)" name="theme_gtsummary_roche_styles_tbl_hierarchical_results"/>
    <testcase time="0.00100000000000477" classname="character(0)" name="theme_gtsummary_roche_styles_tbl_hierarchical_results"/>
    <testcase time="0.00600000000000023" classname="character(0)" name="theme_gtsummary_roche_styles_tbl_hierarchical_results"/>
    <testcase time="0.00100000000000477" classname="character(0)" name="theme_gtsummary_roche_styles_tbl_hierarchical_results"/>
    <testcase time="0.00100000000000477" classname="character(0)" name="theme_gtsummary_roche_styles_tbl_hierarchical_results"/>
  </testsuite>
  <testsuite name="theme_gtsummary_roche" timestamp="2026-03-24T14:56:25Z" hostname="2ad4cedb8add" tests="1" skipped="0" failures="0" errors="0" time="0.002">
    <testcase time="0.00199999999998113" classname="character(0)" name="with_assign_summary_type_arg_cat_threshold_0L_each_data_type_is_always_mapped_as_it_is"/>
  </testsuite>
  <testsuite name="theme_gtsummary_roche" timestamp="2026-03-24T14:56:25Z" hostname="2ad4cedb8add" tests="2" skipped="0" failures="0" errors="0" time="0.002">
    <testcase time="0.00200000000000955" classname="character(0)" name="theme_pre_conversion_modifies_header_not_to_be_bold_and_border_only_0.5"/>
    <testcase time="0" classname="character(0)" name="theme_pre_conversion_modifies_header_not_to_be_bold_and_border_only_0.5"/>
  </testsuite>
  <testsuite name="tbl_shift" timestamp="2026-03-24T14:56:25Z" hostname="2ad4cedb8add" tests="4" skipped="0" failures="0" errors="0" time="0.289">
    <testcase time="0.287000000000006" classname="character(0)" name="tbl_shift_strata_location_"/>
    <testcase time="0.00100000000000477" classname="character(0)" name="tbl_shift_strata_location_"/>
    <testcase time="0" classname="character(0)" name="tbl_shift_strata_location_"/>
    <testcase time="0.000999999999976353" classname="character(0)" name="tbl_shift_strata_location_"/>
  </testsuite>
  <testsuite name="tbl_shift" timestamp="2026-03-24T14:56:25Z" hostname="2ad4cedb8add" tests="1" skipped="0" failures="0" errors="0" time="0.002">
    <testcase time="0.00200000000000955" classname="character(0)" name="tbl_shift_by_messaging"/>
  </testsuite>
  <testsuite name="tbl_shift" timestamp="2026-03-24T14:56:25Z" hostname="2ad4cedb8add" tests="1" skipped="0" failures="0" errors="0" time="0.002">
    <testcase time="0.00200000000000955" classname="character(0)" name="tbl_shift_data_header_messaging"/>
  </testsuite>
  <testsuite name="tbl_shift" timestamp="2026-03-24T14:56:25Z" hostname="2ad4cedb8add" tests="4" skipped="0" failures="0" errors="0" time="0.003">
    <testcase time="0.00100000000000477" classname="character(0)" name="add_overall.tbl_shift_"/>
    <testcase time="0.000999999999976353" classname="character(0)" name="add_overall.tbl_shift_"/>
    <testcase time="0.00100000000000477" classname="character(0)" name="add_overall.tbl_shift_"/>
    <testcase time="0" classname="character(0)" name="add_overall.tbl_shift_"/>
  </testsuite>
  <testsuite name="tbl_shift" timestamp="2026-03-24T14:56:25Z" hostname="2ad4cedb8add" tests="2" skipped="0" failures="0" errors="0" time="0.003">
    <testcase time="0.00200000000000955" classname="character(0)" name="add_overall.tbl_shift_messaging"/>
    <testcase time="0.00100000000000477" classname="character(0)" name="add_overall.tbl_shift_messaging"/>
  </testsuite>
  <testsuite name="tbl_shift" timestamp="2026-03-24T14:56:25Z" hostname="2ad4cedb8add" tests="2" skipped="0" failures="0" errors="0" time="0.002">
    <testcase time="0.00100000000000477" classname="character(0)" name="add_overall.tbl_shift_strata_NULL_messaging"/>
    <testcase time="0.000999999999976353" classname="character(0)" name="add_overall.tbl_shift_strata_NULL_messaging"/>
  </testsuite>
</testsuites>
