<?xml version="1.0" encoding="UTF-8"?>
<!DOCTYPE coverage SYSTEM "https://raw.githubusercontent.com/cobertura/cobertura/master/cobertura/src/site/htdocs/xml/coverage-04.dtd">
<coverage line-rate="0.896103896103896" branch-rate="0" lines-covered="207" lines-valid="231" branches-covered="0" branches-valid="0" complexity="0" version="3.6.4" timestamp="2025-03-05 20:52:28.522694">
  <sources>
    <source>/__w/crane/crane/crane</source>
  </sources>
  <packages>
    <package name="crane" line-rate="0.896103896103896" branch-rate="0" complexity="0">
      <classes>
        <class name="add_blank_row.R" filename="R/add_blank_row.R" line-rate="1" branch-rate="0" complexity="0">
          <methods>
            <method name="add_blank_row" signature="" line-rate="1" branch-rate="0" complexity="0">
              <lines>
                <line number="26" hits="2" branch="false"/>
                <line number="28" hits="2" branch="false"/>
                <line number="29" hits="2" branch="false"/>
                <line number="30" hits="1" branch="false"/>
                <line number="31" hits="1" branch="false"/>
                <line number="32" hits="1" branch="false"/>
                <line number="33" hits="1" branch="false"/>
                <line number="35" hits="1" branch="false"/>
                <line number="39" hits="1" branch="false"/>
                <line number="40" hits="1" branch="false"/>
                <line number="41" hits="1" branch="false"/>
                <line number="42" hits="1" branch="false"/>
                <line number="43" hits="1" branch="false"/>
                <line number="44" hits="1" branch="false"/>
                <line number="45" hits="1" branch="false"/>
                <line number="48" hits="1" branch="false"/>
                <line number="49" hits="1" branch="false"/>
                <line number="50" hits="1" branch="false"/>
                <line number="51" hits="1" branch="false"/>
                <line number="52" hits="1" branch="false"/>
                <line number="53" hits="1" branch="false"/>
                <line number="54" hits="1" branch="false"/>
                <line number="55" hits="1" branch="false"/>
                <line number="56" hits="1" branch="false"/>
                <line number="60" hits="1" branch="false"/>
                <line number="61" hits="1" branch="false"/>
              </lines>
            </method>
          </methods>
          <lines>
            <line number="26" hits="2" branch="false"/>
            <line number="28" hits="2" branch="false"/>
            <line number="29" hits="2" branch="false"/>
            <line number="30" hits="1" branch="false"/>
            <line number="31" hits="1" branch="false"/>
            <line number="32" hits="1" branch="false"/>
            <line number="33" hits="1" branch="false"/>
            <line number="35" hits="1" branch="false"/>
            <line number="39" hits="1" branch="false"/>
            <line number="40" hits="1" branch="false"/>
            <line number="41" hits="1" branch="false"/>
            <line number="42" hits="1" branch="false"/>
            <line number="43" hits="1" branch="false"/>
            <line number="44" hits="1" branch="false"/>
            <line number="45" hits="1" branch="false"/>
            <line number="48" hits="1" branch="false"/>
            <line number="49" hits="1" branch="false"/>
            <line number="50" hits="1" branch="false"/>
            <line number="51" hits="1" branch="false"/>
            <line number="52" hits="1" branch="false"/>
            <line number="53" hits="1" branch="false"/>
            <line number="54" hits="1" branch="false"/>
            <line number="55" hits="1" branch="false"/>
            <line number="56" hits="1" branch="false"/>
            <line number="60" hits="1" branch="false"/>
            <line number="61" hits="1" branch="false"/>
          </lines>
        </class>
        <class name="attach.R" filename="R/attach.R" line-rate="0.9" branch-rate="0" complexity="0">
          <methods>
            <method name="core_unloaded" signature="" line-rate="1" branch-rate="0" complexity="0">
              <lines>
                <line number="4" hits="4" branch="false"/>
                <line number="5" hits="4" branch="false"/>
              </lines>
            </method>
            <method name="same_library" signature="" line-rate="1" branch-rate="0" complexity="0">
              <lines>
                <line number="11" hits="8" branch="false"/>
                <line number="12" hits="8" branch="false"/>
              </lines>
            </method>
            <method name="crane_attach" signature="" line-rate="1" branch-rate="0" complexity="0">
              <lines>
                <line number="16" hits="4" branch="false"/>
                <line number="17" hits="4" branch="false"/>
                <line number="19" hits="4" branch="false"/>
                <line number="20" hits="4" branch="false"/>
                <line number="21" hits="4" branch="false"/>
                <line number="23" hits="4" branch="false"/>
              </lines>
            </method>
            <method name="crane_attach_message" signature="" line-rate="0.875" branch-rate="0" complexity="0">
              <lines>
                <line number="27" hits="4" branch="false"/>
                <line number="28" hits="0" branch="false"/>
                <line number="31" hits="4" branch="false"/>
                <line number="32" hits="4" branch="false"/>
                <line number="33" hits="4" branch="false"/>
                <line number="35" hits="4" branch="false"/>
                <line number="36" hits="4" branch="false"/>
                <line number="38" hits="4" branch="false"/>
                <line number="39" hits="4" branch="false"/>
                <line number="40" hits="4" branch="false"/>
                <line number="41" hits="4" branch="false"/>
                <line number="43" hits="4" branch="false"/>
                <line number="44" hits="0" branch="false"/>
                <line number="46" hits="4" branch="false"/>
                <line number="47" hits="4" branch="false"/>
                <line number="49" hits="4" branch="false"/>
              </lines>
            </method>
            <method name="package_version_h" signature="" line-rate="1" branch-rate="0" complexity="0">
              <lines>
                <line number="53" hits="8" branch="false"/>
              </lines>
            </method>
            <method name="highlight_version" signature="" line-rate="1" branch-rate="0" complexity="0">
              <lines>
                <line number="57" hits="8" branch="false"/>
                <line number="59" hits="8" branch="false"/>
                <line number="60" hits="8" branch="false"/>
                <line number="61" hits="8" branch="false"/>
                <line number="62" hits="8" branch="false"/>
                <line number="64" hits="8" branch="false"/>
                <line number="65" hits="8" branch="false"/>
                <line number="66" hits="8" branch="false"/>
              </lines>
            </method>
            <method name="inform_startup" signature="" line-rate="0.6" branch-rate="0" complexity="0">
              <lines>
                <line number="72" hits="9" branch="false"/>
                <line number="73" hits="0" branch="false"/>
                <line number="75" hits="9" branch="false"/>
                <line number="76" hits="0" branch="false"/>
                <line number="79" hits="9" branch="false"/>
              </lines>
            </method>
            <method name="invert" signature="" line-rate="0.75" branch-rate="0" complexity="0">
              <lines>
                <line number="83" hits="4" branch="false"/>
                <line number="84" hits="0" branch="false"/>
                <line number="86" hits="4" branch="false"/>
                <line number="87" hits="4" branch="false"/>
              </lines>
            </method>
            <method name="crane_theme_message" signature="" line-rate="1" branch-rate="0" complexity="0">
              <lines>
                <line number="92" hits="4" branch="false"/>
                <line number="93" hits="4" branch="false"/>
                <line number="94" hits="4" branch="false"/>
                <line number="95" hits="4" branch="false"/>
                <line number="96" hits="4" branch="false"/>
                <line number="97" hits="4" branch="false"/>
              </lines>
            </method>
          </methods>
          <lines>
            <line number="4" hits="4" branch="false"/>
            <line number="5" hits="4" branch="false"/>
            <line number="11" hits="8" branch="false"/>
            <line number="12" hits="8" branch="false"/>
            <line number="16" hits="4" branch="false"/>
            <line number="17" hits="4" branch="false"/>
            <line number="19" hits="4" branch="false"/>
            <line number="20" hits="4" branch="false"/>
            <line number="21" hits="4" branch="false"/>
            <line number="23" hits="4" branch="false"/>
            <line number="27" hits="4" branch="false"/>
            <line number="28" hits="0" branch="false"/>
            <line number="31" hits="4" branch="false"/>
            <line number="32" hits="4" branch="false"/>
            <line number="33" hits="4" branch="false"/>
            <line number="35" hits="4" branch="false"/>
            <line number="36" hits="4" branch="false"/>
            <line number="38" hits="4" branch="false"/>
            <line number="39" hits="4" branch="false"/>
            <line number="40" hits="4" branch="false"/>
            <line number="41" hits="4" branch="false"/>
            <line number="43" hits="4" branch="false"/>
            <line number="44" hits="0" branch="false"/>
            <line number="46" hits="4" branch="false"/>
            <line number="47" hits="4" branch="false"/>
            <line number="49" hits="4" branch="false"/>
            <line number="53" hits="8" branch="false"/>
            <line number="57" hits="8" branch="false"/>
            <line number="59" hits="8" branch="false"/>
            <line number="60" hits="8" branch="false"/>
            <line number="61" hits="8" branch="false"/>
            <line number="62" hits="8" branch="false"/>
            <line number="64" hits="8" branch="false"/>
            <line number="65" hits="8" branch="false"/>
            <line number="66" hits="8" branch="false"/>
            <line number="72" hits="9" branch="false"/>
            <line number="73" hits="0" branch="false"/>
            <line number="75" hits="9" branch="false"/>
            <line number="76" hits="0" branch="false"/>
            <line number="79" hits="9" branch="false"/>
            <line number="83" hits="4" branch="false"/>
            <line number="84" hits="0" branch="false"/>
            <line number="86" hits="4" branch="false"/>
            <line number="87" hits="4" branch="false"/>
            <line number="92" hits="4" branch="false"/>
            <line number="93" hits="4" branch="false"/>
            <line number="94" hits="4" branch="false"/>
            <line number="95" hits="4" branch="false"/>
            <line number="96" hits="4" branch="false"/>
            <line number="97" hits="4" branch="false"/>
          </lines>
        </class>
        <class name="conflicts.R" filename="R/conflicts.R" line-rate="0.830985915492958" branch-rate="0" complexity="0">
          <methods>
            <method name="crane_conflicts" signature="" line-rate="0.846153846153846" branch-rate="0" complexity="0">
              <lines>
                <line number="2" hits="4" branch="false"/>
                <line number="3" hits="4" branch="false"/>
                <line number="5" hits="4" branch="false"/>
                <line number="6" hits="0" branch="false"/>
                <line number="7" hits="0" branch="false"/>
                <line number="10" hits="4" branch="false"/>
                <line number="12" hits="4" branch="false"/>
                <line number="14" hits="4" branch="false"/>
                <line number="15" hits="4" branch="false"/>
                <line number="17" hits="4" branch="false"/>
                <line number="18" hits="4" branch="false"/>
                <line number="20" hits="4" branch="false"/>
                <line number="21" hits="4" branch="false"/>
              </lines>
            </method>
            <method name="crane_conflict_message" signature="" line-rate="1" branch-rate="0" complexity="0">
              <lines>
                <line number="25" hits="1" branch="false"/>
                <line number="26" hits="1" branch="false"/>
                <line number="27" hits="1" branch="false"/>
                <line number="29" hits="1" branch="false"/>
                <line number="30" hits="1" branch="false"/>
                <line number="31" hits="1" branch="false"/>
                <line number="32" hits="1" branch="false"/>
                <line number="33" hits="1" branch="false"/>
                <line number="34" hits="1" branch="false"/>
                <line number="36" hits="1" branch="false"/>
                <line number="37" hits="1" branch="false"/>
                <line number="38" hits="1" branch="false"/>
                <line number="39" hits="1" branch="false"/>
                <line number="40" hits="1" branch="false"/>
                <line number="41" hits="1" branch="false"/>
                <line number="42" hits="1" branch="false"/>
                <line number="43" hits="1" branch="false"/>
                <line number="45" hits="1" branch="false"/>
                <line number="46" hits="1" branch="false"/>
                <line number="47" hits="1" branch="false"/>
                <line number="48" hits="1" branch="false"/>
                <line number="49" hits="1" branch="false"/>
                <line number="50" hits="1" branch="false"/>
                <line number="52" hits="1" branch="false"/>
                <line number="53" hits="1" branch="false"/>
                <line number="54" hits="1" branch="false"/>
                <line number="55" hits="1" branch="false"/>
                <line number="56" hits="1" branch="false"/>
              </lines>
            </method>
            <method name="print.crane_conflicts" signature="" line-rate="0" branch-rate="0" complexity="0">
              <lines>
                <line number="61" hits="0" branch="false"/>
                <line number="62" hits="0" branch="false"/>
                <line number="64" hits="0" branch="false"/>
                <line number="65" hits="0" branch="false"/>
              </lines>
            </method>
            <method name="crane_packages" signature="" line-rate="1" branch-rate="0" complexity="0">
              <lines>
                <line number="69" hits="4" branch="false"/>
                <line number="70" hits="4" branch="false"/>
                <line number="71" hits="4" branch="false"/>
                <line number="72" hits="4" branch="false"/>
                <line number="74" hits="4" branch="false"/>
                <line number="75" hits="4" branch="false"/>
                <line number="78" hits="4" branch="false"/>
              </lines>
            </method>
            <method name="confirm_conflict" signature="" line-rate="0.9" branch-rate="0" complexity="0">
              <lines>
                <line number="83" hits="17" branch="false"/>
                <line number="84" hits="17" branch="false"/>
                <line number="85" hits="17" branch="false"/>
                <line number="87" hits="17" branch="false"/>
                <line number="88" hits="0" branch="false"/>
                <line number="92" hits="17" branch="false"/>
                <line number="93" hits="17" branch="false"/>
                <line number="94" hits="17" branch="false"/>
                <line number="95" hits="16" branch="false"/>
                <line number="98" hits="1" branch="false"/>
              </lines>
            </method>
            <method name="ls_env" signature="" line-rate="0.444444444444444" branch-rate="0" complexity="0">
              <lines>
                <line number="102" hits="27" branch="false"/>
                <line number="105" hits="27" branch="false"/>
                <line number="106" hits="0" branch="false"/>
                <line number="109" hits="27" branch="false"/>
                <line number="110" hits="0" branch="false"/>
                <line number="111" hits="0" branch="false"/>
                <line number="112" hits="0" branch="false"/>
                <line number="113" hits="0" branch="false"/>
                <line number="116" hits="27" branch="false"/>
              </lines>
            </method>
          </methods>
          <lines>
            <line number="2" hits="4" branch="false"/>
            <line number="3" hits="4" branch="false"/>
            <line number="5" hits="4" branch="false"/>
            <line number="6" hits="0" branch="false"/>
            <line number="7" hits="0" branch="false"/>
            <line number="10" hits="4" branch="false"/>
            <line number="12" hits="4" branch="false"/>
            <line number="14" hits="4" branch="false"/>
            <line number="15" hits="4" branch="false"/>
            <line number="17" hits="4" branch="false"/>
            <line number="18" hits="4" branch="false"/>
            <line number="20" hits="4" branch="false"/>
            <line number="21" hits="4" branch="false"/>
            <line number="25" hits="1" branch="false"/>
            <line number="26" hits="1" branch="false"/>
            <line number="27" hits="1" branch="false"/>
            <line number="29" hits="1" branch="false"/>
            <line number="30" hits="1" branch="false"/>
            <line number="31" hits="1" branch="false"/>
            <line number="32" hits="1" branch="false"/>
            <line number="33" hits="1" branch="false"/>
            <line number="34" hits="1" branch="false"/>
            <line number="36" hits="1" branch="false"/>
            <line number="37" hits="1" branch="false"/>
            <line number="38" hits="1" branch="false"/>
            <line number="39" hits="1" branch="false"/>
            <line number="40" hits="1" branch="false"/>
            <line number="41" hits="1" branch="false"/>
            <line number="42" hits="1" branch="false"/>
            <line number="43" hits="1" branch="false"/>
            <line number="45" hits="1" branch="false"/>
            <line number="46" hits="1" branch="false"/>
            <line number="47" hits="1" branch="false"/>
            <line number="48" hits="1" branch="false"/>
            <line number="49" hits="1" branch="false"/>
            <line number="50" hits="1" branch="false"/>
            <line number="52" hits="1" branch="false"/>
            <line number="53" hits="1" branch="false"/>
            <line number="54" hits="1" branch="false"/>
            <line number="55" hits="1" branch="false"/>
            <line number="56" hits="1" branch="false"/>
            <line number="61" hits="0" branch="false"/>
            <line number="62" hits="0" branch="false"/>
            <line number="64" hits="0" branch="false"/>
            <line number="65" hits="0" branch="false"/>
            <line number="69" hits="4" branch="false"/>
            <line number="70" hits="4" branch="false"/>
            <line number="71" hits="4" branch="false"/>
            <line number="72" hits="4" branch="false"/>
            <line number="74" hits="4" branch="false"/>
            <line number="75" hits="4" branch="false"/>
            <line number="78" hits="4" branch="false"/>
            <line number="83" hits="17" branch="false"/>
            <line number="84" hits="17" branch="false"/>
            <line number="85" hits="17" branch="false"/>
            <line number="87" hits="17" branch="false"/>
            <line number="88" hits="0" branch="false"/>
            <line number="92" hits="17" branch="false"/>
            <line number="93" hits="17" branch="false"/>
            <line number="94" hits="17" branch="false"/>
            <line number="95" hits="16" branch="false"/>
            <line number="98" hits="1" branch="false"/>
            <line number="102" hits="27" branch="false"/>
            <line number="105" hits="27" branch="false"/>
            <line number="106" hits="0" branch="false"/>
            <line number="109" hits="27" branch="false"/>
            <line number="110" hits="0" branch="false"/>
            <line number="111" hits="0" branch="false"/>
            <line number="112" hits="0" branch="false"/>
            <line number="113" hits="0" branch="false"/>
            <line number="116" hits="27" branch="false"/>
          </lines>
        </class>
        <class name="label_roche.R" filename="R/label_roche.R" line-rate="0.125" branch-rate="0" complexity="0">
          <methods>
            <method name="roche_pvalue" signature="" line-rate="0" branch-rate="0" complexity="0">
              <lines>
                <line number="21" hits="0" branch="false"/>
                <line number="23" hits="0" branch="false"/>
                <line number="24" hits="0" branch="false"/>
                <line number="25" hits="0" branch="false"/>
                <line number="26" hits="0" branch="false"/>
                <line number="27" hits="0" branch="false"/>
                <line number="28" hits="0" branch="false"/>
              </lines>
            </method>
            <method name="label_roche_pvalue" signature="" line-rate="1" branch-rate="0" complexity="0">
              <lines>
                <line number="36" hits="5" branch="false"/>
              </lines>
            </method>
          </methods>
          <lines>
            <line number="21" hits="0" branch="false"/>
            <line number="23" hits="0" branch="false"/>
            <line number="24" hits="0" branch="false"/>
            <line number="25" hits="0" branch="false"/>
            <line number="26" hits="0" branch="false"/>
            <line number="27" hits="0" branch="false"/>
            <line number="28" hits="0" branch="false"/>
            <line number="36" hits="5" branch="false"/>
          </lines>
        </class>
        <class name="tbl_demographics.R" filename="R/tbl_demographics.R" line-rate="1" branch-rate="0" complexity="0">
          <methods>
            <method name="tbl_demographics" signature="" line-rate="1" branch-rate="0" complexity="0">
              <lines>
                <line number="47" hits="2" branch="false"/>
                <line number="48" hits="2" branch="false"/>
                <line number="49" hits="2" branch="false"/>
                <line number="52" hits="2" branch="false"/>
                <line number="53" hits="2" branch="false"/>
                <line number="54" hits="2" branch="false"/>
                <line number="55" hits="2" branch="false"/>
                <line number="56" hits="2" branch="false"/>
                <line number="57" hits="2" branch="false"/>
                <line number="58" hits="2" branch="false"/>
                <line number="59" hits="2" branch="false"/>
                <line number="60" hits="2" branch="false"/>
                <line number="61" hits="2" branch="false"/>
                <line number="62" hits="2" branch="false"/>
                <line number="63" hits="2" branch="false"/>
                <line number="64" hits="2" branch="false"/>
                <line number="65" hits="2" branch="false"/>
                <line number="66" hits="2" branch="false"/>
                <line number="67" hits="2" branch="false"/>
                <line number="68" hits="2" branch="false"/>
                <line number="69" hits="2" branch="false"/>
                <line number="70" hits="2" branch="false"/>
                <line number="71" hits="2" branch="false"/>
                <line number="72" hits="2" branch="false"/>
                <line number="73" hits="2" branch="false"/>
                <line number="74" hits="2" branch="false"/>
                <line number="75" hits="2" branch="false"/>
                <line number="76" hits="2" branch="false"/>
                <line number="77" hits="2" branch="false"/>
                <line number="78" hits="2" branch="false"/>
                <line number="80" hits="2" branch="false"/>
                <line number="82" hits="2" branch="false"/>
                <line number="83" hits="2" branch="false"/>
                <line number="84" hits="2" branch="false"/>
                <line number="85" hits="2" branch="false"/>
                <line number="86" hits="2" branch="false"/>
                <line number="87" hits="2" branch="false"/>
                <line number="88" hits="2" branch="false"/>
                <line number="89" hits="2" branch="false"/>
                <line number="90" hits="2" branch="false"/>
                <line number="92" hits="2" branch="false"/>
                <line number="95" hits="2" branch="false"/>
                <line number="96" hits="2" branch="false"/>
              </lines>
            </method>
          </methods>
          <lines>
            <line number="47" hits="2" branch="false"/>
            <line number="48" hits="2" branch="false"/>
            <line number="49" hits="2" branch="false"/>
            <line number="52" hits="2" branch="false"/>
            <line number="53" hits="2" branch="false"/>
            <line number="54" hits="2" branch="false"/>
            <line number="55" hits="2" branch="false"/>
            <line number="56" hits="2" branch="false"/>
            <line number="57" hits="2" branch="false"/>
            <line number="58" hits="2" branch="false"/>
            <line number="59" hits="2" branch="false"/>
            <line number="60" hits="2" branch="false"/>
            <line number="61" hits="2" branch="false"/>
            <line number="62" hits="2" branch="false"/>
            <line number="63" hits="2" branch="false"/>
            <line number="64" hits="2" branch="false"/>
            <line number="65" hits="2" branch="false"/>
            <line number="66" hits="2" branch="false"/>
            <line number="67" hits="2" branch="false"/>
            <line number="68" hits="2" branch="false"/>
            <line number="69" hits="2" branch="false"/>
            <line number="70" hits="2" branch="false"/>
            <line number="71" hits="2" branch="false"/>
            <line number="72" hits="2" branch="false"/>
            <line number="73" hits="2" branch="false"/>
            <line number="74" hits="2" branch="false"/>
            <line number="75" hits="2" branch="false"/>
            <line number="76" hits="2" branch="false"/>
            <line number="77" hits="2" branch="false"/>
            <line number="78" hits="2" branch="false"/>
            <line number="80" hits="2" branch="false"/>
            <line number="82" hits="2" branch="false"/>
            <line number="83" hits="2" branch="false"/>
            <line number="84" hits="2" branch="false"/>
            <line number="85" hits="2" branch="false"/>
            <line number="86" hits="2" branch="false"/>
            <line number="87" hits="2" branch="false"/>
            <line number="88" hits="2" branch="false"/>
            <line number="89" hits="2" branch="false"/>
            <line number="90" hits="2" branch="false"/>
            <line number="92" hits="2" branch="false"/>
            <line number="95" hits="2" branch="false"/>
            <line number="96" hits="2" branch="false"/>
          </lines>
        </class>
        <class name="theme_gtsummary_roche.R" filename="R/theme_gtsummary_roche.R" line-rate="1" branch-rate="0" complexity="0">
          <methods>
            <method name="theme_gtsummary_roche" signature="" line-rate="1" branch-rate="0" complexity="0">
              <lines>
                <line number="22" hits="5" branch="false"/>
                <line number="23" hits="5" branch="false"/>
                <line number="26" hits="5" branch="false"/>
                <line number="27" hits="5" branch="false"/>
                <line number="28" hits="5" branch="false"/>
                <line number="29" hits="5" branch="false"/>
                <line number="30" hits="5" branch="false"/>
                <line number="31" hits="5" branch="false"/>
                <line number="32" hits="5" branch="false"/>
                <line number="33" hits="5" branch="false"/>
                <line number="36" hits="5" branch="false"/>
                <line number="37" hits="5" branch="false"/>
                <line number="38" hits="5" branch="false"/>
                <line number="39" hits="5" branch="false"/>
                <line number="40" hits="5" branch="false"/>
                <line number="44" hits="5" branch="false"/>
                <line number="45" hits="5" branch="false"/>
                <line number="46" hits="5" branch="false"/>
                <line number="47" hits="5" branch="false"/>
                <line number="48" hits="5" branch="false"/>
                <line number="52" hits="4" branch="false"/>
                <line number="53" hits="5" branch="false"/>
              </lines>
            </method>
          </methods>
          <lines>
            <line number="22" hits="5" branch="false"/>
            <line number="23" hits="5" branch="false"/>
            <line number="26" hits="5" branch="false"/>
            <line number="27" hits="5" branch="false"/>
            <line number="28" hits="5" branch="false"/>
            <line number="29" hits="5" branch="false"/>
            <line number="30" hits="5" branch="false"/>
            <line number="31" hits="5" branch="false"/>
            <line number="32" hits="5" branch="false"/>
            <line number="33" hits="5" branch="false"/>
            <line number="36" hits="5" branch="false"/>
            <line number="37" hits="5" branch="false"/>
            <line number="38" hits="5" branch="false"/>
            <line number="39" hits="5" branch="false"/>
            <line number="40" hits="5" branch="false"/>
            <line number="44" hits="5" branch="false"/>
            <line number="45" hits="5" branch="false"/>
            <line number="46" hits="5" branch="false"/>
            <line number="47" hits="5" branch="false"/>
            <line number="48" hits="5" branch="false"/>
            <line number="52" hits="4" branch="false"/>
            <line number="53" hits="5" branch="false"/>
          </lines>
        </class>
        <class name="zzz.R" filename="R/zzz.R" line-rate="1" branch-rate="0" complexity="0">
          <methods>
            <method name=".onAttach" signature="" line-rate="1" branch-rate="0" complexity="0">
              <lines>
                <line number="2" hits="4" branch="false"/>
                <line number="3" hits="4" branch="false"/>
                <line number="4" hits="4" branch="false"/>
                <line number="7" hits="4" branch="false"/>
                <line number="8" hits="4" branch="false"/>
                <line number="9" hits="4" branch="false"/>
                <line number="10" hits="1" branch="false"/>
                <line number="14" hits="4" branch="false"/>
                <line number="15" hits="4" branch="false"/>
              </lines>
            </method>
            <method name="is_attached" signature="" line-rate="1" branch-rate="0" complexity="0">
              <lines>
                <line number="20" hits="4" branch="false"/>
              </lines>
            </method>
            <method name="is_loading_for_tests" signature="" line-rate="1" branch-rate="0" complexity="0">
              <lines>
                <line number="24" hits="12" branch="false"/>
              </lines>
            </method>
          </methods>
          <lines>
            <line number="2" hits="4" branch="false"/>
            <line number="3" hits="4" branch="false"/>
            <line number="4" hits="4" branch="false"/>
            <line number="7" hits="4" branch="false"/>
            <line number="8" hits="4" branch="false"/>
            <line number="9" hits="4" branch="false"/>
            <line number="10" hits="1" branch="false"/>
            <line number="14" hits="4" branch="false"/>
            <line number="15" hits="4" branch="false"/>
            <line number="20" hits="4" branch="false"/>
            <line number="24" hits="12" branch="false"/>
          </lines>
        </class>
      </classes>
    </package>
  </packages>
</coverage>
