<?xml version="1.0" encoding="UTF-8"?>
<testsuites>
  <testsuite name="add_hierarchical_count_row" timestamp="2025-07-01T15:58:20Z" hostname="bb13e7e026a8" tests="3" skipped="1" failures="0" errors="0" time="2.704">
    <testcase time="2.672" classname="character(0)" name="add_hierarchical_count_row_works"/>
    <testcase time="0.0249999999999999" classname="character(0)" name="add_hierarchical_count_row_works"/>
    <testcase time="0.00700000000000012" classname="character(0)" name="add_hierarchical_count_row_works">
      <skipped message="Reason: On CRAN ('test-add_hierarchical_count_row.R:21:3')"/>
    </testcase>
  </testsuite>
  <testsuite name="add_blank_row" timestamp="2025-07-01T15:58:22Z" hostname="bb13e7e026a8" tests="1" skipped="0" failures="0" errors="1" time="1.728">
    <testcase time="1.728" classname="character(0)" name="add_blank_row_works">
      <error type="error" message="Error in `add_blank_row(tbl_roche_summary(gtsummary::trial, by = trt, include = c(age,  ('test-add_blank_row.R:2:3')">Error in `add_blank_row(tbl_roche_summary(gtsummary::trial, by = trt, include = c(age, 
    grade)))`: non-interactive browser() -- left over from debugging?
Backtrace:
    ▆
 1. ├─testthat::expect_silent(...) at test-add_blank_row.R:2:3
 2. │ └─testthat:::quasi_capture(enquo(object), NULL, evaluate_promise)
 3. │   ├─testthat (local) .capture(...)
 4. │   │ ├─withr::with_output_sink(...)
 5. │   │ │ └─base::force(code)
 6. │   │ ├─base::withCallingHandlers(...)
 7. │   │ └─base::withVisible(code)
 8. │   └─rlang::eval_bare(quo_get_expr(.quo), quo_get_env(.quo))
 9. └─crane::add_blank_row(...)</error>
    </testcase>
  </testsuite>
  <testsuite name="add_blank_row" timestamp="2025-07-01T15:58:22Z" hostname="bb13e7e026a8" tests="1" skipped="0" failures="0" errors="1" time="0.037">
    <testcase time="0.0369999999999999" classname="character(0)" name="add_blank_row_age_works">
      <error type="error" message="Error in `add_blank_row(tbl_roche_summary(gtsummary::trial, by = trt, include = c(age,  ('test-add_blank_row.R:14:3')">Error in `add_blank_row(tbl_roche_summary(gtsummary::trial, by = trt, include = c(age, 
    grade)), age)`: non-interactive browser() -- left over from debugging?
Backtrace:
    ▆
 1. ├─testthat::expect_silent(...) at test-add_blank_row.R:14:3
 2. │ └─testthat:::quasi_capture(enquo(object), NULL, evaluate_promise)
 3. │   ├─testthat (local) .capture(...)
 4. │   │ ├─withr::with_output_sink(...)
 5. │   │ │ └─base::force(code)
 6. │   │ ├─base::withCallingHandlers(...)
 7. │   │ └─base::withVisible(code)
 8. │   └─rlang::eval_bare(quo_get_expr(.quo), quo_get_env(.quo))
 9. └─crane::add_blank_row(...)</error>
    </testcase>
  </testsuite>
  <testsuite name="add_blank_row" timestamp="2025-07-01T15:58:22Z" hostname="bb13e7e026a8" tests="1" skipped="0" failures="0" errors="1" time="0.029">
    <testcase time="0.0290000000000008" classname="character(0)" name="add_blank_row_grade_is_last_row_then_table_identical">
      <error type="error" message="Error in `add_blank_row(tbl_roche_summary(gtsummary::trial, by = trt, include = c(age,  ('test-add_blank_row.R:33:3')">Error in `add_blank_row(tbl_roche_summary(gtsummary::trial, by = trt, include = c(age, 
    grade)), grade)`: non-interactive browser() -- left over from debugging?
Backtrace:
    ▆
 1. └─crane::add_blank_row(...) at test-add_blank_row.R:33:3</error>
    </testcase>
  </testsuite>
  <testsuite name="add_blank_row" timestamp="2025-07-01T15:58:22Z" hostname="bb13e7e026a8" tests="1" skipped="0" failures="0" errors="1" time="0.017">
    <testcase time="0.0169999999999995" classname="character(0)" name="add_blank_row_grade_is_last_row_then_table_identical">
      <error type="error" message="Error in `add_blank_row(tbl_roche_summary(trial, by = trt, statistic = age ~  ('test-add_blank_row.R:52:3')">Error in `add_blank_row(tbl_roche_summary(trial, by = trt, statistic = age ~ 
    "{mean}", include = c(age, grade), nonmissing = "no"), age, 
    row_numbers = c(1, 1))`: non-interactive browser() -- left over from debugging?
Backtrace:
    ▆
 1. └─crane::add_blank_row(...) at test-add_blank_row.R:52:3</error>
    </testcase>
  </testsuite>
  <testsuite name="add_blank_row" timestamp="2025-07-01T15:58:22Z" hostname="bb13e7e026a8" tests="2" skipped="0" failures="0" errors="0" time="0.02">
    <testcase time="0.0190000000000001" classname="character(0)" name="add_blank_row_row_numbers_error"/>
    <testcase time="0.00100000000000033" classname="character(0)" name="add_blank_row_row_numbers_error"/>
  </testsuite>
  <testsuite name="add_blank_row" timestamp="2025-07-01T15:58:22Z" hostname="bb13e7e026a8" tests="1" skipped="1" failures="0" errors="0" time="0.001">
    <testcase time="0.000999999999999446" classname="character(0)" name="add_blank_row_errors_when_no_variable">
      <skipped message="Reason: On CRAN ('test-add_blank_row.R:81:3')"/>
    </testcase>
  </testsuite>
  <testsuite name="roche_pvalue" timestamp="2025-07-01T15:58:22Z" hostname="bb13e7e026a8" tests="1" skipped="0" failures="0" errors="0" time="0.071">
    <testcase time="0.0710000000000006" classname="character(0)" name="roche_pvalue_works"/>
  </testsuite>
  <testsuite name="roche_pvalue" timestamp="2025-07-01T15:58:22Z" hostname="bb13e7e026a8" tests="3" skipped="0" failures="0" errors="0" time="0.003">
    <testcase time="0.00199999999999978" classname="character(0)" name="roche_percent_works"/>
    <testcase time="0.000999999999999446" classname="character(0)" name="roche_percent_works"/>
    <testcase time="0" classname="character(0)" name="roche_percent_works"/>
    <testcase time="0.0360000000000005" classname="character(0)" name="_unnamed_">
      <skipped message="Reason: On CRAN ('test-tbl_hierarchical_rate_and_count.R:1:1')"/>
    </testcase>
  </testsuite>
  <testsuite name="modify_header_rm_md" timestamp="2025-07-01T15:58:23Z" hostname="bb13e7e026a8" tests="3" skipped="1" failures="0" errors="0" time="1.075">
    <testcase time="1.038" classname="character(0)" name="strip_md_bold_works_with_gtsummary_table"/>
    <testcase time="0.000999999999999446" classname="character(0)" name="strip_md_bold_works_with_gtsummary_table"/>
  </testsuite>
  <testsuite name="tbl_roche_summary" timestamp="2025-07-01T15:58:28Z" hostname="bb13e7e026a8" tests="1" skipped="0" failures="0" errors="0" time="4.99">
    <testcase time="4.99" classname="character(0)" name="tbl_roche_summary_works"/>
  </testsuite>
  <testsuite name="tbl_roche_summary" timestamp="2025-07-01T15:58:28Z" hostname="bb13e7e026a8" tests="2" skipped="1" failures="0" errors="0" time="0.002">
    <testcase time="0.00200000000000067" classname="character(0)" name="tbl_roche_summary_add_overall_works"/>
    <testcase time="0" classname="character(0)" name="tbl_roche_summary_add_overall_works">
      <skipped message="Reason: On CRAN ('test-tbl_roche_summary.R:41:3')"/>
    </testcase>
  </testsuite>
  <testsuite name="tbl_roche_summary" timestamp="2025-07-01T15:58:28Z" hostname="bb13e7e026a8" tests="1" skipped="0" failures="0" errors="0" time="0.012">
    <testcase time="0.0119999999999987" classname="character(0)" name="tbl_roche_summary_recode_counts_for_all_NA_column"/>
  </testsuite>
  <testsuite name="tbl_survfit_quantiles" timestamp="2025-07-01T15:58:28Z" hostname="bb13e7e026a8" tests="2" skipped="1" failures="0" errors="0" time="0.413">
    <testcase time="0.413" classname="character(0)" name="tbl_survfit_quantiles_works"/>
    <testcase time="0" classname="character(0)" name="tbl_survfit_quantiles_works">
      <skipped message="Reason: On CRAN ('test-tbl_survfit_quantiles.R:13:3')"/>
    </testcase>
  </testsuite>
  <testsuite name="tbl_survfit_quantiles" timestamp="2025-07-01T15:58:28Z" hostname="bb13e7e026a8" tests="1" skipped="1" failures="0" errors="0" time="0.013">
    <testcase time="0.0129999999999999" classname="character(0)" name="tbl_survfit_quantiles_by_messaging">
      <skipped message="Reason: On CRAN ('test-tbl_survfit_quantiles.R:55:3')"/>
    </testcase>
  </testsuite>
  <testsuite name="tbl_survfit_quantiles" timestamp="2025-07-01T15:58:29Z" hostname="bb13e7e026a8" tests="1" skipped="1" failures="0" errors="0" time="0.016">
    <testcase time="0.016" classname="character(0)" name="tbl_survfit_quantiles_estimate_fun_">
      <skipped message="Reason: On CRAN ('test-tbl_survfit_quantiles.R:75:3')"/>
    </testcase>
  </testsuite>
  <testsuite name="tbl_survfit_quantiles" timestamp="2025-07-01T15:58:29Z" hostname="bb13e7e026a8" tests="1" skipped="0" failures="0" errors="0" time="0.012">
    <testcase time="0.0120000000000005" classname="character(0)" name="tbl_survfit_quantiles_method.args_"/>
  </testsuite>
  <testsuite name="tbl_survfit_quantiles" timestamp="2025-07-01T15:58:29Z" hostname="bb13e7e026a8" tests="1" skipped="1" failures="0" errors="0" time="0.002">
    <testcase time="0.00200000000000067" classname="character(0)" name="add_overall.tbl_survfit_quantiles_works">
      <skipped message="Reason: On CRAN ('test-tbl_survfit_quantiles.R:111:3')"/>
    </testcase>
  </testsuite>
  <testsuite name="tbl_survfit_times" timestamp="2025-07-01T15:58:31Z" hostname="bb13e7e026a8" tests="2" skipped="1" failures="0" errors="0" time="2.34">
    <testcase time="2.339" classname="character(0)" name="tbl_survfit_times_works"/>
    <testcase time="0.000999999999999446" classname="character(0)" name="tbl_survfit_times_works">
      <skipped message="Reason: On CRAN ('test-tbl_survfit_times.R:14:3')"/>
    </testcase>
  </testsuite>
  <testsuite name="tbl_survfit_times" timestamp="2025-07-01T15:58:31Z" hostname="bb13e7e026a8" tests="1" skipped="1" failures="0" errors="0" time="0.018">
    <testcase time="0.0179999999999989" classname="character(0)" name="tbl_survfit_times_by_messaging">
      <skipped message="Reason: On CRAN ('test-tbl_survfit_times.R:59:3')"/>
    </testcase>
  </testsuite>
  <testsuite name="tbl_survfit_times" timestamp="2025-07-01T15:58:31Z" hostname="bb13e7e026a8" tests="1" skipped="1" failures="0" errors="0" time="0.011">
    <testcase time="0.011000000000001" classname="character(0)" name="add_overall.tbl_survfit_times_works">
      <skipped message="Reason: On CRAN ('test-tbl_survfit_times.R:81:3')"/>
    </testcase>
  </testsuite>
  <testsuite name="theme_gtsummary_roche" timestamp="2025-07-01T15:58:32Z" hostname="bb13e7e026a8" tests="1" skipped="1" failures="0" errors="0" time="1.263">
    <testcase time="1.263" classname="character(0)" name="theme_gtsummary_roche_works">
      <skipped message="Reason: On CRAN ('test-theme_gtsummary_roche.R:3:3')"/>
    </testcase>
  </testsuite>
  <testsuite name="theme_gtsummary_roche" timestamp="2025-07-01T15:58:32Z" hostname="bb13e7e026a8" tests="1" skipped="1" failures="0" errors="0" time="0.014">
    <testcase time="0.0139999999999993" classname="character(0)" name="theme_gtsummary_roche_adds_relevant_flextable_directives">
      <skipped message="Reason: On CRAN ('test-theme_gtsummary_roche.R:17:3')"/>
    </testcase>
  </testsuite>
  <testsuite name="theme_gtsummary_roche" timestamp="2025-07-01T15:58:32Z" hostname="bb13e7e026a8" tests="1" skipped="0" failures="0" errors="0" time="0.011">
    <testcase time="0.011000000000001" classname="character(0)" name="theme_gtsummary_roche_no_errors_with_a_gt_print"/>
  </testsuite>
  <testsuite name="theme_gtsummary_roche" timestamp="2025-07-01T15:58:32Z" hostname="bb13e7e026a8" tests="7" skipped="0" failures="0" errors="0" time="0.005">
    <testcase time="0.00199999999999889" classname="character(0)" name="theme_gtsummary_roche_styles_tbl_hierarchical_results"/>
    <testcase time="0.00100000000000122" classname="character(0)" name="theme_gtsummary_roche_styles_tbl_hierarchical_results"/>
    <testcase time="0" classname="character(0)" name="theme_gtsummary_roche_styles_tbl_hierarchical_results"/>
    <testcase time="0.000999999999999446" classname="character(0)" name="theme_gtsummary_roche_styles_tbl_hierarchical_results"/>
    <testcase time="0" classname="character(0)" name="theme_gtsummary_roche_styles_tbl_hierarchical_results"/>
    <testcase time="0.000999999999999446" classname="character(0)" name="theme_gtsummary_roche_styles_tbl_hierarchical_results"/>
    <testcase time="0" classname="character(0)" name="theme_gtsummary_roche_styles_tbl_hierarchical_results"/>
  </testsuite>
</testsuites>
