<?xml version="1.0" encoding="UTF-8"?>
<!DOCTYPE coverage SYSTEM "https://raw.githubusercontent.com/cobertura/cobertura/master/cobertura/src/site/htdocs/xml/coverage-04.dtd">
<coverage line-rate="0.930946291560102" branch-rate="0" lines-covered="364" lines-valid="391" branches-covered="0" branches-valid="0" complexity="0" version="3.6.4" timestamp="2025-04-02 07:38:47.360285">
  <sources>
    <source>/__w/crane/crane/crane</source>
  </sources>
  <packages>
    <package name="crane" line-rate="0.930946291560102" branch-rate="0" complexity="0">
      <classes>
        <class name="add_blank_row.R" filename="R/add_blank_row.R" line-rate="1" branch-rate="0" complexity="0">
          <methods>
            <method name="add_blank_row" signature="" line-rate="1" branch-rate="0" complexity="0">
              <lines>
                <line number="26" hits="2" branch="false"/>
                <line number="28" hits="2" branch="false"/>
                <line number="29" hits="2" branch="false"/>
                <line number="30" hits="1" branch="false"/>
                <line number="31" hits="1" branch="false"/>
                <line number="32" hits="1" branch="false"/>
                <line number="33" hits="1" branch="false"/>
                <line number="35" hits="1" branch="false"/>
                <line number="39" hits="1" branch="false"/>
                <line number="40" hits="1" branch="false"/>
                <line number="41" hits="1" branch="false"/>
                <line number="42" hits="1" branch="false"/>
                <line number="43" hits="1" branch="false"/>
                <line number="44" hits="1" branch="false"/>
                <line number="45" hits="1" branch="false"/>
                <line number="48" hits="1" branch="false"/>
                <line number="49" hits="1" branch="false"/>
                <line number="50" hits="1" branch="false"/>
                <line number="51" hits="1" branch="false"/>
                <line number="52" hits="1" branch="false"/>
                <line number="53" hits="1" branch="false"/>
                <line number="54" hits="1" branch="false"/>
                <line number="55" hits="1" branch="false"/>
                <line number="56" hits="1" branch="false"/>
                <line number="60" hits="1" branch="false"/>
                <line number="61" hits="1" branch="false"/>
              </lines>
            </method>
          </methods>
          <lines>
            <line number="26" hits="2" branch="false"/>
            <line number="28" hits="2" branch="false"/>
            <line number="29" hits="2" branch="false"/>
            <line number="30" hits="1" branch="false"/>
            <line number="31" hits="1" branch="false"/>
            <line number="32" hits="1" branch="false"/>
            <line number="33" hits="1" branch="false"/>
            <line number="35" hits="1" branch="false"/>
            <line number="39" hits="1" branch="false"/>
            <line number="40" hits="1" branch="false"/>
            <line number="41" hits="1" branch="false"/>
            <line number="42" hits="1" branch="false"/>
            <line number="43" hits="1" branch="false"/>
            <line number="44" hits="1" branch="false"/>
            <line number="45" hits="1" branch="false"/>
            <line number="48" hits="1" branch="false"/>
            <line number="49" hits="1" branch="false"/>
            <line number="50" hits="1" branch="false"/>
            <line number="51" hits="1" branch="false"/>
            <line number="52" hits="1" branch="false"/>
            <line number="53" hits="1" branch="false"/>
            <line number="54" hits="1" branch="false"/>
            <line number="55" hits="1" branch="false"/>
            <line number="56" hits="1" branch="false"/>
            <line number="60" hits="1" branch="false"/>
            <line number="61" hits="1" branch="false"/>
          </lines>
        </class>
        <class name="attach.R" filename="R/attach.R" line-rate="0.897959183673469" branch-rate="0" complexity="0">
          <methods>
            <method name="core_unloaded" signature="" line-rate="1" branch-rate="0" complexity="0">
              <lines>
                <line number="4" hits="4" branch="false"/>
                <line number="5" hits="4" branch="false"/>
              </lines>
            </method>
            <method name="same_library" signature="" line-rate="1" branch-rate="0" complexity="0">
              <lines>
                <line number="11" hits="16" branch="false"/>
                <line number="12" hits="16" branch="false"/>
              </lines>
            </method>
            <method name="crane_attach" signature="" line-rate="1" branch-rate="0" complexity="0">
              <lines>
                <line number="16" hits="4" branch="false"/>
                <line number="17" hits="4" branch="false"/>
                <line number="19" hits="4" branch="false"/>
                <line number="20" hits="4" branch="false"/>
                <line number="21" hits="4" branch="false"/>
                <line number="23" hits="4" branch="false"/>
              </lines>
            </method>
            <method name="crane_attach_message" signature="" line-rate="0.866666666666667" branch-rate="0" complexity="0">
              <lines>
                <line number="27" hits="4" branch="false"/>
                <line number="28" hits="0" branch="false"/>
                <line number="31" hits="4" branch="false"/>
                <line number="32" hits="4" branch="false"/>
                <line number="33" hits="4" branch="false"/>
                <line number="35" hits="4" branch="false"/>
                <line number="37" hits="4" branch="false"/>
                <line number="38" hits="4" branch="false"/>
                <line number="39" hits="4" branch="false"/>
                <line number="40" hits="4" branch="false"/>
                <line number="42" hits="4" branch="false"/>
                <line number="43" hits="0" branch="false"/>
                <line number="45" hits="4" branch="false"/>
                <line number="46" hits="4" branch="false"/>
                <line number="48" hits="4" branch="false"/>
              </lines>
            </method>
            <method name="package_version_h" signature="" line-rate="1" branch-rate="0" complexity="0">
              <lines>
                <line number="52" hits="16" branch="false"/>
              </lines>
            </method>
            <method name="highlight_version" signature="" line-rate="1" branch-rate="0" complexity="0">
              <lines>
                <line number="56" hits="16" branch="false"/>
                <line number="58" hits="16" branch="false"/>
                <line number="59" hits="16" branch="false"/>
                <line number="60" hits="16" branch="false"/>
                <line number="61" hits="16" branch="false"/>
                <line number="63" hits="16" branch="false"/>
                <line number="64" hits="16" branch="false"/>
                <line number="65" hits="16" branch="false"/>
              </lines>
            </method>
            <method name="inform_startup" signature="" line-rate="0.6" branch-rate="0" complexity="0">
              <lines>
                <line number="71" hits="9" branch="false"/>
                <line number="72" hits="0" branch="false"/>
                <line number="74" hits="9" branch="false"/>
                <line number="75" hits="0" branch="false"/>
                <line number="78" hits="9" branch="false"/>
              </lines>
            </method>
            <method name="invert" signature="" line-rate="0.75" branch-rate="0" complexity="0">
              <lines>
                <line number="82" hits="4" branch="false"/>
                <line number="83" hits="0" branch="false"/>
                <line number="85" hits="4" branch="false"/>
                <line number="86" hits="4" branch="false"/>
              </lines>
            </method>
            <method name="crane_theme_message" signature="" line-rate="1" branch-rate="0" complexity="0">
              <lines>
                <line number="91" hits="4" branch="false"/>
                <line number="92" hits="4" branch="false"/>
                <line number="93" hits="4" branch="false"/>
                <line number="94" hits="4" branch="false"/>
                <line number="95" hits="4" branch="false"/>
                <line number="96" hits="4" branch="false"/>
              </lines>
            </method>
          </methods>
          <lines>
            <line number="4" hits="4" branch="false"/>
            <line number="5" hits="4" branch="false"/>
            <line number="11" hits="16" branch="false"/>
            <line number="12" hits="16" branch="false"/>
            <line number="16" hits="4" branch="false"/>
            <line number="17" hits="4" branch="false"/>
            <line number="19" hits="4" branch="false"/>
            <line number="20" hits="4" branch="false"/>
            <line number="21" hits="4" branch="false"/>
            <line number="23" hits="4" branch="false"/>
            <line number="27" hits="4" branch="false"/>
            <line number="28" hits="0" branch="false"/>
            <line number="31" hits="4" branch="false"/>
            <line number="32" hits="4" branch="false"/>
            <line number="33" hits="4" branch="false"/>
            <line number="35" hits="4" branch="false"/>
            <line number="37" hits="4" branch="false"/>
            <line number="38" hits="4" branch="false"/>
            <line number="39" hits="4" branch="false"/>
            <line number="40" hits="4" branch="false"/>
            <line number="42" hits="4" branch="false"/>
            <line number="43" hits="0" branch="false"/>
            <line number="45" hits="4" branch="false"/>
            <line number="46" hits="4" branch="false"/>
            <line number="48" hits="4" branch="false"/>
            <line number="52" hits="16" branch="false"/>
            <line number="56" hits="16" branch="false"/>
            <line number="58" hits="16" branch="false"/>
            <line number="59" hits="16" branch="false"/>
            <line number="60" hits="16" branch="false"/>
            <line number="61" hits="16" branch="false"/>
            <line number="63" hits="16" branch="false"/>
            <line number="64" hits="16" branch="false"/>
            <line number="65" hits="16" branch="false"/>
            <line number="71" hits="9" branch="false"/>
            <line number="72" hits="0" branch="false"/>
            <line number="74" hits="9" branch="false"/>
            <line number="75" hits="0" branch="false"/>
            <line number="78" hits="9" branch="false"/>
            <line number="82" hits="4" branch="false"/>
            <line number="83" hits="0" branch="false"/>
            <line number="85" hits="4" branch="false"/>
            <line number="86" hits="4" branch="false"/>
            <line number="91" hits="4" branch="false"/>
            <line number="92" hits="4" branch="false"/>
            <line number="93" hits="4" branch="false"/>
            <line number="94" hits="4" branch="false"/>
            <line number="95" hits="4" branch="false"/>
            <line number="96" hits="4" branch="false"/>
          </lines>
        </class>
        <class name="conflicts.R" filename="R/conflicts.R" line-rate="0.830985915492958" branch-rate="0" complexity="0">
          <methods>
            <method name="crane_conflicts" signature="" line-rate="0.846153846153846" branch-rate="0" complexity="0">
              <lines>
                <line number="2" hits="4" branch="false"/>
                <line number="3" hits="4" branch="false"/>
                <line number="5" hits="4" branch="false"/>
                <line number="6" hits="0" branch="false"/>
                <line number="7" hits="0" branch="false"/>
                <line number="10" hits="4" branch="false"/>
                <line number="12" hits="4" branch="false"/>
                <line number="14" hits="4" branch="false"/>
                <line number="15" hits="4" branch="false"/>
                <line number="17" hits="4" branch="false"/>
                <line number="18" hits="4" branch="false"/>
                <line number="20" hits="4" branch="false"/>
                <line number="21" hits="4" branch="false"/>
              </lines>
            </method>
            <method name="crane_conflict_message" signature="" line-rate="1" branch-rate="0" complexity="0">
              <lines>
                <line number="25" hits="1" branch="false"/>
                <line number="26" hits="1" branch="false"/>
                <line number="27" hits="1" branch="false"/>
                <line number="29" hits="1" branch="false"/>
                <line number="30" hits="1" branch="false"/>
                <line number="31" hits="1" branch="false"/>
                <line number="32" hits="1" branch="false"/>
                <line number="33" hits="1" branch="false"/>
                <line number="34" hits="1" branch="false"/>
                <line number="36" hits="1" branch="false"/>
                <line number="37" hits="1" branch="false"/>
                <line number="38" hits="1" branch="false"/>
                <line number="39" hits="1" branch="false"/>
                <line number="40" hits="1" branch="false"/>
                <line number="41" hits="1" branch="false"/>
                <line number="42" hits="1" branch="false"/>
                <line number="43" hits="1" branch="false"/>
                <line number="45" hits="1" branch="false"/>
                <line number="46" hits="1" branch="false"/>
                <line number="47" hits="1" branch="false"/>
                <line number="48" hits="1" branch="false"/>
                <line number="49" hits="1" branch="false"/>
                <line number="50" hits="1" branch="false"/>
                <line number="52" hits="1" branch="false"/>
                <line number="53" hits="1" branch="false"/>
                <line number="54" hits="1" branch="false"/>
                <line number="55" hits="1" branch="false"/>
                <line number="56" hits="1" branch="false"/>
              </lines>
            </method>
            <method name="print.crane_conflicts" signature="" line-rate="0" branch-rate="0" complexity="0">
              <lines>
                <line number="61" hits="0" branch="false"/>
                <line number="62" hits="0" branch="false"/>
                <line number="64" hits="0" branch="false"/>
                <line number="65" hits="0" branch="false"/>
              </lines>
            </method>
            <method name="crane_packages" signature="" line-rate="1" branch-rate="0" complexity="0">
              <lines>
                <line number="69" hits="4" branch="false"/>
                <line number="70" hits="4" branch="false"/>
                <line number="71" hits="4" branch="false"/>
                <line number="72" hits="4" branch="false"/>
                <line number="74" hits="4" branch="false"/>
                <line number="75" hits="4" branch="false"/>
                <line number="78" hits="4" branch="false"/>
              </lines>
            </method>
            <method name="confirm_conflict" signature="" line-rate="0.9" branch-rate="0" complexity="0">
              <lines>
                <line number="83" hits="96" branch="false"/>
                <line number="84" hits="96" branch="false"/>
                <line number="85" hits="96" branch="false"/>
                <line number="87" hits="96" branch="false"/>
                <line number="88" hits="0" branch="false"/>
                <line number="92" hits="96" branch="false"/>
                <line number="93" hits="96" branch="false"/>
                <line number="94" hits="96" branch="false"/>
                <line number="95" hits="95" branch="false"/>
                <line number="98" hits="1" branch="false"/>
              </lines>
            </method>
            <method name="ls_env" signature="" line-rate="0.444444444444444" branch-rate="0" complexity="0">
              <lines>
                <line number="102" hits="35" branch="false"/>
                <line number="105" hits="35" branch="false"/>
                <line number="106" hits="0" branch="false"/>
                <line number="109" hits="35" branch="false"/>
                <line number="110" hits="0" branch="false"/>
                <line number="111" hits="0" branch="false"/>
                <line number="112" hits="0" branch="false"/>
                <line number="113" hits="0" branch="false"/>
                <line number="116" hits="35" branch="false"/>
              </lines>
            </method>
          </methods>
          <lines>
            <line number="2" hits="4" branch="false"/>
            <line number="3" hits="4" branch="false"/>
            <line number="5" hits="4" branch="false"/>
            <line number="6" hits="0" branch="false"/>
            <line number="7" hits="0" branch="false"/>
            <line number="10" hits="4" branch="false"/>
            <line number="12" hits="4" branch="false"/>
            <line number="14" hits="4" branch="false"/>
            <line number="15" hits="4" branch="false"/>
            <line number="17" hits="4" branch="false"/>
            <line number="18" hits="4" branch="false"/>
            <line number="20" hits="4" branch="false"/>
            <line number="21" hits="4" branch="false"/>
            <line number="25" hits="1" branch="false"/>
            <line number="26" hits="1" branch="false"/>
            <line number="27" hits="1" branch="false"/>
            <line number="29" hits="1" branch="false"/>
            <line number="30" hits="1" branch="false"/>
            <line number="31" hits="1" branch="false"/>
            <line number="32" hits="1" branch="false"/>
            <line number="33" hits="1" branch="false"/>
            <line number="34" hits="1" branch="false"/>
            <line number="36" hits="1" branch="false"/>
            <line number="37" hits="1" branch="false"/>
            <line number="38" hits="1" branch="false"/>
            <line number="39" hits="1" branch="false"/>
            <line number="40" hits="1" branch="false"/>
            <line number="41" hits="1" branch="false"/>
            <line number="42" hits="1" branch="false"/>
            <line number="43" hits="1" branch="false"/>
            <line number="45" hits="1" branch="false"/>
            <line number="46" hits="1" branch="false"/>
            <line number="47" hits="1" branch="false"/>
            <line number="48" hits="1" branch="false"/>
            <line number="49" hits="1" branch="false"/>
            <line number="50" hits="1" branch="false"/>
            <line number="52" hits="1" branch="false"/>
            <line number="53" hits="1" branch="false"/>
            <line number="54" hits="1" branch="false"/>
            <line number="55" hits="1" branch="false"/>
            <line number="56" hits="1" branch="false"/>
            <line number="61" hits="0" branch="false"/>
            <line number="62" hits="0" branch="false"/>
            <line number="64" hits="0" branch="false"/>
            <line number="65" hits="0" branch="false"/>
            <line number="69" hits="4" branch="false"/>
            <line number="70" hits="4" branch="false"/>
            <line number="71" hits="4" branch="false"/>
            <line number="72" hits="4" branch="false"/>
            <line number="74" hits="4" branch="false"/>
            <line number="75" hits="4" branch="false"/>
            <line number="78" hits="4" branch="false"/>
            <line number="83" hits="96" branch="false"/>
            <line number="84" hits="96" branch="false"/>
            <line number="85" hits="96" branch="false"/>
            <line number="87" hits="96" branch="false"/>
            <line number="88" hits="0" branch="false"/>
            <line number="92" hits="96" branch="false"/>
            <line number="93" hits="96" branch="false"/>
            <line number="94" hits="96" branch="false"/>
            <line number="95" hits="95" branch="false"/>
            <line number="98" hits="1" branch="false"/>
            <line number="102" hits="35" branch="false"/>
            <line number="105" hits="35" branch="false"/>
            <line number="106" hits="0" branch="false"/>
            <line number="109" hits="35" branch="false"/>
            <line number="110" hits="0" branch="false"/>
            <line number="111" hits="0" branch="false"/>
            <line number="112" hits="0" branch="false"/>
            <line number="113" hits="0" branch="false"/>
            <line number="116" hits="35" branch="false"/>
          </lines>
        </class>
        <class name="crane-package.R" filename="R/crane-package.R" line-rate="0" branch-rate="0" complexity="0">
          <methods>
            <method name=".silence" signature="" line-rate="0" branch-rate="0" complexity="0">
              <lines>
                <line number="15" hits="0" branch="false"/>
                <line number="16" hits="0" branch="false"/>
              </lines>
            </method>
          </methods>
          <lines>
            <line number="15" hits="0" branch="false"/>
            <line number="16" hits="0" branch="false"/>
          </lines>
        </class>
        <class name="label_roche.R" filename="R/label_roche.R" line-rate="0.125" branch-rate="0" complexity="0">
          <methods>
            <method name="roche_pvalue" signature="" line-rate="0" branch-rate="0" complexity="0">
              <lines>
                <line number="21" hits="0" branch="false"/>
                <line number="23" hits="0" branch="false"/>
                <line number="24" hits="0" branch="false"/>
                <line number="25" hits="0" branch="false"/>
                <line number="26" hits="0" branch="false"/>
                <line number="27" hits="0" branch="false"/>
                <line number="28" hits="0" branch="false"/>
              </lines>
            </method>
            <method name="label_roche_pvalue" signature="" line-rate="1" branch-rate="0" complexity="0">
              <lines>
                <line number="36" hits="5" branch="false"/>
              </lines>
            </method>
          </methods>
          <lines>
            <line number="21" hits="0" branch="false"/>
            <line number="23" hits="0" branch="false"/>
            <line number="24" hits="0" branch="false"/>
            <line number="25" hits="0" branch="false"/>
            <line number="26" hits="0" branch="false"/>
            <line number="27" hits="0" branch="false"/>
            <line number="28" hits="0" branch="false"/>
            <line number="36" hits="5" branch="false"/>
          </lines>
        </class>
        <class name="tbl_demographics.R" filename="R/tbl_demographics.R" line-rate="1" branch-rate="0" complexity="0">
          <methods>
            <method name="tbl_demographics" signature="" line-rate="1" branch-rate="0" complexity="0">
              <lines>
                <line number="48" hits="6" branch="false"/>
                <line number="49" hits="6" branch="false"/>
                <line number="50" hits="6" branch="false"/>
                <line number="53" hits="6" branch="false"/>
                <line number="54" hits="6" branch="false"/>
                <line number="55" hits="6" branch="false"/>
                <line number="56" hits="6" branch="false"/>
                <line number="57" hits="6" branch="false"/>
                <line number="58" hits="6" branch="false"/>
                <line number="59" hits="6" branch="false"/>
                <line number="60" hits="6" branch="false"/>
                <line number="61" hits="6" branch="false"/>
                <line number="62" hits="6" branch="false"/>
                <line number="63" hits="6" branch="false"/>
                <line number="64" hits="6" branch="false"/>
                <line number="65" hits="6" branch="false"/>
                <line number="66" hits="6" branch="false"/>
                <line number="67" hits="6" branch="false"/>
                <line number="68" hits="6" branch="false"/>
                <line number="69" hits="6" branch="false"/>
                <line number="70" hits="6" branch="false"/>
                <line number="71" hits="6" branch="false"/>
                <line number="72" hits="6" branch="false"/>
                <line number="73" hits="6" branch="false"/>
                <line number="74" hits="6" branch="false"/>
                <line number="75" hits="6" branch="false"/>
                <line number="76" hits="6" branch="false"/>
                <line number="77" hits="6" branch="false"/>
                <line number="78" hits="6" branch="false"/>
                <line number="79" hits="6" branch="false"/>
                <line number="81" hits="6" branch="false"/>
                <line number="83" hits="6" branch="false"/>
                <line number="85" hits="6" branch="false"/>
                <line number="86" hits="6" branch="false"/>
                <line number="87" hits="6" branch="false"/>
                <line number="88" hits="6" branch="false"/>
                <line number="89" hits="6" branch="false"/>
                <line number="90" hits="6" branch="false"/>
                <line number="91" hits="6" branch="false"/>
                <line number="92" hits="6" branch="false"/>
                <line number="93" hits="6" branch="false"/>
                <line number="95" hits="6" branch="false"/>
                <line number="98" hits="6" branch="false"/>
                <line number="99" hits="6" branch="false"/>
                <line number="100" hits="6" branch="false"/>
                <line number="102" hits="6" branch="false"/>
                <line number="103" hits="6" branch="false"/>
                <line number="104" hits="6" branch="false"/>
                <line number="105" hits="6" branch="false"/>
                <line number="106" hits="6" branch="false"/>
                <line number="107" hits="6" branch="false"/>
                <line number="108" hits="6" branch="false"/>
                <line number="109" hits="6" branch="false"/>
                <line number="110" hits="6" branch="false"/>
                <line number="111" hits="6" branch="false"/>
              </lines>
            </method>
          </methods>
          <lines>
            <line number="48" hits="6" branch="false"/>
            <line number="49" hits="6" branch="false"/>
            <line number="50" hits="6" branch="false"/>
            <line number="53" hits="6" branch="false"/>
            <line number="54" hits="6" branch="false"/>
            <line number="55" hits="6" branch="false"/>
            <line number="56" hits="6" branch="false"/>
            <line number="57" hits="6" branch="false"/>
            <line number="58" hits="6" branch="false"/>
            <line number="59" hits="6" branch="false"/>
            <line number="60" hits="6" branch="false"/>
            <line number="61" hits="6" branch="false"/>
            <line number="62" hits="6" branch="false"/>
            <line number="63" hits="6" branch="false"/>
            <line number="64" hits="6" branch="false"/>
            <line number="65" hits="6" branch="false"/>
            <line number="66" hits="6" branch="false"/>
            <line number="67" hits="6" branch="false"/>
            <line number="68" hits="6" branch="false"/>
            <line number="69" hits="6" branch="false"/>
            <line number="70" hits="6" branch="false"/>
            <line number="71" hits="6" branch="false"/>
            <line number="72" hits="6" branch="false"/>
            <line number="73" hits="6" branch="false"/>
            <line number="74" hits="6" branch="false"/>
            <line number="75" hits="6" branch="false"/>
            <line number="76" hits="6" branch="false"/>
            <line number="77" hits="6" branch="false"/>
            <line number="78" hits="6" branch="false"/>
            <line number="79" hits="6" branch="false"/>
            <line number="81" hits="6" branch="false"/>
            <line number="83" hits="6" branch="false"/>
            <line number="85" hits="6" branch="false"/>
            <line number="86" hits="6" branch="false"/>
            <line number="87" hits="6" branch="false"/>
            <line number="88" hits="6" branch="false"/>
            <line number="89" hits="6" branch="false"/>
            <line number="90" hits="6" branch="false"/>
            <line number="91" hits="6" branch="false"/>
            <line number="92" hits="6" branch="false"/>
            <line number="93" hits="6" branch="false"/>
            <line number="95" hits="6" branch="false"/>
            <line number="98" hits="6" branch="false"/>
            <line number="99" hits="6" branch="false"/>
            <line number="100" hits="6" branch="false"/>
            <line number="102" hits="6" branch="false"/>
            <line number="103" hits="6" branch="false"/>
            <line number="104" hits="6" branch="false"/>
            <line number="105" hits="6" branch="false"/>
            <line number="106" hits="6" branch="false"/>
            <line number="107" hits="6" branch="false"/>
            <line number="108" hits="6" branch="false"/>
            <line number="109" hits="6" branch="false"/>
            <line number="110" hits="6" branch="false"/>
            <line number="111" hits="6" branch="false"/>
          </lines>
        </class>
        <class name="tbl_survfit_quantiles.R" filename="R/tbl_survfit_quantiles.R" line-rate="0.991379310344828" branch-rate="0" complexity="0">
          <methods>
            <method name="tbl_survfit_quantiles" signature="" line-rate="1" branch-rate="0" complexity="0">
              <lines>
                <line number="120" hits="8" branch="false"/>
                <line number="123" hits="8" branch="false"/>
                <line number="124" hits="8" branch="false"/>
                <line number="125" hits="8" branch="false"/>
                <line number="126" hits="8" branch="false"/>
                <line number="127" hits="8" branch="false"/>
                <line number="128" hits="8" branch="false"/>
                <line number="129" hits="1" branch="false"/>
                <line number="130" hits="1" branch="false"/>
                <line number="131" hits="1" branch="false"/>
                <line number="132" hits="1" branch="false"/>
                <line number="134" hits="7" branch="false"/>
                <line number="135" hits="1" branch="false"/>
                <line number="136" hits="1" branch="false"/>
                <line number="137" hits="1" branch="false"/>
                <line number="138" hits="1" branch="false"/>
                <line number="140" hits="6" branch="false"/>
                <line number="141" hits="6" branch="false"/>
                <line number="144" hits="6" branch="false"/>
                <line number="145" hits="6" branch="false"/>
                <line number="148" hits="6" branch="false"/>
                <line number="149" hits="6" branch="false"/>
                <line number="150" hits="6" branch="false"/>
                <line number="151" hits="6" branch="false"/>
                <line number="152" hits="6" branch="false"/>
                <line number="153" hits="6" branch="false"/>
                <line number="154" hits="6" branch="false"/>
                <line number="155" hits="6" branch="false"/>
                <line number="156" hits="6" branch="false"/>
                <line number="157" hits="6" branch="false"/>
                <line number="158" hits="6" branch="false"/>
                <line number="159" hits="6" branch="false"/>
                <line number="161" hits="6" branch="false"/>
                <line number="164" hits="6" branch="false"/>
                <line number="165" hits="6" branch="false"/>
                <line number="166" hits="6" branch="false"/>
                <line number="167" hits="6" branch="false"/>
                <line number="168" hits="6" branch="false"/>
                <line number="169" hits="6" branch="false"/>
                <line number="170" hits="6" branch="false"/>
                <line number="172" hits="6" branch="false"/>
                <line number="173" hits="6" branch="false"/>
                <line number="174" hits="6" branch="false"/>
                <line number="175" hits="6" branch="false"/>
                <line number="176" hits="6" branch="false"/>
                <line number="177" hits="6" branch="false"/>
                <line number="178" hits="6" branch="false"/>
                <line number="179" hits="6" branch="false"/>
                <line number="180" hits="6" branch="false"/>
                <line number="181" hits="6" branch="false"/>
                <line number="182" hits="6" branch="false"/>
                <line number="185" hits="6" branch="false"/>
                <line number="186" hits="4" branch="false"/>
                <line number="188" hits="6" branch="false"/>
                <line number="191" hits="6" branch="false"/>
                <line number="192" hits="6" branch="false"/>
                <line number="193" hits="6" branch="false"/>
                <line number="194" hits="6" branch="false"/>
                <line number="195" hits="6" branch="false"/>
                <line number="196" hits="6" branch="false"/>
                <line number="197" hits="6" branch="false"/>
                <line number="198" hits="6" branch="false"/>
                <line number="199" hits="6" branch="false"/>
                <line number="200" hits="6" branch="false"/>
                <line number="201" hits="6" branch="false"/>
                <line number="202" hits="6" branch="false"/>
                <line number="203" hits="6" branch="false"/>
                <line number="204" hits="6" branch="false"/>
                <line number="205" hits="6" branch="false"/>
                <line number="206" hits="6" branch="false"/>
                <line number="207" hits="6" branch="false"/>
                <line number="208" hits="6" branch="false"/>
                <line number="209" hits="6" branch="false"/>
                <line number="210" hits="6" branch="false"/>
                <line number="211" hits="6" branch="false"/>
                <line number="212" hits="6" branch="false"/>
                <line number="213" hits="6" branch="false"/>
                <line number="214" hits="6" branch="false"/>
                <line number="215" hits="6" branch="false"/>
                <line number="216" hits="6" branch="false"/>
                <line number="217" hits="6" branch="false"/>
                <line number="218" hits="6" branch="false"/>
                <line number="219" hits="6" branch="false"/>
                <line number="220" hits="6" branch="false"/>
                <line number="221" hits="6" branch="false"/>
                <line number="222" hits="6" branch="false"/>
                <line number="223" hits="6" branch="false"/>
                <line number="224" hits="6" branch="false"/>
                <line number="225" hits="6" branch="false"/>
                <line number="226" hits="6" branch="false"/>
                <line number="227" hits="6" branch="false"/>
                <line number="228" hits="6" branch="false"/>
                <line number="229" hits="6" branch="false"/>
                <line number="230" hits="6" branch="false"/>
                <line number="231" hits="6" branch="false"/>
                <line number="232" hits="6" branch="false"/>
                <line number="233" hits="6" branch="false"/>
                <line number="234" hits="6" branch="false"/>
                <line number="235" hits="6" branch="false"/>
                <line number="236" hits="6" branch="false"/>
                <line number="237" hits="6" branch="false"/>
                <line number="238" hits="6" branch="false"/>
                <line number="239" hits="6" branch="false"/>
                <line number="242" hits="6" branch="false"/>
                <line number="243" hits="6" branch="false"/>
                <line number="244" hits="6" branch="false"/>
                <line number="245" hits="6" branch="false"/>
                <line number="246" hits="6" branch="false"/>
                <line number="247" hits="6" branch="false"/>
                <line number="248" hits="6" branch="false"/>
                <line number="249" hits="6" branch="false"/>
                <line number="250" hits="6" branch="false"/>
              </lines>
            </method>
            <method name=".expr_as_string" signature="" line-rate="0.75" branch-rate="0" complexity="0">
              <lines>
                <line number="254" hits="6" branch="false"/>
                <line number="256" hits="6" branch="false"/>
                <line number="258" hits="0" branch="false"/>
                <line number="259" hits="6" branch="false"/>
              </lines>
            </method>
          </methods>
          <lines>
            <line number="120" hits="8" branch="false"/>
            <line number="123" hits="8" branch="false"/>
            <line number="124" hits="8" branch="false"/>
            <line number="125" hits="8" branch="false"/>
            <line number="126" hits="8" branch="false"/>
            <line number="127" hits="8" branch="false"/>
            <line number="128" hits="8" branch="false"/>
            <line number="129" hits="1" branch="false"/>
            <line number="130" hits="1" branch="false"/>
            <line number="131" hits="1" branch="false"/>
            <line number="132" hits="1" branch="false"/>
            <line number="134" hits="7" branch="false"/>
            <line number="135" hits="1" branch="false"/>
            <line number="136" hits="1" branch="false"/>
            <line number="137" hits="1" branch="false"/>
            <line number="138" hits="1" branch="false"/>
            <line number="140" hits="6" branch="false"/>
            <line number="141" hits="6" branch="false"/>
            <line number="144" hits="6" branch="false"/>
            <line number="145" hits="6" branch="false"/>
            <line number="148" hits="6" branch="false"/>
            <line number="149" hits="6" branch="false"/>
            <line number="150" hits="6" branch="false"/>
            <line number="151" hits="6" branch="false"/>
            <line number="152" hits="6" branch="false"/>
            <line number="153" hits="6" branch="false"/>
            <line number="154" hits="6" branch="false"/>
            <line number="155" hits="6" branch="false"/>
            <line number="156" hits="6" branch="false"/>
            <line number="157" hits="6" branch="false"/>
            <line number="158" hits="6" branch="false"/>
            <line number="159" hits="6" branch="false"/>
            <line number="161" hits="6" branch="false"/>
            <line number="164" hits="6" branch="false"/>
            <line number="165" hits="6" branch="false"/>
            <line number="166" hits="6" branch="false"/>
            <line number="167" hits="6" branch="false"/>
            <line number="168" hits="6" branch="false"/>
            <line number="169" hits="6" branch="false"/>
            <line number="170" hits="6" branch="false"/>
            <line number="172" hits="6" branch="false"/>
            <line number="173" hits="6" branch="false"/>
            <line number="174" hits="6" branch="false"/>
            <line number="175" hits="6" branch="false"/>
            <line number="176" hits="6" branch="false"/>
            <line number="177" hits="6" branch="false"/>
            <line number="178" hits="6" branch="false"/>
            <line number="179" hits="6" branch="false"/>
            <line number="180" hits="6" branch="false"/>
            <line number="181" hits="6" branch="false"/>
            <line number="182" hits="6" branch="false"/>
            <line number="185" hits="6" branch="false"/>
            <line number="186" hits="4" branch="false"/>
            <line number="188" hits="6" branch="false"/>
            <line number="191" hits="6" branch="false"/>
            <line number="192" hits="6" branch="false"/>
            <line number="193" hits="6" branch="false"/>
            <line number="194" hits="6" branch="false"/>
            <line number="195" hits="6" branch="false"/>
            <line number="196" hits="6" branch="false"/>
            <line number="197" hits="6" branch="false"/>
            <line number="198" hits="6" branch="false"/>
            <line number="199" hits="6" branch="false"/>
            <line number="200" hits="6" branch="false"/>
            <line number="201" hits="6" branch="false"/>
            <line number="202" hits="6" branch="false"/>
            <line number="203" hits="6" branch="false"/>
            <line number="204" hits="6" branch="false"/>
            <line number="205" hits="6" branch="false"/>
            <line number="206" hits="6" branch="false"/>
            <line number="207" hits="6" branch="false"/>
            <line number="208" hits="6" branch="false"/>
            <line number="209" hits="6" branch="false"/>
            <line number="210" hits="6" branch="false"/>
            <line number="211" hits="6" branch="false"/>
            <line number="212" hits="6" branch="false"/>
            <line number="213" hits="6" branch="false"/>
            <line number="214" hits="6" branch="false"/>
            <line number="215" hits="6" branch="false"/>
            <line number="216" hits="6" branch="false"/>
            <line number="217" hits="6" branch="false"/>
            <line number="218" hits="6" branch="false"/>
            <line number="219" hits="6" branch="false"/>
            <line number="220" hits="6" branch="false"/>
            <line number="221" hits="6" branch="false"/>
            <line number="222" hits="6" branch="false"/>
            <line number="223" hits="6" branch="false"/>
            <line number="224" hits="6" branch="false"/>
            <line number="225" hits="6" branch="false"/>
            <line number="226" hits="6" branch="false"/>
            <line number="227" hits="6" branch="false"/>
            <line number="228" hits="6" branch="false"/>
            <line number="229" hits="6" branch="false"/>
            <line number="230" hits="6" branch="false"/>
            <line number="231" hits="6" branch="false"/>
            <line number="232" hits="6" branch="false"/>
            <line number="233" hits="6" branch="false"/>
            <line number="234" hits="6" branch="false"/>
            <line number="235" hits="6" branch="false"/>
            <line number="236" hits="6" branch="false"/>
            <line number="237" hits="6" branch="false"/>
            <line number="238" hits="6" branch="false"/>
            <line number="239" hits="6" branch="false"/>
            <line number="242" hits="6" branch="false"/>
            <line number="243" hits="6" branch="false"/>
            <line number="244" hits="6" branch="false"/>
            <line number="245" hits="6" branch="false"/>
            <line number="246" hits="6" branch="false"/>
            <line number="247" hits="6" branch="false"/>
            <line number="248" hits="6" branch="false"/>
            <line number="249" hits="6" branch="false"/>
            <line number="250" hits="6" branch="false"/>
            <line number="254" hits="6" branch="false"/>
            <line number="256" hits="6" branch="false"/>
            <line number="258" hits="0" branch="false"/>
            <line number="259" hits="6" branch="false"/>
          </lines>
        </class>
        <class name="theme_gtsummary_roche.R" filename="R/theme_gtsummary_roche.R" line-rate="1" branch-rate="0" complexity="0">
          <methods>
            <method name="theme_gtsummary_roche" signature="" line-rate="1" branch-rate="0" complexity="0">
              <lines>
                <line number="24" hits="5" branch="false"/>
                <line number="25" hits="5" branch="false"/>
                <line number="26" hits="5" branch="false"/>
                <line number="29" hits="5" branch="false"/>
                <line number="30" hits="5" branch="false"/>
                <line number="31" hits="5" branch="false"/>
                <line number="33" hits="5" branch="false"/>
                <line number="34" hits="5" branch="false"/>
                <line number="35" hits="5" branch="false"/>
                <line number="36" hits="5" branch="false"/>
                <line number="37" hits="5" branch="false"/>
                <line number="38" hits="5" branch="false"/>
                <line number="39" hits="5" branch="false"/>
                <line number="40" hits="5" branch="false"/>
                <line number="41" hits="5" branch="false"/>
                <line number="42" hits="5" branch="false"/>
                <line number="43" hits="5" branch="false"/>
                <line number="44" hits="5" branch="false"/>
                <line number="45" hits="5" branch="false"/>
                <line number="46" hits="5" branch="false"/>
                <line number="49" hits="5" branch="false"/>
                <line number="50" hits="5" branch="false"/>
                <line number="51" hits="5" branch="false"/>
                <line number="52" hits="5" branch="false"/>
                <line number="53" hits="5" branch="false"/>
                <line number="54" hits="5" branch="false"/>
                <line number="55" hits="5" branch="false"/>
                <line number="56" hits="5" branch="false"/>
                <line number="59" hits="5" branch="false"/>
                <line number="60" hits="5" branch="false"/>
                <line number="61" hits="5" branch="false"/>
                <line number="62" hits="5" branch="false"/>
                <line number="63" hits="5" branch="false"/>
                <line number="64" hits="5" branch="false"/>
                <line number="65" hits="5" branch="false"/>
                <line number="66" hits="5" branch="false"/>
                <line number="67" hits="5" branch="false"/>
                <line number="68" hits="5" branch="false"/>
                <line number="69" hits="5" branch="false"/>
                <line number="70" hits="5" branch="false"/>
                <line number="71" hits="5" branch="false"/>
                <line number="72" hits="5" branch="false"/>
                <line number="73" hits="5" branch="false"/>
                <line number="74" hits="5" branch="false"/>
                <line number="75" hits="5" branch="false"/>
                <line number="76" hits="5" branch="false"/>
                <line number="79" hits="5" branch="false"/>
                <line number="80" hits="5" branch="false"/>
                <line number="81" hits="5" branch="false"/>
                <line number="82" hits="5" branch="false"/>
                <line number="83" hits="5" branch="false"/>
                <line number="86" hits="4" branch="false"/>
                <line number="87" hits="5" branch="false"/>
              </lines>
            </method>
          </methods>
          <lines>
            <line number="24" hits="5" branch="false"/>
            <line number="25" hits="5" branch="false"/>
            <line number="26" hits="5" branch="false"/>
            <line number="29" hits="5" branch="false"/>
            <line number="30" hits="5" branch="false"/>
            <line number="31" hits="5" branch="false"/>
            <line number="33" hits="5" branch="false"/>
            <line number="34" hits="5" branch="false"/>
            <line number="35" hits="5" branch="false"/>
            <line number="36" hits="5" branch="false"/>
            <line number="37" hits="5" branch="false"/>
            <line number="38" hits="5" branch="false"/>
            <line number="39" hits="5" branch="false"/>
            <line number="40" hits="5" branch="false"/>
            <line number="41" hits="5" branch="false"/>
            <line number="42" hits="5" branch="false"/>
            <line number="43" hits="5" branch="false"/>
            <line number="44" hits="5" branch="false"/>
            <line number="45" hits="5" branch="false"/>
            <line number="46" hits="5" branch="false"/>
            <line number="49" hits="5" branch="false"/>
            <line number="50" hits="5" branch="false"/>
            <line number="51" hits="5" branch="false"/>
            <line number="52" hits="5" branch="false"/>
            <line number="53" hits="5" branch="false"/>
            <line number="54" hits="5" branch="false"/>
            <line number="55" hits="5" branch="false"/>
            <line number="56" hits="5" branch="false"/>
            <line number="59" hits="5" branch="false"/>
            <line number="60" hits="5" branch="false"/>
            <line number="61" hits="5" branch="false"/>
            <line number="62" hits="5" branch="false"/>
            <line number="63" hits="5" branch="false"/>
            <line number="64" hits="5" branch="false"/>
            <line number="65" hits="5" branch="false"/>
            <line number="66" hits="5" branch="false"/>
            <line number="67" hits="5" branch="false"/>
            <line number="68" hits="5" branch="false"/>
            <line number="69" hits="5" branch="false"/>
            <line number="70" hits="5" branch="false"/>
            <line number="71" hits="5" branch="false"/>
            <line number="72" hits="5" branch="false"/>
            <line number="73" hits="5" branch="false"/>
            <line number="74" hits="5" branch="false"/>
            <line number="75" hits="5" branch="false"/>
            <line number="76" hits="5" branch="false"/>
            <line number="79" hits="5" branch="false"/>
            <line number="80" hits="5" branch="false"/>
            <line number="81" hits="5" branch="false"/>
            <line number="82" hits="5" branch="false"/>
            <line number="83" hits="5" branch="false"/>
            <line number="86" hits="4" branch="false"/>
            <line number="87" hits="5" branch="false"/>
          </lines>
        </class>
        <class name="zzz.R" filename="R/zzz.R" line-rate="1" branch-rate="0" complexity="0">
          <methods>
            <method name=".onAttach" signature="" line-rate="1" branch-rate="0" complexity="0">
              <lines>
                <line number="2" hits="4" branch="false"/>
                <line number="3" hits="4" branch="false"/>
                <line number="4" hits="4" branch="false"/>
                <line number="7" hits="4" branch="false"/>
                <line number="8" hits="4" branch="false"/>
                <line number="9" hits="4" branch="false"/>
                <line number="10" hits="1" branch="false"/>
                <line number="14" hits="4" branch="false"/>
                <line number="15" hits="4" branch="false"/>
              </lines>
            </method>
            <method name="is_attached" signature="" line-rate="1" branch-rate="0" complexity="0">
              <lines>
                <line number="20" hits="4" branch="false"/>
              </lines>
            </method>
            <method name="is_loading_for_tests" signature="" line-rate="1" branch-rate="0" complexity="0">
              <lines>
                <line number="24" hits="12" branch="false"/>
              </lines>
            </method>
          </methods>
          <lines>
            <line number="2" hits="4" branch="false"/>
            <line number="3" hits="4" branch="false"/>
            <line number="4" hits="4" branch="false"/>
            <line number="7" hits="4" branch="false"/>
            <line number="8" hits="4" branch="false"/>
            <line number="9" hits="4" branch="false"/>
            <line number="10" hits="1" branch="false"/>
            <line number="14" hits="4" branch="false"/>
            <line number="15" hits="4" branch="false"/>
            <line number="20" hits="4" branch="false"/>
            <line number="24" hits="12" branch="false"/>
          </lines>
        </class>
      </classes>
    </package>
  </packages>
</coverage>
