<?xml version="1.0" encoding="UTF-8"?>
<testsuites>
  <testsuite name="add_blank_rows" timestamp="2026-03-09T13:34:05Z" hostname="5cee463b2522" tests="1" skipped="0" failures="0" errors="0" time="7.439">
    <testcase time="7.439" classname="character(0)" name="add_blank_rows_works"/>
  </testsuite>
  <testsuite name="add_blank_rows" timestamp="2026-03-09T13:34:05Z" hostname="5cee463b2522" tests="2" skipped="0" failures="0" errors="0" time="0.022">
    <testcase time="0.0210000000000008" classname="character(0)" name="add_blank_rows_variables_works"/>
    <testcase time="0.000999999999999446" classname="character(0)" name="add_blank_rows_variables_works"/>
  </testsuite>
  <testsuite name="add_blank_rows" timestamp="2026-03-09T13:34:05Z" hostname="5cee463b2522" tests="1" skipped="0" failures="0" errors="0" time="0.025">
    <testcase time="0.0250000000000004" classname="character(0)" name="add_blank_rows_variables_grade_is_last_row_then_table_identical"/>
  </testsuite>
  <testsuite name="add_blank_rows" timestamp="2026-03-09T13:34:05Z" hostname="5cee463b2522" tests="1" skipped="0" failures="0" errors="0" time="0.002">
    <testcase time="0.00200000000000067" classname="character(0)" name="add_blank_rows_variable_level_works"/>
  </testsuite>
  <testsuite name="add_blank_rows" timestamp="2026-03-09T13:34:05Z" hostname="5cee463b2522" tests="1" skipped="0" failures="0" errors="0" time="0.002">
    <testcase time="0.00199999999999889" classname="character(0)" name="add_blank_rows_error_message"/>
  </testsuite>
  <testsuite name="add_blank_rows" timestamp="2026-03-09T13:34:05Z" hostname="5cee463b2522" tests="2" skipped="0" failures="0" errors="0" time="0.003">
    <testcase time="0.00200000000000067" classname="character(0)" name="add_blank_rows_row_numbers_error"/>
    <testcase time="0.000999999999999446" classname="character(0)" name="add_blank_rows_row_numbers_error"/>
  </testsuite>
  <testsuite name="add_blank_rows" timestamp="2026-03-09T13:34:05Z" hostname="5cee463b2522" tests="1" skipped="0" failures="0" errors="0" time="0.001">
    <testcase time="0.00100000000000122" classname="character(0)" name="add_blank_rows_errors_when_no_variable"/>
  </testsuite>
  <testsuite name="add_difference_row" timestamp="2026-03-09T13:34:08Z" hostname="5cee463b2522" tests="8" skipped="0" failures="0" errors="0" time="2.776">
    <testcase time="2.771" classname="character(0)" name="add_difference_row.tbl_survfit_times_works"/>
    <testcase time="0.00100000000000122" classname="character(0)" name="add_difference_row.tbl_survfit_times_works"/>
    <testcase time="0.000999999999999446" classname="character(0)" name="add_difference_row.tbl_survfit_times_works"/>
    <testcase time="0.000999999999999446" classname="character(0)" name="add_difference_row.tbl_survfit_times_works"/>
    <testcase time="0" classname="character(0)" name="add_difference_row.tbl_survfit_times_works"/>
    <testcase time="0.000999999999999446" classname="character(0)" name="add_difference_row.tbl_survfit_times_works"/>
    <testcase time="0.00100000000000122" classname="character(0)" name="add_difference_row.tbl_survfit_times_works"/>
    <testcase time="0" classname="character(0)" name="add_difference_row.tbl_survfit_times_works"/>
  </testsuite>
  <testsuite name="add_difference_row" timestamp="2026-03-09T13:34:08Z" hostname="5cee463b2522" tests="2" skipped="0" failures="0" errors="0" time="0.003">
    <testcase time="0.00199999999999889" classname="character(0)" name="add_difference_row.tbl_survfit_times_error_messaging_works"/>
    <testcase time="0.00100000000000122" classname="character(0)" name="add_difference_row.tbl_survfit_times_error_messaging_works"/>
  </testsuite>
  <testsuite name="add_hierarchical_count_row" timestamp="2026-03-09T13:34:12Z" hostname="5cee463b2522" tests="4" skipped="0" failures="0" errors="0" time="3.915">
    <testcase time="3.913" classname="character(0)" name="add_hierarchical_count_row_works"/>
    <testcase time="0.000999999999997669" classname="character(0)" name="add_hierarchical_count_row_works"/>
    <testcase time="0.00100000000000122" classname="character(0)" name="add_hierarchical_count_row_works"/>
    <testcase time="0" classname="character(0)" name="add_hierarchical_count_row_works"/>
  </testsuite>
  <testsuite name="add_hierarchical_count_row" timestamp="2026-03-09T13:34:12Z" hostname="5cee463b2522" tests="2" skipped="0" failures="0" errors="0" time="0.003">
    <testcase time="0.00199999999999889" classname="character(0)" name="add_hierarchical_count_row_data_preprocess_works"/>
    <testcase time="0.00100000000000122" classname="character(0)" name="add_hierarchical_count_row_data_preprocess_works"/>
  </testsuite>
  <testsuite name="ard_tabulate_abnormal_by_baseline" timestamp="2026-03-09T13:34:13Z" hostname="5cee463b2522" tests="3" skipped="0" failures="0" errors="0" time="0.753">
    <testcase time="0.751000000000001" classname="character(0)" name="ard_tabulate_abnormal_by_baseline_works_with_standard_inputs"/>
    <testcase time="0.000999999999997669" classname="character(0)" name="ard_tabulate_abnormal_by_baseline_works_with_standard_inputs"/>
    <testcase time="0.00100000000000122" classname="character(0)" name="ard_tabulate_abnormal_by_baseline_works_with_standard_inputs"/>
  </testsuite>
  <testsuite name="ard_tabulate_abnormal_by_baseline" timestamp="2026-03-09T13:34:13Z" hostname="5cee463b2522" tests="1" skipped="1" failures="0" errors="0" time="0.002">
    <testcase time="0.00199999999999889" classname="character(0)" name="ard_tabulate_abnormal_by_baseline_correctly_calculates_percentages">
      <skipped message="Reason: empty test ('test-ard_tabulate_abnormal_by_baseline.R:54:1')"/>
    </testcase>
  </testsuite>
  <testsuite name="ard_tabulate_abnormal_by_baseline" timestamp="2026-03-09T13:34:13Z" hostname="5cee463b2522" tests="2" skipped="0" failures="0" errors="0" time="0.016">
    <testcase time="0.0160000000000018" classname="character(0)" name="ard_tabulate_abnormal_by_baseline_handles_grouping_variables_by_"/>
    <testcase time="0" classname="character(0)" name="ard_tabulate_abnormal_by_baseline_handles_grouping_variables_by_"/>
  </testsuite>
  <testsuite name="gg_km" timestamp="2026-03-09T13:34:14Z" hostname="5cee463b2522" tests="5" skipped="0" failures="0" errors="0" time="1.743">
    <testcase time="1.74" classname="character(0)" name="gg_km_works_with_default_inputs"/>
    <testcase time="0.00100000000000122" classname="character(0)" name="gg_km_works_with_default_inputs"/>
    <testcase time="0" classname="character(0)" name="gg_km_works_with_default_inputs"/>
    <testcase time="0.00100000000000122" classname="character(0)" name="gg_km_works_with_default_inputs"/>
    <testcase time="0.000999999999997669" classname="character(0)" name="gg_km_works_with_default_inputs"/>
  </testsuite>
  <testsuite name="gg_km" timestamp="2026-03-09T13:34:14Z" hostname="5cee463b2522" tests="2" skipped="0" failures="0" errors="0" time="0.002">
    <testcase time="0.00200000000000244" classname="character(0)" name="df2gg_works_with_proper_x_axis_and_without"/>
    <testcase time="0" classname="character(0)" name="df2gg_works_with_proper_x_axis_and_without"/>
  </testsuite>
  <testsuite name="gg_lineplot" timestamp="2026-03-09T13:34:15Z" hostname="5cee463b2522" tests="11" skipped="0" failures="0" errors="0" time="0.383">
    <testcase time="0.375999999999998" classname="character(0)" name="calc_stats_works_correctly"/>
    <testcase time="0" classname="character(0)" name="calc_stats_works_correctly"/>
    <testcase time="0.00100000000000122" classname="character(0)" name="calc_stats_works_correctly"/>
    <testcase time="0.00100000000000122" classname="character(0)" name="calc_stats_works_correctly"/>
    <testcase time="0.000999999999997669" classname="character(0)" name="calc_stats_works_correctly"/>
    <testcase time="0" classname="character(0)" name="calc_stats_works_correctly"/>
    <testcase time="0.00100000000000122" classname="character(0)" name="calc_stats_works_correctly"/>
    <testcase time="0.00100000000000122" classname="character(0)" name="calc_stats_works_correctly"/>
    <testcase time="0" classname="character(0)" name="calc_stats_works_correctly"/>
    <testcase time="0.000999999999997669" classname="character(0)" name="calc_stats_works_correctly"/>
    <testcase time="0.00100000000000122" classname="character(0)" name="calc_stats_works_correctly"/>
  </testsuite>
  <testsuite name="gg_lineplot" timestamp="2026-03-09T13:34:15Z" hostname="5cee463b2522" tests="4" skipped="0" failures="0" errors="0" time="0.004">
    <testcase time="0.00199999999999889" classname="character(0)" name="g_lineplot_works_correctly"/>
    <testcase time="0.00100000000000122" classname="character(0)" name="g_lineplot_works_correctly"/>
    <testcase time="0" classname="character(0)" name="g_lineplot_works_correctly"/>
    <testcase time="0.000999999999997669" classname="character(0)" name="g_lineplot_works_correctly"/>
  </testsuite>
  <testsuite name="gg_lineplot" timestamp="2026-03-09T13:34:15Z" hostname="5cee463b2522" tests="3" skipped="0" failures="0" errors="0" time="0.003">
    <testcase time="0.00200000000000244" classname="character(0)" name="g_lineplot_table_works_correctly"/>
    <testcase time="0.000999999999997669" classname="character(0)" name="g_lineplot_table_works_correctly"/>
    <testcase time="0" classname="character(0)" name="g_lineplot_table_works_correctly"/>
  </testsuite>
  <testsuite name="gg_lineplot" timestamp="2026-03-09T13:34:15Z" hostname="5cee463b2522" tests="13" skipped="0" failures="0" errors="0" time="0.011">
    <testcase time="0.00200000000000244" classname="character(0)" name="preprocess_lineplot_data_works_correctly"/>
    <testcase time="0.000999999999997669" classname="character(0)" name="preprocess_lineplot_data_works_correctly"/>
    <testcase time="0.00100000000000122" classname="character(0)" name="preprocess_lineplot_data_works_correctly"/>
    <testcase time="0" classname="character(0)" name="preprocess_lineplot_data_works_correctly"/>
    <testcase time="0.00100000000000122" classname="character(0)" name="preprocess_lineplot_data_works_correctly"/>
    <testcase time="0.000999999999997669" classname="character(0)" name="preprocess_lineplot_data_works_correctly"/>
    <testcase time="0" classname="character(0)" name="preprocess_lineplot_data_works_correctly"/>
    <testcase time="0.00100000000000122" classname="character(0)" name="preprocess_lineplot_data_works_correctly"/>
    <testcase time="0.00100000000000122" classname="character(0)" name="preprocess_lineplot_data_works_correctly"/>
    <testcase time="0.000999999999997669" classname="character(0)" name="preprocess_lineplot_data_works_correctly"/>
    <testcase time="0" classname="character(0)" name="preprocess_lineplot_data_works_correctly"/>
    <testcase time="0.00100000000000122" classname="character(0)" name="preprocess_lineplot_data_works_correctly"/>
    <testcase time="0.00100000000000122" classname="character(0)" name="preprocess_lineplot_data_works_correctly"/>
  </testsuite>
  <testsuite name="label_roche" timestamp="2026-03-09T13:34:15Z" hostname="5cee463b2522" tests="1" skipped="0" failures="0" errors="0" time="0.086">
    <testcase time="0.0859999999999985" classname="character(0)" name="style_roche_pvalue_works"/>
  </testsuite>
  <testsuite name="label_roche" timestamp="2026-03-09T13:34:15Z" hostname="5cee463b2522" tests="3" skipped="0" failures="0" errors="0" time="0.004">
    <testcase time="0.00199999999999889" classname="character(0)" name="style_roche_percent_works"/>
    <testcase time="0.00100000000000122" classname="character(0)" name="style_roche_percent_works"/>
    <testcase time="0.00100000000000122" classname="character(0)" name="style_roche_percent_works"/>
  </testsuite>
  <testsuite name="label_roche" timestamp="2026-03-09T13:34:15Z" hostname="5cee463b2522" tests="2" skipped="0" failures="0" errors="0" time="0.003">
    <testcase time="0.00199999999999889" classname="character(0)" name="style_roche_ratio_works"/>
    <testcase time="0.00100000000000122" classname="character(0)" name="style_roche_ratio_works"/>
  </testsuite>
  <testsuite name="label_roche" timestamp="2026-03-09T13:34:15Z" hostname="5cee463b2522" tests="2" skipped="0" failures="0" errors="0" time="0.002">
    <testcase time="0.00199999999999889" classname="character(0)" name="style_roche_number_works"/>
    <testcase time="0" classname="character(0)" name="style_roche_number_works"/>
  </testsuite>
  <testsuite name="modify_header_rm_md" timestamp="2026-03-09T13:34:17Z" hostname="5cee463b2522" tests="2" skipped="0" failures="0" errors="0" time="2.48">
    <testcase time="2.479" classname="character(0)" name="strip_md_bold_works_with_gtsummary_table"/>
    <testcase time="0.00100000000000122" classname="character(0)" name="strip_md_bold_works_with_gtsummary_table"/>
  </testsuite>
  <testsuite name="modify_zero_recode" timestamp="2026-03-09T13:34:18Z" hostname="5cee463b2522" tests="2" skipped="0" failures="0" errors="0" time="1.031">
    <testcase time="1.03" classname="character(0)" name="modify_zero_recode_works"/>
    <testcase time="0.000999999999997669" classname="character(0)" name="modify_zero_recode_works"/>
  </testsuite>
  <testsuite name="add_forest" timestamp="2026-03-09T13:34:30Z" hostname="5cee463b2522" tests="3" skipped="0" failures="0" errors="0" time="12.001">
    <testcase time="11.999" classname="character(0)" name="add_forest_table_engine_flextable_works"/>
    <testcase time="0.00100000000000477" classname="character(0)" name="add_forest_table_engine_flextable_works"/>
    <testcase time="0.000999999999997669" classname="character(0)" name="add_forest_table_engine_flextable_works"/>
  </testsuite>
  <testsuite name="add_forest" timestamp="2026-03-09T13:34:30Z" hostname="5cee463b2522" tests="5" skipped="0" failures="0" errors="0" time="0.005">
    <testcase time="0.00300000000000011" classname="character(0)" name="add_forest_handles_extreme_limits_and_character_NA_p_values_safely"/>
    <testcase time="0" classname="character(0)" name="add_forest_handles_extreme_limits_and_character_NA_p_values_safely"/>
    <testcase time="0.000999999999997669" classname="character(0)" name="add_forest_handles_extreme_limits_and_character_NA_p_values_safely"/>
    <testcase time="0" classname="character(0)" name="add_forest_handles_extreme_limits_and_character_NA_p_values_safely"/>
    <testcase time="0.00100000000000477" classname="character(0)" name="add_forest_handles_extreme_limits_and_character_NA_p_values_safely"/>
  </testsuite>
  <testsuite name="tbl_hierarchical_rate_and_count" timestamp="2026-03-09T13:34:49Z" hostname="5cee463b2522" tests="6" skipped="0" failures="0" errors="0" time="18.757">
    <testcase time="18.755" classname="character(0)" name="tbl_hierarchical_rate_and_count_works"/>
    <testcase time="0" classname="character(0)" name="tbl_hierarchical_rate_and_count_works"/>
    <testcase time="0.00100000000000477" classname="character(0)" name="tbl_hierarchical_rate_and_count_works"/>
    <testcase time="0" classname="character(0)" name="tbl_hierarchical_rate_and_count_works"/>
    <testcase time="0.000999999999997669" classname="character(0)" name="tbl_hierarchical_rate_and_count_works"/>
    <testcase time="0" classname="character(0)" name="tbl_hierarchical_rate_and_count_works"/>
  </testsuite>
  <testsuite name="tbl_hierarchical_rate_and_count" timestamp="2026-03-09T13:34:49Z" hostname="5cee463b2522" tests="2" skipped="0" failures="0" errors="0" time="0.002">
    <testcase time="0.00200000000000244" classname="character(0)" name="tbl_hierarchical_rate_and_count_sort_"/>
    <testcase time="0" classname="character(0)" name="tbl_hierarchical_rate_and_count_sort_"/>
  </testsuite>
  <testsuite name="tbl_hierarchical_rate_and_count" timestamp="2026-03-09T13:34:49Z" hostname="5cee463b2522" tests="1" skipped="0" failures="0" errors="0" time="0.002">
    <testcase time="0.00199999999999534" classname="character(0)" name="tbl_hierarchical_rate_and_count_digits_styling_defaults_to_gtsummary"/>
  </testsuite>
  <testsuite name="tbl_hierarchical_rate_and_count" timestamp="2026-03-09T13:34:49Z" hostname="5cee463b2522" tests="2" skipped="0" failures="0" errors="0" time="0.002">
    <testcase time="0.00100000000000477" classname="character(0)" name="tbl_hierarchical_rate_and_count_works_only_with_2_or_3_variables"/>
    <testcase time="0.000999999999997669" classname="character(0)" name="tbl_hierarchical_rate_and_count_works_only_with_2_or_3_variables"/>
  </testsuite>
  <testsuite name="tbl_baseline_chg" timestamp="2026-03-09T13:34:52Z" hostname="5cee463b2522" tests="3" skipped="0" failures="0" errors="0" time="2.306">
    <testcase time="2.305" classname="character(0)" name="tbl_baseline_chg_works"/>
    <testcase time="0.000999999999997669" classname="character(0)" name="tbl_baseline_chg_works"/>
    <testcase time="0" classname="character(0)" name="tbl_baseline_chg_works"/>
  </testsuite>
  <testsuite name="tbl_baseline_chg" timestamp="2026-03-09T13:34:52Z" hostname="5cee463b2522" tests="2" skipped="0" failures="0" errors="0" time="0.004">
    <testcase time="0.00300000000000011" classname="character(0)" name="tbl_baseline_chg_works_with_no_by_variable"/>
    <testcase time="0.00100000000000477" classname="character(0)" name="tbl_baseline_chg_works_with_no_by_variable"/>
  </testsuite>
  <testsuite name="tbl_baseline_chg" timestamp="2026-03-09T13:34:52Z" hostname="5cee463b2522" tests="2" skipped="0" failures="0" errors="0" time="0.003">
    <testcase time="0.00199999999999534" classname="character(0)" name="add_overall.tbl_baseline_chg_works"/>
    <testcase time="0.00100000000000477" classname="character(0)" name="add_overall.tbl_baseline_chg_works"/>
  </testsuite>
  <testsuite name="tbl_baseline_chg" timestamp="2026-03-09T13:34:52Z" hostname="5cee463b2522" tests="2" skipped="0" failures="0" errors="0" time="0.004">
    <testcase time="0.00300000000000011" classname="character(0)" name="add_overall.tbl_baseline_chg_messaging"/>
    <testcase time="0.000999999999997669" classname="character(0)" name="add_overall.tbl_baseline_chg_messaging"/>
  </testsuite>
  <testsuite name="tbl_baseline_chg" timestamp="2026-03-09T13:34:52Z" hostname="5cee463b2522" tests="4" skipped="0" failures="0" errors="0" time="0.003">
    <testcase time="0.00200000000000244" classname="character(0)" name="tbl_baseline_chg_throws_error_when_required_arguments_are_missing"/>
    <testcase time="0" classname="character(0)" name="tbl_baseline_chg_throws_error_when_required_arguments_are_missing"/>
    <testcase time="0.000999999999997669" classname="character(0)" name="tbl_baseline_chg_throws_error_when_required_arguments_are_missing"/>
    <testcase time="0" classname="character(0)" name="tbl_baseline_chg_throws_error_when_required_arguments_are_missing"/>
  </testsuite>
  <testsuite name="tbl_baseline_chg" timestamp="2026-03-09T13:34:52Z" hostname="5cee463b2522" tests="1" skipped="0" failures="0" errors="0" time="0.002">
    <testcase time="0.00200000000000244" classname="character(0)" name="tbl_baseline_chg_messaging"/>
  </testsuite>
  <testsuite name="tbl_baseline_chg" timestamp="2026-03-09T13:34:52Z" hostname="5cee463b2522" tests="1" skipped="0" failures="0" errors="0" time="0.002">
    <testcase time="0.00199999999999534" classname="character(0)" name="gather_ard_works_on_output_table"/>
  </testsuite>
  <testsuite name="tbl_listing" timestamp="2026-03-09T13:34:52Z" hostname="5cee463b2522" tests="1" skipped="0" failures="0" errors="0" time="0.614">
    <testcase time="0.614000000000004" classname="character(0)" name="tbl_listing_works_with_default_values"/>
  </testsuite>
  <testsuite name="tbl_listing" timestamp="2026-03-09T13:34:52Z" hostname="5cee463b2522" tests="3" skipped="0" failures="0" errors="0" time="0.002">
    <testcase time="0.000999999999997669" classname="character(0)" name="tbl_listing_add_blanks_rows_works_with_standard_values"/>
    <testcase time="0.000999999999997669" classname="character(0)" name="tbl_listing_add_blanks_rows_works_with_standard_values"/>
    <testcase time="0" classname="character(0)" name="tbl_listing_add_blanks_rows_works_with_standard_values"/>
  </testsuite>
  <testsuite name="tbl_listing" timestamp="2026-03-09T13:34:52Z" hostname="5cee463b2522" tests="3" skipped="0" failures="0" errors="0" time="0.003">
    <testcase time="0.00200000000000244" classname="character(0)" name="tbl_listing_split_by_rows_works_with_standard_values"/>
    <testcase time="0.000999999999997669" classname="character(0)" name="tbl_listing_split_by_rows_works_with_standard_values"/>
    <testcase time="0" classname="character(0)" name="tbl_listing_split_by_rows_works_with_standard_values"/>
  </testsuite>
  <testsuite name="tbl_listing" timestamp="2026-03-09T13:34:52Z" hostname="5cee463b2522" tests="3" skipped="0" failures="0" errors="0" time="0.003">
    <testcase time="0.00200000000000244" classname="character(0)" name="tbl_listing_split_by_rows_add_blank_rows_works_with_standard_values"/>
    <testcase time="0" classname="character(0)" name="tbl_listing_split_by_rows_add_blank_rows_works_with_standard_values"/>
    <testcase time="0.000999999999997669" classname="character(0)" name="tbl_listing_split_by_rows_add_blank_rows_works_with_standard_values"/>
  </testsuite>
  <testsuite name="tbl_listing" timestamp="2026-03-09T13:34:52Z" hostname="5cee463b2522" tests="3" skipped="0" failures="0" errors="0" time="0.002">
    <testcase time="0.00100000000000477" classname="character(0)" name="tbl_listing_split_by_columns_works_with_standard_values"/>
    <testcase time="0.000999999999997669" classname="character(0)" name="tbl_listing_split_by_columns_works_with_standard_values"/>
    <testcase time="0" classname="character(0)" name="tbl_listing_split_by_columns_works_with_standard_values"/>
  </testsuite>
  <testsuite name="tbl_listing" timestamp="2026-03-09T13:34:52Z" hostname="5cee463b2522" tests="5" skipped="0" failures="0" errors="0" time="0.004">
    <testcase time="0.00200000000000244" classname="character(0)" name="tbl_listing_split_by_rows_split_by_columns_works_with_standard_values"/>
    <testcase time="0" classname="character(0)" name="tbl_listing_split_by_rows_split_by_columns_works_with_standard_values"/>
    <testcase time="0.000999999999997669" classname="character(0)" name="tbl_listing_split_by_rows_split_by_columns_works_with_standard_values"/>
    <testcase time="0" classname="character(0)" name="tbl_listing_split_by_rows_split_by_columns_works_with_standard_values"/>
    <testcase time="0.000999999999997669" classname="character(0)" name="tbl_listing_split_by_rows_split_by_columns_works_with_standard_values"/>
  </testsuite>
  <testsuite name="tbl_listing" timestamp="2026-03-09T13:34:52Z" hostname="5cee463b2522" tests="2" skipped="0" failures="0" errors="0" time="0.002">
    <testcase time="0.00100000000000477" classname="character(0)" name="remove_duplicate_keys_works_with_standard_values"/>
    <testcase time="0.000999999999997669" classname="character(0)" name="remove_duplicate_keys_works_with_standard_values"/>
  </testsuite>
  <testsuite name="tbl_listing" timestamp="2026-03-09T13:34:52Z" hostname="5cee463b2522" tests="1" skipped="0" failures="0" errors="0" time="0.001">
    <testcase time="0.000999999999997669" classname="character(0)" name="remove_duplicate_keys_works_with_unique_and_duplicated_values"/>
  </testsuite>
  <testsuite name="tbl_null_report" timestamp="2026-03-09T13:34:52Z" hostname="5cee463b2522" tests="3" skipped="0" failures="0" errors="0" time="0.111">
    <testcase time="0.109999999999999" classname="character(0)" name="tbl_null_report_works_correctly"/>
    <testcase time="0" classname="character(0)" name="tbl_null_report_works_correctly"/>
    <testcase time="0.00100000000000477" classname="character(0)" name="tbl_null_report_works_correctly"/>
  </testsuite>
  <testsuite name="tbl_roche_subgroups" timestamp="2026-03-09T13:35:16Z" hostname="5cee463b2522" tests="2" skipped="0" failures="0" errors="0" time="23.686">
    <testcase time="23.685" classname="character(0)" name="tbl_roche_subgroups_time_to_event_NULL_works"/>
    <testcase time="0.00100000000000477" classname="character(0)" name="tbl_roche_subgroups_time_to_event_NULL_works"/>
  </testsuite>
  <testsuite name="tbl_roche_subgroups" timestamp="2026-03-09T13:35:16Z" hostname="5cee463b2522" tests="2" skipped="0" failures="0" errors="0" time="0.003">
    <testcase time="0.00199999999999534" classname="character(0)" name="tbl_roche_subgroups_time_to_event_works"/>
    <testcase time="0.00100000000000477" classname="character(0)" name="tbl_roche_subgroups_time_to_event_works"/>
  </testsuite>
  <testsuite name="tbl_roche_summary" timestamp="2026-03-09T13:35:23Z" hostname="5cee463b2522" tests="1" skipped="0" failures="0" errors="0" time="6.936">
    <testcase time="6.93599999999999" classname="character(0)" name="tbl_roche_summary_works"/>
  </testsuite>
  <testsuite name="tbl_roche_summary" timestamp="2026-03-09T13:35:23Z" hostname="5cee463b2522" tests="3" skipped="0" failures="0" errors="0" time="0.004">
    <testcase time="0.00199999999999534" classname="character(0)" name="tbl_roche_summary_add_overall_works"/>
    <testcase time="0.00100000000000477" classname="character(0)" name="tbl_roche_summary_add_overall_works"/>
    <testcase time="0.00100000000000477" classname="character(0)" name="tbl_roche_summary_add_overall_works"/>
  </testsuite>
  <testsuite name="tbl_roche_summary" timestamp="2026-03-09T13:35:23Z" hostname="5cee463b2522" tests="1" skipped="0" failures="0" errors="0" time="0.003">
    <testcase time="0.00300000000000011" classname="character(0)" name="tbl_roche_summary_recode_counts_for_all_NA_column"/>
  </testsuite>
  <testsuite name="tbl_roche_summary" timestamp="2026-03-09T13:35:23Z" hostname="5cee463b2522" tests="2" skipped="0" failures="0" errors="0" time="0.003">
    <testcase time="0.00199999999999534" classname="character(0)" name="tbl_roche_summary_digit_estimation_works"/>
    <testcase time="0.00100000000000477" classname="character(0)" name="tbl_roche_summary_digit_estimation_works"/>
  </testsuite>
  <testsuite name="tbl_shift" timestamp="2026-03-09T13:35:42Z" hostname="5cee463b2522" tests="4" skipped="0" failures="0" errors="0" time="19.241">
    <testcase time="19.239" classname="character(0)" name="tbl_shift_strata_location_"/>
    <testcase time="0.00100000000000477" classname="character(0)" name="tbl_shift_strata_location_"/>
    <testcase time="0.00100000000000477" classname="character(0)" name="tbl_shift_strata_location_"/>
    <testcase time="0" classname="character(0)" name="tbl_shift_strata_location_"/>
  </testsuite>
  <testsuite name="tbl_shift" timestamp="2026-03-09T13:35:42Z" hostname="5cee463b2522" tests="1" skipped="0" failures="0" errors="0" time="0.002">
    <testcase time="0.00199999999999534" classname="character(0)" name="tbl_shift_by_messaging"/>
  </testsuite>
  <testsuite name="tbl_shift" timestamp="2026-03-09T13:35:42Z" hostname="5cee463b2522" tests="1" skipped="0" failures="0" errors="0" time="0.001">
    <testcase time="0.00100000000000477" classname="character(0)" name="tbl_shift_data_header_messaging"/>
  </testsuite>
  <testsuite name="tbl_shift" timestamp="2026-03-09T13:35:42Z" hostname="5cee463b2522" tests="4" skipped="0" failures="0" errors="0" time="0.003">
    <testcase time="0.00199999999999534" classname="character(0)" name="add_overall.tbl_shift_"/>
    <testcase time="0" classname="character(0)" name="add_overall.tbl_shift_"/>
    <testcase time="0.00100000000000477" classname="character(0)" name="add_overall.tbl_shift_"/>
    <testcase time="0" classname="character(0)" name="add_overall.tbl_shift_"/>
  </testsuite>
  <testsuite name="tbl_shift" timestamp="2026-03-09T13:35:42Z" hostname="5cee463b2522" tests="2" skipped="0" failures="0" errors="0" time="0.003">
    <testcase time="0.00199999999999534" classname="character(0)" name="add_overall.tbl_shift_messaging"/>
    <testcase time="0.00100000000000477" classname="character(0)" name="add_overall.tbl_shift_messaging"/>
  </testsuite>
  <testsuite name="tbl_shift" timestamp="2026-03-09T13:35:42Z" hostname="5cee463b2522" tests="2" skipped="0" failures="0" errors="0" time="0.002">
    <testcase time="0.000999999999990564" classname="character(0)" name="add_overall.tbl_shift_strata_NULL_messaging"/>
    <testcase time="0.00100000000000477" classname="character(0)" name="add_overall.tbl_shift_strata_NULL_messaging"/>
  </testsuite>
  <testsuite name="tbl_hierarchical_rate_by_grade" timestamp="2026-03-09T13:35:45Z" hostname="5cee463b2522" tests="7" skipped="0" failures="0" errors="0" time="3.156">
    <testcase time="3.152" classname="character(0)" name="tbl_hierarchical_rate_by_grade_works"/>
    <testcase time="0.00100000000000477" classname="character(0)" name="tbl_hierarchical_rate_by_grade_works"/>
    <testcase time="0.000999999999990564" classname="character(0)" name="tbl_hierarchical_rate_by_grade_works"/>
    <testcase time="0.00100000000000477" classname="character(0)" name="tbl_hierarchical_rate_by_grade_works"/>
    <testcase time="0.00100000000000477" classname="character(0)" name="tbl_hierarchical_rate_by_grade_works"/>
    <testcase time="0" classname="character(0)" name="tbl_hierarchical_rate_by_grade_works"/>
    <testcase time="0" classname="character(0)" name="tbl_hierarchical_rate_by_grade_works"/>
  </testsuite>
  <testsuite name="tbl_hierarchical_rate_by_grade" timestamp="2026-03-09T13:35:45Z" hostname="5cee463b2522" tests="4" skipped="0" failures="0" errors="0" time="0.006">
    <testcase time="0.00300000000000011" classname="character(0)" name="tbl_hierarchical_rate_by_grade_include_overall_works"/>
    <testcase time="0.00100000000000477" classname="character(0)" name="tbl_hierarchical_rate_by_grade_include_overall_works"/>
    <testcase time="0.00100000000000477" classname="character(0)" name="tbl_hierarchical_rate_by_grade_include_overall_works"/>
    <testcase time="0.000999999999990564" classname="character(0)" name="tbl_hierarchical_rate_by_grade_include_overall_works"/>
  </testsuite>
  <testsuite name="tbl_hierarchical_rate_by_grade" timestamp="2026-03-09T13:35:45Z" hostname="5cee463b2522" tests="2" skipped="0" failures="0" errors="0" time="0.002">
    <testcase time="0.00100000000000477" classname="character(0)" name="tbl_hierarchical_rate_by_grade_works_with_add_overall_"/>
    <testcase time="0.00100000000000477" classname="character(0)" name="tbl_hierarchical_rate_by_grade_works_with_add_overall_"/>
  </testsuite>
  <testsuite name="tbl_hierarchical_rate_by_grade" timestamp="2026-03-09T13:35:45Z" hostname="5cee463b2522" tests="5" skipped="0" failures="0" errors="0" time="0.004">
    <testcase time="0.00199999999999534" classname="character(0)" name="tbl_hierarchical_rate_by_grade_sort_works"/>
    <testcase time="0" classname="character(0)" name="tbl_hierarchical_rate_by_grade_sort_works"/>
    <testcase time="0.00100000000000477" classname="character(0)" name="tbl_hierarchical_rate_by_grade_sort_works"/>
    <testcase time="0" classname="character(0)" name="tbl_hierarchical_rate_by_grade_sort_works"/>
    <testcase time="0.000999999999990564" classname="character(0)" name="tbl_hierarchical_rate_by_grade_sort_works"/>
  </testsuite>
  <testsuite name="tbl_hierarchical_rate_by_grade" timestamp="2026-03-09T13:35:45Z" hostname="5cee463b2522" tests="4" skipped="0" failures="0" errors="0" time="0.003">
    <testcase time="0.00100000000000477" classname="character(0)" name="tbl_hierarchical_rate_by_grade_filter_works"/>
    <testcase time="0.00100000000000477" classname="character(0)" name="tbl_hierarchical_rate_by_grade_filter_works"/>
    <testcase time="0" classname="character(0)" name="tbl_hierarchical_rate_by_grade_filter_works"/>
    <testcase time="0.000999999999990564" classname="character(0)" name="tbl_hierarchical_rate_by_grade_filter_works"/>
  </testsuite>
  <testsuite name="tbl_hierarchical_rate_by_grade" timestamp="2026-03-09T13:35:45Z" hostname="5cee463b2522" tests="1" skipped="0" failures="0" errors="0" time="0.001">
    <testcase time="0.00100000000000477" classname="character(0)" name="tbl_hierarchical_rate_by_grade_works_with_non_factor_grade_variables"/>
  </testsuite>
  <testsuite name="tbl_hierarchical_rate_by_grade" timestamp="2026-03-09T13:35:45Z" hostname="5cee463b2522" tests="1" skipped="0" failures="0" errors="0" time="0.002">
    <testcase time="0.00199999999999534" classname="character(0)" name="tbl_hierarchical_rate_by_grade_grade_groups_works_with_some_grades_not_in_groups"/>
  </testsuite>
  <testsuite name="tbl_hierarchical_rate_by_grade" timestamp="2026-03-09T13:35:45Z" hostname="5cee463b2522" tests="4" skipped="0" failures="0" errors="0" time="0.003">
    <testcase time="0.00100000000000477" classname="character(0)" name="tbl_hierarchical_rate_by_grade_grades_exclude_works"/>
    <testcase time="0.00100000000000477" classname="character(0)" name="tbl_hierarchical_rate_by_grade_grades_exclude_works"/>
    <testcase time="0" classname="character(0)" name="tbl_hierarchical_rate_by_grade_grades_exclude_works"/>
    <testcase time="0.000999999999990564" classname="character(0)" name="tbl_hierarchical_rate_by_grade_grades_exclude_works"/>
  </testsuite>
  <testsuite name="tbl_hierarchical_rate_by_grade" timestamp="2026-03-09T13:35:45Z" hostname="5cee463b2522" tests="3" skipped="0" failures="0" errors="0" time="0.003">
    <testcase time="0.00200000000000955" classname="character(0)" name="tbl_hierarchical_rate_by_grade_keep_zero_rows_works"/>
    <testcase time="0" classname="character(0)" name="tbl_hierarchical_rate_by_grade_keep_zero_rows_works"/>
    <testcase time="0.000999999999990564" classname="character(0)" name="tbl_hierarchical_rate_by_grade_keep_zero_rows_works"/>
  </testsuite>
  <testsuite name="tbl_hierarchical_rate_by_grade" timestamp="2026-03-09T13:35:45Z" hostname="5cee463b2522" tests="4" skipped="0" failures="0" errors="0" time="0.003">
    <testcase time="0.00100000000000477" classname="character(0)" name="tbl_hierarchical_rate_by_grade_error_messaging_works"/>
    <testcase time="0.00100000000000477" classname="character(0)" name="tbl_hierarchical_rate_by_grade_error_messaging_works"/>
    <testcase time="0" classname="character(0)" name="tbl_hierarchical_rate_by_grade_error_messaging_works"/>
    <testcase time="0.000999999999990564" classname="character(0)" name="tbl_hierarchical_rate_by_grade_error_messaging_works"/>
  </testsuite>
  <testsuite name="tbl_survfit_quantiles" timestamp="2026-03-09T13:35:47Z" hostname="5cee463b2522" tests="7" skipped="0" failures="0" errors="0" time="2.102">
    <testcase time="2.098" classname="character(0)" name="tbl_survfit_quantiles_works"/>
    <testcase time="0.00100000000000477" classname="character(0)" name="tbl_survfit_quantiles_works"/>
    <testcase time="0.00100000000000477" classname="character(0)" name="tbl_survfit_quantiles_works"/>
    <testcase time="0.000999999999990564" classname="character(0)" name="tbl_survfit_quantiles_works"/>
    <testcase time="0" classname="character(0)" name="tbl_survfit_quantiles_works"/>
    <testcase time="0" classname="character(0)" name="tbl_survfit_quantiles_works"/>
    <testcase time="0.00100000000000477" classname="character(0)" name="tbl_survfit_quantiles_works"/>
  </testsuite>
  <testsuite name="tbl_survfit_quantiles" timestamp="2026-03-09T13:35:47Z" hostname="5cee463b2522" tests="2" skipped="0" failures="0" errors="0" time="0.004">
    <testcase time="0.00300000000000011" classname="character(0)" name="tbl_survfit_quantiles_by_messaging"/>
    <testcase time="0.000999999999990564" classname="character(0)" name="tbl_survfit_quantiles_by_messaging"/>
  </testsuite>
  <testsuite name="tbl_survfit_quantiles" timestamp="2026-03-09T13:35:47Z" hostname="5cee463b2522" tests="1" skipped="0" failures="0" errors="0" time="0.001">
    <testcase time="0.00100000000000477" classname="character(0)" name="tbl_survfit_quantiles_estimate_fun_"/>
  </testsuite>
  <testsuite name="tbl_survfit_quantiles" timestamp="2026-03-09T13:35:47Z" hostname="5cee463b2522" tests="1" skipped="0" failures="0" errors="0" time="0.002">
    <testcase time="0.00199999999999534" classname="character(0)" name="tbl_survfit_quantiles_method.args_"/>
  </testsuite>
  <testsuite name="tbl_survfit_quantiles" timestamp="2026-03-09T13:35:47Z" hostname="5cee463b2522" tests="1" skipped="0" failures="0" errors="0" time="0.002">
    <testcase time="0.00200000000000955" classname="character(0)" name="add_overall.tbl_survfit_quantiles_works"/>
  </testsuite>
  <testsuite name="tbl_survfit_times" timestamp="2026-03-09T13:35:49Z" hostname="5cee463b2522" tests="7" skipped="0" failures="0" errors="0" time="1.375">
    <testcase time="1.372" classname="character(0)" name="tbl_survfit_times_works"/>
    <testcase time="0" classname="character(0)" name="tbl_survfit_times_works"/>
    <testcase time="0.000999999999990564" classname="character(0)" name="tbl_survfit_times_works"/>
    <testcase time="0" classname="character(0)" name="tbl_survfit_times_works"/>
    <testcase time="0.00100000000000477" classname="character(0)" name="tbl_survfit_times_works"/>
    <testcase time="0" classname="character(0)" name="tbl_survfit_times_works"/>
    <testcase time="0.00100000000000477" classname="character(0)" name="tbl_survfit_times_works"/>
  </testsuite>
  <testsuite name="tbl_survfit_times" timestamp="2026-03-09T13:35:49Z" hostname="5cee463b2522" tests="2" skipped="0" failures="0" errors="0" time="0.002">
    <testcase time="0.00199999999999534" classname="character(0)" name="tbl_survfit_times_by_messaging"/>
    <testcase time="0" classname="character(0)" name="tbl_survfit_times_by_messaging"/>
  </testsuite>
  <testsuite name="tbl_survfit_times" timestamp="2026-03-09T13:35:49Z" hostname="5cee463b2522" tests="1" skipped="0" failures="0" errors="0" time="0.002">
    <testcase time="0.00199999999999534" classname="character(0)" name="add_overall.tbl_survfit_times_works"/>
  </testsuite>
  <testsuite name="theme_gtsummary_roche" timestamp="2026-03-09T13:35:52Z" hostname="5cee463b2522" tests="1" skipped="0" failures="0" errors="0" time="3.525">
    <testcase time="3.52500000000001" classname="character(0)" name="theme_gtsummary_roche_works"/>
  </testsuite>
  <testsuite name="theme_gtsummary_roche" timestamp="2026-03-09T13:35:52Z" hostname="5cee463b2522" tests="1" skipped="0" failures="0" errors="0" time="0.001">
    <testcase time="0.000999999999990564" classname="character(0)" name="theme_gtsummary_roche_adds_relevant_flextable_directives"/>
  </testsuite>
  <testsuite name="theme_gtsummary_roche" timestamp="2026-03-09T13:35:52Z" hostname="5cee463b2522" tests="1" skipped="0" failures="0" errors="0" time="0.002">
    <testcase time="0.00200000000000955" classname="character(0)" name="theme_gtsummary_roche_no_errors_with_a_gt_print"/>
  </testsuite>
  <testsuite name="theme_gtsummary_roche" timestamp="2026-03-09T13:35:52Z" hostname="5cee463b2522" tests="7" skipped="0" failures="0" errors="0" time="0.005">
    <testcase time="0.00199999999999534" classname="character(0)" name="theme_gtsummary_roche_styles_tbl_hierarchical_results"/>
    <testcase time="0" classname="character(0)" name="theme_gtsummary_roche_styles_tbl_hierarchical_results"/>
    <testcase time="0.00100000000000477" classname="character(0)" name="theme_gtsummary_roche_styles_tbl_hierarchical_results"/>
    <testcase time="0" classname="character(0)" name="theme_gtsummary_roche_styles_tbl_hierarchical_results"/>
    <testcase time="0.000999999999990564" classname="character(0)" name="theme_gtsummary_roche_styles_tbl_hierarchical_results"/>
    <testcase time="0" classname="character(0)" name="theme_gtsummary_roche_styles_tbl_hierarchical_results"/>
    <testcase time="0.00100000000000477" classname="character(0)" name="theme_gtsummary_roche_styles_tbl_hierarchical_results"/>
  </testsuite>
  <testsuite name="theme_gtsummary_roche" timestamp="2026-03-09T13:35:52Z" hostname="5cee463b2522" tests="1" skipped="0" failures="0" errors="0" time="0.001">
    <testcase time="0.00100000000000477" classname="character(0)" name="with_assign_summary_type_arg_cat_threshold_0L_each_data_type_is_always_mapped_as_it_is"/>
  </testsuite>
  <testsuite name="theme_gtsummary_roche" timestamp="2026-03-09T13:35:52Z" hostname="5cee463b2522" tests="2" skipped="0" failures="0" errors="0" time="0.002">
    <testcase time="0.00199999999999534" classname="character(0)" name="theme_pre_conversion_modifies_header_not_to_be_bold_and_border_only_0.5"/>
    <testcase time="0" classname="character(0)" name="theme_pre_conversion_modifies_header_not_to_be_bold_and_border_only_0.5"/>
  </testsuite>
</testsuites>
