<?xml version="1.0" encoding="UTF-8"?>
<testsuites>
  <testsuite name="add_blank_rows" timestamp="2026-03-03T16:40:26Z" hostname="2ec45e2484a5" tests="1" skipped="0" failures="0" errors="0" time="7.468">
    <testcase time="7.468" classname="character(0)" name="add_blank_rows_works"/>
  </testsuite>
  <testsuite name="add_blank_rows" timestamp="2026-03-03T16:40:26Z" hostname="2ec45e2484a5" tests="2" skipped="0" failures="0" errors="0" time="0.021">
    <testcase time="0.0199999999999996" classname="character(0)" name="add_blank_rows_variables_works"/>
    <testcase time="0.00100000000000122" classname="character(0)" name="add_blank_rows_variables_works"/>
  </testsuite>
  <testsuite name="add_blank_rows" timestamp="2026-03-03T16:40:26Z" hostname="2ec45e2484a5" tests="1" skipped="0" failures="0" errors="0" time="0.025">
    <testcase time="0.0249999999999986" classname="character(0)" name="add_blank_rows_variables_grade_is_last_row_then_table_identical"/>
  </testsuite>
  <testsuite name="add_blank_rows" timestamp="2026-03-03T16:40:26Z" hostname="2ec45e2484a5" tests="1" skipped="0" failures="0" errors="0" time="0.003">
    <testcase time="0.00300000000000011" classname="character(0)" name="add_blank_rows_variable_level_works"/>
  </testsuite>
  <testsuite name="add_blank_rows" timestamp="2026-03-03T16:40:26Z" hostname="2ec45e2484a5" tests="1" skipped="0" failures="0" errors="0" time="0.001">
    <testcase time="0.00100000000000122" classname="character(0)" name="add_blank_rows_error_message"/>
  </testsuite>
  <testsuite name="add_blank_rows" timestamp="2026-03-03T16:40:26Z" hostname="2ec45e2484a5" tests="2" skipped="0" failures="0" errors="0" time="0.003">
    <testcase time="0.00199999999999889" classname="character(0)" name="add_blank_rows_row_numbers_error"/>
    <testcase time="0.00100000000000122" classname="character(0)" name="add_blank_rows_row_numbers_error"/>
  </testsuite>
  <testsuite name="add_blank_rows" timestamp="2026-03-03T16:40:26Z" hostname="2ec45e2484a5" tests="1" skipped="0" failures="0" errors="0" time="0.002">
    <testcase time="0.00199999999999889" classname="character(0)" name="add_blank_rows_errors_when_no_variable"/>
  </testsuite>
  <testsuite name="add_difference_row" timestamp="2026-03-03T16:40:29Z" hostname="2ec45e2484a5" tests="8" skipped="0" failures="0" errors="0" time="2.626">
    <testcase time="2.621" classname="character(0)" name="add_difference_row.tbl_survfit_times_works"/>
    <testcase time="0.000999999999999446" classname="character(0)" name="add_difference_row.tbl_survfit_times_works"/>
    <testcase time="0.00100000000000122" classname="character(0)" name="add_difference_row.tbl_survfit_times_works"/>
    <testcase time="0" classname="character(0)" name="add_difference_row.tbl_survfit_times_works"/>
    <testcase time="0.000999999999999446" classname="character(0)" name="add_difference_row.tbl_survfit_times_works"/>
    <testcase time="0.000999999999999446" classname="character(0)" name="add_difference_row.tbl_survfit_times_works"/>
    <testcase time="0" classname="character(0)" name="add_difference_row.tbl_survfit_times_works"/>
    <testcase time="0.00100000000000122" classname="character(0)" name="add_difference_row.tbl_survfit_times_works"/>
  </testsuite>
  <testsuite name="add_difference_row" timestamp="2026-03-03T16:40:29Z" hostname="2ec45e2484a5" tests="2" skipped="0" failures="0" errors="0" time="0.003">
    <testcase time="0.00199999999999889" classname="character(0)" name="add_difference_row.tbl_survfit_times_error_messaging_works"/>
    <testcase time="0.00100000000000122" classname="character(0)" name="add_difference_row.tbl_survfit_times_error_messaging_works"/>
  </testsuite>
  <testsuite name="add_hierarchical_count_row" timestamp="2026-03-03T16:40:33Z" hostname="2ec45e2484a5" tests="4" skipped="0" failures="0" errors="0" time="3.917">
    <testcase time="3.915" classname="character(0)" name="add_hierarchical_count_row_works"/>
    <testcase time="0" classname="character(0)" name="add_hierarchical_count_row_works"/>
    <testcase time="0.000999999999999446" classname="character(0)" name="add_hierarchical_count_row_works"/>
    <testcase time="0.00100000000000122" classname="character(0)" name="add_hierarchical_count_row_works"/>
  </testsuite>
  <testsuite name="add_hierarchical_count_row" timestamp="2026-03-03T16:40:33Z" hostname="2ec45e2484a5" tests="2" skipped="0" failures="0" errors="0" time="0.003">
    <testcase time="0.00199999999999889" classname="character(0)" name="add_hierarchical_count_row_data_preprocess_works"/>
    <testcase time="0.00100000000000122" classname="character(0)" name="add_hierarchical_count_row_data_preprocess_works"/>
  </testsuite>
  <testsuite name="gg_km" timestamp="2026-03-03T16:40:35Z" hostname="2ec45e2484a5" tests="5" skipped="0" failures="0" errors="0" time="1.794">
    <testcase time="1.789" classname="character(0)" name="gg_km_works_with_default_inputs"/>
    <testcase time="0.00100000000000122" classname="character(0)" name="gg_km_works_with_default_inputs"/>
    <testcase time="0.00100000000000122" classname="character(0)" name="gg_km_works_with_default_inputs"/>
    <testcase time="0.00199999999999889" classname="character(0)" name="gg_km_works_with_default_inputs"/>
    <testcase time="0.00100000000000122" classname="character(0)" name="gg_km_works_with_default_inputs"/>
  </testsuite>
  <testsuite name="gg_km" timestamp="2026-03-03T16:40:35Z" hostname="2ec45e2484a5" tests="2" skipped="0" failures="0" errors="0" time="0.004">
    <testcase time="0.00300000000000011" classname="character(0)" name="df2gg_works_with_proper_x_axis_and_without"/>
    <testcase time="0.000999999999997669" classname="character(0)" name="df2gg_works_with_proper_x_axis_and_without"/>
  </testsuite>
  <testsuite name="gg_lineplot" timestamp="2026-03-03T16:40:35Z" hostname="2ec45e2484a5" tests="11" skipped="0" failures="0" errors="0" time="0.386">
    <testcase time="0.379000000000001" classname="character(0)" name="calc_stats_works_correctly"/>
    <testcase time="0.00100000000000122" classname="character(0)" name="calc_stats_works_correctly"/>
    <testcase time="0" classname="character(0)" name="calc_stats_works_correctly"/>
    <testcase time="0.000999999999997669" classname="character(0)" name="calc_stats_works_correctly"/>
    <testcase time="0.00100000000000122" classname="character(0)" name="calc_stats_works_correctly"/>
    <testcase time="0" classname="character(0)" name="calc_stats_works_correctly"/>
    <testcase time="0.00100000000000122" classname="character(0)" name="calc_stats_works_correctly"/>
    <testcase time="0.000999999999997669" classname="character(0)" name="calc_stats_works_correctly"/>
    <testcase time="0.00100000000000122" classname="character(0)" name="calc_stats_works_correctly"/>
    <testcase time="0" classname="character(0)" name="calc_stats_works_correctly"/>
    <testcase time="0.00100000000000122" classname="character(0)" name="calc_stats_works_correctly"/>
  </testsuite>
  <testsuite name="gg_lineplot" timestamp="2026-03-03T16:40:35Z" hostname="2ec45e2484a5" tests="4" skipped="0" failures="0" errors="0" time="0.004">
    <testcase time="0.00199999999999889" classname="character(0)" name="g_lineplot_works_correctly"/>
    <testcase time="0.00100000000000122" classname="character(0)" name="g_lineplot_works_correctly"/>
    <testcase time="0.000999999999997669" classname="character(0)" name="g_lineplot_works_correctly"/>
    <testcase time="0" classname="character(0)" name="g_lineplot_works_correctly"/>
  </testsuite>
  <testsuite name="gg_lineplot" timestamp="2026-03-03T16:40:35Z" hostname="2ec45e2484a5" tests="3" skipped="0" failures="0" errors="0" time="0.003">
    <testcase time="0.00199999999999889" classname="character(0)" name="g_lineplot_table_works_correctly"/>
    <testcase time="0.00100000000000122" classname="character(0)" name="g_lineplot_table_works_correctly"/>
    <testcase time="0" classname="character(0)" name="g_lineplot_table_works_correctly"/>
  </testsuite>
  <testsuite name="gg_lineplot" timestamp="2026-03-03T16:40:35Z" hostname="2ec45e2484a5" tests="13" skipped="0" failures="0" errors="0" time="0.01">
    <testcase time="0.00199999999999889" classname="character(0)" name="preprocess_lineplot_data_works_correctly"/>
    <testcase time="0.00100000000000122" classname="character(0)" name="preprocess_lineplot_data_works_correctly"/>
    <testcase time="0.00100000000000122" classname="character(0)" name="preprocess_lineplot_data_works_correctly"/>
    <testcase time="0" classname="character(0)" name="preprocess_lineplot_data_works_correctly"/>
    <testcase time="0.000999999999997669" classname="character(0)" name="preprocess_lineplot_data_works_correctly"/>
    <testcase time="0.00100000000000122" classname="character(0)" name="preprocess_lineplot_data_works_correctly"/>
    <testcase time="0" classname="character(0)" name="preprocess_lineplot_data_works_correctly"/>
    <testcase time="0.00100000000000122" classname="character(0)" name="preprocess_lineplot_data_works_correctly"/>
    <testcase time="0.000999999999997669" classname="character(0)" name="preprocess_lineplot_data_works_correctly"/>
    <testcase time="0" classname="character(0)" name="preprocess_lineplot_data_works_correctly"/>
    <testcase time="0.00100000000000122" classname="character(0)" name="preprocess_lineplot_data_works_correctly"/>
    <testcase time="0.00100000000000122" classname="character(0)" name="preprocess_lineplot_data_works_correctly"/>
    <testcase time="0" classname="character(0)" name="preprocess_lineplot_data_works_correctly"/>
  </testsuite>
  <testsuite name="label_roche" timestamp="2026-03-03T16:40:35Z" hostname="2ec45e2484a5" tests="1" skipped="0" failures="0" errors="0" time="0.086">
    <testcase time="0.0860000000000021" classname="character(0)" name="style_roche_pvalue_works"/>
  </testsuite>
  <testsuite name="label_roche" timestamp="2026-03-03T16:40:35Z" hostname="2ec45e2484a5" tests="3" skipped="0" failures="0" errors="0" time="0.002">
    <testcase time="0.00199999999999889" classname="character(0)" name="style_roche_percent_works"/>
    <testcase time="0" classname="character(0)" name="style_roche_percent_works"/>
    <testcase time="0" classname="character(0)" name="style_roche_percent_works"/>
  </testsuite>
  <testsuite name="label_roche" timestamp="2026-03-03T16:40:35Z" hostname="2ec45e2484a5" tests="2" skipped="0" failures="0" errors="0" time="0.003">
    <testcase time="0.00199999999999889" classname="character(0)" name="style_roche_ratio_works"/>
    <testcase time="0.00100000000000122" classname="character(0)" name="style_roche_ratio_works"/>
  </testsuite>
  <testsuite name="label_roche" timestamp="2026-03-03T16:40:35Z" hostname="2ec45e2484a5" tests="2" skipped="0" failures="0" errors="0" time="0.002">
    <testcase time="0.00199999999999889" classname="character(0)" name="style_roche_number_works"/>
    <testcase time="0" classname="character(0)" name="style_roche_number_works"/>
  </testsuite>
  <testsuite name="modify_header_rm_md" timestamp="2026-03-03T16:40:38Z" hostname="2ec45e2484a5" tests="2" skipped="0" failures="0" errors="0" time="2.408">
    <testcase time="2.407" classname="character(0)" name="strip_md_bold_works_with_gtsummary_table"/>
    <testcase time="0.00100000000000122" classname="character(0)" name="strip_md_bold_works_with_gtsummary_table"/>
  </testsuite>
  <testsuite name="modify_zero_recode" timestamp="2026-03-03T16:40:39Z" hostname="2ec45e2484a5" tests="2" skipped="0" failures="0" errors="0" time="1.022">
    <testcase time="1.021" classname="character(0)" name="modify_zero_recode_works"/>
    <testcase time="0.00100000000000122" classname="character(0)" name="modify_zero_recode_works"/>
  </testsuite>
  <testsuite name="add_forest" timestamp="2026-03-03T16:40:52Z" hostname="2ec45e2484a5" tests="3" skipped="0" failures="0" errors="0" time="13.499">
    <testcase time="13.498" classname="character(0)" name="add_forest_table_engine_flextable_works"/>
    <testcase time="0" classname="character(0)" name="add_forest_table_engine_flextable_works"/>
    <testcase time="0.00100000000000477" classname="character(0)" name="add_forest_table_engine_flextable_works"/>
  </testsuite>
  <testsuite name="add_forest" timestamp="2026-03-03T16:40:52Z" hostname="2ec45e2484a5" tests="5" skipped="0" failures="0" errors="0" time="0.005">
    <testcase time="0.00199999999999534" classname="character(0)" name="add_forest_handles_extreme_limits_and_character_NA_p_values_safely"/>
    <testcase time="0.00100000000000477" classname="character(0)" name="add_forest_handles_extreme_limits_and_character_NA_p_values_safely"/>
    <testcase time="0.000999999999997669" classname="character(0)" name="add_forest_handles_extreme_limits_and_character_NA_p_values_safely"/>
    <testcase time="0" classname="character(0)" name="add_forest_handles_extreme_limits_and_character_NA_p_values_safely"/>
    <testcase time="0.000999999999997669" classname="character(0)" name="add_forest_handles_extreme_limits_and_character_NA_p_values_safely"/>
  </testsuite>
  <testsuite name="tbl_hierarchical_rate_and_count" timestamp="2026-03-03T16:41:13Z" hostname="2ec45e2484a5" tests="6" skipped="0" failures="0" errors="0" time="20.652">
    <testcase time="20.649" classname="character(0)" name="tbl_hierarchical_rate_and_count_works"/>
    <testcase time="0.00100000000000477" classname="character(0)" name="tbl_hierarchical_rate_and_count_works"/>
    <testcase time="0" classname="character(0)" name="tbl_hierarchical_rate_and_count_works"/>
    <testcase time="0.000999999999997669" classname="character(0)" name="tbl_hierarchical_rate_and_count_works"/>
    <testcase time="0" classname="character(0)" name="tbl_hierarchical_rate_and_count_works"/>
    <testcase time="0.000999999999997669" classname="character(0)" name="tbl_hierarchical_rate_and_count_works"/>
  </testsuite>
  <testsuite name="tbl_hierarchical_rate_and_count" timestamp="2026-03-03T16:41:13Z" hostname="2ec45e2484a5" tests="2" skipped="0" failures="0" errors="0" time="0.002">
    <testcase time="0.00100000000000477" classname="character(0)" name="tbl_hierarchical_rate_and_count_sort_"/>
    <testcase time="0.000999999999997669" classname="character(0)" name="tbl_hierarchical_rate_and_count_sort_"/>
  </testsuite>
  <testsuite name="tbl_hierarchical_rate_and_count" timestamp="2026-03-03T16:41:13Z" hostname="2ec45e2484a5" tests="1" skipped="0" failures="0" errors="0" time="0.001">
    <testcase time="0.000999999999997669" classname="character(0)" name="tbl_hierarchical_rate_and_count_digits_styling_defaults_to_gtsummary"/>
  </testsuite>
  <testsuite name="tbl_hierarchical_rate_and_count" timestamp="2026-03-03T16:41:13Z" hostname="2ec45e2484a5" tests="2" skipped="0" failures="0" errors="0" time="0.002">
    <testcase time="0.00200000000000244" classname="character(0)" name="tbl_hierarchical_rate_and_count_works_only_with_2_or_3_variables"/>
    <testcase time="0" classname="character(0)" name="tbl_hierarchical_rate_and_count_works_only_with_2_or_3_variables"/>
  </testsuite>
  <testsuite name="tbl_baseline_chg" timestamp="2026-03-03T16:41:13Z" hostname="2ec45e2484a5" tests="3" skipped="0" failures="0" errors="0" time="0.575">
    <testcase time="0.573" classname="character(0)" name="tbl_baseline_chg_works"/>
    <testcase time="0.000999999999997669" classname="character(0)" name="tbl_baseline_chg_works"/>
    <testcase time="0.00100000000000477" classname="character(0)" name="tbl_baseline_chg_works"/>
  </testsuite>
  <testsuite name="tbl_baseline_chg" timestamp="2026-03-03T16:41:13Z" hostname="2ec45e2484a5" tests="2" skipped="0" failures="0" errors="0" time="0.003">
    <testcase time="0.00199999999999534" classname="character(0)" name="tbl_baseline_chg_works_with_no_by_variable"/>
    <testcase time="0.00100000000000477" classname="character(0)" name="tbl_baseline_chg_works_with_no_by_variable"/>
  </testsuite>
  <testsuite name="tbl_baseline_chg" timestamp="2026-03-03T16:41:13Z" hostname="2ec45e2484a5" tests="2" skipped="0" failures="0" errors="0" time="0.004">
    <testcase time="0.00300000000000011" classname="character(0)" name="add_overall.tbl_baseline_chg_works"/>
    <testcase time="0.000999999999997669" classname="character(0)" name="add_overall.tbl_baseline_chg_works"/>
  </testsuite>
  <testsuite name="tbl_baseline_chg" timestamp="2026-03-03T16:41:13Z" hostname="2ec45e2484a5" tests="2" skipped="0" failures="0" errors="0" time="0.003">
    <testcase time="0.00200000000000244" classname="character(0)" name="add_overall.tbl_baseline_chg_messaging"/>
    <testcase time="0.000999999999997669" classname="character(0)" name="add_overall.tbl_baseline_chg_messaging"/>
  </testsuite>
  <testsuite name="tbl_baseline_chg" timestamp="2026-03-03T16:41:13Z" hostname="2ec45e2484a5" tests="4" skipped="0" failures="0" errors="0" time="0.005">
    <testcase time="0.00300000000000011" classname="character(0)" name="tbl_baseline_chg_throws_error_when_required_arguments_are_missing"/>
    <testcase time="0" classname="character(0)" name="tbl_baseline_chg_throws_error_when_required_arguments_are_missing"/>
    <testcase time="0.000999999999997669" classname="character(0)" name="tbl_baseline_chg_throws_error_when_required_arguments_are_missing"/>
    <testcase time="0.000999999999997669" classname="character(0)" name="tbl_baseline_chg_throws_error_when_required_arguments_are_missing"/>
  </testsuite>
  <testsuite name="tbl_baseline_chg" timestamp="2026-03-03T16:41:13Z" hostname="2ec45e2484a5" tests="1" skipped="0" failures="0" errors="0" time="0.001">
    <testcase time="0.00100000000000477" classname="character(0)" name="tbl_baseline_chg_messaging"/>
  </testsuite>
  <testsuite name="tbl_baseline_chg" timestamp="2026-03-03T16:41:13Z" hostname="2ec45e2484a5" tests="1" skipped="0" failures="0" errors="0" time="0.001">
    <testcase time="0.000999999999997669" classname="character(0)" name="gather_ard_works_on_output_table"/>
  </testsuite>
  <testsuite name="tbl_listing" timestamp="2026-03-03T16:41:14Z" hostname="2ec45e2484a5" tests="1" skipped="0" failures="0" errors="0" time="0.658">
    <testcase time="0.658000000000001" classname="character(0)" name="tbl_listing_works_with_default_values"/>
  </testsuite>
  <testsuite name="tbl_listing" timestamp="2026-03-03T16:41:14Z" hostname="2ec45e2484a5" tests="3" skipped="0" failures="0" errors="0" time="0.005">
    <testcase time="0.00300000000000011" classname="character(0)" name="tbl_listing_add_blanks_rows_works_with_standard_values"/>
    <testcase time="0.00100000000000477" classname="character(0)" name="tbl_listing_add_blanks_rows_works_with_standard_values"/>
    <testcase time="0.000999999999997669" classname="character(0)" name="tbl_listing_add_blanks_rows_works_with_standard_values"/>
  </testsuite>
  <testsuite name="tbl_listing" timestamp="2026-03-03T16:41:14Z" hostname="2ec45e2484a5" tests="3" skipped="0" failures="0" errors="0" time="0.005">
    <testcase time="0.00300000000000011" classname="character(0)" name="tbl_listing_split_by_rows_works_with_standard_values"/>
    <testcase time="0.000999999999997669" classname="character(0)" name="tbl_listing_split_by_rows_works_with_standard_values"/>
    <testcase time="0.00100000000000477" classname="character(0)" name="tbl_listing_split_by_rows_works_with_standard_values"/>
  </testsuite>
  <testsuite name="tbl_listing" timestamp="2026-03-03T16:41:14Z" hostname="2ec45e2484a5" tests="3" skipped="0" failures="0" errors="0" time="0.004">
    <testcase time="0.00199999999999534" classname="character(0)" name="tbl_listing_split_by_rows_add_blank_rows_works_with_standard_values"/>
    <testcase time="0.00100000000000477" classname="character(0)" name="tbl_listing_split_by_rows_add_blank_rows_works_with_standard_values"/>
    <testcase time="0.000999999999997669" classname="character(0)" name="tbl_listing_split_by_rows_add_blank_rows_works_with_standard_values"/>
  </testsuite>
  <testsuite name="tbl_listing" timestamp="2026-03-03T16:41:14Z" hostname="2ec45e2484a5" tests="3" skipped="0" failures="0" errors="0" time="0.003">
    <testcase time="0.00200000000000244" classname="character(0)" name="tbl_listing_split_by_columns_works_with_standard_values"/>
    <testcase time="0" classname="character(0)" name="tbl_listing_split_by_columns_works_with_standard_values"/>
    <testcase time="0.000999999999997669" classname="character(0)" name="tbl_listing_split_by_columns_works_with_standard_values"/>
  </testsuite>
  <testsuite name="tbl_listing" timestamp="2026-03-03T16:41:14Z" hostname="2ec45e2484a5" tests="5" skipped="0" failures="0" errors="0" time="0.003">
    <testcase time="0.000999999999997669" classname="character(0)" name="tbl_listing_split_by_rows_split_by_columns_works_with_standard_values"/>
    <testcase time="0.00100000000000477" classname="character(0)" name="tbl_listing_split_by_rows_split_by_columns_works_with_standard_values"/>
    <testcase time="0" classname="character(0)" name="tbl_listing_split_by_rows_split_by_columns_works_with_standard_values"/>
    <testcase time="0.000999999999997669" classname="character(0)" name="tbl_listing_split_by_rows_split_by_columns_works_with_standard_values"/>
    <testcase time="0" classname="character(0)" name="tbl_listing_split_by_rows_split_by_columns_works_with_standard_values"/>
  </testsuite>
  <testsuite name="tbl_listing" timestamp="2026-03-03T16:41:14Z" hostname="2ec45e2484a5" tests="2" skipped="0" failures="0" errors="0" time="0.002">
    <testcase time="0.00100000000000477" classname="character(0)" name="remove_duplicate_keys_works_with_standard_values"/>
    <testcase time="0.000999999999997669" classname="character(0)" name="remove_duplicate_keys_works_with_standard_values"/>
  </testsuite>
  <testsuite name="tbl_listing" timestamp="2026-03-03T16:41:14Z" hostname="2ec45e2484a5" tests="1" skipped="0" failures="0" errors="0" time="0.001">
    <testcase time="0.000999999999997669" classname="character(0)" name="remove_duplicate_keys_works_with_unique_and_duplicated_values"/>
  </testsuite>
  <testsuite name="tbl_null_report" timestamp="2026-03-03T16:41:14Z" hostname="2ec45e2484a5" tests="3" skipped="0" failures="0" errors="0" time="0.123">
    <testcase time="0.121000000000002" classname="character(0)" name="tbl_null_report_works_correctly"/>
    <testcase time="0.000999999999997669" classname="character(0)" name="tbl_null_report_works_correctly"/>
    <testcase time="0.00100000000000477" classname="character(0)" name="tbl_null_report_works_correctly"/>
  </testsuite>
  <testsuite name="tbl_roche_subgroups" timestamp="2026-03-03T16:41:39Z" hostname="2ec45e2484a5" tests="2" skipped="0" failures="0" errors="0" time="24.869">
    <testcase time="24.868" classname="character(0)" name="tbl_roche_subgroups_time_to_event_NULL_works"/>
    <testcase time="0.00100000000000477" classname="character(0)" name="tbl_roche_subgroups_time_to_event_NULL_works"/>
  </testsuite>
  <testsuite name="tbl_roche_subgroups" timestamp="2026-03-03T16:41:39Z" hostname="2ec45e2484a5" tests="2" skipped="0" failures="0" errors="0" time="0.004">
    <testcase time="0.00300000000000011" classname="character(0)" name="tbl_roche_subgroups_time_to_event_works"/>
    <testcase time="0.000999999999990564" classname="character(0)" name="tbl_roche_subgroups_time_to_event_works"/>
  </testsuite>
  <testsuite name="tbl_roche_summary" timestamp="2026-03-03T16:41:46Z" hostname="2ec45e2484a5" tests="1" skipped="0" failures="0" errors="0" time="7.335">
    <testcase time="7.33500000000001" classname="character(0)" name="tbl_roche_summary_works"/>
  </testsuite>
  <testsuite name="tbl_roche_summary" timestamp="2026-03-03T16:41:46Z" hostname="2ec45e2484a5" tests="3" skipped="0" failures="0" errors="0" time="0.002">
    <testcase time="0.00100000000000477" classname="character(0)" name="tbl_roche_summary_add_overall_works"/>
    <testcase time="0.000999999999990564" classname="character(0)" name="tbl_roche_summary_add_overall_works"/>
    <testcase time="0" classname="character(0)" name="tbl_roche_summary_add_overall_works"/>
  </testsuite>
  <testsuite name="tbl_roche_summary" timestamp="2026-03-03T16:41:47Z" hostname="2ec45e2484a5" tests="1" skipped="0" failures="0" errors="0" time="0.002">
    <testcase time="0.00200000000000955" classname="character(0)" name="tbl_roche_summary_recode_counts_for_all_NA_column"/>
  </testsuite>
  <testsuite name="tbl_roche_summary" timestamp="2026-03-03T16:41:47Z" hostname="2ec45e2484a5" tests="2" skipped="0" failures="0" errors="0" time="0.002">
    <testcase time="0.00199999999999534" classname="character(0)" name="tbl_roche_summary_digit_estimation_works"/>
    <testcase time="0" classname="character(0)" name="tbl_roche_summary_digit_estimation_works"/>
  </testsuite>
  <testsuite name="tbl_shift" timestamp="2026-03-03T16:42:07Z" hostname="2ec45e2484a5" tests="4" skipped="0" failures="0" errors="0" time="20.091">
    <testcase time="20.088" classname="character(0)" name="tbl_shift_strata_location_"/>
    <testcase time="0.00100000000000477" classname="character(0)" name="tbl_shift_strata_location_"/>
    <testcase time="0.00100000000000477" classname="character(0)" name="tbl_shift_strata_location_"/>
    <testcase time="0.000999999999990564" classname="character(0)" name="tbl_shift_strata_location_"/>
  </testsuite>
  <testsuite name="tbl_shift" timestamp="2026-03-03T16:42:07Z" hostname="2ec45e2484a5" tests="1" skipped="0" failures="0" errors="0" time="0.003">
    <testcase time="0.00300000000000011" classname="character(0)" name="tbl_shift_by_messaging"/>
  </testsuite>
  <testsuite name="tbl_shift" timestamp="2026-03-03T16:42:07Z" hostname="2ec45e2484a5" tests="1" skipped="0" failures="0" errors="0" time="0.003">
    <testcase time="0.00300000000000011" classname="character(0)" name="tbl_shift_data_header_messaging"/>
  </testsuite>
  <testsuite name="tbl_shift" timestamp="2026-03-03T16:42:07Z" hostname="2ec45e2484a5" tests="4" skipped="0" failures="0" errors="0" time="0.003">
    <testcase time="0.00200000000000955" classname="character(0)" name="add_overall.tbl_shift_"/>
    <testcase time="0" classname="character(0)" name="add_overall.tbl_shift_"/>
    <testcase time="0.000999999999990564" classname="character(0)" name="add_overall.tbl_shift_"/>
    <testcase time="0" classname="character(0)" name="add_overall.tbl_shift_"/>
  </testsuite>
  <testsuite name="tbl_shift" timestamp="2026-03-03T16:42:07Z" hostname="2ec45e2484a5" tests="2" skipped="0" failures="0" errors="0" time="0.003">
    <testcase time="0.00200000000000955" classname="character(0)" name="add_overall.tbl_shift_messaging"/>
    <testcase time="0.000999999999990564" classname="character(0)" name="add_overall.tbl_shift_messaging"/>
  </testsuite>
  <testsuite name="tbl_shift" timestamp="2026-03-03T16:42:07Z" hostname="2ec45e2484a5" tests="2" skipped="0" failures="0" errors="0" time="0.002">
    <testcase time="0.00100000000000477" classname="character(0)" name="add_overall.tbl_shift_strata_NULL_messaging"/>
    <testcase time="0.00100000000000477" classname="character(0)" name="add_overall.tbl_shift_strata_NULL_messaging"/>
  </testsuite>
  <testsuite name="tbl_hierarchical_rate_by_grade" timestamp="2026-03-03T16:42:12Z" hostname="2ec45e2484a5" tests="7" skipped="0" failures="0" errors="0" time="5.287">
    <testcase time="5.28099999999999" classname="character(0)" name="tbl_hierarchical_rate_by_grade_works"/>
    <testcase time="0.00100000000000477" classname="character(0)" name="tbl_hierarchical_rate_by_grade_works"/>
    <testcase time="0.00100000000000477" classname="character(0)" name="tbl_hierarchical_rate_by_grade_works"/>
    <testcase time="0.000999999999990564" classname="character(0)" name="tbl_hierarchical_rate_by_grade_works"/>
    <testcase time="0.00100000000000477" classname="character(0)" name="tbl_hierarchical_rate_by_grade_works"/>
    <testcase time="0.00100000000000477" classname="character(0)" name="tbl_hierarchical_rate_by_grade_works"/>
    <testcase time="0.000999999999990564" classname="character(0)" name="tbl_hierarchical_rate_by_grade_works"/>
  </testsuite>
  <testsuite name="tbl_hierarchical_rate_by_grade" timestamp="2026-03-03T16:42:12Z" hostname="2ec45e2484a5" tests="4" skipped="0" failures="0" errors="0" time="0.006">
    <testcase time="0.00300000000000011" classname="character(0)" name="tbl_hierarchical_rate_by_grade_include_overall_works"/>
    <testcase time="0.00100000000000477" classname="character(0)" name="tbl_hierarchical_rate_by_grade_include_overall_works"/>
    <testcase time="0.00100000000000477" classname="character(0)" name="tbl_hierarchical_rate_by_grade_include_overall_works"/>
    <testcase time="0.000999999999990564" classname="character(0)" name="tbl_hierarchical_rate_by_grade_include_overall_works"/>
  </testsuite>
  <testsuite name="tbl_hierarchical_rate_by_grade" timestamp="2026-03-03T16:42:12Z" hostname="2ec45e2484a5" tests="2" skipped="0" failures="0" errors="0" time="0.003">
    <testcase time="0.00200000000000955" classname="character(0)" name="tbl_hierarchical_rate_by_grade_works_with_add_overall_"/>
    <testcase time="0.000999999999990564" classname="character(0)" name="tbl_hierarchical_rate_by_grade_works_with_add_overall_"/>
  </testsuite>
  <testsuite name="tbl_hierarchical_rate_by_grade" timestamp="2026-03-03T16:42:12Z" hostname="2ec45e2484a5" tests="5" skipped="0" failures="0" errors="0" time="0.007">
    <testcase time="0.00300000000000011" classname="character(0)" name="tbl_hierarchical_rate_by_grade_sort_works"/>
    <testcase time="0.00100000000000477" classname="character(0)" name="tbl_hierarchical_rate_by_grade_sort_works"/>
    <testcase time="0.00100000000000477" classname="character(0)" name="tbl_hierarchical_rate_by_grade_sort_works"/>
    <testcase time="0.000999999999990564" classname="character(0)" name="tbl_hierarchical_rate_by_grade_sort_works"/>
    <testcase time="0.00100000000000477" classname="character(0)" name="tbl_hierarchical_rate_by_grade_sort_works"/>
  </testsuite>
  <testsuite name="tbl_hierarchical_rate_by_grade" timestamp="2026-03-03T16:42:12Z" hostname="2ec45e2484a5" tests="4" skipped="0" failures="0" errors="0" time="0.004">
    <testcase time="0.00300000000000011" classname="character(0)" name="tbl_hierarchical_rate_by_grade_filter_works"/>
    <testcase time="0" classname="character(0)" name="tbl_hierarchical_rate_by_grade_filter_works"/>
    <testcase time="0.00100000000000477" classname="character(0)" name="tbl_hierarchical_rate_by_grade_filter_works"/>
    <testcase time="0" classname="character(0)" name="tbl_hierarchical_rate_by_grade_filter_works"/>
  </testsuite>
  <testsuite name="tbl_hierarchical_rate_by_grade" timestamp="2026-03-03T16:42:12Z" hostname="2ec45e2484a5" tests="1" skipped="0" failures="0" errors="0" time="0.002">
    <testcase time="0.00199999999999534" classname="character(0)" name="tbl_hierarchical_rate_by_grade_works_with_non_factor_grade_variables"/>
  </testsuite>
  <testsuite name="tbl_hierarchical_rate_by_grade" timestamp="2026-03-03T16:42:12Z" hostname="2ec45e2484a5" tests="1" skipped="0" failures="0" errors="0" time="0.001">
    <testcase time="0.000999999999990564" classname="character(0)" name="tbl_hierarchical_rate_by_grade_grade_groups_works_with_some_grades_not_in_groups"/>
  </testsuite>
  <testsuite name="tbl_hierarchical_rate_by_grade" timestamp="2026-03-03T16:42:12Z" hostname="2ec45e2484a5" tests="4" skipped="0" failures="0" errors="0" time="0.004">
    <testcase time="0.00200000000000955" classname="character(0)" name="tbl_hierarchical_rate_by_grade_grades_exclude_works"/>
    <testcase time="0.000999999999990564" classname="character(0)" name="tbl_hierarchical_rate_by_grade_grades_exclude_works"/>
    <testcase time="0" classname="character(0)" name="tbl_hierarchical_rate_by_grade_grades_exclude_works"/>
    <testcase time="0.00100000000000477" classname="character(0)" name="tbl_hierarchical_rate_by_grade_grades_exclude_works"/>
  </testsuite>
  <testsuite name="tbl_hierarchical_rate_by_grade" timestamp="2026-03-03T16:42:12Z" hostname="2ec45e2484a5" tests="3" skipped="0" failures="0" errors="0" time="0.002">
    <testcase time="0.00100000000000477" classname="character(0)" name="tbl_hierarchical_rate_by_grade_keep_zero_rows_works"/>
    <testcase time="0.000999999999990564" classname="character(0)" name="tbl_hierarchical_rate_by_grade_keep_zero_rows_works"/>
    <testcase time="0" classname="character(0)" name="tbl_hierarchical_rate_by_grade_keep_zero_rows_works"/>
  </testsuite>
  <testsuite name="tbl_hierarchical_rate_by_grade" timestamp="2026-03-03T16:42:12Z" hostname="2ec45e2484a5" tests="4" skipped="0" failures="0" errors="0" time="0.003">
    <testcase time="0.00200000000000955" classname="character(0)" name="tbl_hierarchical_rate_by_grade_error_messaging_works"/>
    <testcase time="0" classname="character(0)" name="tbl_hierarchical_rate_by_grade_error_messaging_works"/>
    <testcase time="0.000999999999990564" classname="character(0)" name="tbl_hierarchical_rate_by_grade_error_messaging_works"/>
    <testcase time="0" classname="character(0)" name="tbl_hierarchical_rate_by_grade_error_messaging_works"/>
  </testsuite>
  <testsuite name="tbl_survfit_quantiles" timestamp="2026-03-03T16:42:12Z" hostname="2ec45e2484a5" tests="7" skipped="0" failures="0" errors="0" time="0.255">
    <testcase time="0.253" classname="character(0)" name="tbl_survfit_quantiles_works"/>
    <testcase time="0" classname="character(0)" name="tbl_survfit_quantiles_works"/>
    <testcase time="0.00100000000000477" classname="character(0)" name="tbl_survfit_quantiles_works"/>
    <testcase time="0" classname="character(0)" name="tbl_survfit_quantiles_works"/>
    <testcase time="0" classname="character(0)" name="tbl_survfit_quantiles_works"/>
    <testcase time="0.000999999999990564" classname="character(0)" name="tbl_survfit_quantiles_works"/>
    <testcase time="0" classname="character(0)" name="tbl_survfit_quantiles_works"/>
  </testsuite>
  <testsuite name="tbl_survfit_quantiles" timestamp="2026-03-03T16:42:12Z" hostname="2ec45e2484a5" tests="2" skipped="0" failures="0" errors="0" time="0.002">
    <testcase time="0.00200000000000955" classname="character(0)" name="tbl_survfit_quantiles_by_messaging"/>
    <testcase time="0" classname="character(0)" name="tbl_survfit_quantiles_by_messaging"/>
  </testsuite>
  <testsuite name="tbl_survfit_quantiles" timestamp="2026-03-03T16:42:12Z" hostname="2ec45e2484a5" tests="1" skipped="0" failures="0" errors="0" time="0.002">
    <testcase time="0.00199999999999534" classname="character(0)" name="tbl_survfit_quantiles_estimate_fun_"/>
  </testsuite>
  <testsuite name="tbl_survfit_quantiles" timestamp="2026-03-03T16:42:12Z" hostname="2ec45e2484a5" tests="1" skipped="0" failures="0" errors="0" time="0.002">
    <testcase time="0.00199999999999534" classname="character(0)" name="tbl_survfit_quantiles_method.args_"/>
  </testsuite>
  <testsuite name="tbl_survfit_quantiles" timestamp="2026-03-03T16:42:12Z" hostname="2ec45e2484a5" tests="1" skipped="0" failures="0" errors="0" time="0.002">
    <testcase time="0.00200000000000955" classname="character(0)" name="add_overall.tbl_survfit_quantiles_works"/>
  </testsuite>
  <testsuite name="tbl_survfit_times" timestamp="2026-03-03T16:42:16Z" hostname="2ec45e2484a5" tests="7" skipped="0" failures="0" errors="0" time="3.477">
    <testcase time="3.471" classname="character(0)" name="tbl_survfit_times_works"/>
    <testcase time="0.000999999999990564" classname="character(0)" name="tbl_survfit_times_works"/>
    <testcase time="0.00100000000000477" classname="character(0)" name="tbl_survfit_times_works"/>
    <testcase time="0.00100000000000477" classname="character(0)" name="tbl_survfit_times_works"/>
    <testcase time="0.000999999999990564" classname="character(0)" name="tbl_survfit_times_works"/>
    <testcase time="0.00100000000000477" classname="character(0)" name="tbl_survfit_times_works"/>
    <testcase time="0.00100000000000477" classname="character(0)" name="tbl_survfit_times_works"/>
  </testsuite>
  <testsuite name="tbl_survfit_times" timestamp="2026-03-03T16:42:16Z" hostname="2ec45e2484a5" tests="2" skipped="0" failures="0" errors="0" time="0.004">
    <testcase time="0.0029999999999859" classname="character(0)" name="tbl_survfit_times_by_messaging"/>
    <testcase time="0.00100000000000477" classname="character(0)" name="tbl_survfit_times_by_messaging"/>
  </testsuite>
  <testsuite name="tbl_survfit_times" timestamp="2026-03-03T16:42:16Z" hostname="2ec45e2484a5" tests="1" skipped="0" failures="0" errors="0" time="0.003">
    <testcase time="0.00300000000000011" classname="character(0)" name="add_overall.tbl_survfit_times_works"/>
  </testsuite>
  <testsuite name="theme_gtsummary_roche" timestamp="2026-03-03T16:42:17Z" hostname="2ec45e2484a5" tests="1" skipped="0" failures="0" errors="0" time="1.705">
    <testcase time="1.705" classname="character(0)" name="theme_gtsummary_roche_works"/>
  </testsuite>
  <testsuite name="theme_gtsummary_roche" timestamp="2026-03-03T16:42:17Z" hostname="2ec45e2484a5" tests="1" skipped="0" failures="0" errors="0" time="0.002">
    <testcase time="0.00200000000000955" classname="character(0)" name="theme_gtsummary_roche_adds_relevant_flextable_directives"/>
  </testsuite>
  <testsuite name="theme_gtsummary_roche" timestamp="2026-03-03T16:42:17Z" hostname="2ec45e2484a5" tests="1" skipped="0" failures="0" errors="0" time="0.001">
    <testcase time="0.000999999999990564" classname="character(0)" name="theme_gtsummary_roche_no_errors_with_a_gt_print"/>
  </testsuite>
  <testsuite name="theme_gtsummary_roche" timestamp="2026-03-03T16:42:17Z" hostname="2ec45e2484a5" tests="7" skipped="0" failures="0" errors="0" time="0.005">
    <testcase time="0.00200000000000955" classname="character(0)" name="theme_gtsummary_roche_styles_tbl_hierarchical_results"/>
    <testcase time="0" classname="character(0)" name="theme_gtsummary_roche_styles_tbl_hierarchical_results"/>
    <testcase time="0.000999999999990564" classname="character(0)" name="theme_gtsummary_roche_styles_tbl_hierarchical_results"/>
    <testcase time="0" classname="character(0)" name="theme_gtsummary_roche_styles_tbl_hierarchical_results"/>
    <testcase time="0.00100000000000477" classname="character(0)" name="theme_gtsummary_roche_styles_tbl_hierarchical_results"/>
    <testcase time="0" classname="character(0)" name="theme_gtsummary_roche_styles_tbl_hierarchical_results"/>
    <testcase time="0.00100000000000477" classname="character(0)" name="theme_gtsummary_roche_styles_tbl_hierarchical_results"/>
  </testsuite>
  <testsuite name="theme_gtsummary_roche" timestamp="2026-03-03T16:42:17Z" hostname="2ec45e2484a5" tests="1" skipped="0" failures="0" errors="0" time="0.001">
    <testcase time="0.000999999999990564" classname="character(0)" name="with_assign_summary_type_arg_cat_threshold_0L_each_data_type_is_always_mapped_as_it_is"/>
  </testsuite>
  <testsuite name="theme_gtsummary_roche" timestamp="2026-03-03T16:42:17Z" hostname="2ec45e2484a5" tests="2" skipped="0" failures="0" errors="0" time="0.003">
    <testcase time="0.00200000000000955" classname="character(0)" name="theme_pre_conversion_modifies_header_not_to_be_bold_and_border_only_0.5"/>
    <testcase time="0.000999999999990564" classname="character(0)" name="theme_pre_conversion_modifies_header_not_to_be_bold_and_border_only_0.5"/>
  </testsuite>
</testsuites>
