<?xml version="1.0" encoding="UTF-8"?>
<!DOCTYPE coverage SYSTEM "https://raw.githubusercontent.com/cobertura/cobertura/master/cobertura/src/site/htdocs/xml/coverage-04.dtd">
<coverage line-rate="0.971522711226171" branch-rate="0" lines-covered="4128" lines-valid="4249" branches-covered="0" branches-valid="0" complexity="0" version="3.6.5" timestamp="2026-06-19 08:19:36.478857">
  <sources>
    <source>/__w/crane/crane/crane</source>
  </sources>
  <packages>
    <package name="crane" line-rate="0.971522711226171" branch-rate="0" complexity="0">
      <classes>
        <class name="add_blank_rows.R" filename="R/add_blank_rows.R" line-rate="1" branch-rate="0" complexity="0">
          <methods>
            <method name="add_blank_rows" signature="" line-rate="1" branch-rate="0" complexity="0">
              <lines>
                <line number="44" hits="18" branch="false"/>
                <line number="46" hits="18" branch="false"/>
                <line number="49" hits="18" branch="false"/>
                <line number="50" hits="18" branch="false"/>
                <line number="51" hits="6" branch="false"/>
                <line number="52" hits="12" branch="false"/>
                <line number="53" hits="1" branch="false"/>
                <line number="54" hits="1" branch="false"/>
                <line number="55" hits="1" branch="false"/>
                <line number="56" hits="1" branch="false"/>
                <line number="57" hits="1" branch="false"/>
                <line number="60" hits="17" branch="false"/>
                <line number="61" hits="17" branch="false"/>
                <line number="62" hits="17" branch="false"/>
                <line number="63" hits="17" branch="false"/>
                <line number="64" hits="17" branch="false"/>
                <line number="65" hits="17" branch="false"/>
                <line number="68" hits="17" branch="false"/>
                <line number="69" hits="1" branch="false"/>
                <line number="70" hits="1" branch="false"/>
                <line number="71" hits="1" branch="false"/>
                <line number="72" hits="1" branch="false"/>
                <line number="76" hits="16" branch="false"/>
                <line number="79" hits="16" branch="false"/>
                <line number="80" hits="16" branch="false"/>
                <line number="81" hits="16" branch="false"/>
                <line number="82" hits="16" branch="false"/>
                <line number="83" hits="16" branch="false"/>
                <line number="84" hits="16" branch="false"/>
                <line number="85" hits="16" branch="false"/>
                <line number="86" hits="16" branch="false"/>
                <line number="87" hits="16" branch="false"/>
                <line number="88" hits="16" branch="false"/>
                <line number="91" hits="16" branch="false"/>
                <line number="95" hits="16" branch="false"/>
                <line number="96" hits="4" branch="false"/>
                <line number="97" hits="4" branch="false"/>
                <line number="98" hits="4" branch="false"/>
                <line number="99" hits="4" branch="false"/>
                <line number="100" hits="4" branch="false"/>
                <line number="101" hits="4" branch="false"/>
                <line number="102" hits="12" branch="false"/>
                <line number="103" hits="11" branch="false"/>
                <line number="104" hits="11" branch="false"/>
                <line number="105" hits="11" branch="false"/>
                <line number="106" hits="11" branch="false"/>
                <line number="107" hits="11" branch="false"/>
                <line number="109" hits="1" branch="false"/>
                <line number="113" hits="16" branch="false"/>
                <line number="114" hits="16" branch="false"/>
                <line number="115" hits="16" branch="false"/>
                <line number="116" hits="16" branch="false"/>
                <line number="119" hits="16" branch="false"/>
                <line number="120" hits="16" branch="false"/>
                <line number="121" hits="16" branch="false"/>
                <line number="122" hits="16" branch="false"/>
                <line number="123" hits="16" branch="false"/>
                <line number="124" hits="16" branch="false"/>
                <line number="125" hits="16" branch="false"/>
                <line number="126" hits="16" branch="false"/>
                <line number="127" hits="16" branch="false"/>
                <line number="131" hits="16" branch="false"/>
                <line number="132" hits="16" branch="false"/>
              </lines>
            </method>
          </methods>
          <lines>
            <line number="44" hits="18" branch="false"/>
            <line number="46" hits="18" branch="false"/>
            <line number="49" hits="18" branch="false"/>
            <line number="50" hits="18" branch="false"/>
            <line number="51" hits="6" branch="false"/>
            <line number="52" hits="12" branch="false"/>
            <line number="53" hits="1" branch="false"/>
            <line number="54" hits="1" branch="false"/>
            <line number="55" hits="1" branch="false"/>
            <line number="56" hits="1" branch="false"/>
            <line number="57" hits="1" branch="false"/>
            <line number="60" hits="17" branch="false"/>
            <line number="61" hits="17" branch="false"/>
            <line number="62" hits="17" branch="false"/>
            <line number="63" hits="17" branch="false"/>
            <line number="64" hits="17" branch="false"/>
            <line number="65" hits="17" branch="false"/>
            <line number="68" hits="17" branch="false"/>
            <line number="69" hits="1" branch="false"/>
            <line number="70" hits="1" branch="false"/>
            <line number="71" hits="1" branch="false"/>
            <line number="72" hits="1" branch="false"/>
            <line number="76" hits="16" branch="false"/>
            <line number="79" hits="16" branch="false"/>
            <line number="80" hits="16" branch="false"/>
            <line number="81" hits="16" branch="false"/>
            <line number="82" hits="16" branch="false"/>
            <line number="83" hits="16" branch="false"/>
            <line number="84" hits="16" branch="false"/>
            <line number="85" hits="16" branch="false"/>
            <line number="86" hits="16" branch="false"/>
            <line number="87" hits="16" branch="false"/>
            <line number="88" hits="16" branch="false"/>
            <line number="91" hits="16" branch="false"/>
            <line number="95" hits="16" branch="false"/>
            <line number="96" hits="4" branch="false"/>
            <line number="97" hits="4" branch="false"/>
            <line number="98" hits="4" branch="false"/>
            <line number="99" hits="4" branch="false"/>
            <line number="100" hits="4" branch="false"/>
            <line number="101" hits="4" branch="false"/>
            <line number="102" hits="12" branch="false"/>
            <line number="103" hits="11" branch="false"/>
            <line number="104" hits="11" branch="false"/>
            <line number="105" hits="11" branch="false"/>
            <line number="106" hits="11" branch="false"/>
            <line number="107" hits="11" branch="false"/>
            <line number="109" hits="1" branch="false"/>
            <line number="113" hits="16" branch="false"/>
            <line number="114" hits="16" branch="false"/>
            <line number="115" hits="16" branch="false"/>
            <line number="116" hits="16" branch="false"/>
            <line number="119" hits="16" branch="false"/>
            <line number="120" hits="16" branch="false"/>
            <line number="121" hits="16" branch="false"/>
            <line number="122" hits="16" branch="false"/>
            <line number="123" hits="16" branch="false"/>
            <line number="124" hits="16" branch="false"/>
            <line number="125" hits="16" branch="false"/>
            <line number="126" hits="16" branch="false"/>
            <line number="127" hits="16" branch="false"/>
            <line number="131" hits="16" branch="false"/>
            <line number="132" hits="16" branch="false"/>
          </lines>
        </class>
        <class name="add_difference_row.R" filename="R/add_difference_row.R" line-rate="1" branch-rate="0" complexity="0">
          <methods>
            <method name="add_difference_row.tbl_survfit_times" signature="" line-rate="1" branch-rate="0" complexity="0">
              <lines>
                <line number="44" hits="6" branch="false"/>
                <line number="45" hits="6" branch="false"/>
                <line number="46" hits="6" branch="false"/>
                <line number="47" hits="6" branch="false"/>
                <line number="48" hits="6" branch="false"/>
                <line number="49" hits="6" branch="false"/>
                <line number="50" hits="6" branch="false"/>
                <line number="51" hits="6" branch="false"/>
                <line number="54" hits="6" branch="false"/>
                <line number="55" hits="1" branch="false"/>
                <line number="56" hits="1" branch="false"/>
                <line number="57" hits="1" branch="false"/>
                <line number="58" hits="1" branch="false"/>
                <line number="61" hits="5" branch="false"/>
                <line number="62" hits="5" branch="false"/>
                <line number="63" hits="5" branch="false"/>
                <line number="64" hits="5" branch="false"/>
                <line number="65" hits="5" branch="false"/>
                <line number="66" hits="5" branch="false"/>
                <line number="69" hits="5" branch="false"/>
                <line number="70" hits="1" branch="false"/>
                <line number="71" hits="1" branch="false"/>
                <line number="72" hits="1" branch="false"/>
                <line number="73" hits="1" branch="false"/>
                <line number="77" hits="4" branch="false"/>
                <line number="78" hits="4" branch="false"/>
                <line number="79" hits="4" branch="false"/>
                <line number="80" hits="4" branch="false"/>
                <line number="81" hits="4" branch="false"/>
                <line number="82" hits="4" branch="false"/>
                <line number="85" hits="4" branch="false"/>
                <line number="86" hits="4" branch="false"/>
                <line number="89" hits="4" branch="false"/>
                <line number="90" hits="4" branch="false"/>
                <line number="91" hits="4" branch="false"/>
                <line number="92" hits="4" branch="false"/>
                <line number="95" hits="4" branch="false"/>
                <line number="96" hits="4" branch="false"/>
                <line number="97" hits="4" branch="false"/>
                <line number="98" hits="4" branch="false"/>
                <line number="99" hits="4" branch="false"/>
                <line number="100" hits="4" branch="false"/>
                <line number="101" hits="4" branch="false"/>
                <line number="102" hits="4" branch="false"/>
                <line number="105" hits="4" branch="false"/>
                <line number="108" hits="4" branch="false"/>
                <line number="109" hits="4" branch="false"/>
                <line number="111" hits="4" branch="false"/>
                <line number="112" hits="4" branch="false"/>
                <line number="113" hits="4" branch="false"/>
                <line number="114" hits="4" branch="false"/>
                <line number="115" hits="4" branch="false"/>
                <line number="116" hits="4" branch="false"/>
                <line number="117" hits="4" branch="false"/>
                <line number="118" hits="4" branch="false"/>
                <line number="119" hits="4" branch="false"/>
                <line number="122" hits="4" branch="false"/>
                <line number="123" hits="4" branch="false"/>
                <line number="125" hits="4" branch="false"/>
                <line number="126" hits="4" branch="false"/>
                <line number="128" hits="4" branch="false"/>
                <line number="129" hits="4" branch="false"/>
                <line number="131" hits="4" branch="false"/>
                <line number="133" hits="4" branch="false"/>
                <line number="134" hits="4" branch="false"/>
                <line number="135" hits="4" branch="false"/>
                <line number="136" hits="4" branch="false"/>
                <line number="137" hits="4" branch="false"/>
                <line number="138" hits="4" branch="false"/>
                <line number="139" hits="4" branch="false"/>
                <line number="140" hits="4" branch="false"/>
                <line number="142" hits="4" branch="false"/>
                <line number="143" hits="4" branch="false"/>
                <line number="146" hits="4" branch="false"/>
                <line number="149" hits="4" branch="false"/>
                <line number="150" hits="4" branch="false"/>
                <line number="151" hits="4" branch="false"/>
                <line number="152" hits="4" branch="false"/>
                <line number="153" hits="4" branch="false"/>
                <line number="155" hits="4" branch="false"/>
                <line number="156" hits="4" branch="false"/>
                <line number="157" hits="4" branch="false"/>
                <line number="158" hits="4" branch="false"/>
                <line number="159" hits="4" branch="false"/>
                <line number="160" hits="4" branch="false"/>
                <line number="161" hits="4" branch="false"/>
                <line number="162" hits="4" branch="false"/>
                <line number="163" hits="4" branch="false"/>
                <line number="164" hits="4" branch="false"/>
                <line number="165" hits="4" branch="false"/>
                <line number="168" hits="4" branch="false"/>
                <line number="169" hits="4" branch="false"/>
                <line number="170" hits="4" branch="false"/>
                <line number="171" hits="4" branch="false"/>
                <line number="172" hits="4" branch="false"/>
                <line number="173" hits="4" branch="false"/>
                <line number="174" hits="4" branch="false"/>
                <line number="175" hits="4" branch="false"/>
                <line number="176" hits="4" branch="false"/>
                <line number="178" hits="4" branch="false"/>
                <line number="179" hits="4" branch="false"/>
              </lines>
            </method>
          </methods>
          <lines>
            <line number="44" hits="6" branch="false"/>
            <line number="45" hits="6" branch="false"/>
            <line number="46" hits="6" branch="false"/>
            <line number="47" hits="6" branch="false"/>
            <line number="48" hits="6" branch="false"/>
            <line number="49" hits="6" branch="false"/>
            <line number="50" hits="6" branch="false"/>
            <line number="51" hits="6" branch="false"/>
            <line number="54" hits="6" branch="false"/>
            <line number="55" hits="1" branch="false"/>
            <line number="56" hits="1" branch="false"/>
            <line number="57" hits="1" branch="false"/>
            <line number="58" hits="1" branch="false"/>
            <line number="61" hits="5" branch="false"/>
            <line number="62" hits="5" branch="false"/>
            <line number="63" hits="5" branch="false"/>
            <line number="64" hits="5" branch="false"/>
            <line number="65" hits="5" branch="false"/>
            <line number="66" hits="5" branch="false"/>
            <line number="69" hits="5" branch="false"/>
            <line number="70" hits="1" branch="false"/>
            <line number="71" hits="1" branch="false"/>
            <line number="72" hits="1" branch="false"/>
            <line number="73" hits="1" branch="false"/>
            <line number="77" hits="4" branch="false"/>
            <line number="78" hits="4" branch="false"/>
            <line number="79" hits="4" branch="false"/>
            <line number="80" hits="4" branch="false"/>
            <line number="81" hits="4" branch="false"/>
            <line number="82" hits="4" branch="false"/>
            <line number="85" hits="4" branch="false"/>
            <line number="86" hits="4" branch="false"/>
            <line number="89" hits="4" branch="false"/>
            <line number="90" hits="4" branch="false"/>
            <line number="91" hits="4" branch="false"/>
            <line number="92" hits="4" branch="false"/>
            <line number="95" hits="4" branch="false"/>
            <line number="96" hits="4" branch="false"/>
            <line number="97" hits="4" branch="false"/>
            <line number="98" hits="4" branch="false"/>
            <line number="99" hits="4" branch="false"/>
            <line number="100" hits="4" branch="false"/>
            <line number="101" hits="4" branch="false"/>
            <line number="102" hits="4" branch="false"/>
            <line number="105" hits="4" branch="false"/>
            <line number="108" hits="4" branch="false"/>
            <line number="109" hits="4" branch="false"/>
            <line number="111" hits="4" branch="false"/>
            <line number="112" hits="4" branch="false"/>
            <line number="113" hits="4" branch="false"/>
            <line number="114" hits="4" branch="false"/>
            <line number="115" hits="4" branch="false"/>
            <line number="116" hits="4" branch="false"/>
            <line number="117" hits="4" branch="false"/>
            <line number="118" hits="4" branch="false"/>
            <line number="119" hits="4" branch="false"/>
            <line number="122" hits="4" branch="false"/>
            <line number="123" hits="4" branch="false"/>
            <line number="125" hits="4" branch="false"/>
            <line number="126" hits="4" branch="false"/>
            <line number="128" hits="4" branch="false"/>
            <line number="129" hits="4" branch="false"/>
            <line number="131" hits="4" branch="false"/>
            <line number="133" hits="4" branch="false"/>
            <line number="134" hits="4" branch="false"/>
            <line number="135" hits="4" branch="false"/>
            <line number="136" hits="4" branch="false"/>
            <line number="137" hits="4" branch="false"/>
            <line number="138" hits="4" branch="false"/>
            <line number="139" hits="4" branch="false"/>
            <line number="140" hits="4" branch="false"/>
            <line number="142" hits="4" branch="false"/>
            <line number="143" hits="4" branch="false"/>
            <line number="146" hits="4" branch="false"/>
            <line number="149" hits="4" branch="false"/>
            <line number="150" hits="4" branch="false"/>
            <line number="151" hits="4" branch="false"/>
            <line number="152" hits="4" branch="false"/>
            <line number="153" hits="4" branch="false"/>
            <line number="155" hits="4" branch="false"/>
            <line number="156" hits="4" branch="false"/>
            <line number="157" hits="4" branch="false"/>
            <line number="158" hits="4" branch="false"/>
            <line number="159" hits="4" branch="false"/>
            <line number="160" hits="4" branch="false"/>
            <line number="161" hits="4" branch="false"/>
            <line number="162" hits="4" branch="false"/>
            <line number="163" hits="4" branch="false"/>
            <line number="164" hits="4" branch="false"/>
            <line number="165" hits="4" branch="false"/>
            <line number="168" hits="4" branch="false"/>
            <line number="169" hits="4" branch="false"/>
            <line number="170" hits="4" branch="false"/>
            <line number="171" hits="4" branch="false"/>
            <line number="172" hits="4" branch="false"/>
            <line number="173" hits="4" branch="false"/>
            <line number="174" hits="4" branch="false"/>
            <line number="175" hits="4" branch="false"/>
            <line number="176" hits="4" branch="false"/>
            <line number="178" hits="4" branch="false"/>
            <line number="179" hits="4" branch="false"/>
          </lines>
        </class>
        <class name="add_forest_utils.R" filename="R/add_forest_utils.R" line-rate="0.896907216494845" branch-rate="0" complexity="0">
          <methods>
            <method name=".get_default_forest_sizes" signature="" line-rate="1" branch-rate="0" complexity="0">
              <lines>
                <line number="6" hits="5" branch="false"/>
                <line number="7" hits="2" branch="false"/>
                <line number="9" hits="2" branch="false"/>
                <line number="10" hits="2" branch="false"/>
                <line number="11" hits="2" branch="false"/>
                <line number="12" hits="2" branch="false"/>
                <line number="13" hits="2" branch="false"/>
                <line number="16" hits="2" branch="false"/>
                <line number="17" hits="2" branch="false"/>
                <line number="18" hits="2" branch="false"/>
                <line number="21" hits="2" branch="false"/>
                <line number="22" hits="2" branch="false"/>
                <line number="25" hits="2" branch="false"/>
                <line number="26" hits="2" branch="false"/>
                <line number="29" hits="2" branch="false"/>
                <line number="30" hits="2" branch="false"/>
                <line number="32" hits="3" branch="false"/>
                <line number="34" hits="3" branch="false"/>
                <line number="35" hits="3" branch="false"/>
                <line number="36" hits="3" branch="false"/>
                <line number="37" hits="3" branch="false"/>
                <line number="38" hits="3" branch="false"/>
                <line number="41" hits="3" branch="false"/>
                <line number="42" hits="3" branch="false"/>
                <line number="43" hits="3" branch="false"/>
                <line number="46" hits="3" branch="false"/>
                <line number="47" hits="3" branch="false"/>
                <line number="50" hits="3" branch="false"/>
                <line number="51" hits="3" branch="false"/>
                <line number="54" hits="3" branch="false"/>
                <line number="55" hits="3" branch="false"/>
                <line number="57" hits="5" branch="false"/>
              </lines>
            </method>
            <method name=".determine_ggplot_header" signature="" line-rate="0.705882352941177" branch-rate="0" complexity="0">
              <lines>
                <line number="64" hits="5" branch="false"/>
                <line number="65" hits="5" branch="false"/>
                <line number="66" hits="5" branch="false"/>
                <line number="67" hits="5" branch="false"/>
                <line number="68" hits="5" branch="false"/>
                <line number="69" hits="5" branch="false"/>
                <line number="72" hits="5" branch="false"/>
                <line number="75" hits="5" branch="false"/>
                <line number="76" hits="0" branch="false"/>
                <line number="77" hits="0" branch="false"/>
                <line number="78" hits="0" branch="false"/>
                <line number="79" hits="0" branch="false"/>
                <line number="82" hits="5" branch="false"/>
                <line number="83" hits="5" branch="false"/>
                <line number="84" hits="5" branch="false"/>
                <line number="87" hits="5" branch="false"/>
                <line number="88" hits="4" branch="false"/>
                <line number="89" hits="4" branch="false"/>
                <line number="90" hits="4" branch="false"/>
                <line number="91" hits="4" branch="false"/>
                <line number="92" hits="1" branch="false"/>
                <line number="94" hits="0" branch="false"/>
                <line number="95" hits="0" branch="false"/>
                <line number="97" hits="0" branch="false"/>
                <line number="98" hits="0" branch="false"/>
                <line number="99" hits="0" branch="false"/>
                <line number="100" hits="0" branch="false"/>
                <line number="103" hits="1" branch="false"/>
                <line number="104" hits="1" branch="false"/>
                <line number="106" hits="1" branch="false"/>
                <line number="107" hits="1" branch="false"/>
                <line number="108" hits="1" branch="false"/>
                <line number="109" hits="1" branch="false"/>
                <line number="112" hits="5" branch="false"/>
              </lines>
            </method>
            <method name=".plot_centered_axis" signature="" line-rate="1" branch-rate="0" complexity="0">
              <lines>
                <line number="118" hits="5" branch="false"/>
                <line number="119" hits="5" branch="false"/>
                <line number="122" hits="5" branch="false"/>
                <line number="123" hits="5" branch="false"/>
                <line number="125" hits="5" branch="false"/>
                <line number="127" hits="5" branch="false"/>
                <line number="128" hits="5" branch="false"/>
                <line number="131" hits="5" branch="false"/>
                <line number="132" hits="5" branch="false"/>
                <line number="133" hits="5" branch="false"/>
                <line number="134" hits="5" branch="false"/>
                <line number="135" hits="5" branch="false"/>
                <line number="136" hits="5" branch="false"/>
                <line number="137" hits="5" branch="false"/>
                <line number="138" hits="5" branch="false"/>
                <line number="141" hits="5" branch="false"/>
                <line number="142" hits="5" branch="false"/>
                <line number="143" hits="5" branch="false"/>
                <line number="144" hits="5" branch="false"/>
                <line number="147" hits="5" branch="false"/>
                <line number="148" hits="5" branch="false"/>
                <line number="150" hits="5" branch="false"/>
                <line number="151" hits="5" branch="false"/>
                <line number="152" hits="5" branch="false"/>
                <line number="154" hits="5" branch="false"/>
                <line number="155" hits="5" branch="false"/>
                <line number="156" hits="5" branch="false"/>
                <line number="157" hits="5" branch="false"/>
                <line number="158" hits="5" branch="false"/>
                <line number="159" hits="5" branch="false"/>
                <line number="160" hits="5" branch="false"/>
              </lines>
            </method>
          </methods>
          <lines>
            <line number="6" hits="5" branch="false"/>
            <line number="7" hits="2" branch="false"/>
            <line number="9" hits="2" branch="false"/>
            <line number="10" hits="2" branch="false"/>
            <line number="11" hits="2" branch="false"/>
            <line number="12" hits="2" branch="false"/>
            <line number="13" hits="2" branch="false"/>
            <line number="16" hits="2" branch="false"/>
            <line number="17" hits="2" branch="false"/>
            <line number="18" hits="2" branch="false"/>
            <line number="21" hits="2" branch="false"/>
            <line number="22" hits="2" branch="false"/>
            <line number="25" hits="2" branch="false"/>
            <line number="26" hits="2" branch="false"/>
            <line number="29" hits="2" branch="false"/>
            <line number="30" hits="2" branch="false"/>
            <line number="32" hits="3" branch="false"/>
            <line number="34" hits="3" branch="false"/>
            <line number="35" hits="3" branch="false"/>
            <line number="36" hits="3" branch="false"/>
            <line number="37" hits="3" branch="false"/>
            <line number="38" hits="3" branch="false"/>
            <line number="41" hits="3" branch="false"/>
            <line number="42" hits="3" branch="false"/>
            <line number="43" hits="3" branch="false"/>
            <line number="46" hits="3" branch="false"/>
            <line number="47" hits="3" branch="false"/>
            <line number="50" hits="3" branch="false"/>
            <line number="51" hits="3" branch="false"/>
            <line number="54" hits="3" branch="false"/>
            <line number="55" hits="3" branch="false"/>
            <line number="57" hits="5" branch="false"/>
            <line number="64" hits="5" branch="false"/>
            <line number="65" hits="5" branch="false"/>
            <line number="66" hits="5" branch="false"/>
            <line number="67" hits="5" branch="false"/>
            <line number="68" hits="5" branch="false"/>
            <line number="69" hits="5" branch="false"/>
            <line number="72" hits="5" branch="false"/>
            <line number="75" hits="5" branch="false"/>
            <line number="76" hits="0" branch="false"/>
            <line number="77" hits="0" branch="false"/>
            <line number="78" hits="0" branch="false"/>
            <line number="79" hits="0" branch="false"/>
            <line number="82" hits="5" branch="false"/>
            <line number="83" hits="5" branch="false"/>
            <line number="84" hits="5" branch="false"/>
            <line number="87" hits="5" branch="false"/>
            <line number="88" hits="4" branch="false"/>
            <line number="89" hits="4" branch="false"/>
            <line number="90" hits="4" branch="false"/>
            <line number="91" hits="4" branch="false"/>
            <line number="92" hits="1" branch="false"/>
            <line number="94" hits="0" branch="false"/>
            <line number="95" hits="0" branch="false"/>
            <line number="97" hits="0" branch="false"/>
            <line number="98" hits="0" branch="false"/>
            <line number="99" hits="0" branch="false"/>
            <line number="100" hits="0" branch="false"/>
            <line number="103" hits="1" branch="false"/>
            <line number="104" hits="1" branch="false"/>
            <line number="106" hits="1" branch="false"/>
            <line number="107" hits="1" branch="false"/>
            <line number="108" hits="1" branch="false"/>
            <line number="109" hits="1" branch="false"/>
            <line number="112" hits="5" branch="false"/>
            <line number="118" hits="5" branch="false"/>
            <line number="119" hits="5" branch="false"/>
            <line number="122" hits="5" branch="false"/>
            <line number="123" hits="5" branch="false"/>
            <line number="125" hits="5" branch="false"/>
            <line number="127" hits="5" branch="false"/>
            <line number="128" hits="5" branch="false"/>
            <line number="131" hits="5" branch="false"/>
            <line number="132" hits="5" branch="false"/>
            <line number="133" hits="5" branch="false"/>
            <line number="134" hits="5" branch="false"/>
            <line number="135" hits="5" branch="false"/>
            <line number="136" hits="5" branch="false"/>
            <line number="137" hits="5" branch="false"/>
            <line number="138" hits="5" branch="false"/>
            <line number="141" hits="5" branch="false"/>
            <line number="142" hits="5" branch="false"/>
            <line number="143" hits="5" branch="false"/>
            <line number="144" hits="5" branch="false"/>
            <line number="147" hits="5" branch="false"/>
            <line number="148" hits="5" branch="false"/>
            <line number="150" hits="5" branch="false"/>
            <line number="151" hits="5" branch="false"/>
            <line number="152" hits="5" branch="false"/>
            <line number="154" hits="5" branch="false"/>
            <line number="155" hits="5" branch="false"/>
            <line number="156" hits="5" branch="false"/>
            <line number="157" hits="5" branch="false"/>
            <line number="158" hits="5" branch="false"/>
            <line number="159" hits="5" branch="false"/>
            <line number="160" hits="5" branch="false"/>
          </lines>
        </class>
        <class name="add_forest.R" filename="R/add_forest.R" line-rate="1" branch-rate="0" complexity="0">
          <methods>
            <method name="add_forest" signature="" line-rate="1" branch-rate="0" complexity="0">
              <lines>
                <line number="80" hits="5" branch="false"/>
                <line number="81" hits="5" branch="false"/>
                <line number="82" hits="5" branch="false"/>
                <line number="83" hits="5" branch="false"/>
                <line number="84" hits="5" branch="false"/>
                <line number="85" hits="5" branch="false"/>
                <line number="86" hits="5" branch="false"/>
                <line number="87" hits="5" branch="false"/>
                <line number="88" hits="5" branch="false"/>
                <line number="89" hits="5" branch="false"/>
                <line number="90" hits="5" branch="false"/>
                <line number="91" hits="5" branch="false"/>
                <line number="92" hits="5" branch="false"/>
                <line number="93" hits="5" branch="false"/>
                <line number="94" hits="5" branch="false"/>
                <line number="98" hits="5" branch="false"/>
                <line number="100" hits="5" branch="false"/>
                <line number="104" hits="5" branch="false"/>
                <line number="105" hits="5" branch="false"/>
                <line number="106" hits="5" branch="false"/>
                <line number="109" hits="5" branch="false"/>
                <line number="110" hits="5" branch="false"/>
                <line number="111" hits="5" branch="false"/>
                <line number="112" hits="5" branch="false"/>
                <line number="114" hits="5" branch="false"/>
                <line number="115" hits="5" branch="false"/>
                <line number="118" hits="5" branch="false"/>
                <line number="119" hits="5" branch="false"/>
                <line number="120" hits="5" branch="false"/>
                <line number="121" hits="5" branch="false"/>
                <line number="123" hits="5" branch="false"/>
                <line number="125" hits="5" branch="false"/>
                <line number="126" hits="5" branch="false"/>
                <line number="127" hits="5" branch="false"/>
                <line number="128" hits="5" branch="false"/>
                <line number="129" hits="5" branch="false"/>
                <line number="130" hits="5" branch="false"/>
                <line number="131" hits="5" branch="false"/>
                <line number="132" hits="5" branch="false"/>
                <line number="133" hits="5" branch="false"/>
                <line number="134" hits="5" branch="false"/>
                <line number="135" hits="5" branch="false"/>
                <line number="136" hits="5" branch="false"/>
                <line number="137" hits="5" branch="false"/>
                <line number="140" hits="5" branch="false"/>
                <line number="143" hits="5" branch="false"/>
                <line number="144" hits="5" branch="false"/>
                <line number="145" hits="5" branch="false"/>
                <line number="146" hits="5" branch="false"/>
                <line number="147" hits="5" branch="false"/>
                <line number="150" hits="5" branch="false"/>
                <line number="151" hits="5" branch="false"/>
                <line number="152" hits="5" branch="false"/>
                <line number="153" hits="5" branch="false"/>
                <line number="154" hits="5" branch="false"/>
                <line number="155" hits="5" branch="false"/>
                <line number="156" hits="5" branch="false"/>
                <line number="157" hits="5" branch="false"/>
                <line number="158" hits="5" branch="false"/>
                <line number="159" hits="5" branch="false"/>
                <line number="160" hits="5" branch="false"/>
                <line number="161" hits="5" branch="false"/>
                <line number="162" hits="5" branch="false"/>
                <line number="163" hits="5" branch="false"/>
                <line number="164" hits="5" branch="false"/>
                <line number="165" hits="5" branch="false"/>
                <line number="166" hits="5" branch="false"/>
                <line number="167" hits="5" branch="false"/>
                <line number="168" hits="5" branch="false"/>
                <line number="169" hits="5" branch="false"/>
                <line number="170" hits="5" branch="false"/>
                <line number="171" hits="5" branch="false"/>
                <line number="172" hits="5" branch="false"/>
                <line number="173" hits="5" branch="false"/>
                <line number="175" hits="5" branch="false"/>
                <line number="176" hits="5" branch="false"/>
                <line number="177" hits="5" branch="false"/>
                <line number="181" hits="5" branch="false"/>
                <line number="184" hits="5" branch="false"/>
                <line number="187" hits="5" branch="false"/>
                <line number="190" hits="5" branch="false"/>
                <line number="191" hits="5" branch="false"/>
                <line number="192" hits="5" branch="false"/>
                <line number="193" hits="5" branch="false"/>
                <line number="194" hits="5" branch="false"/>
                <line number="195" hits="5" branch="false"/>
                <line number="198" hits="5" branch="false"/>
                <line number="199" hits="2" branch="false"/>
                <line number="200" hits="2" branch="false"/>
                <line number="201" hits="2" branch="false"/>
                <line number="202" hits="2" branch="false"/>
                <line number="203" hits="2" branch="false"/>
                <line number="204" hits="1" branch="false"/>
                <line number="205" hits="1" branch="false"/>
                <line number="206" hits="1" branch="false"/>
                <line number="207" hits="2" branch="false"/>
                <line number="208" hits="2" branch="false"/>
                <line number="209" hits="2" branch="false"/>
                <line number="210" hits="2" branch="false"/>
                <line number="211" hits="2" branch="false"/>
                <line number="212" hits="2" branch="false"/>
                <line number="213" hits="2" branch="false"/>
                <line number="214" hits="2" branch="false"/>
                <line number="215" hits="2" branch="false"/>
                <line number="216" hits="2" branch="false"/>
                <line number="217" hits="2" branch="false"/>
                <line number="218" hits="2" branch="false"/>
                <line number="219" hits="3" branch="false"/>
                <line number="225" hits="3" branch="false"/>
                <line number="226" hits="3" branch="false"/>
                <line number="227" hits="3" branch="false"/>
                <line number="228" hits="3" branch="false"/>
                <line number="229" hits="3" branch="false"/>
                <line number="230" hits="3" branch="false"/>
                <line number="231" hits="3" branch="false"/>
                <line number="232" hits="3" branch="false"/>
                <line number="233" hits="3" branch="false"/>
                <line number="234" hits="3" branch="false"/>
                <line number="235" hits="3" branch="false"/>
                <line number="236" hits="3" branch="false"/>
                <line number="237" hits="3" branch="false"/>
                <line number="238" hits="3" branch="false"/>
                <line number="239" hits="3" branch="false"/>
                <line number="240" hits="3" branch="false"/>
                <line number="241" hits="3" branch="false"/>
                <line number="242" hits="3" branch="false"/>
                <line number="243" hits="3" branch="false"/>
                <line number="244" hits="3" branch="false"/>
                <line number="247" hits="3" branch="false"/>
                <line number="248" hits="3" branch="false"/>
                <line number="249" hits="3" branch="false"/>
                <line number="252" hits="5" branch="false"/>
              </lines>
            </method>
            <method name=".is_na_or_chr" signature="" line-rate="1" branch-rate="0" complexity="0">
              <lines>
                <line number="256" hits="24" branch="false"/>
                <line number="257" hits="24" branch="false"/>
                <line number="258" hits="24" branch="false"/>
                <line number="259" hits="24" branch="false"/>
                <line number="260" hits="24" branch="false"/>
                <line number="261" hits="24" branch="false"/>
                <line number="262" hits="24" branch="false"/>
                <line number="263" hits="24" branch="false"/>
                <line number="264" hits="24" branch="false"/>
                <line number="265" hits="24" branch="false"/>
                <line number="266" hits="24" branch="false"/>
              </lines>
            </method>
          </methods>
          <lines>
            <line number="80" hits="5" branch="false"/>
            <line number="81" hits="5" branch="false"/>
            <line number="82" hits="5" branch="false"/>
            <line number="83" hits="5" branch="false"/>
            <line number="84" hits="5" branch="false"/>
            <line number="85" hits="5" branch="false"/>
            <line number="86" hits="5" branch="false"/>
            <line number="87" hits="5" branch="false"/>
            <line number="88" hits="5" branch="false"/>
            <line number="89" hits="5" branch="false"/>
            <line number="90" hits="5" branch="false"/>
            <line number="91" hits="5" branch="false"/>
            <line number="92" hits="5" branch="false"/>
            <line number="93" hits="5" branch="false"/>
            <line number="94" hits="5" branch="false"/>
            <line number="98" hits="5" branch="false"/>
            <line number="100" hits="5" branch="false"/>
            <line number="104" hits="5" branch="false"/>
            <line number="105" hits="5" branch="false"/>
            <line number="106" hits="5" branch="false"/>
            <line number="109" hits="5" branch="false"/>
            <line number="110" hits="5" branch="false"/>
            <line number="111" hits="5" branch="false"/>
            <line number="112" hits="5" branch="false"/>
            <line number="114" hits="5" branch="false"/>
            <line number="115" hits="5" branch="false"/>
            <line number="118" hits="5" branch="false"/>
            <line number="119" hits="5" branch="false"/>
            <line number="120" hits="5" branch="false"/>
            <line number="121" hits="5" branch="false"/>
            <line number="123" hits="5" branch="false"/>
            <line number="125" hits="5" branch="false"/>
            <line number="126" hits="5" branch="false"/>
            <line number="127" hits="5" branch="false"/>
            <line number="128" hits="5" branch="false"/>
            <line number="129" hits="5" branch="false"/>
            <line number="130" hits="5" branch="false"/>
            <line number="131" hits="5" branch="false"/>
            <line number="132" hits="5" branch="false"/>
            <line number="133" hits="5" branch="false"/>
            <line number="134" hits="5" branch="false"/>
            <line number="135" hits="5" branch="false"/>
            <line number="136" hits="5" branch="false"/>
            <line number="137" hits="5" branch="false"/>
            <line number="140" hits="5" branch="false"/>
            <line number="143" hits="5" branch="false"/>
            <line number="144" hits="5" branch="false"/>
            <line number="145" hits="5" branch="false"/>
            <line number="146" hits="5" branch="false"/>
            <line number="147" hits="5" branch="false"/>
            <line number="150" hits="5" branch="false"/>
            <line number="151" hits="5" branch="false"/>
            <line number="152" hits="5" branch="false"/>
            <line number="153" hits="5" branch="false"/>
            <line number="154" hits="5" branch="false"/>
            <line number="155" hits="5" branch="false"/>
            <line number="156" hits="5" branch="false"/>
            <line number="157" hits="5" branch="false"/>
            <line number="158" hits="5" branch="false"/>
            <line number="159" hits="5" branch="false"/>
            <line number="160" hits="5" branch="false"/>
            <line number="161" hits="5" branch="false"/>
            <line number="162" hits="5" branch="false"/>
            <line number="163" hits="5" branch="false"/>
            <line number="164" hits="5" branch="false"/>
            <line number="165" hits="5" branch="false"/>
            <line number="166" hits="5" branch="false"/>
            <line number="167" hits="5" branch="false"/>
            <line number="168" hits="5" branch="false"/>
            <line number="169" hits="5" branch="false"/>
            <line number="170" hits="5" branch="false"/>
            <line number="171" hits="5" branch="false"/>
            <line number="172" hits="5" branch="false"/>
            <line number="173" hits="5" branch="false"/>
            <line number="175" hits="5" branch="false"/>
            <line number="176" hits="5" branch="false"/>
            <line number="177" hits="5" branch="false"/>
            <line number="181" hits="5" branch="false"/>
            <line number="184" hits="5" branch="false"/>
            <line number="187" hits="5" branch="false"/>
            <line number="190" hits="5" branch="false"/>
            <line number="191" hits="5" branch="false"/>
            <line number="192" hits="5" branch="false"/>
            <line number="193" hits="5" branch="false"/>
            <line number="194" hits="5" branch="false"/>
            <line number="195" hits="5" branch="false"/>
            <line number="198" hits="5" branch="false"/>
            <line number="199" hits="2" branch="false"/>
            <line number="200" hits="2" branch="false"/>
            <line number="201" hits="2" branch="false"/>
            <line number="202" hits="2" branch="false"/>
            <line number="203" hits="2" branch="false"/>
            <line number="204" hits="1" branch="false"/>
            <line number="205" hits="1" branch="false"/>
            <line number="206" hits="1" branch="false"/>
            <line number="207" hits="2" branch="false"/>
            <line number="208" hits="2" branch="false"/>
            <line number="209" hits="2" branch="false"/>
            <line number="210" hits="2" branch="false"/>
            <line number="211" hits="2" branch="false"/>
            <line number="212" hits="2" branch="false"/>
            <line number="213" hits="2" branch="false"/>
            <line number="214" hits="2" branch="false"/>
            <line number="215" hits="2" branch="false"/>
            <line number="216" hits="2" branch="false"/>
            <line number="217" hits="2" branch="false"/>
            <line number="218" hits="2" branch="false"/>
            <line number="219" hits="3" branch="false"/>
            <line number="225" hits="3" branch="false"/>
            <line number="226" hits="3" branch="false"/>
            <line number="227" hits="3" branch="false"/>
            <line number="228" hits="3" branch="false"/>
            <line number="229" hits="3" branch="false"/>
            <line number="230" hits="3" branch="false"/>
            <line number="231" hits="3" branch="false"/>
            <line number="232" hits="3" branch="false"/>
            <line number="233" hits="3" branch="false"/>
            <line number="234" hits="3" branch="false"/>
            <line number="235" hits="3" branch="false"/>
            <line number="236" hits="3" branch="false"/>
            <line number="237" hits="3" branch="false"/>
            <line number="238" hits="3" branch="false"/>
            <line number="239" hits="3" branch="false"/>
            <line number="240" hits="3" branch="false"/>
            <line number="241" hits="3" branch="false"/>
            <line number="242" hits="3" branch="false"/>
            <line number="243" hits="3" branch="false"/>
            <line number="244" hits="3" branch="false"/>
            <line number="247" hits="3" branch="false"/>
            <line number="248" hits="3" branch="false"/>
            <line number="249" hits="3" branch="false"/>
            <line number="252" hits="5" branch="false"/>
            <line number="256" hits="24" branch="false"/>
            <line number="257" hits="24" branch="false"/>
            <line number="258" hits="24" branch="false"/>
            <line number="259" hits="24" branch="false"/>
            <line number="260" hits="24" branch="false"/>
            <line number="261" hits="24" branch="false"/>
            <line number="262" hits="24" branch="false"/>
            <line number="263" hits="24" branch="false"/>
            <line number="264" hits="24" branch="false"/>
            <line number="265" hits="24" branch="false"/>
            <line number="266" hits="24" branch="false"/>
          </lines>
        </class>
        <class name="add_hierarchical_count_row.R" filename="R/add_hierarchical_count_row.R" line-rate="1" branch-rate="0" complexity="0">
          <methods>
            <method name="add_hierarchical_count_row" signature="" line-rate="1" branch-rate="0" complexity="0">
              <lines>
                <line number="39" hits="3" branch="false"/>
                <line number="40" hits="3" branch="false"/>
                <line number="41" hits="3" branch="false"/>
                <line number="42" hits="3" branch="false"/>
                <line number="43" hits="3" branch="false"/>
                <line number="46" hits="3" branch="false"/>
                <line number="49" hits="3" branch="false"/>
                <line number="50" hits="3" branch="false"/>
                <line number="51" hits="3" branch="false"/>
                <line number="52" hits="3" branch="false"/>
                <line number="53" hits="3" branch="false"/>
                <line number="54" hits="3" branch="false"/>
                <line number="55" hits="3" branch="false"/>
                <line number="56" hits="3" branch="false"/>
                <line number="57" hits="3" branch="false"/>
                <line number="58" hits="3" branch="false"/>
                <line number="59" hits="3" branch="false"/>
                <line number="60" hits="3" branch="false"/>
                <line number="63" hits="3" branch="false"/>
                <line number="64" hits="1" branch="false"/>
                <line number="68" hits="3" branch="false"/>
                <line number="69" hits="3" branch="false"/>
                <line number="70" hits="3" branch="false"/>
                <line number="71" hits="3" branch="false"/>
                <line number="72" hits="3" branch="false"/>
                <line number="73" hits="3" branch="false"/>
                <line number="74" hits="3" branch="false"/>
                <line number="77" hits="3" branch="false"/>
                <line number="78" hits="3" branch="false"/>
                <line number="79" hits="3" branch="false"/>
                <line number="80" hits="3" branch="false"/>
                <line number="81" hits="3" branch="false"/>
                <line number="84" hits="3" branch="false"/>
              </lines>
            </method>
          </methods>
          <lines>
            <line number="39" hits="3" branch="false"/>
            <line number="40" hits="3" branch="false"/>
            <line number="41" hits="3" branch="false"/>
            <line number="42" hits="3" branch="false"/>
            <line number="43" hits="3" branch="false"/>
            <line number="46" hits="3" branch="false"/>
            <line number="49" hits="3" branch="false"/>
            <line number="50" hits="3" branch="false"/>
            <line number="51" hits="3" branch="false"/>
            <line number="52" hits="3" branch="false"/>
            <line number="53" hits="3" branch="false"/>
            <line number="54" hits="3" branch="false"/>
            <line number="55" hits="3" branch="false"/>
            <line number="56" hits="3" branch="false"/>
            <line number="57" hits="3" branch="false"/>
            <line number="58" hits="3" branch="false"/>
            <line number="59" hits="3" branch="false"/>
            <line number="60" hits="3" branch="false"/>
            <line number="63" hits="3" branch="false"/>
            <line number="64" hits="1" branch="false"/>
            <line number="68" hits="3" branch="false"/>
            <line number="69" hits="3" branch="false"/>
            <line number="70" hits="3" branch="false"/>
            <line number="71" hits="3" branch="false"/>
            <line number="72" hits="3" branch="false"/>
            <line number="73" hits="3" branch="false"/>
            <line number="74" hits="3" branch="false"/>
            <line number="77" hits="3" branch="false"/>
            <line number="78" hits="3" branch="false"/>
            <line number="79" hits="3" branch="false"/>
            <line number="80" hits="3" branch="false"/>
            <line number="81" hits="3" branch="false"/>
            <line number="84" hits="3" branch="false"/>
          </lines>
        </class>
        <class name="adjust_stat_columns_wrap.R" filename="R/adjust_stat_columns_wrap.R" line-rate="0.96551724137931" branch-rate="0" complexity="0">
          <methods>
            <method name="adjust_stat_columns_wrap" signature="" line-rate="0.96551724137931" branch-rate="0" complexity="0">
              <lines>
                <line number="29" hits="84" branch="false"/>
                <line number="31" hits="83" branch="false"/>
                <line number="32" hits="2" branch="false"/>
                <line number="36" hits="81" branch="false"/>
                <line number="39" hits="81" branch="false"/>
                <line number="40" hits="80" branch="false"/>
                <line number="41" hits="80" branch="false"/>
                <line number="42" hits="1" branch="false"/>
                <line number="43" hits="1" branch="false"/>
                <line number="44" hits="1" branch="false"/>
                <line number="48" hits="81" branch="false"/>
                <line number="52" hits="81" branch="false"/>
                <line number="53" hits="81" branch="false"/>
                <line number="54" hits="81" branch="false"/>
                <line number="55" hits="81" branch="false"/>
                <line number="56" hits="81" branch="false"/>
                <line number="58" hits="81" branch="false"/>
                <line number="59" hits="0" branch="false"/>
                <line number="63" hits="81" branch="false"/>
                <line number="64" hits="81" branch="false"/>
                <line number="65" hits="81" branch="false"/>
                <line number="66" hits="81" branch="false"/>
                <line number="67" hits="81" branch="false"/>
                <line number="68" hits="81" branch="false"/>
                <line number="69" hits="81" branch="false"/>
                <line number="70" hits="81" branch="false"/>
                <line number="71" hits="81" branch="false"/>
                <line number="72" hits="81" branch="false"/>
                <line number="74" hits="81" branch="false"/>
              </lines>
            </method>
          </methods>
          <lines>
            <line number="29" hits="84" branch="false"/>
            <line number="31" hits="83" branch="false"/>
            <line number="32" hits="2" branch="false"/>
            <line number="36" hits="81" branch="false"/>
            <line number="39" hits="81" branch="false"/>
            <line number="40" hits="80" branch="false"/>
            <line number="41" hits="80" branch="false"/>
            <line number="42" hits="1" branch="false"/>
            <line number="43" hits="1" branch="false"/>
            <line number="44" hits="1" branch="false"/>
            <line number="48" hits="81" branch="false"/>
            <line number="52" hits="81" branch="false"/>
            <line number="53" hits="81" branch="false"/>
            <line number="54" hits="81" branch="false"/>
            <line number="55" hits="81" branch="false"/>
            <line number="56" hits="81" branch="false"/>
            <line number="58" hits="81" branch="false"/>
            <line number="59" hits="0" branch="false"/>
            <line number="63" hits="81" branch="false"/>
            <line number="64" hits="81" branch="false"/>
            <line number="65" hits="81" branch="false"/>
            <line number="66" hits="81" branch="false"/>
            <line number="67" hits="81" branch="false"/>
            <line number="68" hits="81" branch="false"/>
            <line number="69" hits="81" branch="false"/>
            <line number="70" hits="81" branch="false"/>
            <line number="71" hits="81" branch="false"/>
            <line number="72" hits="81" branch="false"/>
            <line number="74" hits="81" branch="false"/>
          </lines>
        </class>
        <class name="annotate_gg_km.R" filename="R/annotate_gg_km.R" line-rate="1" branch-rate="0" complexity="0">
          <methods>
            <method name="annotate_riskdf" signature="" line-rate="1" branch-rate="0" complexity="0">
              <lines>
                <line number="93" hits="7" branch="false"/>
                <line number="94" hits="7" branch="false"/>
                <line number="95" hits="7" branch="false"/>
                <line number="96" hits="7" branch="false"/>
                <line number="97" hits="7" branch="false"/>
                <line number="98" hits="7" branch="false"/>
                <line number="100" hits="7" branch="false"/>
                <line number="101" hits="1" branch="false"/>
                <line number="102" hits="1" branch="false"/>
                <line number="103" hits="1" branch="false"/>
                <line number="104" hits="1" branch="false"/>
                <line number="105" hits="1" branch="false"/>
                <line number="106" hits="1" branch="false"/>
                <line number="107" hits="1" branch="false"/>
                <line number="108" hits="1" branch="false"/>
                <line number="109" hits="1" branch="false"/>
                <line number="110" hits="1" branch="false"/>
                <line number="113" hits="6" branch="false"/>
                <line number="114" hits="1" branch="false"/>
                <line number="117" hits="5" branch="false"/>
                <line number="118" hits="1" branch="false"/>
                <line number="121" hits="4" branch="false"/>
                <line number="122" hits="4" branch="false"/>
                <line number="125" hits="4" branch="false"/>
                <line number="126" hits="4" branch="false"/>
                <line number="127" hits="4" branch="false"/>
                <line number="130" hits="4" branch="false"/>
                <line number="132" hits="4" branch="false"/>
                <line number="133" hits="1" branch="false"/>
                <line number="134" hits="1" branch="false"/>
                <line number="135" hits="1" branch="false"/>
                <line number="136" hits="1" branch="false"/>
                <line number="137" hits="1" branch="false"/>
                <line number="138" hits="4" branch="false"/>
                <line number="139" hits="3" branch="false"/>
                <line number="140" hits="3" branch="false"/>
                <line number="141" hits="3" branch="false"/>
                <line number="142" hits="3" branch="false"/>
                <line number="143" hits="3" branch="false"/>
                <line number="144" hits="3" branch="false"/>
                <line number="145" hits="3" branch="false"/>
                <line number="146" hits="3" branch="false"/>
                <line number="147" hits="3" branch="false"/>
                <line number="149" hits="3" branch="false"/>
                <line number="150" hits="3" branch="false"/>
                <line number="151" hits="3" branch="false"/>
                <line number="152" hits="3" branch="false"/>
                <line number="153" hits="3" branch="false"/>
                <line number="154" hits="4" branch="false"/>
                <line number="157" hits="4" branch="false"/>
                <line number="158" hits="4" branch="false"/>
                <line number="159" hits="4" branch="false"/>
                <line number="160" hits="4" branch="false"/>
                <line number="161" hits="4" branch="false"/>
                <line number="164" hits="4" branch="false"/>
                <line number="167" hits="4" branch="false"/>
                <line number="168" hits="4" branch="false"/>
                <line number="171" hits="4" branch="false"/>
                <line number="172" hits="4" branch="false"/>
                <line number="173" hits="4" branch="false"/>
                <line number="174" hits="4" branch="false"/>
                <line number="175" hits="4" branch="false"/>
                <line number="176" hits="4" branch="false"/>
                <line number="177" hits="4" branch="false"/>
                <line number="178" hits="4" branch="false"/>
                <line number="179" hits="4" branch="false"/>
                <line number="180" hits="4" branch="false"/>
                <line number="181" hits="4" branch="false"/>
                <line number="182" hits="4" branch="false"/>
                <line number="184" hits="4" branch="false"/>
              </lines>
            </method>
            <method name="annotate_surv_med" signature="" line-rate="1" branch-rate="0" complexity="0">
              <lines>
                <line number="207" hits="10" branch="false"/>
                <line number="209" hits="10" branch="false"/>
                <line number="210" hits="10" branch="false"/>
                <line number="211" hits="10" branch="false"/>
                <line number="212" hits="10" branch="false"/>
                <line number="214" hits="10" branch="false"/>
                <line number="215" hits="10" branch="false"/>
                <line number="218" hits="10" branch="false"/>
                <line number="219" hits="1" branch="false"/>
                <line number="222" hits="9" branch="false"/>
                <line number="223" hits="1" branch="false"/>
                <line number="227" hits="8" branch="false"/>
                <line number="229" hits="8" branch="false"/>
                <line number="230" hits="8" branch="false"/>
                <line number="231" hits="8" branch="false"/>
                <line number="232" hits="8" branch="false"/>
                <line number="234" hits="8" branch="false"/>
                <line number="235" hits="8" branch="false"/>
                <line number="236" hits="8" branch="false"/>
                <line number="237" hits="8" branch="false"/>
                <line number="238" hits="8" branch="false"/>
                <line number="239" hits="8" branch="false"/>
                <line number="242" hits="8" branch="false"/>
                <line number="245" hits="8" branch="false"/>
                <line number="246" hits="8" branch="false"/>
                <line number="247" hits="8" branch="false"/>
                <line number="248" hits="8" branch="false"/>
                <line number="249" hits="8" branch="false"/>
                <line number="250" hits="8" branch="false"/>
                <line number="251" hits="8" branch="false"/>
                <line number="252" hits="8" branch="false"/>
                <line number="253" hits="8" branch="false"/>
                <line number="254" hits="8" branch="false"/>
                <line number="255" hits="8" branch="false"/>
                <line number="257" hits="8" branch="false"/>
              </lines>
            </method>
            <method name="annotate_coxph" signature="" line-rate="1" branch-rate="0" complexity="0">
              <lines>
                <line number="288" hits="6" branch="false"/>
                <line number="290" hits="6" branch="false"/>
                <line number="291" hits="6" branch="false"/>
                <line number="292" hits="6" branch="false"/>
                <line number="293" hits="6" branch="false"/>
                <line number="295" hits="6" branch="false"/>
                <line number="296" hits="6" branch="false"/>
                <line number="299" hits="6" branch="false"/>
                <line number="300" hits="1" branch="false"/>
                <line number="303" hits="5" branch="false"/>
                <line number="304" hits="1" branch="false"/>
                <line number="307" hits="4" branch="false"/>
                <line number="308" hits="2" branch="false"/>
                <line number="309" hits="2" branch="false"/>
                <line number="310" hits="2" branch="false"/>
                <line number="311" hits="2" branch="false"/>
                <line number="312" hits="2" branch="false"/>
                <line number="315" hits="4" branch="false"/>
                <line number="318" hits="4" branch="false"/>
                <line number="319" hits="4" branch="false"/>
                <line number="320" hits="4" branch="false"/>
                <line number="321" hits="4" branch="false"/>
                <line number="322" hits="4" branch="false"/>
                <line number="323" hits="4" branch="false"/>
                <line number="324" hits="4" branch="false"/>
                <line number="325" hits="4" branch="false"/>
                <line number="326" hits="4" branch="false"/>
                <line number="327" hits="4" branch="false"/>
                <line number="328" hits="4" branch="false"/>
                <line number="330" hits="4" branch="false"/>
              </lines>
            </method>
          </methods>
          <lines>
            <line number="93" hits="7" branch="false"/>
            <line number="94" hits="7" branch="false"/>
            <line number="95" hits="7" branch="false"/>
            <line number="96" hits="7" branch="false"/>
            <line number="97" hits="7" branch="false"/>
            <line number="98" hits="7" branch="false"/>
            <line number="100" hits="7" branch="false"/>
            <line number="101" hits="1" branch="false"/>
            <line number="102" hits="1" branch="false"/>
            <line number="103" hits="1" branch="false"/>
            <line number="104" hits="1" branch="false"/>
            <line number="105" hits="1" branch="false"/>
            <line number="106" hits="1" branch="false"/>
            <line number="107" hits="1" branch="false"/>
            <line number="108" hits="1" branch="false"/>
            <line number="109" hits="1" branch="false"/>
            <line number="110" hits="1" branch="false"/>
            <line number="113" hits="6" branch="false"/>
            <line number="114" hits="1" branch="false"/>
            <line number="117" hits="5" branch="false"/>
            <line number="118" hits="1" branch="false"/>
            <line number="121" hits="4" branch="false"/>
            <line number="122" hits="4" branch="false"/>
            <line number="125" hits="4" branch="false"/>
            <line number="126" hits="4" branch="false"/>
            <line number="127" hits="4" branch="false"/>
            <line number="130" hits="4" branch="false"/>
            <line number="132" hits="4" branch="false"/>
            <line number="133" hits="1" branch="false"/>
            <line number="134" hits="1" branch="false"/>
            <line number="135" hits="1" branch="false"/>
            <line number="136" hits="1" branch="false"/>
            <line number="137" hits="1" branch="false"/>
            <line number="138" hits="4" branch="false"/>
            <line number="139" hits="3" branch="false"/>
            <line number="140" hits="3" branch="false"/>
            <line number="141" hits="3" branch="false"/>
            <line number="142" hits="3" branch="false"/>
            <line number="143" hits="3" branch="false"/>
            <line number="144" hits="3" branch="false"/>
            <line number="145" hits="3" branch="false"/>
            <line number="146" hits="3" branch="false"/>
            <line number="147" hits="3" branch="false"/>
            <line number="149" hits="3" branch="false"/>
            <line number="150" hits="3" branch="false"/>
            <line number="151" hits="3" branch="false"/>
            <line number="152" hits="3" branch="false"/>
            <line number="153" hits="3" branch="false"/>
            <line number="154" hits="4" branch="false"/>
            <line number="157" hits="4" branch="false"/>
            <line number="158" hits="4" branch="false"/>
            <line number="159" hits="4" branch="false"/>
            <line number="160" hits="4" branch="false"/>
            <line number="161" hits="4" branch="false"/>
            <line number="164" hits="4" branch="false"/>
            <line number="167" hits="4" branch="false"/>
            <line number="168" hits="4" branch="false"/>
            <line number="171" hits="4" branch="false"/>
            <line number="172" hits="4" branch="false"/>
            <line number="173" hits="4" branch="false"/>
            <line number="174" hits="4" branch="false"/>
            <line number="175" hits="4" branch="false"/>
            <line number="176" hits="4" branch="false"/>
            <line number="177" hits="4" branch="false"/>
            <line number="178" hits="4" branch="false"/>
            <line number="179" hits="4" branch="false"/>
            <line number="180" hits="4" branch="false"/>
            <line number="181" hits="4" branch="false"/>
            <line number="182" hits="4" branch="false"/>
            <line number="184" hits="4" branch="false"/>
            <line number="207" hits="10" branch="false"/>
            <line number="209" hits="10" branch="false"/>
            <line number="210" hits="10" branch="false"/>
            <line number="211" hits="10" branch="false"/>
            <line number="212" hits="10" branch="false"/>
            <line number="214" hits="10" branch="false"/>
            <line number="215" hits="10" branch="false"/>
            <line number="218" hits="10" branch="false"/>
            <line number="219" hits="1" branch="false"/>
            <line number="222" hits="9" branch="false"/>
            <line number="223" hits="1" branch="false"/>
            <line number="227" hits="8" branch="false"/>
            <line number="229" hits="8" branch="false"/>
            <line number="230" hits="8" branch="false"/>
            <line number="231" hits="8" branch="false"/>
            <line number="232" hits="8" branch="false"/>
            <line number="234" hits="8" branch="false"/>
            <line number="235" hits="8" branch="false"/>
            <line number="236" hits="8" branch="false"/>
            <line number="237" hits="8" branch="false"/>
            <line number="238" hits="8" branch="false"/>
            <line number="239" hits="8" branch="false"/>
            <line number="242" hits="8" branch="false"/>
            <line number="245" hits="8" branch="false"/>
            <line number="246" hits="8" branch="false"/>
            <line number="247" hits="8" branch="false"/>
            <line number="248" hits="8" branch="false"/>
            <line number="249" hits="8" branch="false"/>
            <line number="250" hits="8" branch="false"/>
            <line number="251" hits="8" branch="false"/>
            <line number="252" hits="8" branch="false"/>
            <line number="253" hits="8" branch="false"/>
            <line number="254" hits="8" branch="false"/>
            <line number="255" hits="8" branch="false"/>
            <line number="257" hits="8" branch="false"/>
            <line number="288" hits="6" branch="false"/>
            <line number="290" hits="6" branch="false"/>
            <line number="291" hits="6" branch="false"/>
            <line number="292" hits="6" branch="false"/>
            <line number="293" hits="6" branch="false"/>
            <line number="295" hits="6" branch="false"/>
            <line number="296" hits="6" branch="false"/>
            <line number="299" hits="6" branch="false"/>
            <line number="300" hits="1" branch="false"/>
            <line number="303" hits="5" branch="false"/>
            <line number="304" hits="1" branch="false"/>
            <line number="307" hits="4" branch="false"/>
            <line number="308" hits="2" branch="false"/>
            <line number="309" hits="2" branch="false"/>
            <line number="310" hits="2" branch="false"/>
            <line number="311" hits="2" branch="false"/>
            <line number="312" hits="2" branch="false"/>
            <line number="315" hits="4" branch="false"/>
            <line number="318" hits="4" branch="false"/>
            <line number="319" hits="4" branch="false"/>
            <line number="320" hits="4" branch="false"/>
            <line number="321" hits="4" branch="false"/>
            <line number="322" hits="4" branch="false"/>
            <line number="323" hits="4" branch="false"/>
            <line number="324" hits="4" branch="false"/>
            <line number="325" hits="4" branch="false"/>
            <line number="326" hits="4" branch="false"/>
            <line number="327" hits="4" branch="false"/>
            <line number="328" hits="4" branch="false"/>
            <line number="330" hits="4" branch="false"/>
          </lines>
        </class>
        <class name="annotate_gg_pkc.R" filename="R/annotate_gg_pkc.R" line-rate="1" branch-rate="0" complexity="0">
          <methods>
            <method name="annotate_pkc_df" signature="" line-rate="1" branch-rate="0" complexity="0">
              <lines>
                <line number="75" hits="8" branch="false"/>
                <line number="76" hits="1" branch="false"/>
                <line number="77" hits="1" branch="false"/>
                <line number="78" hits="1" branch="false"/>
                <line number="79" hits="1" branch="false"/>
                <line number="80" hits="1" branch="false"/>
                <line number="81" hits="1" branch="false"/>
                <line number="82" hits="1" branch="false"/>
                <line number="85" hits="7" branch="false"/>
                <line number="86" hits="7" branch="false"/>
                <line number="87" hits="7" branch="false"/>
                <line number="89" hits="8" branch="false"/>
                <line number="90" hits="2" branch="false"/>
                <line number="91" hits="2" branch="false"/>
                <line number="92" hits="2" branch="false"/>
                <line number="93" hits="2" branch="false"/>
                <line number="94" hits="2" branch="false"/>
                <line number="95" hits="2" branch="false"/>
                <line number="99" hits="6" branch="false"/>
                <line number="100" hits="6" branch="false"/>
                <line number="101" hits="6" branch="false"/>
                <line number="102" hits="6" branch="false"/>
                <line number="103" hits="6" branch="false"/>
                <line number="104" hits="6" branch="false"/>
                <line number="105" hits="6" branch="false"/>
                <line number="106" hits="6" branch="false"/>
                <line number="107" hits="6" branch="false"/>
                <line number="108" hits="6" branch="false"/>
                <line number="109" hits="6" branch="false"/>
                <line number="110" hits="6" branch="false"/>
                <line number="111" hits="6" branch="false"/>
                <line number="112" hits="6" branch="false"/>
                <line number="114" hits="6" branch="false"/>
                <line number="115" hits="6" branch="false"/>
                <line number="116" hits="6" branch="false"/>
                <line number="117" hits="6" branch="false"/>
                <line number="118" hits="6" branch="false"/>
                <line number="119" hits="5" branch="false"/>
                <line number="120" hits="5" branch="false"/>
                <line number="123" hits="5" branch="false"/>
                <line number="124" hits="1" branch="false"/>
                <line number="125" hits="5" branch="false"/>
                <line number="126" hits="4" branch="false"/>
                <line number="127" hits="5" branch="false"/>
                <line number="130" hits="5" branch="false"/>
                <line number="131" hits="5" branch="false"/>
                <line number="132" hits="5" branch="false"/>
                <line number="133" hits="5" branch="false"/>
                <line number="134" hits="5" branch="false"/>
                <line number="135" hits="5" branch="false"/>
                <line number="136" hits="5" branch="false"/>
                <line number="137" hits="5" branch="false"/>
                <line number="138" hits="5" branch="false"/>
                <line number="139" hits="5" branch="false"/>
                <line number="140" hits="5" branch="false"/>
                <line number="141" hits="5" branch="false"/>
                <line number="142" hits="5" branch="false"/>
                <line number="143" hits="5" branch="false"/>
                <line number="144" hits="5" branch="false"/>
                <line number="145" hits="5" branch="false"/>
                <line number="146" hits="5" branch="false"/>
                <line number="147" hits="5" branch="false"/>
                <line number="148" hits="5" branch="false"/>
                <line number="149" hits="5" branch="false"/>
                <line number="150" hits="5" branch="false"/>
                <line number="153" hits="5" branch="false"/>
                <line number="154" hits="5" branch="false"/>
                <line number="155" hits="5" branch="false"/>
                <line number="156" hits="5" branch="false"/>
                <line number="157" hits="5" branch="false"/>
                <line number="159" hits="5" branch="false"/>
                <line number="161" hits="5" branch="false"/>
                <line number="162" hits="5" branch="false"/>
                <line number="163" hits="5" branch="false"/>
                <line number="164" hits="5" branch="false"/>
                <line number="165" hits="5" branch="false"/>
                <line number="168" hits="5" branch="false"/>
                <line number="169" hits="5" branch="false"/>
                <line number="171" hits="5" branch="false"/>
[...]
            <line number="162" hits="1" branch="false"/>
            <line number="163" hits="1" branch="false"/>
            <line number="164" hits="1" branch="false"/>
            <line number="165" hits="1" branch="false"/>
            <line number="167" hits="20" branch="false"/>
            <line number="168" hits="1" branch="false"/>
            <line number="170" hits="19" branch="false"/>
            <line number="171" hits="8" branch="false"/>
            <line number="172" hits="1" branch="false"/>
            <line number="174" hits="7" branch="false"/>
            <line number="175" hits="1" branch="false"/>
            <line number="178" hits="17" branch="false"/>
            <line number="179" hits="1" branch="false"/>
            <line number="181" hits="16" branch="false"/>
            <line number="182" hits="1" branch="false"/>
            <line number="186" hits="15" branch="false"/>
            <line number="189" hits="15" branch="false"/>
            <line number="190" hits="7" branch="false"/>
            <line number="191" hits="4" branch="false"/>
            <line number="193" hits="3" branch="false"/>
            <line number="198" hits="15" branch="false"/>
            <line number="199" hits="22" branch="false"/>
            <line number="202" hits="22" branch="false"/>
            <line number="203" hits="7" branch="false"/>
            <line number="204" hits="7" branch="false"/>
            <line number="205" hits="3" branch="false"/>
            <line number="209" hits="15" branch="false"/>
            <line number="210" hits="4" branch="false"/>
            <line number="211" hits="4" branch="false"/>
            <line number="212" hits="4" branch="false"/>
            <line number="214" hits="4" branch="false"/>
            <line number="215" hits="1" branch="false"/>
            <line number="216" hits="1" branch="false"/>
            <line number="217" hits="1" branch="false"/>
            <line number="223" hits="11" branch="false"/>
            <line number="224" hits="11" branch="false"/>
            <line number="225" hits="11" branch="false"/>
            <line number="227" hits="11" branch="false"/>
            <line number="228" hits="5" branch="false"/>
            <line number="229" hits="5" branch="false"/>
            <line number="230" hits="5" branch="false"/>
            <line number="236" hits="22" branch="false"/>
            <line number="237" hits="6" branch="false"/>
            <line number="238" hits="6" branch="false"/>
            <line number="242" hits="16" branch="false"/>
            <line number="243" hits="1" branch="false"/>
            <line number="244" hits="1" branch="false"/>
            <line number="249" hits="15" branch="false"/>
            <line number="250" hits="9" branch="false"/>
            <line number="252" hits="6" branch="false"/>
            <line number="257" hits="15" branch="false"/>
            <line number="258" hits="4" branch="false"/>
            <line number="262" hits="11" branch="false"/>
            <line number="263" hits="3" branch="false"/>
            <line number="267" hits="8" branch="false"/>
            <line number="268" hits="8" branch="false"/>
            <line number="269" hits="8" branch="false"/>
            <line number="270" hits="8" branch="false"/>
            <line number="271" hits="8" branch="false"/>
            <line number="272" hits="8" branch="false"/>
            <line number="274" hits="8" branch="false"/>
            <line number="276" hits="8" branch="false"/>
            <line number="278" hits="8" branch="false"/>
          </lines>
        </class>
        <class name="theme_gtsummary_roche.R" filename="R/theme_gtsummary_roche.R" line-rate="0.988095238095238" branch-rate="0" complexity="0">
          <methods>
            <method name="theme_gtsummary_roche" signature="" line-rate="0.988095238095238" branch-rate="0" complexity="0">
              <lines>
                <line number="36" hits="11" branch="false"/>
                <line number="37" hits="11" branch="false"/>
                <line number="40" hits="11" branch="false"/>
                <line number="43" hits="11" branch="false"/>
                <line number="46" hits="11" branch="false"/>
                <line number="49" hits="11" branch="false"/>
                <line number="50" hits="11" branch="false"/>
                <line number="51" hits="11" branch="false"/>
                <line number="52" hits="11" branch="false"/>
                <line number="53" hits="11" branch="false"/>
                <line number="54" hits="11" branch="false"/>
                <line number="56" hits="11" branch="false"/>
                <line number="57" hits="11" branch="false"/>
                <line number="60" hits="11" branch="false"/>
                <line number="61" hits="0" branch="false"/>
                <line number="62" hits="11" branch="false"/>
                <line number="63" hits="11" branch="false"/>
                <line number="64" hits="11" branch="false"/>
                <line number="65" hits="11" branch="false"/>
                <line number="66" hits="11" branch="false"/>
                <line number="67" hits="11" branch="false"/>
                <line number="68" hits="11" branch="false"/>
                <line number="69" hits="11" branch="false"/>
                <line number="70" hits="11" branch="false"/>
                <line number="71" hits="11" branch="false"/>
                <line number="72" hits="11" branch="false"/>
                <line number="73" hits="11" branch="false"/>
                <line number="74" hits="11" branch="false"/>
                <line number="75" hits="11" branch="false"/>
                <line number="76" hits="11" branch="false"/>
                <line number="77" hits="11" branch="false"/>
                <line number="78" hits="11" branch="false"/>
                <line number="79" hits="11" branch="false"/>
                <line number="80" hits="11" branch="false"/>
                <line number="81" hits="11" branch="false"/>
                <line number="82" hits="11" branch="false"/>
                <line number="83" hits="11" branch="false"/>
                <line number="84" hits="11" branch="false"/>
                <line number="87" hits="11" branch="false"/>
                <line number="88" hits="11" branch="false"/>
                <line number="89" hits="11" branch="false"/>
                <line number="90" hits="11" branch="false"/>
                <line number="91" hits="11" branch="false"/>
                <line number="92" hits="11" branch="false"/>
                <line number="93" hits="11" branch="false"/>
                <line number="94" hits="11" branch="false"/>
                <line number="95" hits="11" branch="false"/>
                <line number="96" hits="11" branch="false"/>
                <line number="97" hits="11" branch="false"/>
                <line number="98" hits="11" branch="false"/>
                <line number="99" hits="11" branch="false"/>
                <line number="100" hits="11" branch="false"/>
                <line number="101" hits="11" branch="false"/>
                <line number="102" hits="11" branch="false"/>
                <line number="103" hits="11" branch="false"/>
                <line number="104" hits="11" branch="false"/>
                <line number="105" hits="11" branch="false"/>
                <line number="106" hits="11" branch="false"/>
                <line number="107" hits="11" branch="false"/>
                <line number="108" hits="11" branch="false"/>
                <line number="109" hits="11" branch="false"/>
                <line number="112" hits="11" branch="false"/>
                <line number="113" hits="11" branch="false"/>
                <line number="114" hits="11" branch="false"/>
                <line number="115" hits="11" branch="false"/>
                <line number="116" hits="11" branch="false"/>
                <line number="117" hits="11" branch="false"/>
                <line number="118" hits="11" branch="false"/>
                <line number="119" hits="11" branch="false"/>
                <line number="120" hits="11" branch="false"/>
                <line number="121" hits="11" branch="false"/>
                <line number="122" hits="11" branch="false"/>
                <line number="123" hits="11" branch="false"/>
                <line number="124" hits="11" branch="false"/>
                <line number="125" hits="11" branch="false"/>
                <line number="126" hits="11" branch="false"/>
                <line number="127" hits="11" branch="false"/>
                <line number="128" hits="11" branch="false"/>
                <line number="129" hits="11" branch="false"/>
                <line number="130" hits="11" branch="false"/>
                <line number="131" hits="11" branch="false"/>
                <line number="132" hits="11" branch="false"/>
                <line number="135" hits="9" branch="false"/>
                <line number="136" hits="11" branch="false"/>
              </lines>
            </method>
          </methods>
          <lines>
            <line number="36" hits="11" branch="false"/>
            <line number="37" hits="11" branch="false"/>
            <line number="40" hits="11" branch="false"/>
            <line number="43" hits="11" branch="false"/>
            <line number="46" hits="11" branch="false"/>
            <line number="49" hits="11" branch="false"/>
            <line number="50" hits="11" branch="false"/>
            <line number="51" hits="11" branch="false"/>
            <line number="52" hits="11" branch="false"/>
            <line number="53" hits="11" branch="false"/>
            <line number="54" hits="11" branch="false"/>
            <line number="56" hits="11" branch="false"/>
            <line number="57" hits="11" branch="false"/>
            <line number="60" hits="11" branch="false"/>
            <line number="61" hits="0" branch="false"/>
            <line number="62" hits="11" branch="false"/>
            <line number="63" hits="11" branch="false"/>
            <line number="64" hits="11" branch="false"/>
            <line number="65" hits="11" branch="false"/>
            <line number="66" hits="11" branch="false"/>
            <line number="67" hits="11" branch="false"/>
            <line number="68" hits="11" branch="false"/>
            <line number="69" hits="11" branch="false"/>
            <line number="70" hits="11" branch="false"/>
            <line number="71" hits="11" branch="false"/>
            <line number="72" hits="11" branch="false"/>
            <line number="73" hits="11" branch="false"/>
            <line number="74" hits="11" branch="false"/>
            <line number="75" hits="11" branch="false"/>
            <line number="76" hits="11" branch="false"/>
            <line number="77" hits="11" branch="false"/>
            <line number="78" hits="11" branch="false"/>
            <line number="79" hits="11" branch="false"/>
            <line number="80" hits="11" branch="false"/>
            <line number="81" hits="11" branch="false"/>
            <line number="82" hits="11" branch="false"/>
            <line number="83" hits="11" branch="false"/>
            <line number="84" hits="11" branch="false"/>
            <line number="87" hits="11" branch="false"/>
            <line number="88" hits="11" branch="false"/>
            <line number="89" hits="11" branch="false"/>
            <line number="90" hits="11" branch="false"/>
            <line number="91" hits="11" branch="false"/>
            <line number="92" hits="11" branch="false"/>
            <line number="93" hits="11" branch="false"/>
            <line number="94" hits="11" branch="false"/>
            <line number="95" hits="11" branch="false"/>
            <line number="96" hits="11" branch="false"/>
            <line number="97" hits="11" branch="false"/>
            <line number="98" hits="11" branch="false"/>
            <line number="99" hits="11" branch="false"/>
            <line number="100" hits="11" branch="false"/>
            <line number="101" hits="11" branch="false"/>
            <line number="102" hits="11" branch="false"/>
            <line number="103" hits="11" branch="false"/>
            <line number="104" hits="11" branch="false"/>
            <line number="105" hits="11" branch="false"/>
            <line number="106" hits="11" branch="false"/>
            <line number="107" hits="11" branch="false"/>
            <line number="108" hits="11" branch="false"/>
            <line number="109" hits="11" branch="false"/>
            <line number="112" hits="11" branch="false"/>
            <line number="113" hits="11" branch="false"/>
            <line number="114" hits="11" branch="false"/>
            <line number="115" hits="11" branch="false"/>
            <line number="116" hits="11" branch="false"/>
            <line number="117" hits="11" branch="false"/>
            <line number="118" hits="11" branch="false"/>
            <line number="119" hits="11" branch="false"/>
            <line number="120" hits="11" branch="false"/>
            <line number="121" hits="11" branch="false"/>
            <line number="122" hits="11" branch="false"/>
            <line number="123" hits="11" branch="false"/>
            <line number="124" hits="11" branch="false"/>
            <line number="125" hits="11" branch="false"/>
            <line number="126" hits="11" branch="false"/>
            <line number="127" hits="11" branch="false"/>
            <line number="128" hits="11" branch="false"/>
            <line number="129" hits="11" branch="false"/>
            <line number="130" hits="11" branch="false"/>
            <line number="131" hits="11" branch="false"/>
            <line number="132" hits="11" branch="false"/>
            <line number="135" hits="9" branch="false"/>
            <line number="136" hits="11" branch="false"/>
          </lines>
        </class>
        <class name="utils.R" filename="R/utils.R" line-rate="1" branch-rate="0" complexity="0">
          <methods>
            <method name="case_switch" signature="" line-rate="1" branch-rate="0" complexity="0">
              <lines>
                <line number="2" hits="42" branch="false"/>
                <line number="4" hits="42" branch="false"/>
                <line number="5" hits="42" branch="false"/>
                <line number="6" hits="20" branch="false"/>
                <line number="10" hits="22" branch="false"/>
              </lines>
            </method>
            <method name=".guess_roche_summary_digits" signature="" line-rate="1" branch-rate="0" complexity="0">
              <lines>
                <line number="15" hits="107" branch="false"/>
                <line number="16" hits="107" branch="false"/>
                <line number="18" hits="107" branch="false"/>
                <line number="19" hits="107" branch="false"/>
                <line number="20" hits="107" branch="false"/>
                <line number="21" hits="107" branch="false"/>
                <line number="23" hits="107" branch="false"/>
                <line number="24" hits="107" branch="false"/>
                <line number="25" hits="107" branch="false"/>
                <line number="27" hits="107" branch="false"/>
                <line number="29" hits="107" branch="false"/>
                <line number="30" hits="107" branch="false"/>
                <line number="31" hits="107" branch="false"/>
                <line number="32" hits="107" branch="false"/>
                <line number="33" hits="107" branch="false"/>
                <line number="34" hits="107" branch="false"/>
                <line number="36" hits="107" branch="false"/>
                <line number="37" hits="68" branch="false"/>
                <line number="38" hits="68" branch="false"/>
                <line number="39" hits="68" branch="false"/>
                <line number="40" hits="68" branch="false"/>
                <line number="41" hits="68" branch="false"/>
                <line number="42" hits="107" branch="false"/>
                <line number="43" hits="107" branch="false"/>
                <line number="44" hits="107" branch="false"/>
                <line number="45" hits="107" branch="false"/>
              </lines>
            </method>
            <method name=".count_dp" signature="" line-rate="1" branch-rate="0" complexity="0">
              <lines>
                <line number="50" hits="69916" branch="false"/>
                <line number="51" hits="60369" branch="false"/>
                <line number="52" hits="9547" branch="false"/>
                <line number="53" hits="368" branch="false"/>
                <line number="55" hits="9179" branch="false"/>
              </lines>
            </method>
            <method name=".check_formula_for_namespace" signature="" line-rate="1" branch-rate="0" complexity="0">
              <lines>
                <line number="63" hits="45" branch="false"/>
                <line number="64" hits="45" branch="false"/>
                <line number="65" hits="5" branch="false"/>
                <line number="66" hits="5" branch="false"/>
                <line number="67" hits="5" branch="false"/>
                <line number="68" hits="5" branch="false"/>
              </lines>
            </method>
          </methods>
          <lines>
            <line number="2" hits="42" branch="false"/>
            <line number="4" hits="42" branch="false"/>
            <line number="5" hits="42" branch="false"/>
            <line number="6" hits="20" branch="false"/>
            <line number="10" hits="22" branch="false"/>
            <line number="15" hits="107" branch="false"/>
            <line number="16" hits="107" branch="false"/>
            <line number="18" hits="107" branch="false"/>
            <line number="19" hits="107" branch="false"/>
            <line number="20" hits="107" branch="false"/>
            <line number="21" hits="107" branch="false"/>
            <line number="23" hits="107" branch="false"/>
            <line number="24" hits="107" branch="false"/>
            <line number="25" hits="107" branch="false"/>
            <line number="27" hits="107" branch="false"/>
            <line number="29" hits="107" branch="false"/>
            <line number="30" hits="107" branch="false"/>
            <line number="31" hits="107" branch="false"/>
            <line number="32" hits="107" branch="false"/>
            <line number="33" hits="107" branch="false"/>
            <line number="34" hits="107" branch="false"/>
            <line number="36" hits="107" branch="false"/>
            <line number="37" hits="68" branch="false"/>
            <line number="38" hits="68" branch="false"/>
            <line number="39" hits="68" branch="false"/>
            <line number="40" hits="68" branch="false"/>
            <line number="41" hits="68" branch="false"/>
            <line number="42" hits="107" branch="false"/>
            <line number="43" hits="107" branch="false"/>
            <line number="44" hits="107" branch="false"/>
            <line number="45" hits="107" branch="false"/>
            <line number="50" hits="69916" branch="false"/>
            <line number="51" hits="60369" branch="false"/>
            <line number="52" hits="9547" branch="false"/>
            <line number="53" hits="368" branch="false"/>
            <line number="55" hits="9179" branch="false"/>
            <line number="63" hits="45" branch="false"/>
            <line number="64" hits="45" branch="false"/>
            <line number="65" hits="5" branch="false"/>
            <line number="66" hits="5" branch="false"/>
            <line number="67" hits="5" branch="false"/>
            <line number="68" hits="5" branch="false"/>
          </lines>
        </class>
      </classes>
    </package>
  </packages>
</coverage>
