<?xml version="1.0" encoding="UTF-8"?>
<!DOCTYPE coverage SYSTEM "https://raw.githubusercontent.com/cobertura/cobertura/master/cobertura/src/site/htdocs/xml/coverage-04.dtd">
<coverage line-rate="0" branch-rate="0" lines-covered="0" lines-valid="47" branches-covered="0" branches-valid="0" complexity="0" version="3.6.4" timestamp="2024-10-28 14:39:38.913684">
  <sources>
    <source>/__w/crane/crane/crane</source>
  </sources>
  <packages>
    <package name="crane" line-rate="0" branch-rate="0" complexity="0">
      <classes>
        <class name="tbl_demographics.R" filename="R/tbl_demographics.R" line-rate="0" branch-rate="0" complexity="0">
          <methods>
            <method name="tbl_demographics" signature="" line-rate="0" branch-rate="0" complexity="0">
              <lines>
                <line number="44" hits="0" branch="false"/>
                <line number="47" hits="0" branch="false"/>
                <line number="48" hits="0" branch="false"/>
                <line number="49" hits="0" branch="false"/>
                <line number="50" hits="0" branch="false"/>
                <line number="51" hits="0" branch="false"/>
                <line number="52" hits="0" branch="false"/>
                <line number="53" hits="0" branch="false"/>
                <line number="54" hits="0" branch="false"/>
                <line number="55" hits="0" branch="false"/>
                <line number="56" hits="0" branch="false"/>
                <line number="57" hits="0" branch="false"/>
                <line number="58" hits="0" branch="false"/>
                <line number="59" hits="0" branch="false"/>
                <line number="60" hits="0" branch="false"/>
                <line number="61" hits="0" branch="false"/>
                <line number="62" hits="0" branch="false"/>
                <line number="63" hits="0" branch="false"/>
                <line number="64" hits="0" branch="false"/>
                <line number="65" hits="0" branch="false"/>
                <line number="66" hits="0" branch="false"/>
                <line number="67" hits="0" branch="false"/>
                <line number="68" hits="0" branch="false"/>
                <line number="69" hits="0" branch="false"/>
                <line number="70" hits="0" branch="false"/>
                <line number="71" hits="0" branch="false"/>
                <line number="72" hits="0" branch="false"/>
                <line number="73" hits="0" branch="false"/>
                <line number="74" hits="0" branch="false"/>
                <line number="75" hits="0" branch="false"/>
                <line number="76" hits="0" branch="false"/>
                <line number="77" hits="0" branch="false"/>
                <line number="78" hits="0" branch="false"/>
                <line number="79" hits="0" branch="false"/>
              </lines>
            </method>
          </methods>
          <lines>
            <line number="44" hits="0" branch="false"/>
            <line number="47" hits="0" branch="false"/>
            <line number="48" hits="0" branch="false"/>
            <line number="49" hits="0" branch="false"/>
            <line number="50" hits="0" branch="false"/>
            <line number="51" hits="0" branch="false"/>
            <line number="52" hits="0" branch="false"/>
            <line number="53" hits="0" branch="false"/>
            <line number="54" hits="0" branch="false"/>
            <line number="55" hits="0" branch="false"/>
            <line number="56" hits="0" branch="false"/>
            <line number="57" hits="0" branch="false"/>
            <line number="58" hits="0" branch="false"/>
            <line number="59" hits="0" branch="false"/>
            <line number="60" hits="0" branch="false"/>
            <line number="61" hits="0" branch="false"/>
            <line number="62" hits="0" branch="false"/>
            <line number="63" hits="0" branch="false"/>
            <line number="64" hits="0" branch="false"/>
            <line number="65" hits="0" branch="false"/>
            <line number="66" hits="0" branch="false"/>
            <line number="67" hits="0" branch="false"/>
            <line number="68" hits="0" branch="false"/>
            <line number="69" hits="0" branch="false"/>
            <line number="70" hits="0" branch="false"/>
            <line number="71" hits="0" branch="false"/>
            <line number="72" hits="0" branch="false"/>
            <line number="73" hits="0" branch="false"/>
            <line number="74" hits="0" branch="false"/>
            <line number="75" hits="0" branch="false"/>
            <line number="76" hits="0" branch="false"/>
            <line number="77" hits="0" branch="false"/>
            <line number="78" hits="0" branch="false"/>
            <line number="79" hits="0" branch="false"/>
          </lines>
        </class>
        <class name="theme_gtsummary_roche.R" filename="R/theme_gtsummary_roche.R" line-rate="0" branch-rate="0" complexity="0">
          <methods>
            <method name="theme_gtsummary_roche" signature="" line-rate="0" branch-rate="0" complexity="0">
              <lines>
                <line number="22" hits="0" branch="false"/>
                <line number="23" hits="0" branch="false"/>
                <line number="26" hits="0" branch="false"/>
                <line number="27" hits="0" branch="false"/>
                <line number="28" hits="0" branch="false"/>
                <line number="29" hits="0" branch="false"/>
                <line number="30" hits="0" branch="false"/>
                <line number="31" hits="0" branch="false"/>
                <line number="34" hits="0" branch="false"/>
                <line number="35" hits="0" branch="false"/>
                <line number="36" hits="0" branch="false"/>
                <line number="39" hits="0" branch="false"/>
                <line number="40" hits="0" branch="false"/>
              </lines>
            </method>
          </methods>
          <lines>
            <line number="22" hits="0" branch="false"/>
            <line number="23" hits="0" branch="false"/>
            <line number="26" hits="0" branch="false"/>
            <line number="27" hits="0" branch="false"/>
            <line number="28" hits="0" branch="false"/>
            <line number="29" hits="0" branch="false"/>
            <line number="30" hits="0" branch="false"/>
            <line number="31" hits="0" branch="false"/>
            <line number="34" hits="0" branch="false"/>
            <line number="35" hits="0" branch="false"/>
            <line number="36" hits="0" branch="false"/>
            <line number="39" hits="0" branch="false"/>
            <line number="40" hits="0" branch="false"/>
          </lines>
        </class>
      </classes>
    </package>
  </packages>
</coverage>
