<?xml version="1.0" encoding="UTF-8"?>
<testsuites>
  <testsuite name="add_blank_rows" timestamp="2026-01-21T18:41:37Z" hostname="8445b094dbba" tests="1" skipped="0" failures="0" errors="0" time="7.856">
    <testcase time="7.856" classname="character(0)" name="add_blank_rows_works"/>
  </testsuite>
  <testsuite name="add_blank_rows" timestamp="2026-01-21T18:41:37Z" hostname="8445b094dbba" tests="2" skipped="0" failures="0" errors="0" time="0.022">
    <testcase time="0.0210000000000008" classname="character(0)" name="add_blank_rows_variables_works"/>
    <testcase time="0.000999999999999446" classname="character(0)" name="add_blank_rows_variables_works"/>
  </testsuite>
  <testsuite name="add_blank_rows" timestamp="2026-01-21T18:41:37Z" hostname="8445b094dbba" tests="1" skipped="0" failures="0" errors="0" time="0.026">
    <testcase time="0.0259999999999998" classname="character(0)" name="add_blank_rows_variables_grade_is_last_row_then_table_identical"/>
  </testsuite>
  <testsuite name="add_blank_rows" timestamp="2026-01-21T18:41:37Z" hostname="8445b094dbba" tests="1" skipped="0" failures="0" errors="0" time="0.002">
    <testcase time="0.00200000000000067" classname="character(0)" name="add_blank_rows_variable_level_works"/>
  </testsuite>
  <testsuite name="add_blank_rows" timestamp="2026-01-21T18:41:37Z" hostname="8445b094dbba" tests="1" skipped="1" failures="0" errors="0" time="0.002">
    <testcase time="0.00199999999999889" classname="character(0)" name="add_blank_rows_error_message">
      <skipped message="Reason: On CRAN ('test-add_blank_rows.R:73:1')"/>
    </testcase>
  </testsuite>
  <testsuite name="add_blank_rows" timestamp="2026-01-21T18:41:37Z" hostname="8445b094dbba" tests="2" skipped="0" failures="0" errors="0" time="0.017">
    <testcase time="0.016" classname="character(0)" name="add_blank_rows_row_numbers_error"/>
    <testcase time="0.000999999999999446" classname="character(0)" name="add_blank_rows_row_numbers_error"/>
  </testsuite>
  <testsuite name="add_blank_rows" timestamp="2026-01-21T18:41:37Z" hostname="8445b094dbba" tests="1" skipped="1" failures="0" errors="0" time="0.002">
    <testcase time="0.00200000000000067" classname="character(0)" name="add_blank_rows_errors_when_no_variable">
      <skipped message="Reason: On CRAN ('test-add_blank_rows.R:99:1')"/>
    </testcase>
  </testsuite>
  <testsuite name="add_difference_row" timestamp="2026-01-21T18:41:40Z" hostname="8445b094dbba" tests="7" skipped="1" failures="0" errors="0" time="3.182">
    <testcase time="3.177" classname="character(0)" name="add_difference_row.tbl_survfit_times_works"/>
    <testcase time="0.00100000000000122" classname="character(0)" name="add_difference_row.tbl_survfit_times_works"/>
    <testcase time="0.000999999999999446" classname="character(0)" name="add_difference_row.tbl_survfit_times_works"/>
    <testcase time="0" classname="character(0)" name="add_difference_row.tbl_survfit_times_works"/>
    <testcase time="0.000999999999999446" classname="character(0)" name="add_difference_row.tbl_survfit_times_works"/>
    <testcase time="0.00100000000000122" classname="character(0)" name="add_difference_row.tbl_survfit_times_works"/>
    <testcase time="0.000999999999999446" classname="character(0)" name="add_difference_row.tbl_survfit_times_works">
      <skipped message="Reason: On CRAN ('test-add_difference_row.R:10:1')"/>
    </testcase>
  </testsuite>
  <testsuite name="add_difference_row" timestamp="2026-01-21T18:41:40Z" hostname="8445b094dbba" tests="1" skipped="1" failures="0" errors="0" time="0.016">
    <testcase time="0.016" classname="character(0)" name="add_difference_row.tbl_survfit_times_error_messaging_works">
      <skipped message="Reason: On CRAN ('test-add_difference_row.R:52:1')"/>
    </testcase>
  </testsuite>
  <testsuite name="forestplot" timestamp="2026-01-21T18:41:40Z" hostname="8445b094dbba" tests="1" skipped="1" failures="0" errors="0" time="0.049">
    <testcase time="0.0489999999999995" classname="character(0)" name="test_g_forest_works">
      <skipped message="Reason: On CRAN ('test-forestplot.R:2:3')"/>
    </testcase>
  </testsuite>
  <testsuite name="add_hierarchical_count_row" timestamp="2026-01-21T18:41:41Z" hostname="8445b094dbba" tests="3" skipped="1" failures="0" errors="0" time="0.819">
    <testcase time="0.817" classname="character(0)" name="add_hierarchical_count_row_works"/>
    <testcase time="0.000999999999999446" classname="character(0)" name="add_hierarchical_count_row_works"/>
    <testcase time="0.00100000000000122" classname="character(0)" name="add_hierarchical_count_row_works">
      <skipped message="Reason: On CRAN ('test-add_hierarchical_count_row.R:1:1')"/>
    </testcase>
  </testsuite>
  <testsuite name="add_hierarchical_count_row" timestamp="2026-01-21T18:41:41Z" hostname="8445b094dbba" tests="2" skipped="1" failures="0" errors="0" time="0.019">
    <testcase time="0.0179999999999989" classname="character(0)" name="add_hierarchical_count_row_data_preprocess_works"/>
    <testcase time="0.00100000000000122" classname="character(0)" name="add_hierarchical_count_row_data_preprocess_works">
      <skipped message="Reason: On CRAN ('test-add_hierarchical_count_row.R:37:1')"/>
    </testcase>
  </testsuite>
  <testsuite name="label_roche" timestamp="2026-01-21T18:41:41Z" hostname="8445b094dbba" tests="1" skipped="0" failures="0" errors="0" time="0.095">
    <testcase time="0.0949999999999989" classname="character(0)" name="style_roche_pvalue_works"/>
  </testsuite>
  <testsuite name="label_roche" timestamp="2026-01-21T18:41:41Z" hostname="8445b094dbba" tests="3" skipped="0" failures="0" errors="0" time="0.004">
    <testcase time="0.00200000000000067" classname="character(0)" name="style_roche_percent_works"/>
    <testcase time="0.000999999999999446" classname="character(0)" name="style_roche_percent_works"/>
    <testcase time="0.00100000000000122" classname="character(0)" name="style_roche_percent_works"/>
  </testsuite>
  <testsuite name="label_roche" timestamp="2026-01-21T18:41:41Z" hostname="8445b094dbba" tests="2" skipped="0" failures="0" errors="0" time="0.003">
    <testcase time="0.00199999999999889" classname="character(0)" name="style_roche_ratio_works"/>
    <testcase time="0.00100000000000122" classname="character(0)" name="style_roche_ratio_works"/>
  </testsuite>
  <testsuite name="label_roche" timestamp="2026-01-21T18:41:41Z" hostname="8445b094dbba" tests="2" skipped="0" failures="0" errors="0" time="0.002">
    <testcase time="0.00199999999999889" classname="character(0)" name="style_roche_number_works"/>
    <testcase time="0" classname="character(0)" name="style_roche_number_works"/>
  </testsuite>
  <testsuite name="gg_km" timestamp="2026-01-21T18:41:41Z" hostname="8445b094dbba" tests="3" skipped="0" failures="0" errors="0" time="0.549">
    <testcase time="0.547000000000001" classname="character(0)" name="gg_km_works_with_default_inputs"/>
    <testcase time="0.000999999999999446" classname="character(0)" name="gg_km_works_with_default_inputs"/>
    <testcase time="0.000999999999999446" classname="character(0)" name="gg_km_works_with_default_inputs"/>
  </testsuite>
  <testsuite name="gg_km" timestamp="2026-01-21T18:41:41Z" hostname="8445b094dbba" tests="2" skipped="0" failures="0" errors="0" time="0.005">
    <testcase time="0.00400000000000134" classname="character(0)" name="df2gg_works_with_proper_x_axis_and_without"/>
    <testcase time="0.000999999999999446" classname="character(0)" name="df2gg_works_with_proper_x_axis_and_without"/>
  </testsuite>
  <testsuite name="modify_zero_recode" timestamp="2026-01-21T18:41:42Z" hostname="8445b094dbba" tests="2" skipped="1" failures="0" errors="0" time="1.083">
    <testcase time="1.082" classname="character(0)" name="modify_zero_recode_works"/>
    <testcase time="0.000999999999999446" classname="character(0)" name="modify_zero_recode_works">
      <skipped message="Reason: On CRAN ('test-modify_zero_recode.R:1:1')"/>
    </testcase>
  </testsuite>
  <testsuite name="modify_header_rm_md" timestamp="2026-01-21T18:41:43Z" hostname="8445b094dbba" tests="2" skipped="0" failures="0" errors="0" time="0.996">
    <testcase time="0.995000000000001" classname="character(0)" name="strip_md_bold_works_with_gtsummary_table"/>
    <testcase time="0.000999999999997669" classname="character(0)" name="strip_md_bold_works_with_gtsummary_table"/>
    <testcase time="0.0370000000000026" classname="character(0)" name="_unnamed_">
      <skipped message="Reason: On CRAN ('test-tbl_hierarchical_rate_and_count.R:1:1')"/>
    </testcase>
    <testcase time="0.0659999999999989" classname="character(0)" name="_unnamed_">
      <skipped message="Reason: On CRAN ('test-tbl_hierarchical_rate_by_grade.R:1:1')"/>
    </testcase>
  </testsuite>
  <testsuite name="tbl_listing" timestamp="2026-01-21T18:41:44Z" hostname="8445b094dbba" tests="3" skipped="3" failures="0" errors="0" time="0.773">
    <testcase time="0.669999999999998" classname="character(0)" name="tbl_listing_works_with_default_values">
      <skipped message="Reason: On CRAN ('test-tbl_listing.R:6:1')"/>
    </testcase>
  </testsuite>
  <testsuite name="tbl_listing" timestamp="2026-01-21T18:41:44Z" hostname="8445b094dbba" tests="3" skipped="1" failures="0" errors="0" time="0.015">
    <testcase time="0.0130000000000017" classname="character(0)" name="tbl_listing_add_blanks_rows_works_with_standard_values"/>
    <testcase time="0.00100000000000122" classname="character(0)" name="tbl_listing_add_blanks_rows_works_with_standard_values"/>
    <testcase time="0.000999999999997669" classname="character(0)" name="tbl_listing_add_blanks_rows_works_with_standard_values">
      <skipped message="Reason: On CRAN ('test-tbl_listing.R:12:1')"/>
    </testcase>
  </testsuite>
  <testsuite name="tbl_listing" timestamp="2026-01-21T18:41:44Z" hostname="8445b094dbba" tests="3" skipped="1" failures="0" errors="0" time="0.013">
    <testcase time="0.0120000000000005" classname="character(0)" name="tbl_listing_split_by_rows_works_with_standard_values"/>
    <testcase time="0" classname="character(0)" name="tbl_listing_split_by_rows_works_with_standard_values"/>
    <testcase time="0.00100000000000122" classname="character(0)" name="tbl_listing_split_by_rows_works_with_standard_values">
      <skipped message="Reason: On CRAN ('test-tbl_listing.R:31:1')"/>
    </testcase>
  </testsuite>
  <testsuite name="tbl_listing" timestamp="2026-01-21T18:41:44Z" hostname="8445b094dbba" tests="3" skipped="1" failures="0" errors="0" time="0.013">
    <testcase time="0.0120000000000005" classname="character(0)" name="tbl_listing_split_by_rows_add_blank_rows_works_with_standard_values"/>
    <testcase time="0.000999999999997669" classname="character(0)" name="tbl_listing_split_by_rows_add_blank_rows_works_with_standard_values"/>
    <testcase time="0" classname="character(0)" name="tbl_listing_split_by_rows_add_blank_rows_works_with_standard_values">
      <skipped message="Reason: On CRAN ('test-tbl_listing.R:42:1')"/>
    </testcase>
  </testsuite>
  <testsuite name="tbl_listing" timestamp="2026-01-21T18:41:44Z" hostname="8445b094dbba" tests="3" skipped="1" failures="0" errors="0" time="0.013">
    <testcase time="0.0120000000000005" classname="character(0)" name="tbl_listing_split_by_columns_works_with_standard_values"/>
    <testcase time="0.00100000000000122" classname="character(0)" name="tbl_listing_split_by_columns_works_with_standard_values"/>
    <testcase time="0" classname="character(0)" name="tbl_listing_split_by_columns_works_with_standard_values">
      <skipped message="Reason: On CRAN ('test-tbl_listing.R:57:1')"/>
    </testcase>
  </testsuite>
  <testsuite name="tbl_listing" timestamp="2026-01-21T18:41:44Z" hostname="8445b094dbba" tests="5" skipped="1" failures="0" errors="0" time="0.015">
    <testcase time="0.0120000000000005" classname="character(0)" name="tbl_listing_split_by_rows_split_by_columns_works_with_standard_values"/>
    <testcase time="0.000999999999997669" classname="character(0)" name="tbl_listing_split_by_rows_split_by_columns_works_with_standard_values"/>
    <testcase time="0" classname="character(0)" name="tbl_listing_split_by_rows_split_by_columns_works_with_standard_values"/>
    <testcase time="0.00100000000000122" classname="character(0)" name="tbl_listing_split_by_rows_split_by_columns_works_with_standard_values"/>
    <testcase time="0.00100000000000122" classname="character(0)" name="tbl_listing_split_by_rows_split_by_columns_works_with_standard_values">
      <skipped message="Reason: On CRAN ('test-tbl_listing.R:70:1')"/>
    </testcase>
  </testsuite>
  <testsuite name="tbl_listing" timestamp="2026-01-21T18:41:44Z" hostname="8445b094dbba" tests="1" skipped="1" failures="0" errors="0" time="0.011">
    <testcase time="0.0109999999999992" classname="character(0)" name="remove_duplicate_keys_works_with_standard_values">
      <skipped message="Reason: On CRAN ('test-tbl_listing.R:89:1')"/>
    </testcase>
  </testsuite>
  <testsuite name="tbl_listing" timestamp="2026-01-21T18:41:44Z" hostname="8445b094dbba" tests="1" skipped="1" failures="0" errors="0" time="0.012">
    <testcase time="0.0120000000000005" classname="character(0)" name="remove_duplicate_keys_works_with_unique_and_duplicated_values">
      <skipped message="Reason: On CRAN ('test-tbl_listing.R:98:1')"/>
    </testcase>
  </testsuite>
  <testsuite name="tbl_null_report" timestamp="2026-01-21T18:41:44Z" hostname="8445b094dbba" tests="3" skipped="0" failures="0" errors="0" time="0.135">
    <testcase time="0.132999999999999" classname="character(0)" name="tbl_null_report_works_correctly"/>
    <testcase time="0.00100000000000122" classname="character(0)" name="tbl_null_report_works_correctly"/>
    <testcase time="0.000999999999997669" classname="character(0)" name="tbl_null_report_works_correctly"/>
  </testsuite>
  <testsuite name="tbl_roche_summary" timestamp="2026-01-21T18:41:52Z" hostname="8445b094dbba" tests="1" skipped="0" failures="0" errors="0" time="7.596">
    <testcase time="7.596" classname="character(0)" name="tbl_roche_summary_works"/>
  </testsuite>
  <testsuite name="tbl_roche_summary" timestamp="2026-01-21T18:41:52Z" hostname="8445b094dbba" tests="3" skipped="1" failures="0" errors="0" time="0.005">
    <testcase time="0.00300000000000011" classname="character(0)" name="tbl_roche_summary_add_overall_works"/>
    <testcase time="0.00100000000000122" classname="character(0)" name="tbl_roche_summary_add_overall_works"/>
    <testcase time="0.00100000000000122" classname="character(0)" name="tbl_roche_summary_add_overall_works">
      <skipped message="Reason: On CRAN ('test-tbl_roche_summary.R:14:1')"/>
    </testcase>
  </testsuite>
  <testsuite name="tbl_roche_summary" timestamp="2026-01-21T18:41:52Z" hostname="8445b094dbba" tests="1" skipped="0" failures="0" errors="0" time="0.013">
    <testcase time="0.0129999999999981" classname="character(0)" name="tbl_roche_summary_recode_counts_for_all_NA_column"/>
  </testsuite>
  <testsuite name="tbl_roche_summary" timestamp="2026-01-21T18:41:52Z" hostname="8445b094dbba" tests="2" skipped="1" failures="0" errors="0" time="0.002">
    <testcase time="0.00199999999999889" classname="character(0)" name="tbl_roche_summary_digit_estimation_works"/>
    <testcase time="0" classname="character(0)" name="tbl_roche_summary_digit_estimation_works">
      <skipped message="Reason: On CRAN ('test-tbl_roche_summary.R:85:1')"/>
    </testcase>
  </testsuite>
  <testsuite name="tbl_shift" timestamp="2026-01-21T18:42:13Z" hostname="8445b094dbba" tests="3" skipped="1" failures="0" errors="0" time="21.159">
    <testcase time="21.157" classname="character(0)" name="tbl_shift_strata_location_"/>
    <testcase time="0.00100000000000477" classname="character(0)" name="tbl_shift_strata_location_"/>
    <testcase time="0.000999999999997669" classname="character(0)" name="tbl_shift_strata_location_">
      <skipped message="Reason: On CRAN ('test-tbl_shift.R:23:1')"/>
    </testcase>
  </testsuite>
  <testsuite name="tbl_shift" timestamp="2026-01-21T18:42:13Z" hostname="8445b094dbba" tests="1" skipped="1" failures="0" errors="0" time="0.018">
    <testcase time="0.0180000000000007" classname="character(0)" name="tbl_shift_by_messaging">
      <skipped message="Reason: On CRAN ('test-tbl_shift.R:53:1')"/>
    </testcase>
  </testsuite>
  <testsuite name="tbl_shift" timestamp="2026-01-21T18:42:13Z" hostname="8445b094dbba" tests="1" skipped="1" failures="0" errors="0" time="0.011">
    <testcase time="0.0109999999999957" classname="character(0)" name="tbl_shift_data_header_messaging">
      <skipped message="Reason: On CRAN ('test-tbl_shift.R:72:1')"/>
    </testcase>
  </testsuite>
  <testsuite name="tbl_shift" timestamp="2026-01-21T18:42:13Z" hostname="8445b094dbba" tests="3" skipped="1" failures="0" errors="0" time="0.012">
    <testcase time="0.0110000000000028" classname="character(0)" name="add_overall.tbl_shift_"/>
    <testcase time="0" classname="character(0)" name="add_overall.tbl_shift_"/>
    <testcase time="0.000999999999997669" classname="character(0)" name="add_overall.tbl_shift_">
      <skipped message="Reason: On CRAN ('test-tbl_shift.R:89:1')"/>
    </testcase>
  </testsuite>
  <testsuite name="tbl_shift" timestamp="2026-01-21T18:42:13Z" hostname="8445b094dbba" tests="1" skipped="1" failures="0" errors="0" time="0.011">
    <testcase time="0.0110000000000028" classname="character(0)" name="add_overall.tbl_shift_messaging">
      <skipped message="Reason: On CRAN ('test-tbl_shift.R:124:1')"/>
    </testcase>
  </testsuite>
  <testsuite name="tbl_shift" timestamp="2026-01-21T18:42:13Z" hostname="8445b094dbba" tests="2" skipped="1" failures="0" errors="0" time="0.011">
    <testcase time="0.00999999999999801" classname="character(0)" name="add_overall.tbl_shift_strata_NULL_messaging"/>
    <testcase time="0.00100000000000477" classname="character(0)" name="add_overall.tbl_shift_strata_NULL_messaging">
      <skipped message="Reason: On CRAN ('test-tbl_shift.R:159:1')"/>
    </testcase>
  </testsuite>
  <testsuite name="tbl_baseline_chg" timestamp="2026-01-21T18:42:19Z" hostname="8445b094dbba" tests="3" skipped="1" failures="0" errors="0" time="5.508">
    <testcase time="5.507" classname="character(0)" name="tbl_baseline_chg_works"/>
    <testcase time="0.000999999999997669" classname="character(0)" name="tbl_baseline_chg_works"/>
    <testcase time="0" classname="character(0)" name="tbl_baseline_chg_works">
      <skipped message="Reason: On CRAN ('test-tbl_baseline_chg.R:12:1')"/>
    </testcase>
  </testsuite>
  <testsuite name="tbl_baseline_chg" timestamp="2026-01-21T18:42:19Z" hostname="8445b094dbba" tests="2" skipped="1" failures="0" errors="0" time="0.012">
    <testcase time="0.0120000000000005" classname="character(0)" name="tbl_baseline_chg_works_with_no_by_variable"/>
    <testcase time="0" classname="character(0)" name="tbl_baseline_chg_works_with_no_by_variable">
      <skipped message="Reason: On CRAN ('test-tbl_baseline_chg.R:42:1')"/>
    </testcase>
  </testsuite>
  <testsuite name="tbl_baseline_chg" timestamp="2026-01-21T18:42:19Z" hostname="8445b094dbba" tests="2" skipped="1" failures="0" errors="0" time="0.012">
    <testcase time="0.0110000000000028" classname="character(0)" name="add_overall.tbl_baseline_chg_works"/>
    <testcase time="0.000999999999997669" classname="character(0)" name="add_overall.tbl_baseline_chg_works">
      <skipped message="Reason: On CRAN ('test-tbl_baseline_chg.R:56:1')"/>
    </testcase>
  </testsuite>
  <testsuite name="tbl_baseline_chg" timestamp="2026-01-21T18:42:19Z" hostname="8445b094dbba" tests="1" skipped="1" failures="0" errors="0" time="0.011">
    <testcase time="0.0110000000000028" classname="character(0)" name="add_overall.tbl_baseline_chg_messaging">
      <skipped message="Reason: On CRAN ('test-tbl_baseline_chg.R:73:1')"/>
    </testcase>
  </testsuite>
  <testsuite name="tbl_baseline_chg" timestamp="2026-01-21T18:42:19Z" hostname="8445b094dbba" tests="4" skipped="1" failures="0" errors="0" time="0.012">
    <testcase time="0.0109999999999957" classname="character(0)" name="tbl_baseline_chg_throws_error_when_required_arguments_are_missing"/>
    <testcase time="0" classname="character(0)" name="tbl_baseline_chg_throws_error_when_required_arguments_are_missing"/>
    <testcase time="0.00100000000000477" classname="character(0)" name="tbl_baseline_chg_throws_error_when_required_arguments_are_missing"/>
    <testcase time="0" classname="character(0)" name="tbl_baseline_chg_throws_error_when_required_arguments_are_missing">
      <skipped message="Reason: On CRAN ('test-tbl_baseline_chg.R:104:1')"/>
    </testcase>
  </testsuite>
  <testsuite name="tbl_baseline_chg" timestamp="2026-01-21T18:42:19Z" hostname="8445b094dbba" tests="1" skipped="1" failures="0" errors="0" time="0.011">
    <testcase time="0.0109999999999957" classname="character(0)" name="tbl_baseline_chg_messaging">
      <skipped message="Reason: On CRAN ('test-tbl_baseline_chg.R:155:1')"/>
    </testcase>
  </testsuite>
  <testsuite name="tbl_baseline_chg" timestamp="2026-01-21T18:42:19Z" hostname="8445b094dbba" tests="1" skipped="1" failures="0" errors="0" time="0.01">
    <testcase time="0.0100000000000051" classname="character(0)" name="gather_ard_works_on_output_table">
      <skipped message="Reason: On CRAN ('test-tbl_baseline_chg.R:170:1')"/>
    </testcase>
  </testsuite>
  <testsuite name="tbl_survfit_quantiles" timestamp="2026-01-21T18:42:19Z" hostname="8445b094dbba" tests="5" skipped="1" failures="0" errors="0" time="0.027">
    <testcase time="0.0239999999999938" classname="character(0)" name="tbl_survfit_quantiles_works"/>
    <testcase time="0.00100000000000477" classname="character(0)" name="tbl_survfit_quantiles_works"/>
    <testcase time="0" classname="character(0)" name="tbl_survfit_quantiles_works"/>
    <testcase time="0.000999999999997669" classname="character(0)" name="tbl_survfit_quantiles_works"/>
    <testcase time="0.000999999999997669" classname="character(0)" name="tbl_survfit_quantiles_works">
      <skipped message="Reason: On CRAN ('test-tbl_survfit_quantiles.R:3:1')"/>
    </testcase>
  </testsuite>
  <testsuite name="tbl_survfit_quantiles" timestamp="2026-01-21T18:42:19Z" hostname="8445b094dbba" tests="1" skipped="1" failures="0" errors="0" time="0.011">
    <testcase time="0.0110000000000028" classname="character(0)" name="tbl_survfit_quantiles_by_messaging">
      <skipped message="Reason: On CRAN ('test-tbl_survfit_quantiles.R:53:1')"/>
    </testcase>
  </testsuite>
  <testsuite name="tbl_survfit_quantiles" timestamp="2026-01-21T18:42:19Z" hostname="8445b094dbba" tests="1" skipped="1" failures="0" errors="0" time="0.01">
    <testcase time="0.00999999999999801" classname="character(0)" name="tbl_survfit_quantiles_estimate_fun_">
      <skipped message="Reason: On CRAN ('test-tbl_survfit_quantiles.R:73:1')"/>
    </testcase>
  </testsuite>
  <testsuite name="tbl_survfit_quantiles" timestamp="2026-01-21T18:42:19Z" hostname="8445b094dbba" tests="1" skipped="0" failures="0" errors="0" time="0.011">
    <testcase time="0.0110000000000028" classname="character(0)" name="tbl_survfit_quantiles_method.args_"/>
  </testsuite>
  <testsuite name="tbl_survfit_quantiles" timestamp="2026-01-21T18:42:19Z" hostname="8445b094dbba" tests="1" skipped="1" failures="0" errors="0" time="0.002">
    <testcase time="0.00200000000000244" classname="character(0)" name="add_overall.tbl_survfit_quantiles_works">
      <skipped message="Reason: On CRAN ('test-tbl_survfit_quantiles.R:109:1')"/>
    </testcase>
  </testsuite>
  <testsuite name="tbl_survfit_times" timestamp="2026-01-21T18:42:22Z" hostname="8445b094dbba" tests="5" skipped="1" failures="0" errors="0" time="3.543">
    <testcase time="3.53899999999999" classname="character(0)" name="tbl_survfit_times_works"/>
    <testcase time="0.00100000000000477" classname="character(0)" name="tbl_survfit_times_works"/>
    <testcase time="0.000999999999997669" classname="character(0)" name="tbl_survfit_times_works"/>
    <testcase time="0.000999999999997669" classname="character(0)" name="tbl_survfit_times_works"/>
    <testcase time="0.00100000000000477" classname="character(0)" name="tbl_survfit_times_works">
      <skipped message="Reason: On CRAN ('test-tbl_survfit_times.R:3:1')"/>
    </testcase>
  </testsuite>
  <testsuite name="tbl_survfit_times" timestamp="2026-01-21T18:42:22Z" hostname="8445b094dbba" tests="1" skipped="1" failures="0" errors="0" time="0.013">
    <testcase time="0.0129999999999981" classname="character(0)" name="tbl_survfit_times_by_messaging">
      <skipped message="Reason: On CRAN ('test-tbl_survfit_times.R:57:1')"/>
    </testcase>
  </testsuite>
  <testsuite name="tbl_survfit_times" timestamp="2026-01-21T18:42:23Z" hostname="8445b094dbba" tests="1" skipped="1" failures="0" errors="0" time="0.012">
    <testcase time="0.0120000000000005" classname="character(0)" name="add_overall.tbl_survfit_times_works">
      <skipped message="Reason: On CRAN ('test-tbl_survfit_times.R:79:1')"/>
    </testcase>
  </testsuite>
  <testsuite name="theme_gtsummary_roche" timestamp="2026-01-21T18:42:24Z" hostname="8445b094dbba" tests="1" skipped="1" failures="0" errors="0" time="1.533">
    <testcase time="1.533" classname="character(0)" name="theme_gtsummary_roche_works">
      <skipped message="Reason: On CRAN ('test-theme_gtsummary_roche.R:1:1')"/>
    </testcase>
  </testsuite>
  <testsuite name="theme_gtsummary_roche" timestamp="2026-01-21T18:42:24Z" hostname="8445b094dbba" tests="1" skipped="1" failures="0" errors="0" time="0.011">
    <testcase time="0.0109999999999957" classname="character(0)" name="theme_gtsummary_roche_adds_relevant_flextable_directives">
      <skipped message="Reason: On CRAN ('test-theme_gtsummary_roche.R:8:1')"/>
    </testcase>
  </testsuite>
  <testsuite name="theme_gtsummary_roche" timestamp="2026-01-21T18:42:24Z" hostname="8445b094dbba" tests="1" skipped="0" failures="0" errors="0" time="0.011">
    <testcase time="0.0110000000000028" classname="character(0)" name="theme_gtsummary_roche_no_errors_with_a_gt_print"/>
  </testsuite>
  <testsuite name="theme_gtsummary_roche" timestamp="2026-01-21T18:42:24Z" hostname="8445b094dbba" tests="7" skipped="0" failures="0" errors="0" time="0.005">
    <testcase time="0.000999999999997669" classname="character(0)" name="theme_gtsummary_roche_styles_tbl_hierarchical_results"/>
    <testcase time="0.00100000000000477" classname="character(0)" name="theme_gtsummary_roche_styles_tbl_hierarchical_results"/>
    <testcase time="0" classname="character(0)" name="theme_gtsummary_roche_styles_tbl_hierarchical_results"/>
    <testcase time="0.000999999999997669" classname="character(0)" name="theme_gtsummary_roche_styles_tbl_hierarchical_results"/>
    <testcase time="0" classname="character(0)" name="theme_gtsummary_roche_styles_tbl_hierarchical_results"/>
    <testcase time="0.000999999999997669" classname="character(0)" name="theme_gtsummary_roche_styles_tbl_hierarchical_results"/>
    <testcase time="0.00100000000000477" classname="character(0)" name="theme_gtsummary_roche_styles_tbl_hierarchical_results"/>
  </testsuite>
  <testsuite name="theme_gtsummary_roche" timestamp="2026-01-21T18:42:24Z" hostname="8445b094dbba" tests="1" skipped="0" failures="0" errors="0" time="0.001">
    <testcase time="0.000999999999997669" classname="character(0)" name="with_assign_summary_type_arg_cat_threshold_0L_each_data_type_is_always_mapped_as_it_is"/>
  </testsuite>
  <testsuite name="theme_gtsummary_roche" timestamp="2026-01-21T18:42:24Z" hostname="8445b094dbba" tests="1" skipped="0" failures="0" errors="0" time="0.002">
    <testcase time="0.00200000000000244" classname="character(0)" name="theme_pre_conversion_modifies_header_not_to_be_bold"/>
  </testsuite>
</testsuites>
