<?xml version="1.0" encoding="UTF-8"?>
<testsuites>
  <testsuite name="add_blank_rows" timestamp="2026-01-21T18:26:59Z" hostname="5102eb72df4a" tests="1" skipped="0" failures="0" errors="0" time="7.013">
    <testcase time="7.013" classname="character(0)" name="add_blank_rows_works"/>
  </testsuite>
  <testsuite name="add_blank_rows" timestamp="2026-01-21T18:26:59Z" hostname="5102eb72df4a" tests="2" skipped="0" failures="0" errors="0" time="0.025">
    <testcase time="0.0240000000000009" classname="character(0)" name="add_blank_rows_variables_works"/>
    <testcase time="0.000999999999999446" classname="character(0)" name="add_blank_rows_variables_works"/>
  </testsuite>
  <testsuite name="add_blank_rows" timestamp="2026-01-21T18:26:59Z" hostname="5102eb72df4a" tests="1" skipped="0" failures="0" errors="0" time="0.024">
    <testcase time="0.0239999999999991" classname="character(0)" name="add_blank_rows_variables_grade_is_last_row_then_table_identical"/>
  </testsuite>
  <testsuite name="add_blank_rows" timestamp="2026-01-21T18:26:59Z" hostname="5102eb72df4a" tests="1" skipped="0" failures="0" errors="0" time="0.002">
    <testcase time="0.00200000000000067" classname="character(0)" name="add_blank_rows_variable_level_works"/>
  </testsuite>
  <testsuite name="add_blank_rows" timestamp="2026-01-21T18:26:59Z" hostname="5102eb72df4a" tests="1" skipped="0" failures="0" errors="0" time="0.002">
    <testcase time="0.00200000000000067" classname="character(0)" name="add_blank_rows_error_message"/>
  </testsuite>
  <testsuite name="add_blank_rows" timestamp="2026-01-21T18:26:59Z" hostname="5102eb72df4a" tests="2" skipped="0" failures="0" errors="0" time="0.003">
    <testcase time="0.00199999999999889" classname="character(0)" name="add_blank_rows_row_numbers_error"/>
    <testcase time="0.00100000000000122" classname="character(0)" name="add_blank_rows_row_numbers_error"/>
  </testsuite>
  <testsuite name="add_blank_rows" timestamp="2026-01-21T18:26:59Z" hostname="5102eb72df4a" tests="1" skipped="0" failures="0" errors="0" time="0.002">
    <testcase time="0.00199999999999889" classname="character(0)" name="add_blank_rows_errors_when_no_variable"/>
  </testsuite>
  <testsuite name="add_difference_row" timestamp="2026-01-21T18:27:01Z" hostname="5102eb72df4a" tests="8" skipped="0" failures="0" errors="0" time="2.665">
    <testcase time="2.66" classname="character(0)" name="add_difference_row.tbl_survfit_times_works"/>
    <testcase time="0.000999999999999446" classname="character(0)" name="add_difference_row.tbl_survfit_times_works"/>
    <testcase time="0.00100000000000122" classname="character(0)" name="add_difference_row.tbl_survfit_times_works"/>
    <testcase time="0.000999999999999446" classname="character(0)" name="add_difference_row.tbl_survfit_times_works"/>
    <testcase time="0" classname="character(0)" name="add_difference_row.tbl_survfit_times_works"/>
    <testcase time="0.000999999999999446" classname="character(0)" name="add_difference_row.tbl_survfit_times_works"/>
    <testcase time="0.00100000000000122" classname="character(0)" name="add_difference_row.tbl_survfit_times_works"/>
    <testcase time="0" classname="character(0)" name="add_difference_row.tbl_survfit_times_works"/>
  </testsuite>
  <testsuite name="add_difference_row" timestamp="2026-01-21T18:27:01Z" hostname="5102eb72df4a" tests="2" skipped="0" failures="0" errors="0" time="0.003">
    <testcase time="0.00199999999999889" classname="character(0)" name="add_difference_row.tbl_survfit_times_error_messaging_works"/>
    <testcase time="0.00100000000000122" classname="character(0)" name="add_difference_row.tbl_survfit_times_error_messaging_works"/>
  </testsuite>
  <testsuite name="forestplot" timestamp="2026-01-21T18:27:01Z" hostname="5102eb72df4a" tests="1" skipped="1" failures="0" errors="0" time="0.045">
    <testcase time="0.0449999999999999" classname="character(0)" name="test_g_forest_works">
      <skipped message="Reason: chromium-browser not available on CI ('test-forestplot.R:4:3')"/>
    </testcase>
  </testsuite>
  <testsuite name="add_hierarchical_count_row" timestamp="2026-01-21T18:27:03Z" hostname="5102eb72df4a" tests="4" skipped="0" failures="0" errors="0" time="1.048">
    <testcase time="1.046" classname="character(0)" name="add_hierarchical_count_row_works"/>
    <testcase time="0.000999999999999446" classname="character(0)" name="add_hierarchical_count_row_works"/>
    <testcase time="0.00100000000000122" classname="character(0)" name="add_hierarchical_count_row_works"/>
    <testcase time="0" classname="character(0)" name="add_hierarchical_count_row_works"/>
  </testsuite>
  <testsuite name="add_hierarchical_count_row" timestamp="2026-01-21T18:27:03Z" hostname="5102eb72df4a" tests="2" skipped="0" failures="0" errors="0" time="0.003">
    <testcase time="0.00199999999999889" classname="character(0)" name="add_hierarchical_count_row_data_preprocess_works"/>
    <testcase time="0.00100000000000122" classname="character(0)" name="add_hierarchical_count_row_data_preprocess_works"/>
  </testsuite>
  <testsuite name="label_roche" timestamp="2026-01-21T18:27:03Z" hostname="5102eb72df4a" tests="1" skipped="0" failures="0" errors="0" time="0.078">
    <testcase time="0.0779999999999994" classname="character(0)" name="style_roche_pvalue_works"/>
  </testsuite>
  <testsuite name="label_roche" timestamp="2026-01-21T18:27:03Z" hostname="5102eb72df4a" tests="3" skipped="0" failures="0" errors="0" time="0.004">
    <testcase time="0.00200000000000067" classname="character(0)" name="style_roche_percent_works"/>
    <testcase time="0.000999999999999446" classname="character(0)" name="style_roche_percent_works"/>
    <testcase time="0.000999999999999446" classname="character(0)" name="style_roche_percent_works"/>
  </testsuite>
  <testsuite name="label_roche" timestamp="2026-01-21T18:27:03Z" hostname="5102eb72df4a" tests="2" skipped="0" failures="0" errors="0" time="0.002">
    <testcase time="0.00200000000000067" classname="character(0)" name="style_roche_ratio_works"/>
    <testcase time="0" classname="character(0)" name="style_roche_ratio_works"/>
  </testsuite>
  <testsuite name="label_roche" timestamp="2026-01-21T18:27:03Z" hostname="5102eb72df4a" tests="2" skipped="0" failures="0" errors="0" time="0.003">
    <testcase time="0.00199999999999889" classname="character(0)" name="style_roche_number_works"/>
    <testcase time="0.00100000000000122" classname="character(0)" name="style_roche_number_works"/>
  </testsuite>
  <testsuite name="gg_km" timestamp="2026-01-21T18:27:03Z" hostname="5102eb72df4a" tests="4" skipped="0" failures="0" errors="0" time="0.336">
    <testcase time="0.309999999999999" classname="character(0)" name="gg_km_works_with_default_inputs"/>
    <testcase time="0.00100000000000122" classname="character(0)" name="gg_km_works_with_default_inputs"/>
    <testcase time="0.000999999999999446" classname="character(0)" name="gg_km_works_with_default_inputs">
      <system-out>Use of .data in tidyselect expressions was deprecated in tidyselect 1.2.0.
i Please use `"row_name"` instead of `.data$row_name`
Backtrace:
     ▆
  1. ├─testthat::expect_no_error(...) at test-gg_km.R:32:3
  2. │ └─testthat:::expect_no_(...)
  3. │   └─testthat:::quasi_capture(enquo(object), NULL, capture)
  4. │     ├─testthat (local) .capture(...)
  5. │     │ ├─base::withRestarts(...)
  6. │     │ │ └─base (local) withOneRestart(expr, restarts[[1L]])
  7. │     │ │   └─base (local) doWithOneRestart(return(expr), restart)
  8. │     │ └─base::withCallingHandlers(...)
  9. │     └─rlang::eval_bare(quo_get_expr(.quo), quo_get_env(.quo))
 10. └─crane::annotate_riskdf(...)
 11.   └─crane:::df2gg(...)
 12.     ├─dplyr::mutate(...)
 13.     ├─dplyr::arrange(...)
 14.     ├─tidyr::pivot_longer(...)
 15.     └─tidyr:::pivot_longer.data.frame(...)
 16.       └─tidyr::build_longer_spec(...)
 17.         └─tidyselect::eval_select(...)
 18.           └─tidyselect:::eval_select_impl(...)
 19.             ├─tidyselect:::with_subscript_errors(...)
 20.             │ └─base::withCallingHandlers(...)
 21.             └─tidyselect:::vars_select_eval(...)
 22.               └─tidyselect:::walk_data_tree(expr, data_mask, context_mask)
 23.                 └─tidyselect:::eval_minus(expr, data_mask, context_mask, error_call)
 24.                   └─tidyselect:::eval_bang(expr, data_mask, context_mask)
 25.                     └─tidyselect:::walk_data_tree(expr[[2]], data_mask, context_mask)
 26.                       └─tidyselect:::expr_kind(expr, context_mask, error_call)
 27.                         └─tidyselect:::call_kind(expr, context_mask, error_call)</system-out>
    </testcase>
    <testcase time="0.0240000000000009" classname="character(0)" name="gg_km_works_with_default_inputs"/>
  </testsuite>
  <testsuite name="gg_km" timestamp="2026-01-21T18:27:03Z" hostname="5102eb72df4a" tests="3" skipped="0" failures="0" errors="0" time="0.021">
    <testcase time="0.00199999999999889" classname="character(0)" name="df2gg_works_with_proper_x_axis_and_without">
      <system-out>Use of .data in tidyselect expressions was deprecated in tidyselect 1.2.0.
i Please use `"row_name"` instead of `.data$row_name`
Backtrace:
     ▆
  1. ├─testthat::expect_no_error(null &lt;- df2gg(df, font_size = 8, add_proper_xaxis = TRUE)) at test-gg_km.R:54:3
  2. │ └─testthat:::expect_no_(...)
  3. │   └─testthat:::quasi_capture(enquo(object), NULL, capture)
  4. │     ├─testthat (local) .capture(...)
  5. │     │ ├─base::withRestarts(...)
  6. │     │ │ └─base (local) withOneRestart(expr, restarts[[1L]])
  7. │     │ │   └─base (local) doWithOneRestart(return(expr), restart)
  8. │     │ └─base::withCallingHandlers(...)
  9. │     └─rlang::eval_bare(quo_get_expr(.quo), quo_get_env(.quo))
 10. └─crane:::df2gg(df, font_size = 8, add_proper_xaxis = TRUE)
 11.   ├─dplyr::mutate(...)
 12.   ├─dplyr::arrange(...)
 13.   ├─tidyr::pivot_longer(...)
 14.   └─tidyr:::pivot_longer.data.frame(...)
 15.     └─tidyr::build_longer_spec(...)
 16.       └─tidyselect::eval_select(...)
 17.         └─tidyselect:::eval_select_impl(...)
 18.           ├─tidyselect:::with_subscript_errors(...)
 19.           │ └─base::withCallingHandlers(...)
 20.           └─tidyselect:::vars_select_eval(...)
 21.             └─tidyselect:::walk_data_tree(expr, data_mask, context_mask)
 22.               └─tidyselect:::eval_minus(expr, data_mask, context_mask, error_call)
 23.                 └─tidyselect:::eval_bang(expr, data_mask, context_mask)
 24.                   └─tidyselect:::walk_data_tree(expr[[2]], data_mask, context_mask)
 25.                     └─tidyselect:::expr_kind(expr, context_mask, error_call)
 26.                       └─tidyselect:::call_kind(expr, context_mask, error_call)</system-out>
    </testcase>
    <testcase time="0.0180000000000007" classname="character(0)" name="df2gg_works_with_proper_x_axis_and_without"/>
    <testcase time="0.000999999999999446" classname="character(0)" name="df2gg_works_with_proper_x_axis_and_without"/>
  </testsuite>
  <testsuite name="modify_zero_recode" timestamp="2026-01-21T18:27:04Z" hostname="5102eb72df4a" tests="2" skipped="0" failures="1" errors="0" time="1.108">
    <testcase time="1.086" classname="character(0)" name="modify_zero_recode_works">
      <failure type="failure" message="Snapshot of code has changed: ('test-modify_zero_recode.R:3:3')">Snapshot of code has changed:
old[2:11] vs new[2:11]
    as.data.frame(modify_zero_recode(tbl_summary(dplyr::mutate(gtsummary::trial, trt = factor(trt, levels = c("Drug A", "Drug B", "Drug C")), grade = factor(grade, levels = c("I", "II", "III",
      "IV"))), by = trt, include = c(response, grade), statistic = response ~ "{n} / {N} ({p}%)", missing = "no")))
  Output
-     **Characteristic** **Drug A**  \nN = 98 **Drug B**  \nN = 102 **Drug C**  \nN = 0
+     Characteristic Drug A  \nN = 98 Drug B  \nN = 102 Drug C  \nN = 0
-   1     Tumor Response      28 / 95 (29.5%)       33 / 98 (33.7%)               0 / 0
+   1 Tumor Response  28 / 95 (29.5%)   33 / 98 (33.7%)           0 / 0
-   2              grade                 &lt;NA&gt;                  &lt;NA&gt;                &lt;NA&gt;
+   2          grade             &lt;NA&gt;              &lt;NA&gt;            &lt;NA&gt;
-   3                  I           35 (35.7%)            33 (32.4%)                   0
+   3              I       35 (35.7%)        33 (32.4%)               0
-   4                 II           32 (32.7%)            36 (35.3%)                   0
+   4             II       32 (32.7%)        36 (35.3%)               0
-   5                III           31 (31.6%)            33 (32.4%)                   0
+   5            III       31 (31.6%)        33 (32.4%)               0
-   6                 IV                    0                     0                   0
+   6             IV                0                 0               0
* Run `testthat::snapshot_accept("modify_zero_recode", "testthat")` to accept the change.
* Run `testthat::snapshot_review("modify_zero_recode", "testthat")` to review the change.</failure>
    </testcase>
    <testcase time="0.0220000000000002" classname="character(0)" name="modify_zero_recode_works"/>
  </testsuite>
  <testsuite name="modify_header_rm_md" timestamp="2026-01-21T18:27:05Z" hostname="5102eb72df4a" tests="2" skipped="0" failures="0" errors="0" time="1.035">
    <testcase time="1.033" classname="character(0)" name="strip_md_bold_works_with_gtsummary_table"/>
    <testcase time="0.00200000000000067" classname="character(0)" name="strip_md_bold_works_with_gtsummary_table"/>
  </testsuite>
  <testsuite name="tbl_hierarchical_rate_and_count" timestamp="2026-01-21T18:27:24Z" hostname="5102eb72df4a" tests="6" skipped="0" failures="0" errors="0" time="18.417">
    <testcase time="18.412" classname="character(0)" name="tbl_hierarchical_rate_and_count_works"/>
    <testcase time="0.00100000000000477" classname="character(0)" name="tbl_hierarchical_rate_and_count_works"/>
    <testcase time="0.000999999999997669" classname="character(0)" name="tbl_hierarchical_rate_and_count_works"/>
    <testcase time="0.000999999999997669" classname="character(0)" name="tbl_hierarchical_rate_and_count_works"/>
    <testcase time="0.00100000000000477" classname="character(0)" name="tbl_hierarchical_rate_and_count_works"/>
    <testcase time="0.000999999999997669" classname="character(0)" name="tbl_hierarchical_rate_and_count_works"/>
  </testsuite>
  <testsuite name="tbl_hierarchical_rate_and_count" timestamp="2026-01-21T18:27:24Z" hostname="5102eb72df4a" tests="2" skipped="0" failures="0" errors="0" time="0.004">
    <testcase time="0.00300000000000011" classname="character(0)" name="tbl_hierarchical_rate_and_count_sort_"/>
    <testcase time="0.000999999999997669" classname="character(0)" name="tbl_hierarchical_rate_and_count_sort_"/>
  </testsuite>
  <testsuite name="tbl_hierarchical_rate_and_count" timestamp="2026-01-21T18:27:24Z" hostname="5102eb72df4a" tests="1" skipped="0" failures="0" errors="0" time="0.003">
    <testcase time="0.00300000000000011" classname="character(0)" name="tbl_hierarchical_rate_and_count_digits_styling_defaults_to_gtsummary"/>
  </testsuite>
  <testsuite name="tbl_hierarchical_rate_and_count" timestamp="2026-01-21T18:27:24Z" hostname="5102eb72df4a" tests="2" skipped="0" failures="0" errors="0" time="0.003">
    <testcase time="0.00200000000000244" classname="character(0)" name="tbl_hierarchical_rate_and_count_works_only_with_2_or_3_variables"/>
    <testcase time="0.000999999999997669" classname="character(0)" name="tbl_hierarchical_rate_and_count_works_only_with_2_or_3_variables"/>
  </testsuite>
  <testsuite name="tbl_baseline_chg" timestamp="2026-01-21T18:27:38Z" hostname="5102eb72df4a" tests="3" skipped="0" failures="0" errors="0" time="14.203">
    <testcase time="14.201" classname="character(0)" name="tbl_baseline_chg_works"/>
    <testcase time="0.00100000000000477" classname="character(0)" name="tbl_baseline_chg_works"/>
    <testcase time="0.000999999999997669" classname="character(0)" name="tbl_baseline_chg_works"/>
  </testsuite>
  <testsuite name="tbl_baseline_chg" timestamp="2026-01-21T18:27:38Z" hostname="5102eb72df4a" tests="2" skipped="0" failures="0" errors="0" time="0.004">
    <testcase time="0.00300000000000011" classname="character(0)" name="tbl_baseline_chg_works_with_no_by_variable"/>
    <testcase time="0.000999999999997669" classname="character(0)" name="tbl_baseline_chg_works_with_no_by_variable"/>
  </testsuite>
  <testsuite name="tbl_baseline_chg" timestamp="2026-01-21T18:27:38Z" hostname="5102eb72df4a" tests="2" skipped="0" failures="0" errors="0" time="0.003">
    <testcase time="0.00200000000000244" classname="character(0)" name="add_overall.tbl_baseline_chg_works"/>
    <testcase time="0.000999999999997669" classname="character(0)" name="add_overall.tbl_baseline_chg_works"/>
  </testsuite>
  <testsuite name="tbl_baseline_chg" timestamp="2026-01-21T18:27:38Z" hostname="5102eb72df4a" tests="2" skipped="0" failures="0" errors="0" time="0.002">
    <testcase time="0.00100000000000477" classname="character(0)" name="add_overall.tbl_baseline_chg_messaging"/>
    <testcase time="0.000999999999997669" classname="character(0)" name="add_overall.tbl_baseline_chg_messaging"/>
  </testsuite>
  <testsuite name="tbl_baseline_chg" timestamp="2026-01-21T18:27:38Z" hostname="5102eb72df4a" tests="4" skipped="0" failures="0" errors="0" time="0.003">
    <testcase time="0.00200000000000244" classname="character(0)" name="tbl_baseline_chg_throws_error_when_required_arguments_are_missing"/>
    <testcase time="0" classname="character(0)" name="tbl_baseline_chg_throws_error_when_required_arguments_are_missing"/>
    <testcase time="0.000999999999997669" classname="character(0)" name="tbl_baseline_chg_throws_error_when_required_arguments_are_missing"/>
    <testcase time="0" classname="character(0)" name="tbl_baseline_chg_throws_error_when_required_arguments_are_missing"/>
  </testsuite>
  <testsuite name="tbl_baseline_chg" timestamp="2026-01-21T18:27:38Z" hostname="5102eb72df4a" tests="1" skipped="0" failures="0" errors="0" time="0.002">
    <testcase time="0.00200000000000244" classname="character(0)" name="tbl_baseline_chg_messaging"/>
  </testsuite>
  <testsuite name="tbl_baseline_chg" timestamp="2026-01-21T18:27:38Z" hostname="5102eb72df4a" tests="1" skipped="0" failures="0" errors="0" time="0.001">
    <testcase time="0.000999999999997669" classname="character(0)" name="gather_ard_works_on_output_table"/>
  </testsuite>
  <testsuite name="tbl_listing" timestamp="2026-01-21T18:27:38Z" hostname="5102eb72df4a" tests="1" skipped="0" failures="0" errors="0" time="0.635">
    <testcase time="0.634999999999998" classname="character(0)" name="tbl_listing_works_with_default_values"/>
  </testsuite>
  <testsuite name="tbl_listing" timestamp="2026-01-21T18:27:38Z" hostname="5102eb72df4a" tests="3" skipped="0" failures="0" errors="0" time="0.003">
    <testcase time="0.00200000000000244" classname="character(0)" name="tbl_listing_add_blanks_rows_works_with_standard_values"/>
    <testcase time="0.000999999999997669" classname="character(0)" name="tbl_listing_add_blanks_rows_works_with_standard_values"/>
    <testcase time="0" classname="character(0)" name="tbl_listing_add_blanks_rows_works_with_standard_values"/>
  </testsuite>
  <testsuite name="tbl_listing" timestamp="2026-01-21T18:27:38Z" hostname="5102eb72df4a" tests="3" skipped="0" failures="0" errors="0" time="0.003">
    <testcase time="0.00200000000000244" classname="character(0)" name="tbl_listing_split_by_rows_works_with_standard_values"/>
    <testcase time="0" classname="character(0)" name="tbl_listing_split_by_rows_works_with_standard_values"/>
    <testcase time="0.000999999999997669" classname="character(0)" name="tbl_listing_split_by_rows_works_with_standard_values"/>
  </testsuite>
  <testsuite name="tbl_listing" timestamp="2026-01-21T18:27:38Z" hostname="5102eb72df4a" tests="3" skipped="0" failures="0" errors="0" time="0.003">
    <testcase time="0.000999999999997669" classname="character(0)" name="tbl_listing_split_by_rows_add_blank_rows_works_with_standard_values"/>
    <testcase time="0.00100000000000477" classname="character(0)" name="tbl_listing_split_by_rows_add_blank_rows_works_with_standard_values"/>
    <testcase time="0.000999999999997669" classname="character(0)" name="tbl_listing_split_by_rows_add_blank_rows_works_with_standard_values"/>
  </testsuite>
  <testsuite name="tbl_listing" timestamp="2026-01-21T18:27:38Z" hostname="5102eb72df4a" tests="3" skipped="0" failures="0" errors="0" time="0.002">
    <testcase time="0.000999999999997669" classname="character(0)" name="tbl_listing_split_by_columns_works_with_standard_values"/>
    <testcase time="0.00100000000000477" classname="character(0)" name="tbl_listing_split_by_columns_works_with_standard_values"/>
    <testcase time="0" classname="character(0)" name="tbl_listing_split_by_columns_works_with_standard_values"/>
  </testsuite>
  <testsuite name="tbl_listing" timestamp="2026-01-21T18:27:38Z" hostname="5102eb72df4a" tests="5" skipped="0" failures="0" errors="0" time="0.004">
    <testcase time="0.00199999999999534" classname="character(0)" name="tbl_listing_split_by_rows_split_by_columns_works_with_standard_values"/>
    <testcase time="0.00100000000000477" classname="character(0)" name="tbl_listing_split_by_rows_split_by_columns_works_with_standard_values"/>
    <testcase time="0" classname="character(0)" name="tbl_listing_split_by_rows_split_by_columns_works_with_standard_values"/>
    <testcase time="0.000999999999997669" classname="character(0)" name="tbl_listing_split_by_rows_split_by_columns_works_with_standard_values"/>
    <testcase time="0" classname="character(0)" name="tbl_listing_split_by_rows_split_by_columns_works_with_standard_values"/>
  </testsuite>
  <testsuite name="tbl_listing" timestamp="2026-01-21T18:27:38Z" hostname="5102eb72df4a" tests="2" skipped="0" failures="0" errors="0" time="0.002">
    <testcase time="0.00200000000000244" classname="character(0)" name="remove_duplicate_keys_works_with_standard_values"/>
    <testcase time="0" classname="character(0)" name="remove_duplicate_keys_works_with_standard_values"/>
  </testsuite>
  <testsuite name="tbl_listing" timestamp="2026-01-21T18:27:38Z" hostname="5102eb72df4a" tests="1" skipped="0" failures="0" errors="0" time="0.002">
    <testcase time="0.00199999999999534" classname="character(0)" name="remove_duplicate_keys_works_with_unique_and_duplicated_values"/>
  </testsuite>
  <testsuite name="tbl_null_report" timestamp="2026-01-21T18:27:39Z" hostname="5102eb72df4a" tests="3" skipped="0" failures="0" errors="0" time="0.115">
    <testcase time="0.114000000000004" classname="character(0)" name="tbl_null_report_works_correctly"/>
    <testcase time="0.000999999999997669" classname="character(0)" name="tbl_null_report_works_correctly"/>
    <testcase time="0" classname="character(0)" name="tbl_null_report_works_correctly"/>
  </testsuite>
  <testsuite name="tbl_roche_summary" timestamp="2026-01-21T18:27:46Z" hostname="5102eb72df4a" tests="1" skipped="0" failures="0" errors="0" time="7.243">
    <testcase time="7.243" classname="character(0)" name="tbl_roche_summary_works"/>
  </testsuite>
  <testsuite name="tbl_roche_summary" timestamp="2026-01-21T18:27:46Z" hostname="5102eb72df4a" tests="3" skipped="0" failures="0" errors="0" time="0.003">
    <testcase time="0.00199999999999534" classname="character(0)" name="tbl_roche_summary_add_overall_works"/>
    <testcase time="0" classname="character(0)" name="tbl_roche_summary_add_overall_works"/>
    <testcase time="0.00100000000000477" classname="character(0)" name="tbl_roche_summary_add_overall_works"/>
  </testsuite>
  <testsuite name="tbl_roche_summary" timestamp="2026-01-21T18:27:46Z" hostname="5102eb72df4a" tests="1" skipped="0" failures="0" errors="0" time="0.002">
    <testcase time="0.00199999999999534" classname="character(0)" name="tbl_roche_summary_recode_counts_for_all_NA_column"/>
  </testsuite>
  <testsuite name="tbl_roche_summary" timestamp="2026-01-21T18:27:46Z" hostname="5102eb72df4a" tests="2" skipped="0" failures="0" errors="0" time="0.002">
    <testcase time="0.00100000000000477" classname="character(0)" name="tbl_roche_summary_digit_estimation_works"/>
    <testcase time="0.000999999999997669" classname="character(0)" name="tbl_roche_summary_digit_estimation_works"/>
  </testsuite>
  <testsuite name="tbl_shift" timestamp="2026-01-21T18:28:05Z" hostname="5102eb72df4a" tests="4" skipped="0" failures="0" errors="0" time="19.455">
    <testcase time="19.453" classname="character(0)" name="tbl_shift_strata_location_"/>
    <testcase time="0" classname="character(0)" name="tbl_shift_strata_location_"/>
    <testcase time="0.00100000000000477" classname="character(0)" name="tbl_shift_strata_location_"/>
    <testcase time="0.00100000000000477" classname="character(0)" name="tbl_shift_strata_location_"/>
  </testsuite>
  <testsuite name="tbl_shift" timestamp="2026-01-21T18:28:05Z" hostname="5102eb72df4a" tests="1" skipped="0" failures="0" errors="0" time="0.001">
    <testcase time="0.000999999999990564" classname="character(0)" name="tbl_shift_by_messaging"/>
  </testsuite>
  <testsuite name="tbl_shift" timestamp="2026-01-21T18:28:05Z" hostname="5102eb72df4a" tests="1" skipped="0" failures="0" errors="0" time="0.002">
    <testcase time="0.00200000000000955" classname="character(0)" name="tbl_shift_data_header_messaging"/>
  </testsuite>
  <testsuite name="tbl_shift" timestamp="2026-01-21T18:28:05Z" hostname="5102eb72df4a" tests="4" skipped="0" failures="0" errors="0" time="0.003">
    <testcase time="0.00199999999999534" classname="character(0)" name="add_overall.tbl_shift_"/>
    <testcase time="0" classname="character(0)" name="add_overall.tbl_shift_"/>
    <testcase time="0.00100000000000477" classname="character(0)" name="add_overall.tbl_shift_"/>
    <testcase time="0" classname="character(0)" name="add_overall.tbl_shift_"/>
  </testsuite>
  <testsuite name="tbl_shift" timestamp="2026-01-21T18:28:05Z" hostname="5102eb72df4a" tests="2" skipped="0" failures="0" errors="0" time="0.003">
    <testcase time="0.00199999999999534" classname="character(0)" name="add_overall.tbl_shift_messaging"/>
    <testcase time="0.00100000000000477" classname="character(0)" name="add_overall.tbl_shift_messaging"/>
  </testsuite>
  <testsuite name="tbl_shift" timestamp="2026-01-21T18:28:05Z" hostname="5102eb72df4a" tests="2" skipped="0" failures="0" errors="0" time="0.002">
    <testcase time="0.000999999999990564" classname="character(0)" name="add_overall.tbl_shift_strata_NULL_messaging"/>
    <testcase time="0.00100000000000477" classname="character(0)" name="add_overall.tbl_shift_strata_NULL_messaging"/>
  </testsuite>
  <testsuite name="tbl_survfit_quantiles" timestamp="2026-01-21T18:28:11Z" hostname="5102eb72df4a" tests="7" skipped="0" failures="0" errors="0" time="5.328">
    <testcase time="5.324" classname="character(0)" name="tbl_survfit_quantiles_works"/>
    <testcase time="0.00100000000000477" classname="character(0)" name="tbl_survfit_quantiles_works"/>
    <testcase time="0.000999999999990564" classname="character(0)" name="tbl_survfit_quantiles_works"/>
    <testcase time="0" classname="character(0)" name="tbl_survfit_quantiles_works"/>
    <testcase time="0.00100000000000477" classname="character(0)" name="tbl_survfit_quantiles_works"/>
    <testcase time="0" classname="character(0)" name="tbl_survfit_quantiles_works"/>
    <testcase time="0.00100000000000477" classname="character(0)" name="tbl_survfit_quantiles_works"/>
  </testsuite>
  <testsuite name="tbl_survfit_quantiles" timestamp="2026-01-21T18:28:11Z" hostname="5102eb72df4a" tests="2" skipped="0" failures="0" errors="0" time="0.002">
    <testcase time="0.00199999999999534" classname="character(0)" name="tbl_survfit_quantiles_by_messaging"/>
    <testcase time="0" classname="character(0)" name="tbl_survfit_quantiles_by_messaging"/>
  </testsuite>
  <testsuite name="tbl_survfit_quantiles" timestamp="2026-01-21T18:28:11Z" hostname="5102eb72df4a" tests="1" skipped="0" failures="0" errors="0" time="0.002">
    <testcase time="0.00199999999999534" classname="character(0)" name="tbl_survfit_quantiles_estimate_fun_"/>
  </testsuite>
  <testsuite name="tbl_survfit_quantiles" timestamp="2026-01-21T18:28:11Z" hostname="5102eb72df4a" tests="1" skipped="0" failures="0" errors="0" time="0.001">
    <testcase time="0.00100000000000477" classname="character(0)" name="tbl_survfit_quantiles_method.args_"/>
  </testsuite>
  <testsuite name="tbl_survfit_quantiles" timestamp="2026-01-21T18:28:11Z" hostname="5102eb72df4a" tests="1" skipped="0" failures="1" errors="0" time="0.003">
    <testcase time="0.00300000000000011" classname="character(0)" name="add_overall.tbl_survfit_quantiles_works">
      <failure type="failure" message="Snapshot of code has changed: ('test-tbl_survfit_quantiles.R:111:3')">Snapshot of code has changed:
old vs new
  Code
    as.data.frame(add_overall(tbl_survfit_quantiles(data = cards::ADTTE, by = "TRTA"), last = TRUE, col_label = "**All Participants**  \nN = {n}"))
  Output
-                     Placebo  \n(N = 86) Xanomeline High Dose  \n(N = 84) Xanomeline Low Dose  \n(N = 84) **All Participants**  \nN = 254
+                     Placebo  \n(N = 86) Xanomeline High Dose  \n(N = 84) Xanomeline Low Dose  \n(N = 84) All Participants  \nN = 254
-   1   Time to event                &lt;NA&gt;                             &lt;NA&gt;                            &lt;NA&gt;                            &lt;NA&gt;
+   1   Time to event                &lt;NA&gt;                             &lt;NA&gt;                            &lt;NA&gt;                        &lt;NA&gt;
-   2          Median                  NE                             36.0                            33.0                            51.0
+   2          Median                  NE                             36.0                            33.0                        51.0
-   3          95% CI            (NE, NE)                     (25.0, 47.0)                    (28.0, 51.0)                    (44.0, 70.0)
+   3          95% CI            (NE, NE)                     (25.0, 47.0)                    (28.0, 51.0)                (44.0, 70.0)
-   4 25% and 75%-ile            70.0, NE                       14.0, 58.0                      19.0, 80.0                        22.0, NE
+   4 25% and 75%-ile            70.0, NE                       14.0, 58.0                      19.0, 80.0                    22.0, NE
-   5           Range        1.0 to 198.0                     1.0 to 189.0                    1.0 to 190.0                    1.0 to 198.0
+   5           Range        1.0 to 198.0                     1.0 to 189.0                    1.0 to 190.0                1.0 to 198.0
* Run `testthat::snapshot_accept("tbl_survfit_quantiles", "testthat")` to accept the change.
* Run `testthat::snapshot_review("tbl_survfit_quantiles", "testthat")` to review the change.</failure>
    </testcase>
  </testsuite>
  <testsuite name="tbl_survfit_times" timestamp="2026-01-21T18:28:14Z" hostname="5102eb72df4a" tests="7" skipped="0" failures="0" errors="0" time="3.521">
    <testcase time="3.517" classname="character(0)" name="tbl_survfit_times_works"/>
    <testcase time="0.00100000000000477" classname="character(0)" name="tbl_survfit_times_works"/>
    <testcase time="0.00100000000000477" classname="character(0)" name="tbl_survfit_times_works"/>
    <testcase time="0" classname="character(0)" name="tbl_survfit_times_works"/>
    <testcase time="0.000999999999990564" classname="character(0)" name="tbl_survfit_times_works"/>
    <testcase time="0" classname="character(0)" name="tbl_survfit_times_works"/>
    <testcase time="0.00100000000000477" classname="character(0)" name="tbl_survfit_times_works"/>
  </testsuite>
  <testsuite name="tbl_survfit_times" timestamp="2026-01-21T18:28:14Z" hostname="5102eb72df4a" tests="2" skipped="0" failures="0" errors="0" time="0.002">
    <testcase time="0.00199999999999534" classname="character(0)" name="tbl_survfit_times_by_messaging"/>
    <testcase time="0" classname="character(0)" name="tbl_survfit_times_by_messaging"/>
  </testsuite>
  <testsuite name="tbl_survfit_times" timestamp="2026-01-21T18:28:14Z" hostname="5102eb72df4a" tests="1" skipped="0" failures="1" errors="0" time="0.003">
    <testcase time="0.00300000000000011" classname="character(0)" name="add_overall.tbl_survfit_times_works">
      <failure type="failure" message="Snapshot of code has changed: ('test-tbl_survfit_times.R:81:3')">Snapshot of code has changed:
old vs new
  Code
    as.data.frame(add_overall(tbl_survfit_times(data = cards::ADTTE, by = "TRTA", times = 30, label = "Day {time}"), last = TRUE, col_label = "**All Participants**  \nN = {n}"))
  Output
-                                Placebo  \n(N = 86) Xanomeline High Dose  \n(N = 84) Xanomeline Low Dose  \n(N = 84) **All Participants**  \nN = 254
+                                Placebo  \n(N = 86) Xanomeline High Dose  \n(N = 84) Xanomeline Low Dose  \n(N = 84) All Participants  \nN = 254
-   1                     Day 30                &lt;NA&gt;                             &lt;NA&gt;                            &lt;NA&gt;                            &lt;NA&gt;
+   1                     Day 30                &lt;NA&gt;                             &lt;NA&gt;                            &lt;NA&gt;                        &lt;NA&gt;
-   2 Patients remaining at risk                  69                               38                              42                             149
+   2 Patients remaining at risk                  69                               38                              42                         149
-   3        Event Free Rate (%)                84.4                             53.0                            53.4                            64.1
+   3        Event Free Rate (%)                84.4                             53.0                            53.4                        64.1
-   4                     95% CI        (77.0, 92.6)                     (42.8, 65.7)                    (43.4, 65.6)                    (58.2, 70.5)
+   4                     95% CI        (77.0, 92.6)                     (42.8, 65.7)                    (43.4, 65.6)                (58.2, 70.5)
* Run `testthat::snapshot_accept("tbl_survfit_times", "testthat")` to accept the change.
* Run `testthat::snapshot_review("tbl_survfit_times", "testthat")` to review the change.</failure>
    </testcase>
  </testsuite>
  <testsuite name="theme_gtsummary_roche" timestamp="2026-01-21T18:28:19Z" hostname="5102eb72df4a" tests="1" skipped="0" failures="0" errors="0" time="5.331">
    <testcase time="5.331" classname="character(0)" name="theme_gtsummary_roche_works"/>
  </testsuite>
  <testsuite name="theme_gtsummary_roche" timestamp="2026-01-21T18:28:19Z" hostname="5102eb72df4a" tests="1" skipped="0" failures="0" errors="0" time="0.002">
    <testcase time="0.00200000000000955" classname="character(0)" name="theme_gtsummary_roche_adds_relevant_flextable_directives"/>
  </testsuite>
  <testsuite name="theme_gtsummary_roche" timestamp="2026-01-21T18:28:19Z" hostname="5102eb72df4a" tests="1" skipped="0" failures="0" errors="0" time="0.003">
    <testcase time="0.0029999999999859" classname="character(0)" name="theme_gtsummary_roche_no_errors_with_a_gt_print"/>
  </testsuite>
  <testsuite name="theme_gtsummary_roche" timestamp="2026-01-21T18:28:19Z" hostname="5102eb72df4a" tests="7" skipped="0" failures="0" errors="0" time="0.014">
    <testcase time="0.00300000000000011" classname="character(0)" name="theme_gtsummary_roche_styles_tbl_hierarchical_results"/>
    <testcase time="0.00100000000000477" classname="character(0)" name="theme_gtsummary_roche_styles_tbl_hierarchical_results"/>
    <testcase time="0.00799999999999557" classname="character(0)" name="theme_gtsummary_roche_styles_tbl_hierarchical_results"/>
    <testcase time="0.00100000000000477" classname="character(0)" name="theme_gtsummary_roche_styles_tbl_hierarchical_results"/>
    <testcase time="0" classname="character(0)" name="theme_gtsummary_roche_styles_tbl_hierarchical_results"/>
    <testcase time="0" classname="character(0)" name="theme_gtsummary_roche_styles_tbl_hierarchical_results"/>
    <testcase time="0.000999999999990564" classname="character(0)" name="theme_gtsummary_roche_styles_tbl_hierarchical_results"/>
  </testsuite>
  <testsuite name="theme_gtsummary_roche" timestamp="2026-01-21T18:28:19Z" hostname="5102eb72df4a" tests="1" skipped="0" failures="0" errors="0" time="0.001">
    <testcase time="0.00100000000000477" classname="character(0)" name="with_assign_summary_type_arg_cat_threshold_0L_each_data_type_is_always_mapped_as_it_is"/>
  </testsuite>
  <testsuite name="theme_gtsummary_roche" timestamp="2026-01-21T18:28:19Z" hostname="5102eb72df4a" tests="1" skipped="0" failures="0" errors="0" time="0.002">
    <testcase time="0.00199999999999534" classname="character(0)" name="theme_pre_conversion_modifies_header_not_to_be_bold"/>
  </testsuite>
  <testsuite name="tbl_hierarchical_rate_by_grade" timestamp="2026-01-21T18:28:23Z" hostname="5102eb72df4a" tests="7" skipped="0" failures="0" errors="0" time="3.231">
    <testcase time="3.22800000000001" classname="character(0)" name="tbl_hierarchical_rate_by_grade_works"/>
    <testcase time="0" classname="character(0)" name="tbl_hierarchical_rate_by_grade_works"/>
    <testcase time="0.00100000000000477" classname="character(0)" name="tbl_hierarchical_rate_by_grade_works"/>
    <testcase time="0" classname="character(0)" name="tbl_hierarchical_rate_by_grade_works"/>
    <testcase time="0.000999999999990564" classname="character(0)" name="tbl_hierarchical_rate_by_grade_works"/>
    <testcase time="0.00100000000000477" classname="character(0)" name="tbl_hierarchical_rate_by_grade_works"/>
    <testcase time="0" classname="character(0)" name="tbl_hierarchical_rate_by_grade_works"/>
  </testsuite>
  <testsuite name="tbl_hierarchical_rate_by_grade" timestamp="2026-01-21T18:28:23Z" hostname="5102eb72df4a" tests="4" skipped="0" failures="0" errors="0" time="0.003">
    <testcase time="0.00199999999999534" classname="character(0)" name="tbl_hierarchical_rate_by_grade_include_overall_works"/>
    <testcase time="0" classname="character(0)" name="tbl_hierarchical_rate_by_grade_include_overall_works"/>
    <testcase time="0.00100000000000477" classname="character(0)" name="tbl_hierarchical_rate_by_grade_include_overall_works"/>
    <testcase time="0" classname="character(0)" name="tbl_hierarchical_rate_by_grade_include_overall_works"/>
  </testsuite>
  <testsuite name="tbl_hierarchical_rate_by_grade" timestamp="2026-01-21T18:28:23Z" hostname="5102eb72df4a" tests="2" skipped="0" failures="0" errors="0" time="0.003">
    <testcase time="0.00199999999999534" classname="character(0)" name="tbl_hierarchical_rate_by_grade_works_with_add_overall_"/>
    <testcase time="0.00100000000000477" classname="character(0)" name="tbl_hierarchical_rate_by_grade_works_with_add_overall_"/>
  </testsuite>
  <testsuite name="tbl_hierarchical_rate_by_grade" timestamp="2026-01-21T18:28:23Z" hostname="5102eb72df4a" tests="5" skipped="0" failures="0" errors="0" time="0.004">
    <testcase time="0.000999999999990564" classname="character(0)" name="tbl_hierarchical_rate_by_grade_sort_works"/>
    <testcase time="0.00100000000000477" classname="character(0)" name="tbl_hierarchical_rate_by_grade_sort_works"/>
    <testcase time="0.00100000000000477" classname="character(0)" name="tbl_hierarchical_rate_by_grade_sort_works"/>
    <testcase time="0" classname="character(0)" name="tbl_hierarchical_rate_by_grade_sort_works"/>
    <testcase time="0.000999999999990564" classname="character(0)" name="tbl_hierarchical_rate_by_grade_sort_works"/>
  </testsuite>
  <testsuite name="tbl_hierarchical_rate_by_grade" timestamp="2026-01-21T18:28:23Z" hostname="5102eb72df4a" tests="4" skipped="0" failures="0" errors="0" time="0.003">
    <testcase time="0.00100000000000477" classname="character(0)" name="tbl_hierarchical_rate_by_grade_filter_works"/>
    <testcase time="0.00100000000000477" classname="character(0)" name="tbl_hierarchical_rate_by_grade_filter_works"/>
    <testcase time="0" classname="character(0)" name="tbl_hierarchical_rate_by_grade_filter_works"/>
    <testcase time="0.000999999999990564" classname="character(0)" name="tbl_hierarchical_rate_by_grade_filter_works"/>
  </testsuite>
  <testsuite name="tbl_hierarchical_rate_by_grade" timestamp="2026-01-21T18:28:23Z" hostname="5102eb72df4a" tests="1" skipped="0" failures="0" errors="0" time="0.002">
    <testcase time="0.00200000000000955" classname="character(0)" name="tbl_hierarchical_rate_by_grade_works_with_non_factor_grade_variables"/>
  </testsuite>
  <testsuite name="tbl_hierarchical_rate_by_grade" timestamp="2026-01-21T18:28:23Z" hostname="5102eb72df4a" tests="1" skipped="0" failures="0" errors="0" time="0.001">
    <testcase time="0.000999999999990564" classname="character(0)" name="tbl_hierarchical_rate_by_grade_grade_groups_works_with_some_grades_not_in_groups"/>
  </testsuite>
  <testsuite name="tbl_hierarchical_rate_by_grade" timestamp="2026-01-21T18:28:23Z" hostname="5102eb72df4a" tests="4" skipped="0" failures="0" errors="0" time="0.004">
    <testcase time="0.00200000000000955" classname="character(0)" name="tbl_hierarchical_rate_by_grade_grades_exclude_works"/>
    <testcase time="0.000999999999990564" classname="character(0)" name="tbl_hierarchical_rate_by_grade_grades_exclude_works"/>
    <testcase time="0" classname="character(0)" name="tbl_hierarchical_rate_by_grade_grades_exclude_works"/>
    <testcase time="0.00100000000000477" classname="character(0)" name="tbl_hierarchical_rate_by_grade_grades_exclude_works"/>
  </testsuite>
  <testsuite name="tbl_hierarchical_rate_by_grade" timestamp="2026-01-21T18:28:23Z" hostname="5102eb72df4a" tests="3" skipped="0" failures="0" errors="0" time="0.003">
    <testcase time="0.00100000000000477" classname="character(0)" name="tbl_hierarchical_rate_by_grade_keep_zero_rows_works"/>
    <testcase time="0.000999999999990564" classname="character(0)" name="tbl_hierarchical_rate_by_grade_keep_zero_rows_works"/>
    <testcase time="0.00100000000000477" classname="character(0)" name="tbl_hierarchical_rate_by_grade_keep_zero_rows_works"/>
  </testsuite>
  <testsuite name="tbl_hierarchical_rate_by_grade" timestamp="2026-01-21T18:28:23Z" hostname="5102eb72df4a" tests="4" skipped="0" failures="0" errors="0" time="0.003">
    <testcase time="0.00100000000000477" classname="character(0)" name="tbl_hierarchical_rate_by_grade_error_messaging_works"/>
    <testcase time="0.000999999999990564" classname="character(0)" name="tbl_hierarchical_rate_by_grade_error_messaging_works"/>
    <testcase time="0" classname="character(0)" name="tbl_hierarchical_rate_by_grade_error_messaging_works"/>
    <testcase time="0.00100000000000477" classname="character(0)" name="tbl_hierarchical_rate_by_grade_error_messaging_works"/>
  </testsuite>
</testsuites>
