<?xml version="1.0" encoding="UTF-8"?>
<testsuites>
  <testsuite name="add_hierarchical_count_row" timestamp="2025-11-26T02:50:49Z" hostname="4838752cdbd6" tests="4" skipped="0" failures="0" errors="0" time="4.991">
    <testcase time="4.958" classname="character(0)" name="add_hierarchical_count_row_works"/>
    <testcase time="0.024" classname="character(0)" name="add_hierarchical_count_row_works"/>
    <testcase time="0.00899999999999945" classname="character(0)" name="add_hierarchical_count_row_works"/>
    <testcase time="0" classname="character(0)" name="add_hierarchical_count_row_works"/>
  </testsuite>
  <testsuite name="add_hierarchical_count_row" timestamp="2025-11-26T02:50:49Z" hostname="4838752cdbd6" tests="2" skipped="0" failures="0" errors="0" time="0.003">
    <testcase time="0.00200000000000067" classname="character(0)" name="add_hierarchical_count_row_data_preprocess_works"/>
    <testcase time="0.000999999999999446" classname="character(0)" name="add_hierarchical_count_row_data_preprocess_works"/>
  </testsuite>
  <testsuite name="label_roche" timestamp="2025-11-26T02:50:49Z" hostname="4838752cdbd6" tests="1" skipped="0" failures="0" errors="0" time="0.099">
    <testcase time="0.0990000000000002" classname="character(0)" name="style_roche_pvalue_works"/>
  </testsuite>
  <testsuite name="label_roche" timestamp="2025-11-26T02:50:49Z" hostname="4838752cdbd6" tests="3" skipped="0" failures="0" errors="0" time="0.003">
    <testcase time="0.00199999999999978" classname="character(0)" name="style_roche_percent_works"/>
    <testcase time="0.00100000000000033" classname="character(0)" name="style_roche_percent_works"/>
    <testcase time="0" classname="character(0)" name="style_roche_percent_works"/>
  </testsuite>
  <testsuite name="label_roche" timestamp="2025-11-26T02:50:49Z" hostname="4838752cdbd6" tests="2" skipped="0" failures="0" errors="0" time="0.005">
    <testcase time="0.00499999999999989" classname="character(0)" name="style_roche_ratio_works"/>
    <testcase time="0" classname="character(0)" name="style_roche_ratio_works"/>
  </testsuite>
  <testsuite name="label_roche" timestamp="2025-11-26T02:50:49Z" hostname="4838752cdbd6" tests="2" skipped="0" failures="0" errors="0" time="0.002">
    <testcase time="0.00199999999999978" classname="character(0)" name="style_roche_number_works"/>
    <testcase time="0" classname="character(0)" name="style_roche_number_works"/>
  </testsuite>
  <testsuite name="add_blank_rows" timestamp="2025-11-26T02:50:51Z" hostname="4838752cdbd6" tests="1" skipped="0" failures="0" errors="0" time="1.274">
    <testcase time="1.274" classname="character(0)" name="add_blank_rows_works"/>
  </testsuite>
  <testsuite name="add_blank_rows" timestamp="2025-11-26T02:50:51Z" hostname="4838752cdbd6" tests="2" skipped="0" failures="0" errors="0" time="0.003">
    <testcase time="0.00200000000000067" classname="character(0)" name="add_blank_rows_variables_works"/>
    <testcase time="0.000999999999999446" classname="character(0)" name="add_blank_rows_variables_works"/>
  </testsuite>
  <testsuite name="add_blank_rows" timestamp="2025-11-26T02:50:51Z" hostname="4838752cdbd6" tests="1" skipped="0" failures="0" errors="0" time="0.003">
    <testcase time="0.00300000000000011" classname="character(0)" name="add_blank_rows_variables_grade_is_last_row_then_table_identical"/>
  </testsuite>
  <testsuite name="add_blank_rows" timestamp="2025-11-26T02:50:51Z" hostname="4838752cdbd6" tests="1" skipped="0" failures="0" errors="0" time="0.003">
    <testcase time="0.00300000000000011" classname="character(0)" name="add_blank_rows_variable_level_works"/>
  </testsuite>
  <testsuite name="add_blank_rows" timestamp="2025-11-26T02:50:51Z" hostname="4838752cdbd6" tests="1" skipped="0" failures="0" errors="0" time="0.002">
    <testcase time="0.00199999999999978" classname="character(0)" name="add_blank_rows_error_message"/>
  </testsuite>
  <testsuite name="add_blank_rows" timestamp="2025-11-26T02:50:51Z" hostname="4838752cdbd6" tests="2" skipped="0" failures="0" errors="0" time="0.002">
    <testcase time="0.00199999999999978" classname="character(0)" name="add_blank_rows_row_numbers_error"/>
    <testcase time="0" classname="character(0)" name="add_blank_rows_row_numbers_error"/>
  </testsuite>
  <testsuite name="add_blank_rows" timestamp="2025-11-26T02:50:51Z" hostname="4838752cdbd6" tests="1" skipped="0" failures="0" errors="0" time="0.002">
    <testcase time="0.00200000000000067" classname="character(0)" name="add_blank_rows_errors_when_no_variable"/>
  </testsuite>
  <testsuite name="modify_zero_recode" timestamp="2025-11-26T02:50:52Z" hostname="4838752cdbd6" tests="2" skipped="0" failures="0" errors="0" time="1.013">
    <testcase time="1.013" classname="character(0)" name="modify_zero_recode_works"/>
    <testcase time="0" classname="character(0)" name="modify_zero_recode_works"/>
  </testsuite>
  <testsuite name="modify_header_rm_md" timestamp="2025-11-26T02:50:52Z" hostname="4838752cdbd6" tests="2" skipped="0" failures="0" errors="0" time="0.138">
    <testcase time="0.137" classname="character(0)" name="strip_md_bold_works_with_gtsummary_table"/>
    <testcase time="0.000999999999999446" classname="character(0)" name="strip_md_bold_works_with_gtsummary_table"/>
  </testsuite>
  <testsuite name="tbl_hierarchical_rate_and_count" timestamp="2025-11-26T02:51:11Z" hostname="4838752cdbd6" tests="6" skipped="0" failures="0" errors="0" time="19.449">
    <testcase time="19.443" classname="character(0)" name="tbl_hierarchical_rate_and_count_works"/>
    <testcase time="0.00100000000000122" classname="character(0)" name="tbl_hierarchical_rate_and_count_works"/>
    <testcase time="0.00199999999999889" classname="character(0)" name="tbl_hierarchical_rate_and_count_works"/>
    <testcase time="0.00100000000000122" classname="character(0)" name="tbl_hierarchical_rate_and_count_works"/>
    <testcase time="0.000999999999997669" classname="character(0)" name="tbl_hierarchical_rate_and_count_works"/>
    <testcase time="0.00100000000000122" classname="character(0)" name="tbl_hierarchical_rate_and_count_works"/>
  </testsuite>
  <testsuite name="tbl_hierarchical_rate_and_count" timestamp="2025-11-26T02:51:11Z" hostname="4838752cdbd6" tests="2" skipped="0" failures="0" errors="0" time="0.004">
    <testcase time="0.00300000000000011" classname="character(0)" name="tbl_hierarchical_rate_and_count_sort_"/>
    <testcase time="0.00100000000000122" classname="character(0)" name="tbl_hierarchical_rate_and_count_sort_"/>
  </testsuite>
  <testsuite name="tbl_hierarchical_rate_and_count" timestamp="2025-11-26T02:51:11Z" hostname="4838752cdbd6" tests="1" skipped="0" failures="0" errors="0" time="0.002">
    <testcase time="0.00199999999999889" classname="character(0)" name="tbl_hierarchical_rate_and_count_digits_styling_defaults_to_gtsummary"/>
  </testsuite>
  <testsuite name="tbl_hierarchical_rate_and_count" timestamp="2025-11-26T02:51:11Z" hostname="4838752cdbd6" tests="2" skipped="0" failures="0" errors="0" time="0.003">
    <testcase time="0.00300000000000011" classname="character(0)" name="tbl_hierarchical_rate_and_count_works_only_with_2_or_3_variables"/>
    <testcase time="0" classname="character(0)" name="tbl_hierarchical_rate_and_count_works_only_with_2_or_3_variables"/>
  </testsuite>
  <testsuite name="tbl_baseline_chg" timestamp="2025-11-26T02:51:26Z" hostname="4838752cdbd6" tests="3" skipped="0" failures="0" errors="0" time="15.133">
    <testcase time="15.131" classname="character(0)" name="tbl_baseline_chg_works"/>
    <testcase time="0.00100000000000477" classname="character(0)" name="tbl_baseline_chg_works"/>
    <testcase time="0.000999999999997669" classname="character(0)" name="tbl_baseline_chg_works"/>
  </testsuite>
  <testsuite name="tbl_baseline_chg" timestamp="2025-11-26T02:51:26Z" hostname="4838752cdbd6" tests="2" skipped="0" failures="0" errors="0" time="0.002">
    <testcase time="0.000999999999997669" classname="character(0)" name="tbl_baseline_chg_works_with_no_by_variable"/>
    <testcase time="0.00100000000000477" classname="character(0)" name="tbl_baseline_chg_works_with_no_by_variable"/>
  </testsuite>
  <testsuite name="tbl_baseline_chg" timestamp="2025-11-26T02:51:26Z" hostname="4838752cdbd6" tests="2" skipped="0" failures="0" errors="0" time="0.002">
    <testcase time="0.00199999999999534" classname="character(0)" name="add_overall.tbl_baseline_chg_works"/>
    <testcase time="0" classname="character(0)" name="add_overall.tbl_baseline_chg_works"/>
  </testsuite>
  <testsuite name="tbl_baseline_chg" timestamp="2025-11-26T02:51:26Z" hostname="4838752cdbd6" tests="2" skipped="0" failures="0" errors="0" time="0.002">
    <testcase time="0.00200000000000244" classname="character(0)" name="add_overall.tbl_baseline_chg_messaging"/>
    <testcase time="0" classname="character(0)" name="add_overall.tbl_baseline_chg_messaging"/>
  </testsuite>
  <testsuite name="tbl_baseline_chg" timestamp="2025-11-26T02:51:26Z" hostname="4838752cdbd6" tests="4" skipped="0" failures="0" errors="0" time="0.004">
    <testcase time="0.00200000000000244" classname="character(0)" name="tbl_baseline_chg_throws_error_when_required_arguments_are_missing"/>
    <testcase time="0.000999999999997669" classname="character(0)" name="tbl_baseline_chg_throws_error_when_required_arguments_are_missing"/>
    <testcase time="0" classname="character(0)" name="tbl_baseline_chg_throws_error_when_required_arguments_are_missing"/>
    <testcase time="0.000999999999997669" classname="character(0)" name="tbl_baseline_chg_throws_error_when_required_arguments_are_missing"/>
  </testsuite>
  <testsuite name="tbl_baseline_chg" timestamp="2025-11-26T02:51:26Z" hostname="4838752cdbd6" tests="1" skipped="0" failures="0" errors="0" time="0.004">
    <testcase time="0.00400000000000489" classname="character(0)" name="tbl_baseline_chg_messaging"/>
  </testsuite>
  <testsuite name="tbl_baseline_chg" timestamp="2025-11-26T02:51:26Z" hostname="4838752cdbd6" tests="1" skipped="0" failures="0" errors="0" time="0.002">
    <testcase time="0.00199999999999534" classname="character(0)" name="gather_ard_works_on_output_table"/>
  </testsuite>
  <testsuite name="tbl_listing" timestamp="2025-11-26T02:51:27Z" hostname="4838752cdbd6" tests="1" skipped="0" failures="0" errors="0" time="0.637">
    <testcase time="0.637" classname="character(0)" name="tbl_listing_works_with_default_values"/>
  </testsuite>
  <testsuite name="tbl_listing" timestamp="2025-11-26T02:51:27Z" hostname="4838752cdbd6" tests="3" skipped="0" failures="0" errors="0" time="0.002">
    <testcase time="0.00200000000000244" classname="character(0)" name="tbl_listing_add_blanks_rows_works_with_standard_values"/>
    <testcase time="0" classname="character(0)" name="tbl_listing_add_blanks_rows_works_with_standard_values"/>
    <testcase time="0" classname="character(0)" name="tbl_listing_add_blanks_rows_works_with_standard_values"/>
  </testsuite>
  <testsuite name="tbl_listing" timestamp="2025-11-26T02:51:27Z" hostname="4838752cdbd6" tests="3" skipped="0" failures="0" errors="0" time="0.003">
    <testcase time="0.00200000000000244" classname="character(0)" name="tbl_listing_split_by_rows_works_with_standard_values"/>
    <testcase time="0" classname="character(0)" name="tbl_listing_split_by_rows_works_with_standard_values"/>
    <testcase time="0.000999999999997669" classname="character(0)" name="tbl_listing_split_by_rows_works_with_standard_values"/>
  </testsuite>
  <testsuite name="tbl_listing" timestamp="2025-11-26T02:51:27Z" hostname="4838752cdbd6" tests="3" skipped="0" failures="0" errors="0" time="0.003">
    <testcase time="0.00200000000000244" classname="character(0)" name="tbl_listing_split_by_rows_add_blank_rows_works_with_standard_values"/>
    <testcase time="0" classname="character(0)" name="tbl_listing_split_by_rows_add_blank_rows_works_with_standard_values"/>
    <testcase time="0.000999999999997669" classname="character(0)" name="tbl_listing_split_by_rows_add_blank_rows_works_with_standard_values"/>
  </testsuite>
  <testsuite name="tbl_listing" timestamp="2025-11-26T02:51:27Z" hostname="4838752cdbd6" tests="3" skipped="0" failures="0" errors="0" time="0.003">
    <testcase time="0.00100000000000477" classname="character(0)" name="tbl_listing_split_by_columns_works_with_standard_values"/>
    <testcase time="0.000999999999997669" classname="character(0)" name="tbl_listing_split_by_columns_works_with_standard_values"/>
    <testcase time="0.000999999999997669" classname="character(0)" name="tbl_listing_split_by_columns_works_with_standard_values"/>
  </testsuite>
  <testsuite name="tbl_listing" timestamp="2025-11-26T02:51:27Z" hostname="4838752cdbd6" tests="5" skipped="0" failures="0" errors="0" time="0.003">
    <testcase time="0.00100000000000477" classname="character(0)" name="tbl_listing_split_by_rows_split_by_columns_works_with_standard_values"/>
    <testcase time="0.000999999999997669" classname="character(0)" name="tbl_listing_split_by_rows_split_by_columns_works_with_standard_values"/>
    <testcase time="0" classname="character(0)" name="tbl_listing_split_by_rows_split_by_columns_works_with_standard_values"/>
    <testcase time="0.000999999999997669" classname="character(0)" name="tbl_listing_split_by_rows_split_by_columns_works_with_standard_values"/>
    <testcase time="0" classname="character(0)" name="tbl_listing_split_by_rows_split_by_columns_works_with_standard_values"/>
  </testsuite>
  <testsuite name="tbl_listing" timestamp="2025-11-26T02:51:27Z" hostname="4838752cdbd6" tests="2" skipped="0" failures="0" errors="0" time="0.003">
    <testcase time="0.00200000000000244" classname="character(0)" name="remove_duplicate_keys_works_with_standard_values"/>
    <testcase time="0.000999999999997669" classname="character(0)" name="remove_duplicate_keys_works_with_standard_values"/>
  </testsuite>
  <testsuite name="tbl_listing" timestamp="2025-11-26T02:51:27Z" hostname="4838752cdbd6" tests="1" skipped="0" failures="0" errors="0" time="0.001">
    <testcase time="0.000999999999997669" classname="character(0)" name="remove_duplicate_keys_works_with_unique_and_duplicated_values"/>
  </testsuite>
  <testsuite name="tbl_roche_summary" timestamp="2025-11-26T02:51:34Z" hostname="4838752cdbd6" tests="1" skipped="0" failures="0" errors="0" time="7.341">
    <testcase time="7.341" classname="character(0)" name="tbl_roche_summary_works"/>
  </testsuite>
  <testsuite name="tbl_roche_summary" timestamp="2025-11-26T02:51:34Z" hostname="4838752cdbd6" tests="3" skipped="0" failures="0" errors="0" time="0.003">
    <testcase time="0.00200000000000244" classname="character(0)" name="tbl_roche_summary_add_overall_works"/>
    <testcase time="0.000999999999997669" classname="character(0)" name="tbl_roche_summary_add_overall_works"/>
    <testcase time="0" classname="character(0)" name="tbl_roche_summary_add_overall_works"/>
  </testsuite>
  <testsuite name="tbl_roche_summary" timestamp="2025-11-26T02:51:34Z" hostname="4838752cdbd6" tests="1" skipped="0" failures="0" errors="0" time="0.002">
    <testcase time="0.00200000000000244" classname="character(0)" name="tbl_roche_summary_recode_counts_for_all_NA_column"/>
  </testsuite>
  <testsuite name="tbl_roche_summary" timestamp="2025-11-26T02:51:34Z" hostname="4838752cdbd6" tests="2" skipped="0" failures="0" errors="0" time="0.002">
    <testcase time="0.000999999999997669" classname="character(0)" name="tbl_roche_summary_digit_estimation_works"/>
    <testcase time="0.00100000000000477" classname="character(0)" name="tbl_roche_summary_digit_estimation_works"/>
  </testsuite>
  <testsuite name="tbl_shift" timestamp="2025-11-26T02:51:55Z" hostname="4838752cdbd6" tests="4" skipped="0" failures="0" errors="0" time="20.218">
    <testcase time="20.215" classname="character(0)" name="tbl_shift_strata_location_"/>
    <testcase time="0.00100000000000477" classname="character(0)" name="tbl_shift_strata_location_"/>
    <testcase time="0.000999999999990564" classname="character(0)" name="tbl_shift_strata_location_"/>
    <testcase time="0.00100000000000477" classname="character(0)" name="tbl_shift_strata_location_"/>
  </testsuite>
  <testsuite name="tbl_shift" timestamp="2025-11-26T02:51:55Z" hostname="4838752cdbd6" tests="1" skipped="0" failures="0" errors="0" time="0.002">
    <testcase time="0.00199999999999534" classname="character(0)" name="tbl_shift_by_messaging"/>
  </testsuite>
  <testsuite name="tbl_shift" timestamp="2025-11-26T02:51:55Z" hostname="4838752cdbd6" tests="1" skipped="0" failures="0" errors="0" time="0.001">
    <testcase time="0.00100000000000477" classname="character(0)" name="tbl_shift_data_header_messaging"/>
  </testsuite>
  <testsuite name="tbl_shift" timestamp="2025-11-26T02:51:55Z" hostname="4838752cdbd6" tests="4" skipped="0" failures="0" errors="0" time="0.007">
    <testcase time="0.00499999999999545" classname="character(0)" name="add_overall.tbl_shift_"/>
    <testcase time="0.00100000000000477" classname="character(0)" name="add_overall.tbl_shift_"/>
    <testcase time="0.00100000000000477" classname="character(0)" name="add_overall.tbl_shift_"/>
    <testcase time="0" classname="character(0)" name="add_overall.tbl_shift_"/>
  </testsuite>
  <testsuite name="tbl_shift" timestamp="2025-11-26T02:51:55Z" hostname="4838752cdbd6" tests="2" skipped="0" failures="0" errors="0" time="0.002">
    <testcase time="0.00199999999999534" classname="character(0)" name="add_overall.tbl_shift_messaging"/>
    <testcase time="0" classname="character(0)" name="add_overall.tbl_shift_messaging"/>
  </testsuite>
  <testsuite name="tbl_shift" timestamp="2025-11-26T02:51:55Z" hostname="4838752cdbd6" tests="2" skipped="0" failures="0" errors="0" time="0.003">
    <testcase time="0.00199999999999534" classname="character(0)" name="add_overall.tbl_shift_strata_NULL_messaging"/>
    <testcase time="0.00100000000000477" classname="character(0)" name="add_overall.tbl_shift_strata_NULL_messaging"/>
  </testsuite>
  <testsuite name="tbl_survfit_quantiles" timestamp="2025-11-26T02:52:01Z" hostname="4838752cdbd6" tests="7" skipped="0" failures="0" errors="0" time="6.358">
    <testcase time="6.354" classname="character(0)" name="tbl_survfit_quantiles_works"/>
    <testcase time="0.00100000000000477" classname="character(0)" name="tbl_survfit_quantiles_works"/>
    <testcase time="0.000999999999990564" classname="character(0)" name="tbl_survfit_quantiles_works"/>
    <testcase time="0" classname="character(0)" name="tbl_survfit_quantiles_works"/>
    <testcase time="0.00100000000000477" classname="character(0)" name="tbl_survfit_quantiles_works"/>
    <testcase time="0" classname="character(0)" name="tbl_survfit_quantiles_works"/>
    <testcase time="0.00100000000000477" classname="character(0)" name="tbl_survfit_quantiles_works"/>
  </testsuite>
  <testsuite name="tbl_survfit_quantiles" timestamp="2025-11-26T02:52:01Z" hostname="4838752cdbd6" tests="2" skipped="0" failures="0" errors="0" time="0.002">
    <testcase time="0.00199999999999534" classname="character(0)" name="tbl_survfit_quantiles_by_messaging"/>
    <testcase time="0" classname="character(0)" name="tbl_survfit_quantiles_by_messaging"/>
  </testsuite>
  <testsuite name="tbl_survfit_quantiles" timestamp="2025-11-26T02:52:01Z" hostname="4838752cdbd6" tests="1" skipped="0" failures="0" errors="0" time="0.002">
    <testcase time="0.00199999999999534" classname="character(0)" name="tbl_survfit_quantiles_estimate_fun_"/>
  </testsuite>
  <testsuite name="tbl_survfit_quantiles" timestamp="2025-11-26T02:52:01Z" hostname="4838752cdbd6" tests="1" skipped="0" failures="0" errors="0" time="0.002">
    <testcase time="0.00200000000000955" classname="character(0)" name="tbl_survfit_quantiles_method.args_"/>
  </testsuite>
  <testsuite name="tbl_survfit_quantiles" timestamp="2025-11-26T02:52:01Z" hostname="4838752cdbd6" tests="1" skipped="0" failures="0" errors="0" time="0.002">
    <testcase time="0.00199999999999534" classname="character(0)" name="add_overall.tbl_survfit_quantiles_works"/>
  </testsuite>
  <testsuite name="tbl_survfit_times" timestamp="2025-11-26T02:52:04Z" hostname="4838752cdbd6" tests="7" skipped="0" failures="0" errors="0" time="3.556">
    <testcase time="3.55200000000001" classname="character(0)" name="tbl_survfit_times_works"/>
    <testcase time="0.000999999999990564" classname="character(0)" name="tbl_survfit_times_works"/>
    <testcase time="0.00100000000000477" classname="character(0)" name="tbl_survfit_times_works"/>
    <testcase time="0" classname="character(0)" name="tbl_survfit_times_works"/>
    <testcase time="0.00100000000000477" classname="character(0)" name="tbl_survfit_times_works"/>
    <testcase time="0.000999999999990564" classname="character(0)" name="tbl_survfit_times_works"/>
    <testcase time="0" classname="character(0)" name="tbl_survfit_times_works"/>
  </testsuite>
  <testsuite name="tbl_survfit_times" timestamp="2025-11-26T02:52:04Z" hostname="4838752cdbd6" tests="2" skipped="0" failures="0" errors="0" time="0.003">
    <testcase time="0.00200000000000955" classname="character(0)" name="tbl_survfit_times_by_messaging"/>
    <testcase time="0.000999999999990564" classname="character(0)" name="tbl_survfit_times_by_messaging"/>
  </testsuite>
  <testsuite name="tbl_survfit_times" timestamp="2025-11-26T02:52:04Z" hostname="4838752cdbd6" tests="1" skipped="0" failures="0" errors="0" time="0.001">
    <testcase time="0.00100000000000477" classname="character(0)" name="add_overall.tbl_survfit_times_works"/>
  </testsuite>
  <testsuite name="theme_gtsummary_roche" timestamp="2025-11-26T02:52:08Z" hostname="4838752cdbd6" tests="1" skipped="0" failures="0" errors="0" time="3.486">
    <testcase time="3.486" classname="character(0)" name="theme_gtsummary_roche_works"/>
  </testsuite>
  <testsuite name="theme_gtsummary_roche" timestamp="2025-11-26T02:52:08Z" hostname="4838752cdbd6" tests="1" skipped="0" failures="0" errors="0" time="0.002">
    <testcase time="0.00199999999999534" classname="character(0)" name="theme_gtsummary_roche_adds_relevant_flextable_directives"/>
  </testsuite>
  <testsuite name="theme_gtsummary_roche" timestamp="2025-11-26T02:52:08Z" hostname="4838752cdbd6" tests="1" skipped="0" failures="0" errors="0" time="0.001">
    <testcase time="0.00100000000000477" classname="character(0)" name="theme_gtsummary_roche_no_errors_with_a_gt_print"/>
  </testsuite>
  <testsuite name="theme_gtsummary_roche" timestamp="2025-11-26T02:52:08Z" hostname="4838752cdbd6" tests="7" skipped="0" failures="0" errors="0" time="0.006">
    <testcase time="0.00199999999999534" classname="character(0)" name="theme_gtsummary_roche_styles_tbl_hierarchical_results"/>
    <testcase time="0.00100000000000477" classname="character(0)" name="theme_gtsummary_roche_styles_tbl_hierarchical_results"/>
    <testcase time="0" classname="character(0)" name="theme_gtsummary_roche_styles_tbl_hierarchical_results"/>
    <testcase time="0.000999999999990564" classname="character(0)" name="theme_gtsummary_roche_styles_tbl_hierarchical_results"/>
    <testcase time="0.00100000000000477" classname="character(0)" name="theme_gtsummary_roche_styles_tbl_hierarchical_results"/>
    <testcase time="0" classname="character(0)" name="theme_gtsummary_roche_styles_tbl_hierarchical_results"/>
    <testcase time="0.00100000000000477" classname="character(0)" name="theme_gtsummary_roche_styles_tbl_hierarchical_results"/>
  </testsuite>
  <testsuite name="theme_gtsummary_roche" timestamp="2025-11-26T02:52:08Z" hostname="4838752cdbd6" tests="1" skipped="0" failures="0" errors="0" time="0.001">
    <testcase time="0.000999999999990564" classname="character(0)" name="with_assign_summary_type_arg_cat_threshold_0L_each_data_type_is_always_mapped_as_it_is"/>
  </testsuite>
  <testsuite name="tbl_null_report" timestamp="2025-11-26T02:52:08Z" hostname="4838752cdbd6" tests="3" skipped="0" failures="0" errors="0" time="0.138">
    <testcase time="0.13600000000001" classname="character(0)" name="tbl_null_report_works_correctly"/>
    <testcase time="0.000999999999990564" classname="character(0)" name="tbl_null_report_works_correctly"/>
    <testcase time="0.00100000000000477" classname="character(0)" name="tbl_null_report_works_correctly"/>
  </testsuite>
  <testsuite name="tbl_hierarchical_rate_by_grade" timestamp="2025-11-26T02:52:13Z" hostname="4838752cdbd6" tests="7" skipped="0" failures="0" errors="0" time="4.768">
    <testcase time="4.764" classname="character(0)" name="tbl_hierarchical_rate_by_grade_works"/>
    <testcase time="0.00100000000000477" classname="character(0)" name="tbl_hierarchical_rate_by_grade_works"/>
    <testcase time="0" classname="character(0)" name="tbl_hierarchical_rate_by_grade_works"/>
    <testcase time="0.00100000000000477" classname="character(0)" name="tbl_hierarchical_rate_by_grade_works"/>
    <testcase time="0" classname="character(0)" name="tbl_hierarchical_rate_by_grade_works"/>
    <testcase time="0.000999999999990564" classname="character(0)" name="tbl_hierarchical_rate_by_grade_works"/>
    <testcase time="0.00100000000000477" classname="character(0)" name="tbl_hierarchical_rate_by_grade_works"/>
  </testsuite>
  <testsuite name="tbl_hierarchical_rate_by_grade" timestamp="2025-11-26T02:52:13Z" hostname="4838752cdbd6" tests="4" skipped="0" failures="0" errors="0" time="0.003">
    <testcase time="0.00100000000000477" classname="character(0)" name="tbl_hierarchical_rate_by_grade_include_overall_works"/>
    <testcase time="0.000999999999990564" classname="character(0)" name="tbl_hierarchical_rate_by_grade_include_overall_works"/>
    <testcase time="0" classname="character(0)" name="tbl_hierarchical_rate_by_grade_include_overall_works"/>
    <testcase time="0.00100000000000477" classname="character(0)" name="tbl_hierarchical_rate_by_grade_include_overall_works"/>
  </testsuite>
  <testsuite name="tbl_hierarchical_rate_by_grade" timestamp="2025-11-26T02:52:13Z" hostname="4838752cdbd6" tests="2" skipped="0" failures="0" errors="0" time="0.002">
    <testcase time="0.00199999999999534" classname="character(0)" name="tbl_hierarchical_rate_by_grade_works_with_add_overall_"/>
    <testcase time="0" classname="character(0)" name="tbl_hierarchical_rate_by_grade_works_with_add_overall_"/>
  </testsuite>
  <testsuite name="tbl_hierarchical_rate_by_grade" timestamp="2025-11-26T02:52:13Z" hostname="4838752cdbd6" tests="5" skipped="0" failures="0" errors="0" time="0.004">
    <testcase time="0.00200000000000955" classname="character(0)" name="tbl_hierarchical_rate_by_grade_sort_works"/>
    <testcase time="0.000999999999990564" classname="character(0)" name="tbl_hierarchical_rate_by_grade_sort_works"/>
    <testcase time="0" classname="character(0)" name="tbl_hierarchical_rate_by_grade_sort_works"/>
    <testcase time="0.00100000000000477" classname="character(0)" name="tbl_hierarchical_rate_by_grade_sort_works"/>
    <testcase time="0" classname="character(0)" name="tbl_hierarchical_rate_by_grade_sort_works"/>
  </testsuite>
  <testsuite name="tbl_hierarchical_rate_by_grade" timestamp="2025-11-26T02:52:13Z" hostname="4838752cdbd6" tests="4" skipped="0" failures="0" errors="0" time="0.004">
    <testcase time="0.00199999999999534" classname="character(0)" name="tbl_hierarchical_rate_by_grade_filter_works"/>
    <testcase time="0.00100000000000477" classname="character(0)" name="tbl_hierarchical_rate_by_grade_filter_works"/>
    <testcase time="0" classname="character(0)" name="tbl_hierarchical_rate_by_grade_filter_works"/>
    <testcase time="0.00100000000000477" classname="character(0)" name="tbl_hierarchical_rate_by_grade_filter_works"/>
  </testsuite>
  <testsuite name="tbl_hierarchical_rate_by_grade" timestamp="2025-11-26T02:52:13Z" hostname="4838752cdbd6" tests="1" skipped="0" failures="0" errors="0" time="0.001">
    <testcase time="0.000999999999990564" classname="character(0)" name="tbl_hierarchical_rate_by_grade_works_with_non_factor_grade_variables"/>
  </testsuite>
  <testsuite name="tbl_hierarchical_rate_by_grade" timestamp="2025-11-26T02:52:13Z" hostname="4838752cdbd6" tests="1" skipped="0" failures="0" errors="0" time="0.002">
    <testcase time="0.00200000000000955" classname="character(0)" name="tbl_hierarchical_rate_by_grade_grade_groups_works_with_some_grades_not_in_groups"/>
  </testsuite>
  <testsuite name="tbl_hierarchical_rate_by_grade" timestamp="2025-11-26T02:52:13Z" hostname="4838752cdbd6" tests="4" skipped="0" failures="0" errors="0" time="0.004">
    <testcase time="0.00199999999999534" classname="character(0)" name="tbl_hierarchical_rate_by_grade_grades_exclude_works"/>
    <testcase time="0" classname="character(0)" name="tbl_hierarchical_rate_by_grade_grades_exclude_works"/>
    <testcase time="0.000999999999990564" classname="character(0)" name="tbl_hierarchical_rate_by_grade_grades_exclude_works"/>
    <testcase time="0.00100000000000477" classname="character(0)" name="tbl_hierarchical_rate_by_grade_grades_exclude_works"/>
  </testsuite>
  <testsuite name="tbl_hierarchical_rate_by_grade" timestamp="2025-11-26T02:52:13Z" hostname="4838752cdbd6" tests="3" skipped="0" failures="0" errors="0" time="0.002">
    <testcase time="0.00100000000000477" classname="character(0)" name="tbl_hierarchical_rate_by_grade_keep_zero_rows_works"/>
    <testcase time="0.000999999999990564" classname="character(0)" name="tbl_hierarchical_rate_by_grade_keep_zero_rows_works"/>
    <testcase time="0" classname="character(0)" name="tbl_hierarchical_rate_by_grade_keep_zero_rows_works"/>
  </testsuite>
  <testsuite name="tbl_hierarchical_rate_by_grade" timestamp="2025-11-26T02:52:13Z" hostname="4838752cdbd6" tests="4" skipped="0" failures="0" errors="0" time="0.003">
    <testcase time="0.00100000000000477" classname="character(0)" name="tbl_hierarchical_rate_by_grade_error_messaging_works"/>
    <testcase time="0.000999999999990564" classname="character(0)" name="tbl_hierarchical_rate_by_grade_error_messaging_works"/>
    <testcase time="0" classname="character(0)" name="tbl_hierarchical_rate_by_grade_error_messaging_works"/>
    <testcase time="0.00100000000000477" classname="character(0)" name="tbl_hierarchical_rate_by_grade_error_messaging_works"/>
  </testsuite>
</testsuites>
