<?xml version="1.0" encoding="UTF-8"?>
<testsuites>
  <testsuite name="add_hierarchical_count_row" timestamp="2025-11-26T00:42:50Z" hostname="73fb0db6fd0b" tests="4" skipped="0" failures="0" errors="0" time="5.077">
    <testcase time="5.048" classname="character(0)" name="add_hierarchical_count_row_works"/>
    <testcase time="0.0190000000000001" classname="character(0)" name="add_hierarchical_count_row_works"/>
    <testcase time="0.00900000000000034" classname="character(0)" name="add_hierarchical_count_row_works"/>
    <testcase time="0.00100000000000033" classname="character(0)" name="add_hierarchical_count_row_works"/>
  </testsuite>
  <testsuite name="add_hierarchical_count_row" timestamp="2025-11-26T00:42:50Z" hostname="73fb0db6fd0b" tests="2" skipped="0" failures="0" errors="0" time="0.002">
    <testcase time="0.000999999999999446" classname="character(0)" name="add_hierarchical_count_row_data_preprocess_works"/>
    <testcase time="0.00100000000000033" classname="character(0)" name="add_hierarchical_count_row_data_preprocess_works"/>
  </testsuite>
  <testsuite name="label_roche" timestamp="2025-11-26T00:42:50Z" hostname="73fb0db6fd0b" tests="1" skipped="0" failures="0" errors="0" time="0.099">
    <testcase time="0.0990000000000002" classname="character(0)" name="style_roche_pvalue_works"/>
  </testsuite>
  <testsuite name="label_roche" timestamp="2025-11-26T00:42:50Z" hostname="73fb0db6fd0b" tests="3" skipped="0" failures="0" errors="0" time="0.003">
    <testcase time="0.00199999999999978" classname="character(0)" name="style_roche_percent_works"/>
    <testcase time="0.000999999999999446" classname="character(0)" name="style_roche_percent_works"/>
    <testcase time="0" classname="character(0)" name="style_roche_percent_works"/>
  </testsuite>
  <testsuite name="label_roche" timestamp="2025-11-26T00:42:50Z" hostname="73fb0db6fd0b" tests="2" skipped="0" failures="0" errors="0" time="0.005">
    <testcase time="0.00400000000000045" classname="character(0)" name="style_roche_ratio_works"/>
    <testcase time="0.00100000000000033" classname="character(0)" name="style_roche_ratio_works"/>
  </testsuite>
  <testsuite name="label_roche" timestamp="2025-11-26T00:42:50Z" hostname="73fb0db6fd0b" tests="2" skipped="0" failures="0" errors="0" time="0.002">
    <testcase time="0.000999999999999446" classname="character(0)" name="style_roche_number_works"/>
    <testcase time="0.00100000000000033" classname="character(0)" name="style_roche_number_works"/>
  </testsuite>
  <testsuite name="add_blank_rows" timestamp="2025-11-26T00:42:51Z" hostname="73fb0db6fd0b" tests="1" skipped="0" failures="0" errors="0" time="1.177">
    <testcase time="1.177" classname="character(0)" name="add_blank_rows_works"/>
  </testsuite>
  <testsuite name="add_blank_rows" timestamp="2025-11-26T00:42:51Z" hostname="73fb0db6fd0b" tests="2" skipped="0" failures="0" errors="0" time="0.004">
    <testcase time="0.00300000000000011" classname="character(0)" name="add_blank_rows_variables_works"/>
    <testcase time="0.00100000000000033" classname="character(0)" name="add_blank_rows_variables_works"/>
  </testsuite>
  <testsuite name="add_blank_rows" timestamp="2025-11-26T00:42:51Z" hostname="73fb0db6fd0b" tests="1" skipped="0" failures="0" errors="0" time="0.002">
    <testcase time="0.00199999999999978" classname="character(0)" name="add_blank_rows_variables_grade_is_last_row_then_table_identical"/>
  </testsuite>
  <testsuite name="add_blank_rows" timestamp="2025-11-26T00:42:51Z" hostname="73fb0db6fd0b" tests="1" skipped="0" failures="0" errors="0" time="0.003">
    <testcase time="0.00300000000000011" classname="character(0)" name="add_blank_rows_variable_level_works"/>
  </testsuite>
  <testsuite name="add_blank_rows" timestamp="2025-11-26T00:42:51Z" hostname="73fb0db6fd0b" tests="1" skipped="0" failures="0" errors="0" time="0.003">
    <testcase time="0.00300000000000011" classname="character(0)" name="add_blank_rows_error_message"/>
  </testsuite>
  <testsuite name="add_blank_rows" timestamp="2025-11-26T00:42:51Z" hostname="73fb0db6fd0b" tests="2" skipped="0" failures="0" errors="0" time="0.002">
    <testcase time="0.00199999999999978" classname="character(0)" name="add_blank_rows_row_numbers_error"/>
    <testcase time="0" classname="character(0)" name="add_blank_rows_row_numbers_error"/>
  </testsuite>
  <testsuite name="add_blank_rows" timestamp="2025-11-26T00:42:51Z" hostname="73fb0db6fd0b" tests="1" skipped="0" failures="0" errors="0" time="0.002">
    <testcase time="0.00199999999999978" classname="character(0)" name="add_blank_rows_errors_when_no_variable"/>
  </testsuite>
  <testsuite name="modify_zero_recode" timestamp="2025-11-26T00:42:52Z" hostname="73fb0db6fd0b" tests="2" skipped="0" failures="0" errors="0" time="1.006">
    <testcase time="1.006" classname="character(0)" name="modify_zero_recode_works"/>
    <testcase time="0" classname="character(0)" name="modify_zero_recode_works"/>
  </testsuite>
  <testsuite name="modify_header_rm_md" timestamp="2025-11-26T00:42:52Z" hostname="73fb0db6fd0b" tests="2" skipped="0" failures="0" errors="0" time="0.212">
    <testcase time="0.211" classname="character(0)" name="strip_md_bold_works_with_gtsummary_table"/>
    <testcase time="0.000999999999999446" classname="character(0)" name="strip_md_bold_works_with_gtsummary_table"/>
  </testsuite>
  <testsuite name="tbl_hierarchical_rate_and_count" timestamp="2025-11-26T00:43:11Z" hostname="73fb0db6fd0b" tests="6" skipped="0" failures="0" errors="0" time="19.073">
    <testcase time="19.068" classname="character(0)" name="tbl_hierarchical_rate_and_count_works"/>
    <testcase time="0.00100000000000122" classname="character(0)" name="tbl_hierarchical_rate_and_count_works"/>
    <testcase time="0.00100000000000122" classname="character(0)" name="tbl_hierarchical_rate_and_count_works"/>
    <testcase time="0.000999999999997669" classname="character(0)" name="tbl_hierarchical_rate_and_count_works"/>
    <testcase time="0.00100000000000122" classname="character(0)" name="tbl_hierarchical_rate_and_count_works"/>
    <testcase time="0.00100000000000122" classname="character(0)" name="tbl_hierarchical_rate_and_count_works"/>
  </testsuite>
  <testsuite name="tbl_hierarchical_rate_and_count" timestamp="2025-11-26T00:43:11Z" hostname="73fb0db6fd0b" tests="2" skipped="0" failures="0" errors="0" time="0.003">
    <testcase time="0.00300000000000011" classname="character(0)" name="tbl_hierarchical_rate_and_count_sort_"/>
    <testcase time="0" classname="character(0)" name="tbl_hierarchical_rate_and_count_sort_"/>
  </testsuite>
  <testsuite name="tbl_hierarchical_rate_and_count" timestamp="2025-11-26T00:43:11Z" hostname="73fb0db6fd0b" tests="1" skipped="0" failures="0" errors="0" time="0.002">
    <testcase time="0.00199999999999889" classname="character(0)" name="tbl_hierarchical_rate_and_count_digits_styling_defaults_to_gtsummary"/>
  </testsuite>
  <testsuite name="tbl_hierarchical_rate_and_count" timestamp="2025-11-26T00:43:11Z" hostname="73fb0db6fd0b" tests="2" skipped="0" failures="0" errors="0" time="0.002">
    <testcase time="0.00199999999999889" classname="character(0)" name="tbl_hierarchical_rate_and_count_works_only_with_2_or_3_variables"/>
    <testcase time="0" classname="character(0)" name="tbl_hierarchical_rate_and_count_works_only_with_2_or_3_variables"/>
  </testsuite>
  <testsuite name="tbl_baseline_chg" timestamp="2025-11-26T00:43:28Z" hostname="73fb0db6fd0b" tests="3" skipped="0" failures="3" errors="0" time="16.229">
    <testcase time="16.199" classname="character(0)" name="tbl_baseline_chg_works">
      <failure type="failure" message="Expected `... &lt;- NULL` to run silently. ('test-tbl_baseline_chg.R:14:3')">Expected `... &lt;- NULL` to run silently.
Actual noise: messages.</failure>
    </testcase>
    <testcase time="0.0120000000000005" classname="character(0)" name="tbl_baseline_chg_works">
      <failure type="failure" message="Snapshot of code has changed: ('test-tbl_baseline_chg.R:23:3')">Snapshot of code has changed:
old vs new
  Code
    as.data.frame(tbl)[1:25, 1:5]
  Output
-          Visit  Value at Visit Change from Baseline Value at Visit.1 Change from Baseline.1
+          Visit Value at Visit Change from Baseline Value at Visit.1 Change from Baseline.1
-   1   Baseline            &lt;NA&gt;                 &lt;NA&gt;             &lt;NA&gt;                   &lt;NA&gt;
+   1   Baseline           &lt;NA&gt;                 &lt;NA&gt;             &lt;NA&gt;                   &lt;NA&gt;
-   2          n               7                 &lt;NA&gt;                7                   &lt;NA&gt;
+   2          n              7                 &lt;NA&gt;                7                   &lt;NA&gt;
-   3  Mean (SD)   141.14 (1.46)                 &lt;NA&gt;    139.14 (2.19)                   &lt;NA&gt;
+   3  Mean (SD)    141.1 (1.5)                 &lt;NA&gt;      139.1 (2.2)                   &lt;NA&gt;
-   4     Median          141.00                 &lt;NA&gt;           139.00                   &lt;NA&gt;
+   4     Median          141.0                 &lt;NA&gt;            139.0                   &lt;NA&gt;
-   5  Min - Max 140.00 - 144.00                 &lt;NA&gt;  136.00 - 142.00                   &lt;NA&gt;
+   5  Min - Max  140.0 - 144.0                 &lt;NA&gt;    136.0 - 142.0                   &lt;NA&gt;
-   6     Week 2            &lt;NA&gt;                 &lt;NA&gt;             &lt;NA&gt;                   &lt;NA&gt;
+   6     Week 2           &lt;NA&gt;                 &lt;NA&gt;             &lt;NA&gt;                   &lt;NA&gt;
-   7          n               7                    7                6                      6
+   7          n              7                    7                6                      6
-   8  Mean (SD)   140.57 (1.62)           -0.6 (1.9)    138.83 (3.25)              0.2 (3.5)
+   8  Mean (SD)    140.6 (1.6)           -0.6 (1.9)      138.8 (3.3)              0.2 (3.5)
-   9     Median          141.00                 -1.0           140.50                    0.5
+   9     Median          141.0                 -1.0            140.5                    0.5
-   10 Min - Max 138.00 - 142.00           -3.0 - 2.0  133.00 - 141.00             -5.0 - 5.0
+   10 Min - Max  138.0 - 142.0           -3.0 - 2.0    133.0 - 141.0             -5.0 - 5.0
-   11    Week 4            &lt;NA&gt;                 &lt;NA&gt;             &lt;NA&gt;                   &lt;NA&gt;
+   11    Week 4           &lt;NA&gt;                 &lt;NA&gt;             &lt;NA&gt;                   &lt;NA&gt;
-   12         n               7                    7                6                      6
+   12         n              7                    7                6                      6
-   13 Mean (SD)   139.29 (2.81)         -1.86 (2.54)    139.83 (3.54)            1.17 (2.04)
+   13 Mean (SD)    139.3 (2.8)           -1.9 (2.5)      139.8 (3.5)              1.2 (2.0)
-   14    Median          140.00                -1.00           138.50                   0.00
+   14    Median          140.0                 -1.0            138.5                    0.0
-   15 Min - Max 134.00 - 142.00         -7.00 - 0.00  138.00 - 147.00            0.00 - 5.00
+   15 Min - Max  134.0 - 142.0           -7.0 - 0.0    138.0 - 147.0              0.0 - 5.0
-   16    Week 6            &lt;NA&gt;                 &lt;NA&gt;             &lt;NA&gt;                   &lt;NA&gt;
+   16    Week 6           &lt;NA&gt;                 &lt;NA&gt;             &lt;NA&gt;                   &lt;NA&gt;
-   17         n               5                    5                6                      6
+   17         n              5                    5                6                      6
-   18 Mean (SD)   140.00 (1.87)         -0.40 (1.67)    139.67 (1.97)            1.00 (2.28)
+   18 Mean (SD)    140.0 (1.9)           -0.4 (1.7)      139.7 (2.0)              1.0 (2.3)
-   19    Median          140.00                 0.00           139.00                   0.50
+   19    Median          140.0                  0.0            139.0                    0.5
-   20 Min - Max 138.00 - 143.00         -2.00 - 2.00  138.00 - 143.00           -1.00 - 5.00
+   20 Min - Max  138.0 - 143.0           -2.0 - 2.0    138.0 - 143.0             -1.0 - 5.0
-   21    Week 8            &lt;NA&gt;                 &lt;NA&gt;             &lt;NA&gt;                   &lt;NA&gt;
+   21    Week 8           &lt;NA&gt;                 &lt;NA&gt;             &lt;NA&gt;                   &lt;NA&gt;
-   22         n               5                    5                4                      4
+   22         n              5                    5                4                      4
-   23 Mean (SD)   140.60 (1.52)          0.20 (1.64)    139.00 (2.16)           -0.50 (2.38)
+   23 Mean (SD)    140.6 (1.5)            0.2 (1.6)      139.0 (2.2)             -0.5 (2.4)
-   24    Median          141.00                 1.00           139.50                  -0.50
+   24    Median          141.0                  1.0            139.5                   -0.5
-   25 Min - Max 139.00 - 142.00         -2.00 - 2.00  136.00 - 141.00           -3.00 - 2.00
+   25 Min - Max  139.0 - 142.0           -2.0 - 2.0    136.0 - 141.0             -3.0 - 2.0
* Run `testthat::snapshot_accept("tbl_baseline_chg", "testthat")` to accept the change.
* Run `testthat::snapshot_review("tbl_baseline_chg", "testthat")` to review the change.</failure>
    </testcase>
    <testcase time="0.0180000000000007" classname="character(0)" name="tbl_baseline_chg_works">
      <failure type="failure" message="Expected `... &lt;- NULL` to run silently. ('test-tbl_baseline_chg.R:26:3')">Expected `... &lt;- NULL` to run silently.
Actual noise: messages.</failure>
    </testcase>
  </testsuite>
  <testsuite name="tbl_baseline_chg" timestamp="2025-11-26T00:43:28Z" hostname="73fb0db6fd0b" tests="2" skipped="0" failures="2" errors="0" time="0.026">
    <testcase time="0.0130000000000052" classname="character(0)" name="tbl_baseline_chg_works_with_no_by_variable">
      <failure type="failure" message="Expected `... &lt;- NULL` to run silently. ('test-tbl_baseline_chg.R:45:3')">Expected `... &lt;- NULL` to run silently.
Actual noise: messages.</failure>
    </testcase>
    <testcase time="0.0129999999999981" classname="character(0)" name="tbl_baseline_chg_works_with_no_by_variable">
      <failure type="failure" message="Snapshot of code has changed: ('test-tbl_baseline_chg.R:53:3')">Snapshot of code has changed:
old vs new
  Code
    as.data.frame(tbl)[1:25, ]
  Output
-          Visit  Value at Visit Change from Baseline
+          Visit Value at Visit Change from Baseline
-   1   Baseline            &lt;NA&gt;                 &lt;NA&gt;
+   1   Baseline           &lt;NA&gt;                 &lt;NA&gt;
-   2          n              20                 &lt;NA&gt;
+   2          n             20                 &lt;NA&gt;
-   3  Mean (SD)   139.95 (2.78)                 &lt;NA&gt;
+   3  Mean (SD)    140.0 (2.8)                 &lt;NA&gt;
-   4     Median          140.00                 &lt;NA&gt;
+   4     Median          140.0                 &lt;NA&gt;
-   5  Min - Max 134.00 - 145.00                 &lt;NA&gt;
+   5  Min - Max  134.0 - 145.0                 &lt;NA&gt;
-   6     Week 2            &lt;NA&gt;                 &lt;NA&gt;
+   6     Week 2           &lt;NA&gt;                 &lt;NA&gt;
-   7          n              19                   19
+   7          n             19                   19
-   8  Mean (SD)   139.68 (2.43)           -0.2 (2.9)
+   8  Mean (SD)    139.7 (2.4)           -0.2 (2.9)
-   9     Median          140.00                 -1.0
+   9     Median          140.0                 -1.0
-   10 Min - Max 133.00 - 142.00           -5.0 - 5.0
+   10 Min - Max  133.0 - 142.0           -5.0 - 5.0
-   11    Week 4            &lt;NA&gt;                 &lt;NA&gt;
+   11    Week 4           &lt;NA&gt;                 &lt;NA&gt;
-   12         n              18                   18
+   12         n             18                   18
-   13 Mean (SD)   139.50 (2.64)         -0.50 (2.85)
+   13 Mean (SD)    139.5 (2.6)           -0.5 (2.9)
-   14    Median          139.50                 0.00
+   14    Median          139.5                  0.0
-   15 Min - Max 134.00 - 147.00         -7.00 - 5.00
+   15 Min - Max  134.0 - 147.0           -7.0 - 5.0
-   16    Week 6            &lt;NA&gt;                 &lt;NA&gt;
+   16    Week 6           &lt;NA&gt;                 &lt;NA&gt;
-   17         n              15                   15
+   17         n             15                   15
-   18 Mean (SD)   140.00 (2.00)          0.73 (3.10)
+   18 Mean (SD)    140.0 (2.0)            0.7 (3.1)
-   19    Median          139.00                 0.00
+   19    Median          139.0                  0.0
-   20 Min - Max 138.00 - 144.00         -5.00 - 7.00
+   20 Min - Max  138.0 - 144.0           -5.0 - 7.0
-   21    Week 8            &lt;NA&gt;                 &lt;NA&gt;
+   21    Week 8           &lt;NA&gt;                 &lt;NA&gt;
-   22         n              12                   12
+   22         n             12                   12
-   23 Mean (SD)   139.67 (2.02)         -0.08 (2.19)
+   23 Mean (SD)    139.7 (2.0)           -0.1 (2.2)
-   24    Median          140.00                 1.00
+   24    Median          140.0                  1.0
-   25 Min - Max 136.00 - 142.00         -4.00 - 2.00
+   25 Min - Max  136.0 - 142.0           -4.0 - 2.0
* Run `testthat::snapshot_accept("tbl_baseline_chg", "testthat")` to accept the change.
* Run `testthat::snapshot_review("tbl_baseline_chg", "testthat")` to review the change.</failure>
    </testcase>
  </testsuite>
  <testsuite name="tbl_baseline_chg" timestamp="2025-11-26T00:43:28Z" hostname="73fb0db6fd0b" tests="2" skipped="0" failures="2" errors="0" time="0.023">
    <testcase time="0.0120000000000005" classname="character(0)" name="add_overall.tbl_baseline_chg_works">
      <failure type="failure" message="Expected `... &lt;- NULL` to run silently. ('test-tbl_baseline_chg.R:60:3')">Expected `... &lt;- NULL` to run silently.
Actual noise: messages.</failure>
    </testcase>
    <testcase time="0.0109999999999957" classname="character(0)" name="add_overall.tbl_baseline_chg_works">
      <failure type="failure" message="Snapshot of code has changed: ('test-tbl_baseline_chg.R:70:3')">Snapshot of code has changed:
old vs new
  Code
    as.data.frame(tbl)[1:25, c(1, 4:9)]
  Output
-          Visit  Value at Visit Change from Baseline Value at Visit.1 Change from Baseline.1 Value at Visit.2 Change from Baseline.2
+          Visit Value at Visit Change from Baseline Value at Visit.1 Change from Baseline.1 Value at Visit.2 Change from Baseline.2
-   1   Baseline            &lt;NA&gt;                 &lt;NA&gt;             &lt;NA&gt;                   &lt;NA&gt;             &lt;NA&gt;                   &lt;NA&gt;
+   1   Baseline           &lt;NA&gt;                 &lt;NA&gt;             &lt;NA&gt;                   &lt;NA&gt;             &lt;NA&gt;                   &lt;NA&gt;
-   2          n               7                 &lt;NA&gt;                6                   &lt;NA&gt;               20                   &lt;NA&gt;
+   2          n              7                 &lt;NA&gt;                6                   &lt;NA&gt;               20                   &lt;NA&gt;
-   3  Mean (SD)   139.14 (2.19)                 &lt;NA&gt;    139.50 (4.23)                   &lt;NA&gt;    139.95 (2.78)                   &lt;NA&gt;
+   3  Mean (SD)    139.1 (2.2)                 &lt;NA&gt;      139.5 (4.2)                   &lt;NA&gt;      140.0 (2.8)                   &lt;NA&gt;
-   4     Median          139.00                 &lt;NA&gt;           138.50                   &lt;NA&gt;           140.00                   &lt;NA&gt;
+   4     Median          139.0                 &lt;NA&gt;            138.5                   &lt;NA&gt;            140.0                   &lt;NA&gt;
-   5  Min - Max 136.00 - 142.00                 &lt;NA&gt;  134.00 - 145.00                   &lt;NA&gt;  134.00 - 145.00                   &lt;NA&gt;
+   5  Min - Max  136.0 - 142.0                 &lt;NA&gt;    134.0 - 145.0                   &lt;NA&gt;    134.0 - 145.0                   &lt;NA&gt;
-   6     Week 2            &lt;NA&gt;                 &lt;NA&gt;             &lt;NA&gt;                   &lt;NA&gt;             &lt;NA&gt;                   &lt;NA&gt;
+   6     Week 2           &lt;NA&gt;                 &lt;NA&gt;             &lt;NA&gt;                   &lt;NA&gt;             &lt;NA&gt;                   &lt;NA&gt;
-   7          n               6                    6                6                      6               19                     19
+   7          n              6                    6                6                      6               19                     19
-   8  Mean (SD)   138.83 (3.25)            0.2 (3.5)    139.50 (2.35)              0.0 (3.7)    139.68 (2.43)             -0.2 (2.9)
+   8  Mean (SD)    138.8 (3.3)            0.2 (3.5)      139.5 (2.3)              0.0 (3.7)      139.7 (2.4)             -0.2 (2.9)
-   9     Median          140.50                  0.5           139.50                   -0.5           140.00                   -1.0
+   9     Median          140.5                  0.5            139.5                   -0.5            140.0                   -1.0
-   10 Min - Max 133.00 - 141.00           -5.0 - 5.0  136.00 - 142.00             -5.0 - 5.0  133.00 - 142.00             -5.0 - 5.0
+   10 Min - Max  133.0 - 141.0           -5.0 - 5.0    136.0 - 142.0             -5.0 - 5.0    133.0 - 142.0             -5.0 - 5.0
-   11    Week 4            &lt;NA&gt;                 &lt;NA&gt;             &lt;NA&gt;                   &lt;NA&gt;             &lt;NA&gt;                   &lt;NA&gt;
+   11    Week 4           &lt;NA&gt;                 &lt;NA&gt;             &lt;NA&gt;                   &lt;NA&gt;             &lt;NA&gt;                   &lt;NA&gt;
-   12         n               6                    6                5                      5               18                     18
+   12         n              6                    6                5                      5               18                     18
-   13 Mean (SD)   139.83 (3.54)          1.17 (2.04)    139.40 (1.34)           -0.60 (3.51)    139.50 (2.64)           -0.50 (2.85)
+   13 Mean (SD)    139.8 (3.5)            1.2 (2.0)      139.4 (1.3)             -0.6 (3.5)      139.5 (2.6)             -0.5 (2.9)
-   14    Median          138.50                 0.00           140.00                   0.00           139.50                   0.00
+   14    Median          138.5                  0.0            140.0                    0.0            139.5                    0.0
-   15 Min - Max 138.00 - 147.00          0.00 - 5.00  138.00 - 141.00           -5.00 - 4.00  134.00 - 147.00           -7.00 - 5.00
+   15 Min - Max  138.0 - 147.0            0.0 - 5.0    138.0 - 141.0             -5.0 - 4.0    134.0 - 147.0             -7.0 - 5.0
-   16    Week 6            &lt;NA&gt;                 &lt;NA&gt;             &lt;NA&gt;                   &lt;NA&gt;             &lt;NA&gt;                   &lt;NA&gt;
+   16    Week 6           &lt;NA&gt;                 &lt;NA&gt;             &lt;NA&gt;                   &lt;NA&gt;             &lt;NA&gt;                   &lt;NA&gt;
-   17         n               6                    6                4                      4               15                     15
+   17         n              6                    6                4                      4               15                     15
-   18 Mean (SD)   139.67 (1.97)          1.00 (2.28)    140.50 (2.65)            1.75 (5.38)    140.00 (2.00)            0.73 (3.10)
+   18 Mean (SD)    139.7 (2.0)            1.0 (2.3)      140.5 (2.6)              1.8 (5.4)      140.0 (2.0)              0.7 (3.1)
-   19    Median          139.00                 0.50           140.00                   2.50           139.00                   0.00
+   19    Median          139.0                  0.5            140.0                    2.5            139.0                    0.0
-   20 Min - Max 138.00 - 143.00         -1.00 - 5.00  138.00 - 144.00           -5.00 - 7.00  138.00 - 144.00           -5.00 - 7.00
+   20 Min - Max  138.0 - 143.0           -1.0 - 5.0    138.0 - 144.0             -5.0 - 7.0    138.0 - 144.0             -5.0 - 7.0
-   21    Week 8            &lt;NA&gt;                 &lt;NA&gt;             &lt;NA&gt;                   &lt;NA&gt;             &lt;NA&gt;                   &lt;NA&gt;
+   21    Week 8           &lt;NA&gt;                 &lt;NA&gt;             &lt;NA&gt;                   &lt;NA&gt;             &lt;NA&gt;                   &lt;NA&gt;
-   22         n               4                    4                3                      3               12                     12
+   22         n              4                    4                3                      3               12                     12
-   23 Mean (SD)   139.00 (2.16)         -0.50 (2.38)    139.00 (2.65)            0.00 (3.46)    139.67 (2.02)           -0.08 (2.19)
+   23 Mean (SD)    139.0 (2.2)           -0.5 (2.4)      139.0 (2.6)              0.0 (3.5)      139.7 (2.0)             -0.1 (2.2)
-   24    Median          139.50                -0.50           140.00                   2.00           140.00                   1.00
+   24    Median          139.5                 -0.5            140.0                    2.0            140.0                    1.0
-   25 Min - Max 136.00 - 141.00         -3.00 - 2.00  136.00 - 141.00           -4.00 - 2.00  136.00 - 142.00           -4.00 - 2.00
+   25 Min - Max  136.0 - 141.0           -3.0 - 2.0    136.0 - 141.0             -4.0 - 2.0    136.0 - 142.0             -4.0 - 2.0
* Run `testthat::snapshot_accept("tbl_baseline_chg", "testthat")` to accept the change.
* Run `testthat::snapshot_review("tbl_baseline_chg", "testthat")` to review the change.</failure>
    </testcase>
  </testsuite>
  <testsuite name="tbl_baseline_chg" timestamp="2025-11-26T00:43:28Z" hostname="73fb0db6fd0b" tests="2" skipped="0" failures="2" errors="0" time="0.025">
    <testcase time="0.0120000000000005" classname="character(0)" name="add_overall.tbl_baseline_chg_messaging">
      <failure type="failure" message="Snapshot of code has changed: ('test-tbl_baseline_chg.R:77:3')">Snapshot of code has changed:
old vs new
  Code
    tbl &lt;- add_overall(tbl_baseline_chg(data = df, baseline_level = "Baseline", denominator = cards::ADSL))
  Message
+   The number rows in the tables to be merged do not match, which may result in rows appearing out of order.
+   i See `tbl_merge()` (`?gtsummary::tbl_merge()`) help file for details. Use `quiet=TRUE` to silence message.
    Original table was not stratified, and overall columns cannot be added.
    i Table has been returned unaltered.
* Run `testthat::snapshot_accept("tbl_baseline_chg", "testthat")` to accept the change.
* Run `testthat::snapshot_review("tbl_baseline_chg", "testthat")` to review the change.</failure>
    </testcase>
    <testcase time="0.0130000000000052" classname="character(0)" name="add_overall.tbl_baseline_chg_messaging">
      <failure type="failure" message="Snapshot of code has changed: ('test-tbl_baseline_chg.R:88:3')">Snapshot of code has changed:
old vs new
  Code
    tbl &lt;- add_overall(modify_table_body(tbl_baseline_chg(data = df, by = "TRTA", baseline_level = "Baseline", denominator = cards::ADSL), ~ dplyr::filter(.x, dplyr::row_number() %in% 1:5)))
  Message
-   ! The structures of the original table and the overall table are not identical, and the resulting table may be malformed.
+   The number rows in the tables to be merged do not match, which may result in rows appearing out of order.
+   i See `tbl_merge()` (`?gtsummary::tbl_merge()`) help file for details. Use `quiet=TRUE` to silence message.
+   The number rows in the tables to be merged do not match, which may result in rows appearing out of order.
+   i See `tbl_merge()` (`?gtsummary::tbl_merge()`) help file for details. Use `quiet=TRUE` to silence message.
+   ! The structures of the original table and the overall table are not identical, and the resulting table may be malformed.
+   The number rows in the tables to be merged do not match, which may result in rows appearing out of order.
+   i See `tbl_merge()` (`?gtsummary::tbl_merge()`) help file for details. Use `quiet=TRUE` to silence message.
* Run `testthat::snapshot_accept("tbl_baseline_chg", "testthat")` to accept the change.
* Run `testthat::snapshot_review("tbl_baseline_chg", "testthat")` to review the change.</failure>
    </testcase>
  </testsuite>
  <testsuite name="tbl_baseline_chg" timestamp="2025-11-26T00:43:28Z" hostname="73fb0db6fd0b" tests="4" skipped="0" failures="0" errors="0" time="0.012">
    <testcase time="0.00999999999999801" classname="character(0)" name="tbl_baseline_chg_throws_error_when_required_arguments_are_missing"/>
    <testcase time="0.000999999999997669" classname="character(0)" name="tbl_baseline_chg_throws_error_when_required_arguments_are_missing"/>
    <testcase time="0" classname="character(0)" name="tbl_baseline_chg_throws_error_when_required_arguments_are_missing"/>
    <testcase time="0.000999999999997669" classname="character(0)" name="tbl_baseline_chg_throws_error_when_required_arguments_are_missing"/>
  </testsuite>
  <testsuite name="tbl_baseline_chg" timestamp="2025-11-26T00:43:28Z" hostname="73fb0db6fd0b" tests="1" skipped="0" failures="1" errors="0" time="0.003">
    <testcase time="0.00300000000000011" classname="character(0)" name="tbl_baseline_chg_messaging">
      <failure type="failure" message="Snapshot of code has changed: ('test-tbl_baseline_chg.R:159:3')">Snapshot of code has changed:
old[2:4] vs new[2:6]
  Code
    tbl &lt;- tbl_baseline_chg(data = dplyr::mutate(df, TRTA = as.character(TRTA)), baseline_level = "Baseline", by = "TRTA", denominator = cards::ADSL)
  Message
    i Converting column "TRTA" to a factor.
+   The number rows in the tables to be merged do not match, which may result in rows appearing out of order.
+   i See `tbl_merge()` (`?gtsummary::tbl_merge()`) help file for details. Use `quiet=TRUE` to silence message.
* Run `testthat::snapshot_accept("tbl_baseline_chg", "testthat")` to accept the change.
* Run `testthat::snapshot_review("tbl_baseline_chg", "testthat")` to review the change.</failure>
    </testcase>
  </testsuite>
  <testsuite name="tbl_baseline_chg" timestamp="2025-11-26T00:43:28Z" hostname="73fb0db6fd0b" tests="1" skipped="0" failures="0" errors="0" time="0.01">
    <testcase time="0.0100000000000051" classname="character(0)" name="gather_ard_works_on_output_table"/>
  </testsuite>
  <testsuite name="tbl_listing" timestamp="2025-11-26T00:43:28Z" hostname="73fb0db6fd0b" tests="1" skipped="0" failures="0" errors="0" time="0.643">
    <testcase time="0.643000000000001" classname="character(0)" name="tbl_listing_works_with_default_values"/>
  </testsuite>
  <testsuite name="tbl_listing" timestamp="2025-11-26T00:43:28Z" hostname="73fb0db6fd0b" tests="3" skipped="0" failures="0" errors="0" time="0.003">
    <testcase time="0.00199999999999534" classname="character(0)" name="tbl_listing_add_blanks_rows_works_with_standard_values"/>
    <testcase time="0" classname="character(0)" name="tbl_listing_add_blanks_rows_works_with_standard_values"/>
    <testcase time="0.00100000000000477" classname="character(0)" name="tbl_listing_add_blanks_rows_works_with_standard_values"/>
  </testsuite>
  <testsuite name="tbl_listing" timestamp="2025-11-26T00:43:28Z" hostname="73fb0db6fd0b" tests="3" skipped="0" failures="0" errors="0" time="0.003">
    <testcase time="0.00199999999999534" classname="character(0)" name="tbl_listing_split_by_rows_works_with_standard_values"/>
    <testcase time="0" classname="character(0)" name="tbl_listing_split_by_rows_works_with_standard_values"/>
    <testcase time="0.00100000000000477" classname="character(0)" name="tbl_listing_split_by_rows_works_with_standard_values"/>
  </testsuite>
  <testsuite name="tbl_listing" timestamp="2025-11-26T00:43:28Z" hostname="73fb0db6fd0b" tests="3" skipped="0" failures="0" errors="0" time="0.002">
    <testcase time="0.000999999999997669" classname="character(0)" name="tbl_listing_split_by_rows_add_blank_rows_works_with_standard_values"/>
    <testcase time="0.000999999999997669" classname="character(0)" name="tbl_listing_split_by_rows_add_blank_rows_works_with_standard_values"/>
    <testcase time="0" classname="character(0)" name="tbl_listing_split_by_rows_add_blank_rows_works_with_standard_values"/>
  </testsuite>
  <testsuite name="tbl_listing" timestamp="2025-11-26T00:43:28Z" hostname="73fb0db6fd0b" tests="3" skipped="0" failures="0" errors="0" time="0.003">
    <testcase time="0.00200000000000244" classname="character(0)" name="tbl_listing_split_by_columns_works_with_standard_values"/>
    <testcase time="0.000999999999997669" classname="character(0)" name="tbl_listing_split_by_columns_works_with_standard_values"/>
    <testcase time="0" classname="character(0)" name="tbl_listing_split_by_columns_works_with_standard_values"/>
  </testsuite>
  <testsuite name="tbl_listing" timestamp="2025-11-26T00:43:28Z" hostname="73fb0db6fd0b" tests="5" skipped="0" failures="0" errors="0" time="0.004">
    <testcase time="0.00200000000000244" classname="character(0)" name="tbl_listing_split_by_rows_split_by_columns_works_with_standard_values"/>
    <testcase time="0" classname="character(0)" name="tbl_listing_split_by_rows_split_by_columns_works_with_standard_values"/>
    <testcase time="0.000999999999997669" classname="character(0)" name="tbl_listing_split_by_rows_split_by_columns_works_with_standard_values"/>
    <testcase time="0.00100000000000477" classname="character(0)" name="tbl_listing_split_by_rows_split_by_columns_works_with_standard_values"/>
    <testcase time="0" classname="character(0)" name="tbl_listing_split_by_rows_split_by_columns_works_with_standard_values"/>
  </testsuite>
  <testsuite name="tbl_listing" timestamp="2025-11-26T00:43:28Z" hostname="73fb0db6fd0b" tests="2" skipped="0" failures="0" errors="0" time="0.002">
    <testcase time="0.00199999999999534" classname="character(0)" name="remove_duplicate_keys_works_with_standard_values"/>
    <testcase time="0" classname="character(0)" name="remove_duplicate_keys_works_with_standard_values"/>
  </testsuite>
  <testsuite name="tbl_listing" timestamp="2025-11-26T00:43:28Z" hostname="73fb0db6fd0b" tests="1" skipped="0" failures="0" errors="0" time="0.002">
    <testcase time="0.00200000000000244" classname="character(0)" name="remove_duplicate_keys_works_with_unique_and_duplicated_values"/>
  </testsuite>
  <testsuite name="tbl_roche_summary" timestamp="2025-11-26T00:43:35Z" hostname="73fb0db6fd0b" tests="1" skipped="0" failures="0" errors="0" time="6.708">
    <testcase time="6.708" classname="character(0)" name="tbl_roche_summary_works"/>
  </testsuite>
  <testsuite name="tbl_roche_summary" timestamp="2025-11-26T00:43:35Z" hostname="73fb0db6fd0b" tests="3" skipped="0" failures="2" errors="0" time="0.027">
    <testcase time="0.00600000000000023" classname="character(0)" name="tbl_roche_summary_add_overall_works">
      <failure type="failure" message="Expected `as.data.frame(...)` to equal `as.data.frame(...)`. ('test-tbl_roche_summary.R:16:3')">Expected `as.data.frame(...)` to equal `as.data.frame(...)`.
Differences:
actual vs expected
                All Participants  
(N = 200) Drug A  
(N = 98) Drug B  
(N = 102)
  actual[1, ]                     NA                 NA                  NA         
- actual[2, ]                     47.2 (14.3)        47.0 (14.7)         47.4 (14.0)
+ expected[2, ]                   47 (14)            47 (15)             47 (14)    
- actual[3, ]                     47.0               46.0                48.0       
+ expected[3, ]                   47                 46                  48         
- actual[4, ]                     6.0 - 83.0         6.0 - 78.0          9.0 - 83.0 
+ expected[4, ]                   6 - 83             6 - 78              9 - 83     
  actual[5, ]                     NA                 NA                  NA         
  actual[6, ]                     68 (34.0%)         35 (35.7%)          33 (32.4%) 
  actual[7, ]                     68 (34.0%)         32 (32.7%)          36 (35.3%) 

    actual[[2]]   | expected[[2]]    
[1] NA            | NA            [1]
[2] "47.2 (14.3)" - "47 (14)"     [2]
[3] "47.0"        - "47"          [3]
[4] "6.0 - 83.0"  - "6 - 83"      [4]
[5] NA            | NA            [5]
[6] "68 (34.0%)"  | "68 (34.0%)"  [6]
[7] "68 (34.0%)"  | "68 (34.0%)"  [7]

    actual[[3]]   | expected[[3]]    
[1] NA            | NA            [1]
[2] "47.0 (14.7)" - "47 (15)"     [2]
[3] "46.0"        - "46"          [3]
[4] "6.0 - 78.0"  - "6 - 78"      [4]
[5] NA            | NA            [5]
[6] "35 (35.7%)"  | "35 (35.7%)"  [6]
[7] "32 (32.7%)"  | "32 (32.7%)"  [7]

    actual[[4]]   | expected[[4]]    
[1] NA            | NA            [1]
[2] "47.4 (14.0)" - "47 (14)"     [2]
[3] "48.0"        - "48"          [3]
[4] "9.0 - 83.0"  - "9 - 83"      [4]
[5] NA            | NA            [5]
[6] "33 (32.4%)"  | "33 (32.4%)"  [6]
[7] "36 (35.3%)"  | "36 (35.3%)"  [7]
</failure>
    </testcase>
    <testcase time="0.0110000000000028" classname="character(0)" name="tbl_roche_summary_add_overall_works">
      <failure type="failure" message="Snapshot of code has changed: ('test-tbl_roche_summary.R:41:3')">Snapshot of code has changed:
old[4:12] vs new[4:12]
                 All Participants  \n(N = 200) Drug A  \n(N = 98) Drug B  \n(N = 102)
    1        Age                          &lt;NA&gt;               &lt;NA&gt;                &lt;NA&gt;
    2          n                           189                 91                  98
-   3  Mean (SD)                       47 (14)            47 (15)             47 (14)
+   3  Mean (SD)                   47.2 (14.3)        47.0 (14.7)         47.4 (14.0)
-   4     Median                            47                 46                  48
+   4     Median                          47.0               46.0                48.0
-   5  Min - Max                        6 - 83             6 - 78              9 - 83
+   5  Min - Max                    6.0 - 83.0         6.0 - 78.0          9.0 - 83.0
    6      Grade                          &lt;NA&gt;               &lt;NA&gt;                &lt;NA&gt;
    7          n                           200                 98                 102
    8          I                    68 (34.0%)         35 (35.7%)          33 (32.4%)
* Run `testthat::snapshot_accept("tbl_roche_summary", "testthat")` to accept the change.
* Run `testthat::snapshot_review("tbl_roche_summary", "testthat")` to review the change.</failure>
    </testcase>
    <testcase time="0.00999999999999801" classname="character(0)" name="tbl_roche_summary_add_overall_works"/>
  </testsuite>
  <testsuite name="tbl_roche_summary" timestamp="2025-11-26T00:43:35Z" hostname="73fb0db6fd0b" tests="1" skipped="0" failures="0" errors="0" time="0.002">
    <testcase time="0.00200000000000244" classname="character(0)" name="tbl_roche_summary_recode_counts_for_all_NA_column"/>
  </testsuite>
  <testsuite name="tbl_shift" timestamp="2025-11-26T00:43:56Z" hostname="73fb0db6fd0b" tests="4" skipped="0" failures="0" errors="0" time="21.332">
    <testcase time="21.33" classname="character(0)" name="tbl_shift_strata_location_"/>
    <testcase time="0.00100000000000477" classname="character(0)" name="tbl_shift_strata_location_"/>
    <testcase time="0" classname="character(0)" name="tbl_shift_strata_location_"/>
    <testcase time="0.00100000000000477" classname="character(0)" name="tbl_shift_strata_location_"/>
  </testsuite>
  <testsuite name="tbl_shift" timestamp="2025-11-26T00:43:56Z" hostname="73fb0db6fd0b" tests="1" skipped="0" failures="0" errors="0" time="0.002">
    <testcase time="0.00199999999999534" classname="character(0)" name="tbl_shift_by_messaging"/>
  </testsuite>
  <testsuite name="tbl_shift" timestamp="2025-11-26T00:43:56Z" hostname="73fb0db6fd0b" tests="1" skipped="0" failures="0" errors="0" time="0.001">
    <testcase time="0.00100000000000477" classname="character(0)" name="tbl_shift_data_header_messaging"/>
  </testsuite>
  <testsuite name="tbl_shift" timestamp="2025-11-26T00:43:56Z" hostname="73fb0db6fd0b" tests="4" skipped="0" failures="0" errors="0" time="0.004">
    <testcase time="0.00199999999999534" classname="character(0)" name="add_overall.tbl_shift_"/>
    <testcase time="0.00100000000000477" classname="character(0)" name="add_overall.tbl_shift_"/>
    <testcase time="0" classname="character(0)" name="add_overall.tbl_shift_"/>
    <testcase time="0.000999999999990564" classname="character(0)" name="add_overall.tbl_shift_"/>
  </testsuite>
  <testsuite name="tbl_shift" timestamp="2025-11-26T00:43:56Z" hostname="73fb0db6fd0b" tests="2" skipped="0" failures="1" errors="0" time="0.013">
    <testcase time="0.00300000000000011" classname="character(0)" name="add_overall.tbl_shift_messaging">
      <failure type="failure" message="Snapshot of code has changed: ('test-tbl_shift.R:128:3')">Snapshot of code has changed:
old[3:5] vs new[3:7]
    tbl &lt;- add_overall(modify_table_body(tbl_shift(data = dplyr::filter(adlb, PARAMCD %in% "CHOL"), strata = BNRIND, variable = ANRIND, by = TRTA, data_header = adsl, strata_location = "new_column"),
    ~ dplyr::filter(.x, dplyr::row_number() %in% 1:5)))
  Message
    ! The structures of the original table and the overall table are not identical, and the resulting table may be malformed.
+   The number rows in the tables to be merged do not match, which may result in rows appearing out of order.
+   i See `tbl_merge()` (`?gtsummary::tbl_merge()`) help file for details. Use `quiet=TRUE` to silence message.
* Run `testthat::snapshot_accept("tbl_shift", "testthat")` to accept the change.
* Run `testthat::snapshot_review("tbl_shift", "testthat")` to review the change.</failure>
    </testcase>
    <testcase time="0.0100000000000051" classname="character(0)" name="add_overall.tbl_shift_messaging"/>
  </testsuite>
  <testsuite name="tbl_shift" timestamp="2025-11-26T00:43:56Z" hostname="73fb0db6fd0b" tests="2" skipped="0" failures="0" errors="0" time="0.002">
    <testcase time="0.00199999999999534" classname="character(0)" name="add_overall.tbl_shift_strata_NULL_messaging"/>
    <testcase time="0" classname="character(0)" name="add_overall.tbl_shift_strata_NULL_messaging"/>
  </testsuite>
  <testsuite name="tbl_survfit_quantiles" timestamp="2025-11-26T00:44:03Z" hostname="73fb0db6fd0b" tests="7" skipped="0" failures="0" errors="0" time="6.447">
    <testcase time="6.44000000000001" classname="character(0)" name="tbl_survfit_quantiles_works"/>
    <testcase time="0.000999999999990564" classname="character(0)" name="tbl_survfit_quantiles_works"/>
    <testcase time="0" classname="character(0)" name="tbl_survfit_quantiles_works"/>
    <testcase time="0.00100000000000477" classname="character(0)" name="tbl_survfit_quantiles_works"/>
    <testcase time="0.00300000000000011" classname="character(0)" name="tbl_survfit_quantiles_works"/>
    <testcase time="0.00100000000000477" classname="character(0)" name="tbl_survfit_quantiles_works"/>
    <testcase time="0.000999999999990564" classname="character(0)" name="tbl_survfit_quantiles_works"/>
  </testsuite>
  <testsuite name="tbl_survfit_quantiles" timestamp="2025-11-26T00:44:03Z" hostname="73fb0db6fd0b" tests="2" skipped="0" failures="0" errors="0" time="0.002">
    <testcase time="0.00100000000000477" classname="character(0)" name="tbl_survfit_quantiles_by_messaging"/>
    <testcase time="0.00100000000000477" classname="character(0)" name="tbl_survfit_quantiles_by_messaging"/>
  </testsuite>
  <testsuite name="tbl_survfit_quantiles" timestamp="2025-11-26T00:44:03Z" hostname="73fb0db6fd0b" tests="1" skipped="0" failures="0" errors="0" time="0.002">
    <testcase time="0.00199999999999534" classname="character(0)" name="tbl_survfit_quantiles_estimate_fun_"/>
  </testsuite>
  <testsuite name="tbl_survfit_quantiles" timestamp="2025-11-26T00:44:03Z" hostname="73fb0db6fd0b" tests="1" skipped="0" failures="0" errors="0" time="0.001">
    <testcase time="0.00100000000000477" classname="character(0)" name="tbl_survfit_quantiles_method.args_"/>
  </testsuite>
  <testsuite name="tbl_survfit_quantiles" timestamp="2025-11-26T00:44:03Z" hostname="73fb0db6fd0b" tests="1" skipped="0" failures="0" errors="0" time="0.002">
    <testcase time="0.00199999999999534" classname="character(0)" name="add_overall.tbl_survfit_quantiles_works"/>
  </testsuite>
  <testsuite name="tbl_survfit_times" timestamp="2025-11-26T00:44:07Z" hostname="73fb0db6fd0b" tests="7" skipped="0" failures="0" errors="0" time="3.65">
    <testcase time="3.648" classname="character(0)" name="tbl_survfit_times_works"/>
    <testcase time="0" classname="character(0)" name="tbl_survfit_times_works"/>
    <testcase time="0" classname="character(0)" name="tbl_survfit_times_works"/>
    <testcase time="0.000999999999990564" classname="character(0)" name="tbl_survfit_times_works"/>
    <testcase time="0" classname="character(0)" name="tbl_survfit_times_works"/>
    <testcase time="0.00100000000000477" classname="character(0)" name="tbl_survfit_times_works"/>
    <testcase time="0" classname="character(0)" name="tbl_survfit_times_works"/>
  </testsuite>
  <testsuite name="tbl_survfit_times" timestamp="2025-11-26T00:44:07Z" hostname="73fb0db6fd0b" tests="2" skipped="0" failures="0" errors="0" time="0.003">
    <testcase time="0.00199999999999534" classname="character(0)" name="tbl_survfit_times_by_messaging"/>
    <testcase time="0.00100000000000477" classname="character(0)" name="tbl_survfit_times_by_messaging"/>
  </testsuite>
  <testsuite name="tbl_survfit_times" timestamp="2025-11-26T00:44:07Z" hostname="73fb0db6fd0b" tests="1" skipped="0" failures="0" errors="0" time="0.002">
    <testcase time="0.00199999999999534" classname="character(0)" name="add_overall.tbl_survfit_times_works"/>
  </testsuite>
  <testsuite name="theme_gtsummary_roche" timestamp="2025-11-26T00:44:10Z" hostname="73fb0db6fd0b" tests="1" skipped="0" failures="0" errors="0" time="3.611">
    <testcase time="3.611" classname="character(0)" name="theme_gtsummary_roche_works"/>
  </testsuite>
  <testsuite name="theme_gtsummary_roche" timestamp="2025-11-26T00:44:10Z" hostname="73fb0db6fd0b" tests="1" skipped="0" failures="0" errors="0" time="0.005">
    <testcase time="0.00499999999999545" classname="character(0)" name="theme_gtsummary_roche_adds_relevant_flextable_directives"/>
  </testsuite>
  <testsuite name="theme_gtsummary_roche" timestamp="2025-11-26T00:44:10Z" hostname="73fb0db6fd0b" tests="1" skipped="0" failures="0" errors="0" time="0.001">
    <testcase time="0.00100000000000477" classname="character(0)" name="theme_gtsummary_roche_no_errors_with_a_gt_print"/>
  </testsuite>
  <testsuite name="theme_gtsummary_roche" timestamp="2025-11-26T00:44:10Z" hostname="73fb0db6fd0b" tests="7" skipped="0" failures="0" errors="0" time="0.006">
    <testcase time="0.00199999999999534" classname="character(0)" name="theme_gtsummary_roche_styles_tbl_hierarchical_results"/>
    <testcase time="0.00100000000000477" classname="character(0)" name="theme_gtsummary_roche_styles_tbl_hierarchical_results"/>
    <testcase time="0" classname="character(0)" name="theme_gtsummary_roche_styles_tbl_hierarchical_results"/>
    <testcase time="0.00100000000000477" classname="character(0)" name="theme_gtsummary_roche_styles_tbl_hierarchical_results"/>
    <testcase time="0" classname="character(0)" name="theme_gtsummary_roche_styles_tbl_hierarchical_results"/>
    <testcase time="0.000999999999990564" classname="character(0)" name="theme_gtsummary_roche_styles_tbl_hierarchical_results"/>
    <testcase time="0.00100000000000477" classname="character(0)" name="theme_gtsummary_roche_styles_tbl_hierarchical_results"/>
  </testsuite>
  <testsuite name="theme_gtsummary_roche" timestamp="2025-11-26T00:44:10Z" hostname="73fb0db6fd0b" tests="1" skipped="0" failures="0" errors="0" time="0.001">
    <testcase time="0.00100000000000477" classname="character(0)" name="with_assign_summary_type_arg_cat_threshold_0L_each_data_type_is_always_mapped_as_it_is"/>
  </testsuite>
  <testsuite name="tbl_null_report" timestamp="2025-11-26T00:44:10Z" hostname="73fb0db6fd0b" tests="3" skipped="0" failures="0" errors="0" time="0.126">
    <testcase time="0.125" classname="character(0)" name="tbl_null_report_works_correctly"/>
    <testcase time="0" classname="character(0)" name="tbl_null_report_works_correctly"/>
    <testcase time="0.000999999999990564" classname="character(0)" name="tbl_null_report_works_correctly"/>
  </testsuite>
  <testsuite name="tbl_hierarchical_rate_by_grade" timestamp="2025-11-26T00:44:14Z" hostname="73fb0db6fd0b" tests="7" skipped="0" failures="0" errors="0" time="3.209">
    <testcase time="3.20500000000001" classname="character(0)" name="tbl_hierarchical_rate_by_grade_works"/>
    <testcase time="0.000999999999990564" classname="character(0)" name="tbl_hierarchical_rate_by_grade_works"/>
    <testcase time="0.00100000000000477" classname="character(0)" name="tbl_hierarchical_rate_by_grade_works"/>
    <testcase time="0" classname="character(0)" name="tbl_hierarchical_rate_by_grade_works"/>
    <testcase time="0.00100000000000477" classname="character(0)" name="tbl_hierarchical_rate_by_grade_works"/>
    <testcase time="0" classname="character(0)" name="tbl_hierarchical_rate_by_grade_works"/>
    <testcase time="0.000999999999990564" classname="character(0)" name="tbl_hierarchical_rate_by_grade_works"/>
  </testsuite>
  <testsuite name="tbl_hierarchical_rate_by_grade" timestamp="2025-11-26T00:44:14Z" hostname="73fb0db6fd0b" tests="4" skipped="0" failures="0" errors="0" time="0.003">
    <testcase time="0.00200000000000955" classname="character(0)" name="tbl_hierarchical_rate_by_grade_include_overall_works"/>
    <testcase time="0" classname="character(0)" name="tbl_hierarchical_rate_by_grade_include_overall_works"/>
    <testcase time="0.000999999999990564" classname="character(0)" name="tbl_hierarchical_rate_by_grade_include_overall_works"/>
    <testcase time="0" classname="character(0)" name="tbl_hierarchical_rate_by_grade_include_overall_works"/>
  </testsuite>
  <testsuite name="tbl_hierarchical_rate_by_grade" timestamp="2025-11-26T00:44:14Z" hostname="73fb0db6fd0b" tests="2" skipped="0" failures="0" errors="0" time="0.003">
    <testcase time="0.00200000000000955" classname="character(0)" name="tbl_hierarchical_rate_by_grade_works_with_add_overall_"/>
    <testcase time="0.000999999999990564" classname="character(0)" name="tbl_hierarchical_rate_by_grade_works_with_add_overall_"/>
  </testsuite>
  <testsuite name="tbl_hierarchical_rate_by_grade" timestamp="2025-11-26T00:44:14Z" hostname="73fb0db6fd0b" tests="5" skipped="0" failures="0" errors="0" time="0.004">
    <testcase time="0.00100000000000477" classname="character(0)" name="tbl_hierarchical_rate_by_grade_sort_works"/>
    <testcase time="0.00100000000000477" classname="character(0)" name="tbl_hierarchical_rate_by_grade_sort_works"/>
    <testcase time="0.000999999999990564" classname="character(0)" name="tbl_hierarchical_rate_by_grade_sort_works"/>
    <testcase time="0" classname="character(0)" name="tbl_hierarchical_rate_by_grade_sort_works"/>
    <testcase time="0.00100000000000477" classname="character(0)" name="tbl_hierarchical_rate_by_grade_sort_works"/>
  </testsuite>
  <testsuite name="tbl_hierarchical_rate_by_grade" timestamp="2025-11-26T00:44:14Z" hostname="73fb0db6fd0b" tests="4" skipped="0" failures="0" errors="0" time="0.003">
    <testcase time="0.00100000000000477" classname="character(0)" name="tbl_hierarchical_rate_by_grade_filter_works"/>
    <testcase time="0.000999999999990564" classname="character(0)" name="tbl_hierarchical_rate_by_grade_filter_works"/>
    <testcase time="0.00100000000000477" classname="character(0)" name="tbl_hierarchical_rate_by_grade_filter_works"/>
    <testcase time="0" classname="character(0)" name="tbl_hierarchical_rate_by_grade_filter_works"/>
  </testsuite>
  <testsuite name="tbl_hierarchical_rate_by_grade" timestamp="2025-11-26T00:44:14Z" hostname="73fb0db6fd0b" tests="1" skipped="0" failures="0" errors="0" time="0.002">
    <testcase time="0.00199999999999534" classname="character(0)" name="tbl_hierarchical_rate_by_grade_works_with_non_factor_grade_variables"/>
  </testsuite>
  <testsuite name="tbl_hierarchical_rate_by_grade" timestamp="2025-11-26T00:44:14Z" hostname="73fb0db6fd0b" tests="1" skipped="0" failures="0" errors="0" time="0.002">
    <testcase time="0.00200000000000955" classname="character(0)" name="tbl_hierarchical_rate_by_grade_grade_groups_works_with_some_grades_not_in_groups"/>
  </testsuite>
  <testsuite name="tbl_hierarchical_rate_by_grade" timestamp="2025-11-26T00:44:14Z" hostname="73fb0db6fd0b" tests="4" skipped="0" failures="0" errors="0" time="0.006">
    <testcase time="0.00399999999999068" classname="character(0)" name="tbl_hierarchical_rate_by_grade_grades_exclude_works"/>
    <testcase time="0.00100000000000477" classname="character(0)" name="tbl_hierarchical_rate_by_grade_grades_exclude_works"/>
    <testcase time="0" classname="character(0)" name="tbl_hierarchical_rate_by_grade_grades_exclude_works"/>
    <testcase time="0.00100000000000477" classname="character(0)" name="tbl_hierarchical_rate_by_grade_grades_exclude_works"/>
  </testsuite>
  <testsuite name="tbl_hierarchical_rate_by_grade" timestamp="2025-11-26T00:44:14Z" hostname="73fb0db6fd0b" tests="3" skipped="0" failures="0" errors="0" time="0.003">
    <testcase time="0.00199999999999534" classname="character(0)" name="tbl_hierarchical_rate_by_grade_keep_zero_rows_works"/>
    <testcase time="0" classname="character(0)" name="tbl_hierarchical_rate_by_grade_keep_zero_rows_works"/>
    <testcase time="0.000999999999990564" classname="character(0)" name="tbl_hierarchical_rate_by_grade_keep_zero_rows_works"/>
  </testsuite>
  <testsuite name="tbl_hierarchical_rate_by_grade" timestamp="2025-11-26T00:44:14Z" hostname="73fb0db6fd0b" tests="4" skipped="0" failures="0" errors="0" time="0.003">
    <testcase time="0.00200000000000955" classname="character(0)" name="tbl_hierarchical_rate_by_grade_error_messaging_works"/>
    <testcase time="0" classname="character(0)" name="tbl_hierarchical_rate_by_grade_error_messaging_works"/>
    <testcase time="0.000999999999990564" classname="character(0)" name="tbl_hierarchical_rate_by_grade_error_messaging_works"/>
    <testcase time="0" classname="character(0)" name="tbl_hierarchical_rate_by_grade_error_messaging_works"/>
  </testsuite>
</testsuites>
