<?xml version="1.0" encoding="UTF-8"?>
<testsuites>
  <testsuite name="add_hierarchical_count_row" timestamp="2025-11-26T00:42:09Z" hostname="7986b748e381" tests="3" skipped="1" failures="0" errors="0" time="4.802">
    <testcase time="4.775" classname="character(0)" name="add_hierarchical_count_row_works"/>
    <testcase time="0.0180000000000007" classname="character(0)" name="add_hierarchical_count_row_works"/>
    <testcase time="0.00899999999999945" classname="character(0)" name="add_hierarchical_count_row_works">
      <skipped message="Reason: On CRAN ('test-add_hierarchical_count_row.R:1:1')"/>
    </testcase>
  </testsuite>
  <testsuite name="add_hierarchical_count_row" timestamp="2025-11-26T00:42:09Z" hostname="7986b748e381" tests="2" skipped="1" failures="0" errors="0" time="0.012">
    <testcase time="0.0120000000000005" classname="character(0)" name="add_hierarchical_count_row_data_preprocess_works"/>
    <testcase time="0" classname="character(0)" name="add_hierarchical_count_row_data_preprocess_works">
      <skipped message="Reason: On CRAN ('test-add_hierarchical_count_row.R:37:1')"/>
    </testcase>
  </testsuite>
  <testsuite name="label_roche" timestamp="2025-11-26T00:42:09Z" hostname="7986b748e381" tests="1" skipped="0" failures="0" errors="0" time="0.122">
    <testcase time="0.122" classname="character(0)" name="style_roche_pvalue_works"/>
  </testsuite>
  <testsuite name="label_roche" timestamp="2025-11-26T00:42:09Z" hostname="7986b748e381" tests="3" skipped="0" failures="0" errors="0" time="0.002">
    <testcase time="0.000999999999999446" classname="character(0)" name="style_roche_percent_works"/>
    <testcase time="0.00100000000000033" classname="character(0)" name="style_roche_percent_works"/>
    <testcase time="0" classname="character(0)" name="style_roche_percent_works"/>
  </testsuite>
  <testsuite name="label_roche" timestamp="2025-11-26T00:42:09Z" hostname="7986b748e381" tests="2" skipped="0" failures="0" errors="0" time="0.002">
    <testcase time="0.00199999999999978" classname="character(0)" name="style_roche_ratio_works"/>
    <testcase time="0" classname="character(0)" name="style_roche_ratio_works"/>
  </testsuite>
  <testsuite name="label_roche" timestamp="2025-11-26T00:42:09Z" hostname="7986b748e381" tests="2" skipped="0" failures="0" errors="0" time="0.002">
    <testcase time="0.00200000000000067" classname="character(0)" name="style_roche_number_works"/>
    <testcase time="0" classname="character(0)" name="style_roche_number_works"/>
  </testsuite>
  <testsuite name="add_blank_rows" timestamp="2025-11-26T00:42:10Z" hostname="7986b748e381" tests="1" skipped="0" failures="0" errors="0" time="1.186">
    <testcase time="1.186" classname="character(0)" name="add_blank_rows_works"/>
  </testsuite>
  <testsuite name="add_blank_rows" timestamp="2025-11-26T00:42:10Z" hostname="7986b748e381" tests="2" skipped="0" failures="0" errors="0" time="0.004">
    <testcase time="0.00300000000000011" classname="character(0)" name="add_blank_rows_variables_works"/>
    <testcase time="0.000999999999999446" classname="character(0)" name="add_blank_rows_variables_works"/>
  </testsuite>
  <testsuite name="add_blank_rows" timestamp="2025-11-26T00:42:10Z" hostname="7986b748e381" tests="1" skipped="0" failures="0" errors="0" time="0.003">
    <testcase time="0.00300000000000011" classname="character(0)" name="add_blank_rows_variables_grade_is_last_row_then_table_identical"/>
  </testsuite>
  <testsuite name="add_blank_rows" timestamp="2025-11-26T00:42:10Z" hostname="7986b748e381" tests="1" skipped="0" failures="0" errors="0" time="0.002">
    <testcase time="0.00199999999999978" classname="character(0)" name="add_blank_rows_variable_level_works"/>
  </testsuite>
  <testsuite name="add_blank_rows" timestamp="2025-11-26T00:42:10Z" hostname="7986b748e381" tests="1" skipped="1" failures="0" errors="0" time="0.003">
    <testcase time="0.00300000000000011" classname="character(0)" name="add_blank_rows_error_message">
      <skipped message="Reason: On CRAN ('test-add_blank_rows.R:73:1')"/>
    </testcase>
  </testsuite>
  <testsuite name="add_blank_rows" timestamp="2025-11-26T00:42:10Z" hostname="7986b748e381" tests="2" skipped="0" failures="0" errors="0" time="0.013">
    <testcase time="0.0120000000000005" classname="character(0)" name="add_blank_rows_row_numbers_error"/>
    <testcase time="0.000999999999999446" classname="character(0)" name="add_blank_rows_row_numbers_error"/>
  </testsuite>
  <testsuite name="add_blank_rows" timestamp="2025-11-26T00:42:10Z" hostname="7986b748e381" tests="1" skipped="1" failures="0" errors="0" time="0.001">
    <testcase time="0.00100000000000033" classname="character(0)" name="add_blank_rows_errors_when_no_variable">
      <skipped message="Reason: On CRAN ('test-add_blank_rows.R:99:1')"/>
    </testcase>
  </testsuite>
  <testsuite name="modify_zero_recode" timestamp="2025-11-26T00:42:11Z" hostname="7986b748e381" tests="2" skipped="1" failures="0" errors="0" time="0.99">
    <testcase time="0.99" classname="character(0)" name="modify_zero_recode_works"/>
    <testcase time="0" classname="character(0)" name="modify_zero_recode_works">
      <skipped message="Reason: On CRAN ('test-modify_zero_recode.R:1:1')"/>
    </testcase>
  </testsuite>
  <testsuite name="modify_header_rm_md" timestamp="2025-11-26T00:42:11Z" hostname="7986b748e381" tests="2" skipped="0" failures="0" errors="0" time="0.149">
    <testcase time="0.148000000000001" classname="character(0)" name="strip_md_bold_works_with_gtsummary_table"/>
    <testcase time="0.000999999999999446" classname="character(0)" name="strip_md_bold_works_with_gtsummary_table"/>
    <testcase time="0.036999999999999" classname="character(0)" name="_unnamed_">
      <skipped message="Reason: On CRAN ('test-tbl_hierarchical_rate_and_count.R:1:1')"/>
    </testcase>
    <testcase time="0.0520000000000014" classname="character(0)" name="_unnamed_">
      <skipped message="Reason: On CRAN ('test-tbl_hierarchical_rate_by_grade.R:1:1')"/>
    </testcase>
  </testsuite>
  <testsuite name="tbl_listing" timestamp="2025-11-26T00:42:12Z" hostname="7986b748e381" tests="3" skipped="3" failures="0" errors="0" time="0.726">
    <testcase time="0.636999999999999" classname="character(0)" name="tbl_listing_works_with_default_values">
      <skipped message="Reason: On CRAN ('test-tbl_listing.R:6:1')"/>
    </testcase>
  </testsuite>
  <testsuite name="tbl_listing" timestamp="2025-11-26T00:42:12Z" hostname="7986b748e381" tests="3" skipped="1" failures="0" errors="0" time="0.012">
    <testcase time="0.00999999999999979" classname="character(0)" name="tbl_listing_add_blanks_rows_works_with_standard_values"/>
    <testcase time="0.00100000000000122" classname="character(0)" name="tbl_listing_add_blanks_rows_works_with_standard_values"/>
    <testcase time="0.000999999999999446" classname="character(0)" name="tbl_listing_add_blanks_rows_works_with_standard_values">
      <skipped message="Reason: On CRAN ('test-tbl_listing.R:12:1')"/>
    </testcase>
  </testsuite>
  <testsuite name="tbl_listing" timestamp="2025-11-26T00:42:12Z" hostname="7986b748e381" tests="3" skipped="1" failures="0" errors="0" time="0.011">
    <testcase time="0.00999999999999979" classname="character(0)" name="tbl_listing_split_by_rows_works_with_standard_values"/>
    <testcase time="0.00100000000000122" classname="character(0)" name="tbl_listing_split_by_rows_works_with_standard_values"/>
    <testcase time="0" classname="character(0)" name="tbl_listing_split_by_rows_works_with_standard_values">
      <skipped message="Reason: On CRAN ('test-tbl_listing.R:31:1')"/>
    </testcase>
  </testsuite>
  <testsuite name="tbl_listing" timestamp="2025-11-26T00:42:12Z" hostname="7986b748e381" tests="3" skipped="1" failures="0" errors="0" time="0.014">
    <testcase time="0.0129999999999999" classname="character(0)" name="tbl_listing_split_by_rows_add_blank_rows_works_with_standard_values"/>
    <testcase time="0.000999999999999446" classname="character(0)" name="tbl_listing_split_by_rows_add_blank_rows_works_with_standard_values"/>
    <testcase time="0" classname="character(0)" name="tbl_listing_split_by_rows_add_blank_rows_works_with_standard_values">
      <skipped message="Reason: On CRAN ('test-tbl_listing.R:42:1')"/>
    </testcase>
  </testsuite>
  <testsuite name="tbl_listing" timestamp="2025-11-26T00:42:12Z" hostname="7986b748e381" tests="3" skipped="1" failures="0" errors="0" time="0.012">
    <testcase time="0.0109999999999992" classname="character(0)" name="tbl_listing_split_by_columns_works_with_standard_values"/>
    <testcase time="0" classname="character(0)" name="tbl_listing_split_by_columns_works_with_standard_values"/>
    <testcase time="0.00100000000000122" classname="character(0)" name="tbl_listing_split_by_columns_works_with_standard_values">
      <skipped message="Reason: On CRAN ('test-tbl_listing.R:57:1')"/>
    </testcase>
  </testsuite>
  <testsuite name="tbl_listing" timestamp="2025-11-26T00:42:12Z" hostname="7986b748e381" tests="5" skipped="1" failures="0" errors="0" time="0.013">
    <testcase time="0.00999999999999979" classname="character(0)" name="tbl_listing_split_by_rows_split_by_columns_works_with_standard_values"/>
    <testcase time="0.000999999999999446" classname="character(0)" name="tbl_listing_split_by_rows_split_by_columns_works_with_standard_values"/>
    <testcase time="0.000999999999999446" classname="character(0)" name="tbl_listing_split_by_rows_split_by_columns_works_with_standard_values"/>
    <testcase time="0" classname="character(0)" name="tbl_listing_split_by_rows_split_by_columns_works_with_standard_values"/>
    <testcase time="0.00100000000000122" classname="character(0)" name="tbl_listing_split_by_rows_split_by_columns_works_with_standard_values">
      <skipped message="Reason: On CRAN ('test-tbl_listing.R:70:1')"/>
    </testcase>
  </testsuite>
  <testsuite name="tbl_listing" timestamp="2025-11-26T00:42:12Z" hostname="7986b748e381" tests="1" skipped="1" failures="0" errors="0" time="0.01">
    <testcase time="0.00999999999999979" classname="character(0)" name="remove_duplicate_keys_works_with_standard_values">
      <skipped message="Reason: On CRAN ('test-tbl_listing.R:89:1')"/>
    </testcase>
  </testsuite>
  <testsuite name="tbl_listing" timestamp="2025-11-26T00:42:12Z" hostname="7986b748e381" tests="1" skipped="1" failures="0" errors="0" time="0.013">
    <testcase time="0.0129999999999999" classname="character(0)" name="remove_duplicate_keys_works_with_unique_and_duplicated_values">
      <skipped message="Reason: On CRAN ('test-tbl_listing.R:98:1')"/>
    </testcase>
  </testsuite>
  <testsuite name="tbl_roche_summary" timestamp="2025-11-26T00:42:19Z" hostname="7986b748e381" tests="1" skipped="0" failures="0" errors="0" time="6.538">
    <testcase time="6.538" classname="character(0)" name="tbl_roche_summary_works"/>
  </testsuite>
  <testsuite name="tbl_roche_summary" timestamp="2025-11-26T00:42:19Z" hostname="7986b748e381" tests="3" skipped="1" failures="1" errors="0" time="0.028">
    <testcase time="0.0169999999999995" classname="character(0)" name="tbl_roche_summary_add_overall_works">
      <failure type="failure" message="Expected `as.data.frame(...)` to equal `as.data.frame(...)`. ('test-tbl_roche_summary.R:16:3')">Expected `as.data.frame(...)` to equal `as.data.frame(...)`.
Differences:
actual vs expected
                All Participants  
(N = 200) Drug A  
(N = 98) Drug B  
(N = 102)
  actual[1, ]                     NA                 NA                  NA         
- actual[2, ]                     47.2 (14.3)        47.0 (14.7)         47.4 (14.0)
+ expected[2, ]                   47 (14)            47 (15)             47 (14)    
- actual[3, ]                     47.0               46.0                48.0       
+ expected[3, ]                   47                 46                  48         
- actual[4, ]                     6.0 - 83.0         6.0 - 78.0          9.0 - 83.0 
+ expected[4, ]                   6 - 83             6 - 78              9 - 83     
  actual[5, ]                     NA                 NA                  NA         
  actual[6, ]                     68 (34.0%)         35 (35.7%)          33 (32.4%) 
  actual[7, ]                     68 (34.0%)         32 (32.7%)          36 (35.3%) 

    actual[[2]]   | expected[[2]]    
[1] NA            | NA            [1]
[2] "47.2 (14.3)" - "47 (14)"     [2]
[3] "47.0"        - "47"          [3]
[4] "6.0 - 83.0"  - "6 - 83"      [4]
[5] NA            | NA            [5]
[6] "68 (34.0%)"  | "68 (34.0%)"  [6]
[7] "68 (34.0%)"  | "68 (34.0%)"  [7]

    actual[[3]]   | expected[[3]]    
[1] NA            | NA            [1]
[2] "47.0 (14.7)" - "47 (15)"     [2]
[3] "46.0"        - "46"          [3]
[4] "6.0 - 78.0"  - "6 - 78"      [4]
[5] NA            | NA            [5]
[6] "35 (35.7%)"  | "35 (35.7%)"  [6]
[7] "32 (32.7%)"  | "32 (32.7%)"  [7]

    actual[[4]]   | expected[[4]]    
[1] NA            | NA            [1]
[2] "47.4 (14.0)" - "47 (14)"     [2]
[3] "48.0"        - "48"          [3]
[4] "9.0 - 83.0"  - "9 - 83"      [4]
[5] NA            | NA            [5]
[6] "33 (32.4%)"  | "33 (32.4%)"  [6]
[7] "36 (35.3%)"  | "36 (35.3%)"  [7]
</failure>
    </testcase>
    <testcase time="0.00999999999999979" classname="character(0)" name="tbl_roche_summary_add_overall_works"/>
    <testcase time="0.00100000000000122" classname="character(0)" name="tbl_roche_summary_add_overall_works">
      <skipped message="Reason: On CRAN ('test-tbl_roche_summary.R:14:1')"/>
    </testcase>
  </testsuite>
  <testsuite name="tbl_roche_summary" timestamp="2025-11-26T00:42:19Z" hostname="7986b748e381" tests="1" skipped="0" failures="0" errors="0" time="0.013">
    <testcase time="0.0129999999999999" classname="character(0)" name="tbl_roche_summary_recode_counts_for_all_NA_column"/>
  </testsuite>
  <testsuite name="tbl_shift" timestamp="2025-11-26T00:42:39Z" hostname="7986b748e381" tests="3" skipped="1" failures="0" errors="0" time="20.153">
    <testcase time="20.13" classname="character(0)" name="tbl_shift_strata_location_"/>
    <testcase time="0" classname="character(0)" name="tbl_shift_strata_location_"/>
    <testcase time="0.0229999999999961" classname="character(0)" name="tbl_shift_strata_location_">
      <skipped message="Reason: On CRAN ('test-tbl_shift.R:23:1')"/>
    </testcase>
  </testsuite>
  <testsuite name="tbl_shift" timestamp="2025-11-26T00:42:39Z" hostname="7986b748e381" tests="1" skipped="1" failures="0" errors="0" time="0.017">
    <testcase time="0.017000000000003" classname="character(0)" name="tbl_shift_by_messaging">
      <skipped message="Reason: On CRAN ('test-tbl_shift.R:53:1')"/>
    </testcase>
  </testsuite>
  <testsuite name="tbl_shift" timestamp="2025-11-26T00:42:39Z" hostname="7986b748e381" tests="1" skipped="1" failures="0" errors="0" time="0.01">
    <testcase time="0.00999999999999801" classname="character(0)" name="tbl_shift_data_header_messaging">
      <skipped message="Reason: On CRAN ('test-tbl_shift.R:72:1')"/>
    </testcase>
  </testsuite>
  <testsuite name="tbl_shift" timestamp="2025-11-26T00:42:39Z" hostname="7986b748e381" tests="3" skipped="1" failures="0" errors="0" time="0.012">
    <testcase time="0.0110000000000028" classname="character(0)" name="add_overall.tbl_shift_"/>
    <testcase time="0" classname="character(0)" name="add_overall.tbl_shift_"/>
    <testcase time="0.000999999999997669" classname="character(0)" name="add_overall.tbl_shift_">
      <skipped message="Reason: On CRAN ('test-tbl_shift.R:89:1')"/>
    </testcase>
  </testsuite>
  <testsuite name="tbl_shift" timestamp="2025-11-26T00:42:39Z" hostname="7986b748e381" tests="1" skipped="1" failures="0" errors="0" time="0.014">
    <testcase time="0.0140000000000029" classname="character(0)" name="add_overall.tbl_shift_messaging">
      <skipped message="Reason: On CRAN ('test-tbl_shift.R:124:1')"/>
    </testcase>
  </testsuite>
  <testsuite name="tbl_shift" timestamp="2025-11-26T00:42:39Z" hostname="7986b748e381" tests="2" skipped="1" failures="0" errors="0" time="0.012">
    <testcase time="0.0109999999999957" classname="character(0)" name="add_overall.tbl_shift_strata_NULL_messaging"/>
    <testcase time="0.00100000000000477" classname="character(0)" name="add_overall.tbl_shift_strata_NULL_messaging">
      <skipped message="Reason: On CRAN ('test-tbl_shift.R:159:1')"/>
    </testcase>
  </testsuite>
  <testsuite name="tbl_baseline_chg" timestamp="2025-11-26T00:42:45Z" hostname="7986b748e381" tests="3" skipped="1" failures="2" errors="0" time="5.871">
    <testcase time="5.847" classname="character(0)" name="tbl_baseline_chg_works">
      <failure type="failure" message="Expected `... &lt;- NULL` to run silently. ('test-tbl_baseline_chg.R:14:3')">Expected `... &lt;- NULL` to run silently.
Actual noise: messages.</failure>
    </testcase>
    <testcase time="0.0149999999999935" classname="character(0)" name="tbl_baseline_chg_works">
      <failure type="failure" message="Expected `... &lt;- NULL` to run silently. ('test-tbl_baseline_chg.R:26:3')">Expected `... &lt;- NULL` to run silently.
Actual noise: messages.</failure>
    </testcase>
    <testcase time="0.00900000000000034" classname="character(0)" name="tbl_baseline_chg_works">
      <skipped message="Reason: On CRAN ('test-tbl_baseline_chg.R:12:1')"/>
    </testcase>
  </testsuite>
  <testsuite name="tbl_baseline_chg" timestamp="2025-11-26T00:42:45Z" hostname="7986b748e381" tests="2" skipped="1" failures="1" errors="0" time="0.021">
    <testcase time="0.0120000000000005" classname="character(0)" name="tbl_baseline_chg_works_with_no_by_variable">
      <failure type="failure" message="Expected `... &lt;- NULL` to run silently. ('test-tbl_baseline_chg.R:45:3')">Expected `... &lt;- NULL` to run silently.
Actual noise: messages.</failure>
    </testcase>
    <testcase time="0.00900000000000034" classname="character(0)" name="tbl_baseline_chg_works_with_no_by_variable">
      <skipped message="Reason: On CRAN ('test-tbl_baseline_chg.R:42:1')"/>
    </testcase>
  </testsuite>
  <testsuite name="tbl_baseline_chg" timestamp="2025-11-26T00:42:45Z" hostname="7986b748e381" tests="2" skipped="1" failures="1" errors="0" time="0.024">
    <testcase time="0.0140000000000029" classname="character(0)" name="add_overall.tbl_baseline_chg_works">
      <failure type="failure" message="Expected `... &lt;- NULL` to run silently. ('test-tbl_baseline_chg.R:60:3')">Expected `... &lt;- NULL` to run silently.
Actual noise: messages.</failure>
    </testcase>
    <testcase time="0.00999999999999801" classname="character(0)" name="add_overall.tbl_baseline_chg_works">
      <skipped message="Reason: On CRAN ('test-tbl_baseline_chg.R:56:1')"/>
    </testcase>
  </testsuite>
  <testsuite name="tbl_baseline_chg" timestamp="2025-11-26T00:42:45Z" hostname="7986b748e381" tests="1" skipped="1" failures="0" errors="0" time="0.013">
    <testcase time="0.0129999999999981" classname="character(0)" name="add_overall.tbl_baseline_chg_messaging">
      <skipped message="Reason: On CRAN ('test-tbl_baseline_chg.R:73:1')"/>
    </testcase>
  </testsuite>
  <testsuite name="tbl_baseline_chg" timestamp="2025-11-26T00:42:45Z" hostname="7986b748e381" tests="4" skipped="1" failures="0" errors="0" time="0.013">
    <testcase time="0.0110000000000028" classname="character(0)" name="tbl_baseline_chg_throws_error_when_required_arguments_are_missing"/>
    <testcase time="0.000999999999997669" classname="character(0)" name="tbl_baseline_chg_throws_error_when_required_arguments_are_missing"/>
    <testcase time="0" classname="character(0)" name="tbl_baseline_chg_throws_error_when_required_arguments_are_missing"/>
    <testcase time="0.00100000000000477" classname="character(0)" name="tbl_baseline_chg_throws_error_when_required_arguments_are_missing">
      <skipped message="Reason: On CRAN ('test-tbl_baseline_chg.R:104:1')"/>
    </testcase>
  </testsuite>
  <testsuite name="tbl_baseline_chg" timestamp="2025-11-26T00:42:45Z" hostname="7986b748e381" tests="1" skipped="1" failures="0" errors="0" time="0.013">
    <testcase time="0.0129999999999981" classname="character(0)" name="tbl_baseline_chg_messaging">
      <skipped message="Reason: On CRAN ('test-tbl_baseline_chg.R:155:1')"/>
    </testcase>
  </testsuite>
  <testsuite name="tbl_baseline_chg" timestamp="2025-11-26T00:42:45Z" hostname="7986b748e381" tests="1" skipped="1" failures="0" errors="0" time="0.01">
    <testcase time="0.00999999999999801" classname="character(0)" name="gather_ard_works_on_output_table">
      <skipped message="Reason: On CRAN ('test-tbl_baseline_chg.R:170:1')"/>
    </testcase>
  </testsuite>
  <testsuite name="tbl_survfit_quantiles" timestamp="2025-11-26T00:42:45Z" hostname="7986b748e381" tests="5" skipped="1" failures="0" errors="0" time="0.173">
    <testcase time="0.170999999999999" classname="character(0)" name="tbl_survfit_quantiles_works"/>
    <testcase time="0" classname="character(0)" name="tbl_survfit_quantiles_works"/>
    <testcase time="0.00100000000000477" classname="character(0)" name="tbl_survfit_quantiles_works"/>
    <testcase time="0.000999999999997669" classname="character(0)" name="tbl_survfit_quantiles_works"/>
    <testcase time="0" classname="character(0)" name="tbl_survfit_quantiles_works">
      <skipped message="Reason: On CRAN ('test-tbl_survfit_quantiles.R:3:1')"/>
    </testcase>
  </testsuite>
  <testsuite name="tbl_survfit_quantiles" timestamp="2025-11-26T00:42:45Z" hostname="7986b748e381" tests="1" skipped="1" failures="0" errors="0" time="0.011">
    <testcase time="0.0110000000000028" classname="character(0)" name="tbl_survfit_quantiles_by_messaging">
      <skipped message="Reason: On CRAN ('test-tbl_survfit_quantiles.R:53:1')"/>
    </testcase>
  </testsuite>
  <testsuite name="tbl_survfit_quantiles" timestamp="2025-11-26T00:42:45Z" hostname="7986b748e381" tests="1" skipped="1" failures="0" errors="0" time="0.014">
    <testcase time="0.0139999999999958" classname="character(0)" name="tbl_survfit_quantiles_estimate_fun_">
      <skipped message="Reason: On CRAN ('test-tbl_survfit_quantiles.R:73:1')"/>
    </testcase>
  </testsuite>
  <testsuite name="tbl_survfit_quantiles" timestamp="2025-11-26T00:42:45Z" hostname="7986b748e381" tests="1" skipped="0" failures="0" errors="0" time="0.01">
    <testcase time="0.00999999999999801" classname="character(0)" name="tbl_survfit_quantiles_method.args_"/>
  </testsuite>
  <testsuite name="tbl_survfit_quantiles" timestamp="2025-11-26T00:42:45Z" hostname="7986b748e381" tests="1" skipped="1" failures="0" errors="0" time="0.002">
    <testcase time="0.00200000000000244" classname="character(0)" name="add_overall.tbl_survfit_quantiles_works">
      <skipped message="Reason: On CRAN ('test-tbl_survfit_quantiles.R:109:1')"/>
    </testcase>
  </testsuite>
  <testsuite name="theme_gtsummary_roche" timestamp="2025-11-26T00:42:49Z" hostname="7986b748e381" tests="1" skipped="1" failures="0" errors="0" time="3.445">
    <testcase time="3.445" classname="character(0)" name="theme_gtsummary_roche_works">
      <skipped message="Reason: On CRAN ('test-theme_gtsummary_roche.R:1:1')"/>
    </testcase>
  </testsuite>
  <testsuite name="theme_gtsummary_roche" timestamp="2025-11-26T00:42:49Z" hostname="7986b748e381" tests="1" skipped="1" failures="0" errors="0" time="0.019">
    <testcase time="0.0189999999999984" classname="character(0)" name="theme_gtsummary_roche_adds_relevant_flextable_directives">
      <skipped message="Reason: On CRAN ('test-theme_gtsummary_roche.R:8:1')"/>
    </testcase>
  </testsuite>
  <testsuite name="theme_gtsummary_roche" timestamp="2025-11-26T00:42:49Z" hostname="7986b748e381" tests="1" skipped="0" failures="0" errors="0" time="0.011">
    <testcase time="0.0110000000000028" classname="character(0)" name="theme_gtsummary_roche_no_errors_with_a_gt_print"/>
  </testsuite>
  <testsuite name="theme_gtsummary_roche" timestamp="2025-11-26T00:42:49Z" hostname="7986b748e381" tests="7" skipped="0" failures="0" errors="0" time="0.004">
    <testcase time="0.00200000000000244" classname="character(0)" name="theme_gtsummary_roche_styles_tbl_hierarchical_results"/>
    <testcase time="0" classname="character(0)" name="theme_gtsummary_roche_styles_tbl_hierarchical_results"/>
    <testcase time="0.000999999999997669" classname="character(0)" name="theme_gtsummary_roche_styles_tbl_hierarchical_results"/>
    <testcase time="0" classname="character(0)" name="theme_gtsummary_roche_styles_tbl_hierarchical_results"/>
    <testcase time="0" classname="character(0)" name="theme_gtsummary_roche_styles_tbl_hierarchical_results"/>
    <testcase time="0.00100000000000477" classname="character(0)" name="theme_gtsummary_roche_styles_tbl_hierarchical_results"/>
    <testcase time="0" classname="character(0)" name="theme_gtsummary_roche_styles_tbl_hierarchical_results"/>
  </testsuite>
  <testsuite name="theme_gtsummary_roche" timestamp="2025-11-26T00:42:49Z" hostname="7986b748e381" tests="1" skipped="0" failures="0" errors="0" time="0.002">
    <testcase time="0.00199999999999534" classname="character(0)" name="with_assign_summary_type_arg_cat_threshold_0L_each_data_type_is_always_mapped_as_it_is"/>
  </testsuite>
  <testsuite name="tbl_null_report" timestamp="2025-11-26T00:42:49Z" hostname="7986b748e381" tests="3" skipped="0" failures="0" errors="0" time="0.128">
    <testcase time="0.126000000000005" classname="character(0)" name="tbl_null_report_works_correctly"/>
    <testcase time="0.000999999999997669" classname="character(0)" name="tbl_null_report_works_correctly"/>
    <testcase time="0.000999999999997669" classname="character(0)" name="tbl_null_report_works_correctly"/>
  </testsuite>
  <testsuite name="tbl_survfit_times" timestamp="2025-11-26T00:42:49Z" hostname="7986b748e381" tests="5" skipped="1" failures="0" errors="0" time="0.442">
    <testcase time="0.439" classname="character(0)" name="tbl_survfit_times_works"/>
    <testcase time="0.00100000000000477" classname="character(0)" name="tbl_survfit_times_works"/>
    <testcase time="0" classname="character(0)" name="tbl_survfit_times_works"/>
    <testcase time="0.000999999999997669" classname="character(0)" name="tbl_survfit_times_works"/>
    <testcase time="0.000999999999997669" classname="character(0)" name="tbl_survfit_times_works">
      <skipped message="Reason: On CRAN ('test-tbl_survfit_times.R:3:1')"/>
    </testcase>
  </testsuite>
  <testsuite name="tbl_survfit_times" timestamp="2025-11-26T00:42:49Z" hostname="7986b748e381" tests="1" skipped="1" failures="0" errors="0" time="0.011">
    <testcase time="0.0110000000000028" classname="character(0)" name="tbl_survfit_times_by_messaging">
      <skipped message="Reason: On CRAN ('test-tbl_survfit_times.R:57:1')"/>
    </testcase>
  </testsuite>
  <testsuite name="tbl_survfit_times" timestamp="2025-11-26T00:42:49Z" hostname="7986b748e381" tests="1" skipped="1" failures="0" errors="0" time="0.01">
    <testcase time="0.00999999999999801" classname="character(0)" name="add_overall.tbl_survfit_times_works">
      <skipped message="Reason: On CRAN ('test-tbl_survfit_times.R:79:1')"/>
    </testcase>
  </testsuite>
</testsuites>
