<?xml version="1.0" encoding="UTF-8"?>
<testsuites>
  <testsuite name="add_blank_row" timestamp="2025-06-25T20:05:11Z" hostname="df9e25aee578" tests="1" skipped="0" failures="0" errors="0" time="1.986">
    <testcase time="1.986" classname="character(0)" name="add_blank_row_works"/>
  </testsuite>
  <testsuite name="add_blank_row" timestamp="2025-06-25T20:05:11Z" hostname="df9e25aee578" tests="1" skipped="1" failures="0" errors="0" time="0.059">
    <testcase time="0.0590000000000002" classname="character(0)" name="add_blank_row_messaging">
      <skipped message="Reason: On CRAN ('test-add_blank_row.R:15:3')"/>
    </testcase>
  </testsuite>
  <testsuite name="add_hierarchical_count_row" timestamp="2025-06-25T20:05:12Z" hostname="df9e25aee578" tests="3" skipped="1" failures="0" errors="0" time="0.406">
    <testcase time="0.405" classname="character(0)" name="add_hierarchical_count_row_works"/>
    <testcase time="0" classname="character(0)" name="add_hierarchical_count_row_works"/>
    <testcase time="0.00099999999999989" classname="character(0)" name="add_hierarchical_count_row_works">
      <skipped message="Reason: On CRAN ('test-add_hierarchical_count_row.R:21:3')"/>
    </testcase>
  </testsuite>
  <testsuite name="roche_pvalue" timestamp="2025-06-25T20:05:12Z" hostname="df9e25aee578" tests="1" skipped="0" failures="0" errors="0" time="0.067">
    <testcase time="0.0670000000000002" classname="character(0)" name="roche_pvalue_works"/>
  </testsuite>
  <testsuite name="modify_header_rm_md" timestamp="2025-06-25T20:05:14Z" hostname="df9e25aee578" tests="2" skipped="0" failures="0" errors="0" time="2.183">
    <testcase time="2.182" classname="character(0)" name="strip_md_bold_works_with_gtsummary_table"/>
    <testcase time="0.000999999999999446" classname="character(0)" name="strip_md_bold_works_with_gtsummary_table"/>
    <testcase time="0.0369999999999999" classname="character(0)" name="_unnamed_">
      <skipped message="Reason: On CRAN ('test-tbl_hierarchical_rate_and_count.R:1:1')"/>
    </testcase>
    <testcase time="0.0600000000000005" classname="character(0)" name="_unnamed_">
      <skipped message="Reason: On CRAN ('test-tbl_hierarchical_rate_by_grade.R:1:1')"/>
    </testcase>
  </testsuite>
  <testsuite name="tbl_survfit_quantiles" timestamp="2025-06-25T20:05:15Z" hostname="df9e25aee578" tests="4" skipped="2" failures="0" errors="1" time="1.165">
    <testcase time="1.068" classname="character(0)" name="tbl_survfit_quantiles_works"/>
    <testcase time="0" classname="character(0)" name="tbl_survfit_quantiles_works">
      <error type="error" message="Error in `alias_as_fmt_fun(...)`: unused arguments (stat_names = c(&quot;estimate&quot;, &quot;conf.low&quot;, &quot;conf.high&quot;), fmt_fn = function (x)  ('test-tbl_survfit_quantiles.R:6:3')">Error in `alias_as_fmt_fun(...)`: unused arguments (stat_names = c("estimate", "conf.low", "conf.high"), fmt_fn = function (x) 
style_number(x, digits = digits, big.mark = big.mark, decimal.mark = decimal.mark, scale = scale, prefix = prefix, suffix = suffix, na = na, ...))
Backtrace:
     ▆
  1. ├─testthat::expect_silent(...) at test-tbl_survfit_quantiles.R:6:3
  2. │ └─testthat:::quasi_capture(enquo(object), NULL, evaluate_promise)
  3. │   ├─testthat (local) .capture(...)
  4. │   │ ├─withr::with_output_sink(...)
  5. │   │ │ └─base::force(code)
  6. │   │ ├─base::withCallingHandlers(...)
  7. │   │ └─base::withVisible(code)
  8. │   └─rlang::eval_bare(quo_get_expr(.quo), quo_get_env(.quo))
  9. └─crane::tbl_survfit_quantiles(data = cards::ADTTE, by = "TRTA")
 10.   └─cards::update_ard_fmt_fn(...)</error>
    </testcase>
  </testsuite>
  <testsuite name="tbl_survfit_quantiles" timestamp="2025-06-25T20:05:15Z" hostname="df9e25aee578" tests="1" skipped="1" failures="0" errors="0" time="0.028">
    <testcase time="0.0280000000000005" classname="character(0)" name="tbl_survfit_quantiles_by_messaging">
      <skipped message="Reason: On CRAN ('test-tbl_survfit_quantiles.R:55:3')"/>
    </testcase>
  </testsuite>
  <testsuite name="tbl_survfit_quantiles" timestamp="2025-06-25T20:05:15Z" hostname="df9e25aee578" tests="1" skipped="0" failures="0" errors="1" time="0.024">
    <testcase time="0.024" classname="character(0)" name="tbl_survfit_quantiles_estimate_fun_">
      <error type="error" message="Error in `alias_as_fmt_fun(...)`: unused arguments (stat_names = c(&quot;estimate&quot;, &quot;conf.low&quot;, &quot;conf.high&quot;), fmt_fn = function (x)  ('test-tbl_survfit_quantiles.R:75:3')">Error in `alias_as_fmt_fun(...)`: unused arguments (stat_names = c("estimate", "conf.low", "conf.high"), fmt_fn = function (x) 
style_number(x, digits = digits, big.mark = big.mark, decimal.mark = decimal.mark, scale = scale, prefix = prefix, suffix = suffix, na = na, ...))
Backtrace:
    ▆
 1. └─testthat::expect_snapshot(...) at test-tbl_survfit_quantiles.R:75:3
 2.   └─rlang::cnd_signal(state$error)</error>
    </testcase>
  </testsuite>
  <testsuite name="tbl_survfit_quantiles" timestamp="2025-06-25T20:05:15Z" hostname="df9e25aee578" tests="2" skipped="0" failures="0" errors="1" time="0.018">
    <testcase time="0.0179999999999998" classname="character(0)" name="tbl_survfit_quantiles_method.args_"/>
    <testcase time="0" classname="character(0)" name="tbl_survfit_quantiles_method.args_">
      <error type="error" message="Error in `alias_as_fmt_fun(...)`: unused arguments (stat_names = c(&quot;estimate&quot;, &quot;conf.low&quot;, &quot;conf.high&quot;), fmt_fn = function (x)  ('test-tbl_survfit_quantiles.R:87:3')">Error in `alias_as_fmt_fun(...)`: unused arguments (stat_names = c("estimate", "conf.low", "conf.high"), fmt_fn = function (x) 
style_number(x, digits = digits, big.mark = big.mark, decimal.mark = decimal.mark, scale = scale, prefix = prefix, suffix = suffix, na = na, ...))
Backtrace:
     ▆
  1. ├─testthat::expect_equal(...) at test-tbl_survfit_quantiles.R:87:3
  2. │ └─testthat::quasi_label(enquo(object), label, arg = "object")
  3. │   └─rlang::eval_bare(expr, quo_get_env(quo))
  4. ├─dplyr::select(...)
  5. ├─dplyr::mutate(...)
  6. ├─dplyr::filter(...)
  7. ├─dplyr::filter(...)
  8. ├─base::getElement(...)
  9. ├─gtsummary::gather_ard(...)
 10. │ └─gtsummary:::check_class(x, "gtsummary")
 11. └─crane::tbl_survfit_quantiles(...)
 12.   └─cards::update_ard_fmt_fn(...)</error>
    </testcase>
  </testsuite>
  <testsuite name="tbl_survfit_quantiles" timestamp="2025-06-25T20:05:15Z" hostname="df9e25aee578" tests="1" skipped="0" failures="0" errors="1" time="0.021">
    <testcase time="0.0209999999999999" classname="character(0)" name="add_overall.tbl_survfit_quantiles_works">
      <error type="error" message="Error in `alias_as_fmt_fun(...)`: unused arguments (stat_names = c(&quot;estimate&quot;, &quot;conf.low&quot;, &quot;conf.high&quot;), fmt_fn = function (x)  ('test-tbl_survfit_quantiles.R:111:3')">Error in `alias_as_fmt_fun(...)`: unused arguments (stat_names = c("estimate", "conf.low", "conf.high"), fmt_fn = function (x) 
style_number(x, digits = digits, big.mark = big.mark, decimal.mark = decimal.mark, scale = scale, prefix = prefix, suffix = suffix, na = na, ...))
Backtrace:
    ▆
 1. └─testthat::expect_snapshot(...) at test-tbl_survfit_quantiles.R:111:3
 2.   └─rlang::cnd_signal(state$error)</error>
    </testcase>
  </testsuite>
  <testsuite name="tbl_survfit_times" timestamp="2025-06-25T20:05:15Z" hostname="df9e25aee578" tests="2" skipped="0" failures="0" errors="1" time="0.221">
    <testcase time="0.22" classname="character(0)" name="tbl_survfit_times_works"/>
    <testcase time="0.00100000000000033" classname="character(0)" name="tbl_survfit_times_works">
      <error type="error" message="Error in `alias_as_fmt_fun(...)`: unused arguments (stat_names = c(&quot;n.risk&quot;, &quot;n.censor&quot;, &quot;cum.risk&quot;, &quot;cum.censor&quot;), fmt_fn = function (x)  ('test-tbl_survfit_times.R:6:3')">Error in `alias_as_fmt_fun(...)`: unused arguments (stat_names = c("n.risk", "n.censor", "cum.risk", "cum.censor"), fmt_fn = function (x) 
style_number(x, digits = digits, big.mark = big.mark, decimal.mark = decimal.mark, scale = scale, prefix = prefix, suffix = suffix, na = na, ...))
Backtrace:
     ▆
  1. ├─testthat::expect_silent(...) at test-tbl_survfit_times.R:6:3
  2. │ └─testthat:::quasi_capture(enquo(object), NULL, evaluate_promise)
  3. │   ├─testthat (local) .capture(...)
  4. │   │ ├─withr::with_output_sink(...)
  5. │   │ │ └─base::force(code)
  6. │   │ ├─base::withCallingHandlers(...)
  7. │   │ └─base::withVisible(code)
  8. │   └─rlang::eval_bare(quo_get_expr(.quo), quo_get_env(.quo))
  9. └─crane::tbl_survfit_times(...)
 10.   └─cards::update_ard_fmt_fn(...)</error>
    </testcase>
  </testsuite>
  <testsuite name="tbl_survfit_times" timestamp="2025-06-25T20:05:15Z" hostname="df9e25aee578" tests="1" skipped="1" failures="0" errors="0" time="0.019">
    <testcase time="0.0190000000000001" classname="character(0)" name="tbl_survfit_times_by_messaging">
      <skipped message="Reason: On CRAN ('test-tbl_survfit_times.R:59:3')"/>
    </testcase>
  </testsuite>
  <testsuite name="tbl_survfit_times" timestamp="2025-06-25T20:05:15Z" hostname="df9e25aee578" tests="1" skipped="0" failures="0" errors="1" time="0.012">
    <testcase time="0.0119999999999996" classname="character(0)" name="add_overall.tbl_survfit_times_works">
      <error type="error" message="Error in `alias_as_fmt_fun(...)`: unused arguments (stat_names = c(&quot;n.risk&quot;, &quot;n.censor&quot;, &quot;cum.risk&quot;, &quot;cum.censor&quot;), fmt_fn = function (x)  ('test-tbl_survfit_times.R:81:3')">Error in `alias_as_fmt_fun(...)`: unused arguments (stat_names = c("n.risk", "n.censor", "cum.risk", "cum.censor"), fmt_fn = function (x) 
style_number(x, digits = digits, big.mark = big.mark, decimal.mark = decimal.mark, scale = scale, prefix = prefix, suffix = suffix, na = na, ...))
Backtrace:
    ▆
 1. └─testthat::expect_snapshot(...) at test-tbl_survfit_times.R:81:3
 2.   └─rlang::cnd_signal(state$error)</error>
    </testcase>
  </testsuite>
  <testsuite name="theme_gtsummary_roche" timestamp="2025-06-25T20:05:17Z" hostname="df9e25aee578" tests="1" skipped="1" failures="0" errors="0" time="1.207">
    <testcase time="1.207" classname="character(0)" name="theme_gtsummary_roche_works">
      <skipped message="Reason: On CRAN ('test-theme_gtsummary_roche.R:3:3')"/>
    </testcase>
  </testsuite>
  <testsuite name="theme_gtsummary_roche" timestamp="2025-06-25T20:05:17Z" hostname="df9e25aee578" tests="1" skipped="1" failures="0" errors="0" time="0.012">
    <testcase time="0.0120000000000005" classname="character(0)" name="theme_gtsummary_roche_adds_relevant_flextable_directives">
      <skipped message="Reason: On CRAN ('test-theme_gtsummary_roche.R:17:3')"/>
    </testcase>
  </testsuite>
  <testsuite name="theme_gtsummary_roche" timestamp="2025-06-25T20:05:17Z" hostname="df9e25aee578" tests="1" skipped="0" failures="0" errors="0" time="0.011">
    <testcase time="0.0109999999999992" classname="character(0)" name="theme_gtsummary_roche_no_errors_with_a_gt_print"/>
  </testsuite>
  <testsuite name="tbl_demographics" timestamp="2025-06-25T20:05:17Z" hostname="df9e25aee578" tests="1" skipped="0" failures="0" errors="0" time="0.691">
    <testcase time="0.691000000000001" classname="character(0)" name="tbl_demographics_works"/>
  </testsuite>
  <testsuite name="tbl_demographics" timestamp="2025-06-25T20:05:17Z" hostname="df9e25aee578" tests="2" skipped="1" failures="0" errors="0" time="0.002">
    <testcase time="0.00100000000000122" classname="character(0)" name="tbl_demographics_add_overall_works"/>
    <testcase time="0.000999999999999446" classname="character(0)" name="tbl_demographics_add_overall_works">
      <skipped message="Reason: On CRAN ('test-tbl_demographics.R:41:3')"/>
    </testcase>
  </testsuite>
  <testsuite name="tbl_demographics" timestamp="2025-06-25T20:05:17Z" hostname="df9e25aee578" tests="1" skipped="0" failures="0" errors="0" time="0.01">
    <testcase time="0.00999999999999979" classname="character(0)" name="tbl_demographics_recode_counts_for_all_NA_column"/>
  </testsuite>
</testsuites>
